[Simulation Monitor: 13]
[2025-11-21 12:28:09.381 +0530] [PROCESS] [cadence.virtuoso.ade.simulationMonitor] - Simulation Monitor has successfully started up. Trying to set up communication channels to other components ... {"hostname": "cad13", "processid": 215325, "logfile": "/home/vlsi/Desktop/PLL_NEW/logs_vlsi/logs0/Job13.log"}
[2025-11-21 12:28:09.381 +0530] [PROCESS] [cadence.virtuoso.ade.simulationMonitor] - Communication channels have been successfully set up. Start processing events ... {"hostname": "cad13", "processid": 215325, "logfile": "/home/vlsi/Desktop/PLL_NEW/logs_vlsi/logs0/Job13.log"}
[2025-11-21 12:28:09.381 +0530] [PROCESS] [cadence.virtuoso.ade.simulationMonitor] - Considering to start history {"hostname": "cad13", "processid": 215325, "history": "ExplorerRun.0", "logfile": "/home/vlsi/Desktop/PLL_NEW/logs_vlsi/logs0/Job13.log"}
[2025-11-21 12:28:09.382 +0530] [PROCESS] [cadence.virtuoso.ade.simulationMonitor] - HostInfo:
Host name (type):	cad13 (x86_64)
Operating system:	Linux 4.18.0-425.3.1.el8.x86_64 #1 SMP Fri Sep 30 11:45:06 EDT 2022 {"hostname": "cad13", "processid": 215325, "history": "ExplorerRun.0", "logfile": "/home/vlsi/Desktop/PLL_NEW/logs_vlsi/logs0/Job13.log", "nodename": "cad13", "domainname": "(none)", "machine": "x86_64", "sysname": "Linux", "release": "4.18.0-425.3.1.el8.x86_64", "version": "#1 SMP Fri Sep 30 11:45:06 EDT 2022"}
[2025-11-21 12:28:09.382 +0530] [PROCESS] [cadence.virtuoso.ade.simulationMonitor] - UsageInfo:
pid=215325
totalPhysicalMemory=15.336876GB,Used=7.726261GB,totalVirtualMemory=47.336872GB,Used=7.726261GB
Cpu: Cores=28, Load average:0.330000,0.190000,0.250000 {"hostname": "cad13", "processid": 215325, "history": "ExplorerRun.0", "logfile": "/home/vlsi/Desktop/PLL_NEW/logs_vlsi/logs0/Job13.log", "pid": "215325", "totalPhysicalMemory": "15.336876", "physicalMemoryUsed": "7.726261", "totalVirtualMemory": "47.336872", "virtualMemoryUsed": "7.726261", "cpuCores": "28", "processes": "1118", "loadAverage1": "0.330000", "loadAverage5": "0.190000", "loadAverage15": "0.250000", "loadAverage1Percent": "0.011786"}
[2025-11-21 12:28:09.382 +0530] [EVENT] [cadence.virtuoso.ade.simulationMonitor] - NewPoint {"history": "ExplorerRun.0", "point": 1, "testname": "PD_VCO_tb_1", "cornername": "Nominal", "event": "NewPoint", "EventSource": "Simulation Monitor", "HistoryName": "ExplorerRun.0", "logFile": "/home/vlsi/Desktop/PLL_NEW/logs_vlsi/logs0/Job13.log", "logFileSize": "2098"}
[2025-11-21 12:28:09.482 +0530] [EVENT] [cadence.virtuoso.ade.simulationMonitor] - NewPoint {"history": "ExplorerRun.0", "point": 1, "testname": "PD_VCO_tb_1", "cornername": "Nominal", "event": "NewPoint", "EventSource": "spectre", "HistoryName": "ExplorerRun.0", "logFile": "/home/vlsi/simulation/PD/VCO_tb/maestro/results/maestro/ExplorerRun.0/1/PD_VCO_tb_1/psf/spectre.out", "logFileSize": "-1"}
[2025-11-21 12:28:09.492 +0530] [PROCESS] [cadence.virtuoso.ade.simulationMonitor] - Simulator launched {"hostname": "cad13", "processid": 215325, "history": "ExplorerRun.0", "testname": "PD_VCO_tb_1", "cornername": "Nominal", "point": 1, "logfile": "/home/vlsi/Desktop/PLL_NEW/logs_vlsi/logs0/Job13.log", "simid": "1"}
[2025-11-21 12:28:09.493 +0530] [PROCESS] [cadence.virtuoso.ade.simulationMonitor] - Expression evaluator launched {"hostname": "cad13", "processid": 215325, "history": "ExplorerRun.0", "testname": "PD_VCO_tb_1", "cornername": "Nominal", "point": 1, "logfile": "/home/vlsi/Desktop/PLL_NEW/logs_vlsi/logs0/Job13.log"}
[2025-11-21 12:28:09.495 +0530] [PROCESS] [cadence.virtuoso.ade.simulationMonitor] - Started Simulation {"hostname": "cad13", "processid": 215325, "history": "ExplorerRun.0", "testname": "PD_VCO_tb_1", "cornername": "Nominal", "point": 1, "logfile": "/home/vlsi/Desktop/PLL_NEW/logs_vlsi/logs0/Job13.log", "event": "started", "task": "simulation"}
[2025-11-21 12:28:09.996 +0530] [INFO] [cadence.virtuoso.ade.simulationMonitor] - Peak resident memory used = 158 Mbytes. {"history": "ExplorerRun.0", "point": 1, "testname": "PD_VCO_tb_1", "cornername": "Nominal"}
[2025-11-21 12:28:09.996 +0530] [INFO] [cadence.virtuoso.ade.simulationMonitor] - Peak resident memory used = 171 Mbytes. {"history": "ExplorerRun.0", "point": 1, "testname": "PD_VCO_tb_1", "cornername": "Nominal"}
[2025-11-21 12:28:09.996 +0530] [INFO] [cadence.virtuoso.ade.simulationMonitor] - Notice from spectre during hierarchy flattening.
    The value 'psf' specified for the 'checklimitdest' option will no longer be supported in future releases. Use 'spectre -h' to see other recommended values for the 'checklimitdest' option. {"history": "ExplorerRun.0", "point": 1, "testname": "PD_VCO_tb_1", "cornername": "Nominal"}
[2025-11-21 12:28:09.996 +0530] [INFO] [cadence.virtuoso.ade.simulationMonitor] - Peak resident memory used = 173 Mbytes. {"history": "ExplorerRun.0", "point": 1, "testname": "PD_VCO_tb_1", "cornername": "Nominal"}
[2025-11-21 12:28:09.996 +0530] [INFO] [cadence.virtuoso.ade.simulationMonitor] - Notice from spectre during initial setup.
    Multithreading is disabled due to the size of the design being too small. {"history": "ExplorerRun.0", "point": 1, "testname": "PD_VCO_tb_1", "cornername": "Nominal"}
[2025-11-21 12:28:09.997 +0530] [INFO] [cadence.virtuoso.ade.simulationMonitor] -               nodes 48 {"history": "ExplorerRun.0", "point": 1, "testname": "PD_VCO_tb_1", "cornername": "Nominal"}
[2025-11-21 12:28:09.997 +0530] [INFO] [cadence.virtuoso.ade.simulationMonitor] - Notice from spectre during initial setup.
    APS enabled. {"history": "ExplorerRun.0", "point": 1, "testname": "PD_VCO_tb_1", "cornername": "Nominal"}
[2025-11-21 12:28:09.997 +0530] [INFO] [cadence.virtuoso.ade.simulationMonitor] - Peak resident memory used = 175 Mbytes. {"history": "ExplorerRun.0", "point": 1, "testname": "PD_VCO_tb_1", "cornername": "Nominal"}
[2025-11-21 12:28:09.997 +0530] [INFO] [cadence.virtuoso.ade.simulationMonitor] -    -   (APS) Multi-threading. The recommended number of threads is 1, consider adding +mt=1 on command line. {"history": "ExplorerRun.0", "point": 1, "testname": "PD_VCO_tb_1", "cornername": "Nominal"}
[2025-11-21 12:28:09.997 +0530] [INFO] [cadence.virtuoso.ade.simulationMonitor] - Notice from spectre during IC analysis, during transient analysis `tran'.
    There are 1 IC nodes defined. {"history": "ExplorerRun.0", "point": 1, "testname": "PD_VCO_tb_1", "cornername": "Nominal"}
[2025-11-21 12:28:09.997 +0530] [INFO] [cadence.virtuoso.ade.simulationMonitor] - Notice from spectre during IC analysis, during transient analysis `tran'.
    Bad pivoting is found during DC analysis. Option dc_pivot_check=yes is recommended for possible improvement of convergence.
    Initial condition computed for node vout is in error by 2.10022 uV.
        Decrease `rforce' to reduce error in computed initial conditions.  However, setting rforce too small may result in convergence difficulties or in the matrix becoming singular. {"history": "ExplorerRun.0", "point": 1, "testname": "PD_VCO_tb_1", "cornername": "Nominal"}
[2025-11-21 12:28:09.997 +0530] [INFO] [cadence.virtuoso.ade.simulationMonitor] - Notice from spectre during transient analysis `tran'.
    Multithreading is disabled due to the size of the design being too small. {"history": "ExplorerRun.0", "point": 1, "testname": "PD_VCO_tb_1", "cornername": "Nominal"}
[2025-11-21 12:28:13.998 +0530] [PROCESS] [cadence.virtuoso.ade.simulationMonitor] - Simulation cancelled {"hostname": "cad13", "processid": 215325, "history": "ExplorerRun.0", "testname": "PD_VCO_tb_1", "cornername": "Nominal", "point": 1, "logfile": "/home/vlsi/Desktop/PLL_NEW/logs_vlsi/logs0/Job13.log"}
[2025-11-21 12:28:13.998 +0530] [INFO] [cadence.virtuoso.ade.simulationMonitor] - SimulationMonitor has terminated the spectre process '215437', reason: 'the simulation point gets cancelled by GUI' {"history": "ExplorerRun.0", "point": 1, "testname": "PD_VCO_tb_1", "cornername": "Nominal"}
[2025-11-21 12:28:14.100 +0530] [PROCESS] [cadence.virtuoso.ade.simulationMonitor] - Finished simulating for one point {"hostname": "cad13", "processid": 215325, "history": "ExplorerRun.0", "testname": "PD_VCO_tb_1", "cornername": "Nominal", "point": 1, "logfile": "/home/vlsi/Desktop/PLL_NEW/logs_vlsi/logs0/Job13.log", "simid": "1"}
[2025-11-21 12:28:14.100 +0530] [PROCESS] [cadence.virtuoso.ade.simulationMonitor] - Simulator exited {"hostname": "cad13", "processid": 215325, "history": "ExplorerRun.0", "testname": "PD_VCO_tb_1", "cornername": "Nominal", "point": 1, "logfile": "/home/vlsi/Desktop/PLL_NEW/logs_vlsi/logs0/Job13.log", "exitStatus": "0"}
[2025-11-21 12:28:14.101 +0530] [PROCESS] [cadence.virtuoso.ade.simulationMonitor] - Finished Simulation {"hostname": "cad13", "processid": 215325, "history": "ExplorerRun.0", "testname": "PD_VCO_tb_1", "cornername": "Nominal", "point": 1, "logfile": "/home/vlsi/Desktop/PLL_NEW/logs_vlsi/logs0/Job13.log", "simid": "1"}
[2025-11-21 12:28:14.104 +0530] [PROCESS] [cadence.virtuoso.ade.simulationMonitor] - Point Finished {"hostname": "cad13", "processid": 215325, "history": "ExplorerRun.0", "testname": "PD_VCO_tb_1", "cornername": "Nominal", "point": 1, "logfile": "/home/vlsi/Desktop/PLL_NEW/logs_vlsi/logs0/Job13.log"}
[2025-11-21 12:28:43.791 +0530] [INFO] [cadence.virtuoso.ade.simulationMonitor] - SimulationMonitor has terminated the vds process '215438', reason: 'Force to stop the expression evalutor process because of new run' {"history": "ExplorerRun.0", "point": 1, "testname": "PD_VCO_tb_1", "cornername": "Nominal"}
[2025-11-21 12:28:43.791 +0530] [PROCESS] [cadence.virtuoso.ade.simulationMonitor] - HostInfo:
Host name (type):	cad13 (x86_64)
Operating system:	Linux 4.18.0-425.3.1.el8.x86_64 #1 SMP Fri Sep 30 11:45:06 EDT 2022 {"hostname": "cad13", "processid": 215325, "history": "ExplorerRun.0", "testname": "PD_VCO_tb_1", "cornername": "Nominal", "point": 1, "logfile": "/home/vlsi/Desktop/PLL_NEW/logs_vlsi/logs0/Job13.log", "nodename": "cad13", "domainname": "(none)", "machine": "x86_64", "sysname": "Linux", "release": "4.18.0-425.3.1.el8.x86_64", "version": "#1 SMP Fri Sep 30 11:45:06 EDT 2022"}
[2025-11-21 12:28:43.791 +0530] [PROCESS] [cadence.virtuoso.ade.simulationMonitor] - UsageInfo:
pid=215325
totalPhysicalMemory=15.336876GB,Used=8.078552GB,totalVirtualMemory=47.336872GB,Used=8.078552GB
Cpu: Cores=28, Load average:0.600000,0.270000,0.270000 {"hostname": "cad13", "processid": 215325, "history": "ExplorerRun.0", "testname": "PD_VCO_tb_1", "cornername": "Nominal", "point": 1, "logfile": "/home/vlsi/Desktop/PLL_NEW/logs_vlsi/logs0/Job13.log", "pid": "215325", "totalPhysicalMemory": "15.336876", "physicalMemoryUsed": "8.078552", "totalVirtualMemory": "47.336872", "virtualMemoryUsed": "8.078552", "cpuCores": "28", "processes": "1146", "loadAverage1": "0.600000", "loadAverage5": "0.270000", "loadAverage15": "0.270000", "loadAverage1Percent": "0.021429"}
[2025-11-21 12:28:43.791 +0530] [EVENT] [cadence.virtuoso.ade.simulationMonitor] - NewPoint {"history": "ExplorerRun.0", "point": 1, "testname": "PD_VCO_tb_1", "cornername": "Nominal", "event": "NewPoint", "EventSource": "Simulation Monitor", "HistoryName": "ExplorerRun.0", "logFile": "/home/vlsi/Desktop/PLL_NEW/logs_vlsi/logs0/Job13.log", "logFileSize": "9237"}
[2025-11-21 12:28:43.892 +0530] [EVENT] [cadence.virtuoso.ade.simulationMonitor] - NewPoint {"history": "ExplorerRun.0", "point": 1, "testname": "PD_VCO_tb_1", "cornername": "Nominal", "event": "NewPoint", "EventSource": "spectre", "HistoryName": "ExplorerRun.0", "logFile": "/home/vlsi/simulation/PD/VCO_tb/maestro/results/maestro/ExplorerRun.0/1/PD_VCO_tb_1/psf/spectre.out", "logFileSize": "-1"}
[2025-11-21 12:28:43.901 +0530] [PROCESS] [cadence.virtuoso.ade.simulationMonitor] - Simulator launched {"hostname": "cad13", "processid": 215325, "history": "ExplorerRun.0", "testname": "PD_VCO_tb_1", "cornername": "Nominal", "point": 1, "logfile": "/home/vlsi/Desktop/PLL_NEW/logs_vlsi/logs0/Job13.log", "simid": "2"}
[2025-11-21 12:28:43.902 +0530] [PROCESS] [cadence.virtuoso.ade.simulationMonitor] - Expression evaluator launched {"hostname": "cad13", "processid": 215325, "history": "ExplorerRun.0", "testname": "PD_VCO_tb_1", "cornername": "Nominal", "point": 1, "logfile": "/home/vlsi/Desktop/PLL_NEW/logs_vlsi/logs0/Job13.log"}
[2025-11-21 12:28:43.904 +0530] [PROCESS] [cadence.virtuoso.ade.simulationMonitor] - Started Simulation {"hostname": "cad13", "processid": 215325, "history": "ExplorerRun.0", "testname": "PD_VCO_tb_1", "cornername": "Nominal", "point": 1, "logfile": "/home/vlsi/Desktop/PLL_NEW/logs_vlsi/logs0/Job13.log", "event": "started", "task": "simulation"}
[2025-11-21 12:28:44.905 +0530] [INFO] [cadence.virtuoso.ade.simulationMonitor] - Peak resident memory used = 157 Mbytes. {"history": "ExplorerRun.0", "point": 1, "testname": "PD_VCO_tb_1", "cornername": "Nominal"}
[2025-11-21 12:28:44.905 +0530] [INFO] [cadence.virtuoso.ade.simulationMonitor] - Peak resident memory used = 169 Mbytes. {"history": "ExplorerRun.0", "point": 1, "testname": "PD_VCO_tb_1", "cornername": "Nominal"}
[2025-11-21 12:28:44.905 +0530] [INFO] [cadence.virtuoso.ade.simulationMonitor] - Notice from spectre during hierarchy flattening.
    The value 'psf' specified for the 'checklimitdest' option will no longer be supported in future releases. Use 'spectre -h' to see other recommended values for the 'checklimitdest' option. {"history": "ExplorerRun.0", "point": 1, "testname": "PD_VCO_tb_1", "cornername": "Nominal"}
[2025-11-21 12:28:44.905 +0530] [INFO] [cadence.virtuoso.ade.simulationMonitor] - Peak resident memory used = 171 Mbytes. {"history": "ExplorerRun.0", "point": 1, "testname": "PD_VCO_tb_1", "cornername": "Nominal"}
[2025-11-21 12:28:44.905 +0530] [INFO] [cadence.virtuoso.ade.simulationMonitor] - Notice from spectre during initial setup.
    Multithreading is disabled due to the size of the design being too small. {"history": "ExplorerRun.0", "point": 1, "testname": "PD_VCO_tb_1", "cornername": "Nominal"}
[2025-11-21 12:28:44.905 +0530] [INFO] [cadence.virtuoso.ade.simulationMonitor] -               nodes 48 {"history": "ExplorerRun.0", "point": 1, "testname": "PD_VCO_tb_1", "cornername": "Nominal"}
[2025-11-21 12:28:44.905 +0530] [INFO] [cadence.virtuoso.ade.simulationMonitor] - Notice from spectre during initial setup.
    APS enabled. {"history": "ExplorerRun.0", "point": 1, "testname": "PD_VCO_tb_1", "cornername": "Nominal"}
[2025-11-21 12:28:44.906 +0530] [INFO] [cadence.virtuoso.ade.simulationMonitor] - Peak resident memory used = 173 Mbytes. {"history": "ExplorerRun.0", "point": 1, "testname": "PD_VCO_tb_1", "cornername": "Nominal"}
[2025-11-21 12:28:44.906 +0530] [INFO] [cadence.virtuoso.ade.simulationMonitor] -    -   (APS) Multi-threading. The recommended number of threads is 1, consider adding +mt=1 on command line. {"history": "ExplorerRun.0", "point": 1, "testname": "PD_VCO_tb_1", "cornername": "Nominal"}
[2025-11-21 12:28:44.906 +0530] [INFO] [cadence.virtuoso.ade.simulationMonitor] - Notice from spectre during IC analysis, during transient analysis `tran'.
    There are 1 IC nodes defined. {"history": "ExplorerRun.0", "point": 1, "testname": "PD_VCO_tb_1", "cornername": "Nominal"}
[2025-11-21 12:28:44.906 +0530] [INFO] [cadence.virtuoso.ade.simulationMonitor] - Notice from spectre during IC analysis, during transient analysis `tran'.
    Bad pivoting is found during DC analysis. Option dc_pivot_check=yes is recommended for possible improvement of convergence.
    Initial condition computed for node vout is in error by 2.10031 uV.
        Decrease `rforce' to reduce error in computed initial conditions.  However, setting rforce too small may result in convergence difficulties or in the matrix becoming singular. {"history": "ExplorerRun.0", "point": 1, "testname": "PD_VCO_tb_1", "cornername": "Nominal"}
[2025-11-21 12:28:44.906 +0530] [INFO] [cadence.virtuoso.ade.simulationMonitor] - Notice from spectre during transient analysis `tran'.
    Multithreading is disabled due to the size of the design being too small. {"history": "ExplorerRun.0", "point": 1, "testname": "PD_VCO_tb_1", "cornername": "Nominal"}
[2025-11-21 12:28:52.440 +0530] [INFO] [cadence.virtuoso.ade.simulationMonitor] - Total time required for tran analysis `tran': CPU = 7.16485 s, elapsed = 7.21365 s, util. = 99.3%. {"history": "ExplorerRun.0", "point": 1, "testname": "PD_VCO_tb_1", "cornername": "Nominal"}
[2025-11-21 12:28:52.440 +0530] [INFO] [cadence.virtuoso.ade.simulationMonitor] - Peak resident memory used = 412 Mbytes. {"history": "ExplorerRun.0", "point": 1, "testname": "PD_VCO_tb_1", "cornername": "Nominal"}
[2025-11-21 12:28:52.440 +0530] [INFO] [cadence.virtuoso.ade.simulationMonitor] - Notice from spectre.
    Multithreading is disabled due to the size of the design being too small. {"history": "ExplorerRun.0", "point": 1, "testname": "PD_VCO_tb_1", "cornername": "Nominal"}
[2025-11-21 12:28:52.440 +0530] [INFO] [cadence.virtuoso.ade.simulationMonitor] - Notice from spectre during IC analysis, during periodic steady state analysis `pss'.
    There are 1 IC nodes defined. {"history": "ExplorerRun.0", "point": 1, "testname": "PD_VCO_tb_1", "cornername": "Nominal"}
[2025-11-21 12:28:52.441 +0530] [INFO] [cadence.virtuoso.ade.simulationMonitor] - Notice from spectre during IC analysis, during periodic steady state analysis `pss'.
    Bad pivoting is found during DC analysis. Option dc_pivot_check=yes is recommended for possible improvement of convergence.
    Initial condition computed for node vout is in error by 2.10031 uV.
        Decrease `rforce' to reduce error in computed initial conditions.  However, setting rforce too small may result in convergence difficulties or in the matrix becoming singular. {"history": "ExplorerRun.0", "point": 1, "testname": "PD_VCO_tb_1", "cornername": "Nominal"}
[2025-11-21 12:29:21.624 +0530] [INFO] [cadence.virtuoso.ade.simulationMonitor] - Total time required for tstab analysis `pss': CPU = 29.3524 s, elapsed = 29.4108 s. {"history": "ExplorerRun.0", "point": 1, "testname": "PD_VCO_tb_1", "cornername": "Nominal"}
[2025-11-21 12:29:21.624 +0530] [INFO] [cadence.virtuoso.ade.simulationMonitor] - Peak resident memory used = 412 Mbytes. {"history": "ExplorerRun.0", "point": 1, "testname": "PD_VCO_tb_1", "cornername": "Nominal"}
[2025-11-21 12:29:22.124 +0530] [INFO] [cadence.virtuoso.ade.simulationMonitor] - Total time required for pss analysis `pss': CPU = 29.4593 s, elapsed = 29.5982 s, util. = 99.5%. {"history": "ExplorerRun.0", "point": 1, "testname": "PD_VCO_tb_1", "cornername": "Nominal"}
[2025-11-21 12:29:22.124 +0530] [INFO] [cadence.virtuoso.ade.simulationMonitor] - Peak resident memory used = 412 Mbytes. {"history": "ExplorerRun.0", "point": 1, "testname": "PD_VCO_tb_1", "cornername": "Nominal"}
[2025-11-21 12:29:22.125 +0530] [INFO] [cadence.virtuoso.ade.simulationMonitor] - Notice from spectre during PSTB analysis `pstb'.
    Multithreading is disabled due to the size of the design being too small. {"history": "ExplorerRun.0", "point": 1, "testname": "PD_VCO_tb_1", "cornername": "Nominal"}
[2025-11-21 12:29:22.625 +0530] [INFO] [cadence.virtuoso.ade.simulationMonitor] - Notice from spectre at freq = 10 GHz during PSTB analysis `pstb'.
    Gain(dB)is always less than zero. The loop is always stable. No gain margin or phase margin. {"history": "ExplorerRun.0", "point": 1, "testname": "PD_VCO_tb_1", "cornername": "Nominal"}
[2025-11-21 12:29:22.625 +0530] [INFO] [cadence.virtuoso.ade.simulationMonitor] - Total time required for pstb analysis `pstb': CPU = 243.368 ms, elapsed = 349.258 ms, util. = 69.7%. {"history": "ExplorerRun.0", "point": 1, "testname": "PD_VCO_tb_1", "cornername": "Nominal"}
[2025-11-21 12:29:22.625 +0530] [INFO] [cadence.virtuoso.ade.simulationMonitor] - Peak resident memory used = 413 Mbytes. {"history": "ExplorerRun.0", "point": 1, "testname": "PD_VCO_tb_1", "cornername": "Nominal"}
[2025-11-21 12:29:22.625 +0530] [INFO] [cadence.virtuoso.ade.simulationMonitor] - Notice from spectre during PNoise analysis `pnoise'.
    Multithreading is disabled due to the size of the design being too small.
    Use full spectrum for normal noise analysis.
    MaxSideband for colored noise sources (e.g. 1/f-noise) is not set, automatically  set it to 3. {"history": "ExplorerRun.0", "point": 1, "testname": "PD_VCO_tb_1", "cornername": "Nominal"}
[2025-11-21 12:29:23.126 +0530] [INFO] [cadence.virtuoso.ade.simulationMonitor] - Total time required for pnoise analysis `pnoise': CPU = 958.423 ms, elapsed = 596.413 ms, util. = 161%. {"history": "ExplorerRun.0", "point": 1, "testname": "PD_VCO_tb_1", "cornername": "Nominal"}
[2025-11-21 12:29:23.126 +0530] [INFO] [cadence.virtuoso.ade.simulationMonitor] - Peak resident memory used = 413 Mbytes. {"history": "ExplorerRun.0", "point": 1, "testname": "PD_VCO_tb_1", "cornername": "Nominal"}
[2025-11-21 12:29:23.627 +0530] [INFO] [cadence.virtuoso.ade.simulationMonitor] - Time used: CPU = 38.2 s, elapsed = 39.1 s, util. = 97.7%. {"history": "ExplorerRun.0", "point": 1, "testname": "PD_VCO_tb_1", "cornername": "Nominal"}
[2025-11-21 12:29:23.627 +0530] [INFO] [cadence.virtuoso.ade.simulationMonitor] - Time spent in licensing: elapsed = 638 ms. {"history": "ExplorerRun.0", "point": 1, "testname": "PD_VCO_tb_1", "cornername": "Nominal"}
[2025-11-21 12:29:23.627 +0530] [INFO] [cadence.virtuoso.ade.simulationMonitor] - Peak memory used = 415 Mbytes. {"history": "ExplorerRun.0", "point": 1, "testname": "PD_VCO_tb_1", "cornername": "Nominal"}
[2025-11-21 12:29:23.627 +0530] [PROCESS] [cadence.virtuoso.ade.simulationMonitor] - Simulation started at: 12:28:43 PM, Fri Nov 21, 2025, ended at: 12:29:23 PM, Fri Nov 21, 2025, with elapsed time (wall clock): 39.1 s. {"history": "ExplorerRun.0", "point": 1, "testname": "PD_VCO_tb_1", "cornername": "Nominal"}
[2025-11-21 12:29:23.627 +0530] [PROCESS] [cadence.virtuoso.ade.simulationMonitor] - spectre completes with 0 errors, 0 warnings, and 17 notices. {"history": "ExplorerRun.0", "point": 1, "testname": "PD_VCO_tb_1", "cornername": "Nominal"}
[2025-11-21 12:29:23.627 +0530] [PROCESS] [cadence.virtuoso.ade.simulationMonitor] - Finished simulating for one point {"hostname": "cad13", "processid": 215325, "history": "ExplorerRun.0", "testname": "PD_VCO_tb_1", "cornername": "Nominal", "point": 1, "logfile": "/home/vlsi/Desktop/PLL_NEW/logs_vlsi/logs0/Job13.log", "simid": "2"}
[2025-11-21 12:29:23.627 +0530] [PROCESS] [cadence.virtuoso.ade.simulationMonitor] - Simulator exited {"hostname": "cad13", "processid": 215325, "history": "ExplorerRun.0", "testname": "PD_VCO_tb_1", "cornername": "Nominal", "point": 1, "logfile": "/home/vlsi/Desktop/PLL_NEW/logs_vlsi/logs0/Job13.log", "exitStatus": "0"}
[2025-11-21 12:29:23.627 +0530] [PROCESS] [cadence.virtuoso.ade.simulationMonitor] - Finished Simulation {"hostname": "cad13", "processid": 215325, "history": "ExplorerRun.0", "testname": "PD_VCO_tb_1", "cornername": "Nominal", "point": 1, "logfile": "/home/vlsi/Desktop/PLL_NEW/logs_vlsi/logs0/Job13.log", "simid": "2"}
[2025-11-21 12:29:24.130 +0530] [PROCESS] [cadence.virtuoso.ade.simulationMonitor] - Point Finished {"hostname": "cad13", "processid": 215325, "history": "ExplorerRun.0", "testname": "PD_VCO_tb_1", "cornername": "Nominal", "point": 1, "logfile": "/home/vlsi/Desktop/PLL_NEW/logs_vlsi/logs0/Job13.log"}
[2025-11-21 12:29:24.201 +0530] [PROCESS] [cadence.virtuoso.ade.simulationMonitor] - HostInfo:
Host name (type):	cad13 (x86_64)
Operating system:	Linux 4.18.0-425.3.1.el8.x86_64 #1 SMP Fri Sep 30 11:45:06 EDT 2022 {"hostname": "cad13", "processid": 215325, "history": "ExplorerRun.0", "testname": "PD_VCO_tb_1", "cornername": "Nominal", "point": 1, "logfile": "/home/vlsi/Desktop/PLL_NEW/logs_vlsi/logs0/Job13.log", "nodename": "cad13", "domainname": "(none)", "machine": "x86_64", "sysname": "Linux", "release": "4.18.0-425.3.1.el8.x86_64", "version": "#1 SMP Fri Sep 30 11:45:06 EDT 2022"}
[2025-11-21 12:29:24.201 +0530] [PROCESS] [cadence.virtuoso.ade.simulationMonitor] - UsageInfo:
pid=215325
totalPhysicalMemory=15.336876GB,Used=8.689983GB,totalVirtualMemory=47.336872GB,Used=8.689983GB
Cpu: Cores=28, Load average:0.960000,0.410000,0.320000 {"hostname": "cad13", "processid": 215325, "history": "ExplorerRun.0", "testname": "PD_VCO_tb_1", "cornername": "Nominal", "point": 1, "logfile": "/home/vlsi/Desktop/PLL_NEW/logs_vlsi/logs0/Job13.log", "pid": "215325", "totalPhysicalMemory": "15.336876", "physicalMemoryUsed": "8.689983", "totalVirtualMemory": "47.336872", "virtualMemoryUsed": "8.689983", "cpuCores": "28", "processes": "1310", "loadAverage1": "0.960000", "loadAverage5": "0.410000", "loadAverage15": "0.320000", "loadAverage1Percent": "0.034286"}
[2025-11-21 12:29:24.201 +0530] [EVENT] [cadence.virtuoso.ade.simulationMonitor] - NewPoint {"history": "ExplorerRun.0", "point": 2, "testname": "PD_VCO_tb_1", "cornername": "Nominal", "event": "NewPoint", "EventSource": "Simulation Monitor", "HistoryName": "ExplorerRun.0", "logFile": "/home/vlsi/Desktop/PLL_NEW/logs_vlsi/logs0/Job13.log", "logFileSize": "24766"}
[2025-11-21 12:29:24.301 +0530] [EVENT] [cadence.virtuoso.ade.simulationMonitor] - NewPoint {"history": "ExplorerRun.0", "point": 2, "testname": "PD_VCO_tb_1", "cornername": "Nominal", "event": "NewPoint", "EventSource": "spectre", "HistoryName": "ExplorerRun.0", "logFile": "/home/vlsi/simulation/PD/VCO_tb/maestro/results/maestro/ExplorerRun.0/2/PD_VCO_tb_1/psf/spectre.out", "logFileSize": "-1"}
[2025-11-21 12:29:24.304 +0530] [PROCESS] [cadence.virtuoso.ade.simulationMonitor] - Simulator launched {"hostname": "cad13", "processid": 215325, "history": "ExplorerRun.0", "testname": "PD_VCO_tb_1", "cornername": "Nominal", "point": 2, "logfile": "/home/vlsi/Desktop/PLL_NEW/logs_vlsi/logs0/Job13.log", "simid": "3"}
[2025-11-21 12:29:24.304 +0530] [PROCESS] [cadence.virtuoso.ade.simulationMonitor] - Started Simulation {"hostname": "cad13", "processid": 215325, "history": "ExplorerRun.0", "testname": "PD_VCO_tb_1", "cornername": "Nominal", "point": 2, "logfile": "/home/vlsi/Desktop/PLL_NEW/logs_vlsi/logs0/Job13.log", "event": "started", "task": "simulation"}
[2025-11-21 12:29:24.804 +0530] [INFO] [cadence.virtuoso.ade.simulationMonitor] - Peak resident memory used = 155 Mbytes. {"history": "ExplorerRun.0", "point": 2, "testname": "PD_VCO_tb_1", "cornername": "Nominal"}
[2025-11-21 12:29:24.804 +0530] [INFO] [cadence.virtuoso.ade.simulationMonitor] - Peak resident memory used = 167 Mbytes. {"history": "ExplorerRun.0", "point": 2, "testname": "PD_VCO_tb_1", "cornername": "Nominal"}
[2025-11-21 12:29:24.804 +0530] [INFO] [cadence.virtuoso.ade.simulationMonitor] - Notice from spectre during hierarchy flattening.
    The value 'psf' specified for the 'checklimitdest' option will no longer be supported in future releases. Use 'spectre -h' to see other recommended values for the 'checklimitdest' option. {"history": "ExplorerRun.0", "point": 2, "testname": "PD_VCO_tb_1", "cornername": "Nominal"}
[2025-11-21 12:29:24.805 +0530] [INFO] [cadence.virtuoso.ade.simulationMonitor] - Peak resident memory used = 168 Mbytes. {"history": "ExplorerRun.0", "point": 2, "testname": "PD_VCO_tb_1", "cornername": "Nominal"}
[2025-11-21 12:29:24.805 +0530] [INFO] [cadence.virtuoso.ade.simulationMonitor] - Notice from spectre during initial setup.
    Multithreading is disabled due to the size of the design being too small. {"history": "ExplorerRun.0", "point": 2, "testname": "PD_VCO_tb_1", "cornername": "Nominal"}
[2025-11-21 12:29:24.805 +0530] [INFO] [cadence.virtuoso.ade.simulationMonitor] -               nodes 48 {"history": "ExplorerRun.0", "point": 2, "testname": "PD_VCO_tb_1", "cornername": "Nominal"}
[2025-11-21 12:29:24.805 +0530] [INFO] [cadence.virtuoso.ade.simulationMonitor] - Notice from spectre during initial setup.
    APS enabled. {"history": "ExplorerRun.0", "point": 2, "testname": "PD_VCO_tb_1", "cornername": "Nominal"}
[2025-11-21 12:29:25.305 +0530] [INFO] [cadence.virtuoso.ade.simulationMonitor] - Peak resident memory used = 171 Mbytes. {"history": "ExplorerRun.0", "point": 2, "testname": "PD_VCO_tb_1", "cornername": "Nominal"}
[2025-11-21 12:29:25.305 +0530] [INFO] [cadence.virtuoso.ade.simulationMonitor] -    -   (APS) Multi-threading. The recommended number of threads is 1, consider adding +mt=1 on command line. {"history": "ExplorerRun.0", "point": 2, "testname": "PD_VCO_tb_1", "cornername": "Nominal"}
[2025-11-21 12:29:25.305 +0530] [INFO] [cadence.virtuoso.ade.simulationMonitor] - Notice from spectre during IC analysis, during transient analysis `tran'.
    There are 1 IC nodes defined. {"history": "ExplorerRun.0", "point": 2, "testname": "PD_VCO_tb_1", "cornername": "Nominal"}
[2025-11-21 12:29:25.305 +0530] [INFO] [cadence.virtuoso.ade.simulationMonitor] - Notice from spectre during IC analysis, during transient analysis `tran'.
    Bad pivoting is found during DC analysis. Option dc_pivot_check=yes is recommended for possible improvement of convergence.
    Initial condition computed for node vout is in error by 2.10031 uV.
        Decrease `rforce' to reduce error in computed initial conditions.  However, setting rforce too small may result in convergence difficulties or in the matrix becoming singular. {"history": "ExplorerRun.0", "point": 2, "testname": "PD_VCO_tb_1", "cornername": "Nominal"}
[2025-11-21 12:29:25.306 +0530] [INFO] [cadence.virtuoso.ade.simulationMonitor] - Notice from spectre during transient analysis `tran'.
    Multithreading is disabled due to the size of the design being too small. {"history": "ExplorerRun.0", "point": 2, "testname": "PD_VCO_tb_1", "cornername": "Nominal"}
[2025-11-21 12:29:32.348 +0530] [INFO] [cadence.virtuoso.ade.simulationMonitor] - Total time required for tran analysis `tran': CPU = 7.18712 s, elapsed = 7.24636 s, util. = 99.2%. {"history": "ExplorerRun.0", "point": 2, "testname": "PD_VCO_tb_1", "cornername": "Nominal"}
[2025-11-21 12:29:32.348 +0530] [INFO] [cadence.virtuoso.ade.simulationMonitor] - Peak resident memory used = 408 Mbytes. {"history": "ExplorerRun.0", "point": 2, "testname": "PD_VCO_tb_1", "cornername": "Nominal"}
[2025-11-21 12:29:32.348 +0530] [INFO] [cadence.virtuoso.ade.simulationMonitor] - Notice from spectre.
    Multithreading is disabled due to the size of the design being too small. {"history": "ExplorerRun.0", "point": 2, "testname": "PD_VCO_tb_1", "cornername": "Nominal"}
[2025-11-21 12:29:32.349 +0530] [INFO] [cadence.virtuoso.ade.simulationMonitor] - Notice from spectre during IC analysis, during periodic steady state analysis `pss'.
    There are 1 IC nodes defined. {"history": "ExplorerRun.0", "point": 2, "testname": "PD_VCO_tb_1", "cornername": "Nominal"}
[2025-11-21 12:29:32.349 +0530] [INFO] [cadence.virtuoso.ade.simulationMonitor] - Notice from spectre during IC analysis, during periodic steady state analysis `pss'.
    Bad pivoting is found during DC analysis. Option dc_pivot_check=yes is recommended for possible improvement of convergence.
    Initial condition computed for node vout is in error by 2.10031 uV.
        Decrease `rforce' to reduce error in computed initial conditions.  However, setting rforce too small may result in convergence difficulties or in the matrix becoming singular. {"history": "ExplorerRun.0", "point": 2, "testname": "PD_VCO_tb_1", "cornername": "Nominal"}
[2025-11-21 12:30:02.075 +0530] [INFO] [cadence.virtuoso.ade.simulationMonitor] - Total time required for tstab analysis `pss': CPU = 29.3843 s, elapsed = 29.4232 s. {"history": "ExplorerRun.0", "point": 2, "testname": "PD_VCO_tb_1", "cornername": "Nominal"}
[2025-11-21 12:30:02.076 +0530] [INFO] [cadence.virtuoso.ade.simulationMonitor] - Peak resident memory used = 409 Mbytes. {"history": "ExplorerRun.0", "point": 2, "testname": "PD_VCO_tb_1", "cornername": "Nominal"}
[2025-11-21 12:30:02.076 +0530] [INFO] [cadence.virtuoso.ade.simulationMonitor] - Total time required for pss analysis `pss': CPU = 29.4917 s, elapsed = 29.6806 s, util. = 99.4%. {"history": "ExplorerRun.0", "point": 2, "testname": "PD_VCO_tb_1", "cornername": "Nominal"}
[2025-11-21 12:30:02.076 +0530] [INFO] [cadence.virtuoso.ade.simulationMonitor] - Peak resident memory used = 409 Mbytes. {"history": "ExplorerRun.0", "point": 2, "testname": "PD_VCO_tb_1", "cornername": "Nominal"}
[2025-11-21 12:30:02.076 +0530] [INFO] [cadence.virtuoso.ade.simulationMonitor] - Notice from spectre during PSTB analysis `pstb'.
    Multithreading is disabled due to the size of the design being too small. {"history": "ExplorerRun.0", "point": 2, "testname": "PD_VCO_tb_1", "cornername": "Nominal"}
[2025-11-21 12:30:02.576 +0530] [INFO] [cadence.virtuoso.ade.simulationMonitor] - Notice from spectre at freq = 10 GHz during PSTB analysis `pstb'.
    Gain(dB)is always less than zero. The loop is always stable. No gain margin or phase margin. {"history": "ExplorerRun.0", "point": 2, "testname": "PD_VCO_tb_1", "cornername": "Nominal"}
[2025-11-21 12:30:02.576 +0530] [INFO] [cadence.virtuoso.ade.simulationMonitor] - Total time required for pstb analysis `pstb': CPU = 247.509 ms, elapsed = 374.225 ms, util. = 66.1%. {"history": "ExplorerRun.0", "point": 2, "testname": "PD_VCO_tb_1", "cornername": "Nominal"}
[2025-11-21 12:30:02.576 +0530] [INFO] [cadence.virtuoso.ade.simulationMonitor] - Peak resident memory used = 409 Mbytes. {"history": "ExplorerRun.0", "point": 2, "testname": "PD_VCO_tb_1", "cornername": "Nominal"}
[2025-11-21 12:30:02.576 +0530] [INFO] [cadence.virtuoso.ade.simulationMonitor] - Notice from spectre during PNoise analysis `pnoise'.
    Multithreading is disabled due to the size of the design being too small.
    Use full spectrum for normal noise analysis.
    MaxSideband for colored noise sources (e.g. 1/f-noise) is not set, automatically  set it to 3. {"history": "ExplorerRun.0", "point": 2, "testname": "PD_VCO_tb_1", "cornername": "Nominal"}
[2025-11-21 12:30:03.077 +0530] [INFO] [cadence.virtuoso.ade.simulationMonitor] - Total time required for pnoise analysis `pnoise': CPU = 952.669 ms, elapsed = 533.302 ms, util. = 179%. {"history": "ExplorerRun.0", "point": 2, "testname": "PD_VCO_tb_1", "cornername": "Nominal"}
[2025-11-21 12:30:03.077 +0530] [INFO] [cadence.virtuoso.ade.simulationMonitor] - Peak resident memory used = 410 Mbytes. {"history": "ExplorerRun.0", "point": 2, "testname": "PD_VCO_tb_1", "cornername": "Nominal"}
[2025-11-21 12:30:03.577 +0530] [INFO] [cadence.virtuoso.ade.simulationMonitor] - Time used: CPU = 38.3 s, elapsed = 38.6 s, util. = 99.1%. {"history": "ExplorerRun.0", "point": 2, "testname": "PD_VCO_tb_1", "cornername": "Nominal"}
[2025-11-21 12:30:03.578 +0530] [INFO] [cadence.virtuoso.ade.simulationMonitor] - Time spent in licensing: elapsed = 37.8 ms. {"history": "ExplorerRun.0", "point": 2, "testname": "PD_VCO_tb_1", "cornername": "Nominal"}
[2025-11-21 12:30:03.578 +0530] [INFO] [cadence.virtuoso.ade.simulationMonitor] - Peak memory used = 411 Mbytes. {"history": "ExplorerRun.0", "point": 2, "testname": "PD_VCO_tb_1", "cornername": "Nominal"}
[2025-11-21 12:30:03.578 +0530] [PROCESS] [cadence.virtuoso.ade.simulationMonitor] - Simulation started at: 12:29:24 PM, Fri Nov 21, 2025, ended at: 12:30:02 PM, Fri Nov 21, 2025, with elapsed time (wall clock): 38.6 s. {"history": "ExplorerRun.0", "point": 2, "testname": "PD_VCO_tb_1", "cornername": "Nominal"}
[2025-11-21 12:30:03.578 +0530] [PROCESS] [cadence.virtuoso.ade.simulationMonitor] - spectre completes with 0 errors, 0 warnings, and 17 notices. {"history": "ExplorerRun.0", "point": 2, "testname": "PD_VCO_tb_1", "cornername": "Nominal"}
[2025-11-21 12:30:03.578 +0530] [PROCESS] [cadence.virtuoso.ade.simulationMonitor] - Finished simulating for one point {"hostname": "cad13", "processid": 215325, "history": "ExplorerRun.0", "testname": "PD_VCO_tb_1", "cornername": "Nominal", "point": 2, "logfile": "/home/vlsi/Desktop/PLL_NEW/logs_vlsi/logs0/Job13.log", "simid": "3"}
[2025-11-21 12:30:03.578 +0530] [PROCESS] [cadence.virtuoso.ade.simulationMonitor] - Simulator exited {"hostname": "cad13", "processid": 215325, "history": "ExplorerRun.0", "testname": "PD_VCO_tb_1", "cornername": "Nominal", "point": 2, "logfile": "/home/vlsi/Desktop/PLL_NEW/logs_vlsi/logs0/Job13.log", "exitStatus": "0"}
[2025-11-21 12:30:03.578 +0530] [PROCESS] [cadence.virtuoso.ade.simulationMonitor] - Finished Simulation {"hostname": "cad13", "processid": 215325, "history": "ExplorerRun.0", "testname": "PD_VCO_tb_1", "cornername": "Nominal", "point": 2, "logfile": "/home/vlsi/Desktop/PLL_NEW/logs_vlsi/logs0/Job13.log", "simid": "3"}
[2025-11-21 12:30:04.081 +0530] [PROCESS] [cadence.virtuoso.ade.simulationMonitor] - Point Finished {"hostname": "cad13", "processid": 215325, "history": "ExplorerRun.0", "testname": "PD_VCO_tb_1", "cornername": "Nominal", "point": 2, "logfile": "/home/vlsi/Desktop/PLL_NEW/logs_vlsi/logs0/Job13.log"}
[2025-11-21 12:30:04.134 +0530] [PROCESS] [cadence.virtuoso.ade.simulationMonitor] - HostInfo:
Host name (type):	cad13 (x86_64)
Operating system:	Linux 4.18.0-425.3.1.el8.x86_64 #1 SMP Fri Sep 30 11:45:06 EDT 2022 {"hostname": "cad13", "processid": 215325, "history": "ExplorerRun.0", "testname": "PD_VCO_tb_1", "cornername": "Nominal", "point": 2, "logfile": "/home/vlsi/Desktop/PLL_NEW/logs_vlsi/logs0/Job13.log", "nodename": "cad13", "domainname": "(none)", "machine": "x86_64", "sysname": "Linux", "release": "4.18.0-425.3.1.el8.x86_64", "version": "#1 SMP Fri Sep 30 11:45:06 EDT 2022"}
[2025-11-21 12:30:04.134 +0530] [PROCESS] [cadence.virtuoso.ade.simulationMonitor] - UsageInfo:
pid=215325
totalPhysicalMemory=15.336876GB,Used=8.770954GB,totalVirtualMemory=47.336872GB,Used=8.770954GB
Cpu: Cores=28, Load average:1.460000,0.610000,0.390000 {"hostname": "cad13", "processid": 215325, "history": "ExplorerRun.0", "testname": "PD_VCO_tb_1", "cornername": "Nominal", "point": 2, "logfile": "/home/vlsi/Desktop/PLL_NEW/logs_vlsi/logs0/Job13.log", "pid": "215325", "totalPhysicalMemory": "15.336876", "physicalMemoryUsed": "8.770954", "totalVirtualMemory": "47.336872", "virtualMemoryUsed": "8.770954", "cpuCores": "28", "processes": "1160", "loadAverage1": "1.460000", "loadAverage5": "0.610000", "loadAverage15": "0.390000", "loadAverage1Percent": "0.052143"}
[2025-11-21 12:30:04.134 +0530] [EVENT] [cadence.virtuoso.ade.simulationMonitor] - NewPoint {"history": "ExplorerRun.0", "point": 3, "testname": "PD_VCO_tb_1", "cornername": "Nominal", "event": "NewPoint", "EventSource": "Simulation Monitor", "HistoryName": "ExplorerRun.0", "logFile": "/home/vlsi/Desktop/PLL_NEW/logs_vlsi/logs0/Job13.log", "logFileSize": "38306"}
[2025-11-21 12:30:04.234 +0530] [EVENT] [cadence.virtuoso.ade.simulationMonitor] - NewPoint {"history": "ExplorerRun.0", "point": 3, "testname": "PD_VCO_tb_1", "cornername": "Nominal", "event": "NewPoint", "EventSource": "spectre", "HistoryName": "ExplorerRun.0", "logFile": "/home/vlsi/simulation/PD/VCO_tb/maestro/results/maestro/ExplorerRun.0/3/PD_VCO_tb_1/psf/spectre.out", "logFileSize": "-1"}
[2025-11-21 12:30:04.237 +0530] [PROCESS] [cadence.virtuoso.ade.simulationMonitor] - Simulator launched {"hostname": "cad13", "processid": 215325, "history": "ExplorerRun.0", "testname": "PD_VCO_tb_1", "cornername": "Nominal", "point": 3, "logfile": "/home/vlsi/Desktop/PLL_NEW/logs_vlsi/logs0/Job13.log", "simid": "4"}
[2025-11-21 12:30:04.237 +0530] [PROCESS] [cadence.virtuoso.ade.simulationMonitor] - Started Simulation {"hostname": "cad13", "processid": 215325, "history": "ExplorerRun.0", "testname": "PD_VCO_tb_1", "cornername": "Nominal", "point": 3, "logfile": "/home/vlsi/Desktop/PLL_NEW/logs_vlsi/logs0/Job13.log", "event": "started", "task": "simulation"}
[2025-11-21 12:30:04.737 +0530] [INFO] [cadence.virtuoso.ade.simulationMonitor] - Peak resident memory used = 155 Mbytes. {"history": "ExplorerRun.0", "point": 3, "testname": "PD_VCO_tb_1", "cornername": "Nominal"}
[2025-11-21 12:30:04.737 +0530] [INFO] [cadence.virtuoso.ade.simulationMonitor] - Peak resident memory used = 167 Mbytes. {"history": "ExplorerRun.0", "point": 3, "testname": "PD_VCO_tb_1", "cornername": "Nominal"}
[2025-11-21 12:30:04.737 +0530] [INFO] [cadence.virtuoso.ade.simulationMonitor] - Notice from spectre during hierarchy flattening.
    The value 'psf' specified for the 'checklimitdest' option will no longer be supported in future releases. Use 'spectre -h' to see other recommended values for the 'checklimitdest' option. {"history": "ExplorerRun.0", "point": 3, "testname": "PD_VCO_tb_1", "cornername": "Nominal"}
[2025-11-21 12:30:04.737 +0530] [INFO] [cadence.virtuoso.ade.simulationMonitor] - Peak resident memory used = 168 Mbytes. {"history": "ExplorerRun.0", "point": 3, "testname": "PD_VCO_tb_1", "cornername": "Nominal"}
[2025-11-21 12:30:04.738 +0530] [INFO] [cadence.virtuoso.ade.simulationMonitor] - Notice from spectre during initial setup.
    Multithreading is disabled due to the size of the design being too small. {"history": "ExplorerRun.0", "point": 3, "testname": "PD_VCO_tb_1", "cornername": "Nominal"}
[2025-11-21 12:30:04.738 +0530] [INFO] [cadence.virtuoso.ade.simulationMonitor] -               nodes 48 {"history": "ExplorerRun.0", "point": 3, "testname": "PD_VCO_tb_1", "cornername": "Nominal"}
[2025-11-21 12:30:04.738 +0530] [INFO] [cadence.virtuoso.ade.simulationMonitor] - Notice from spectre during initial setup.
    APS enabled. {"history": "ExplorerRun.0", "point": 3, "testname": "PD_VCO_tb_1", "cornername": "Nominal"}
[2025-11-21 12:30:05.238 +0530] [INFO] [cadence.virtuoso.ade.simulationMonitor] - Peak resident memory used = 171 Mbytes. {"history": "ExplorerRun.0", "point": 3, "testname": "PD_VCO_tb_1", "cornername": "Nominal"}
[2025-11-21 12:30:05.238 +0530] [INFO] [cadence.virtuoso.ade.simulationMonitor] -    -   (APS) Multi-threading. The recommended number of threads is 1, consider adding +mt=1 on command line. {"history": "ExplorerRun.0", "point": 3, "testname": "PD_VCO_tb_1", "cornername": "Nominal"}
[2025-11-21 12:30:05.238 +0530] [INFO] [cadence.virtuoso.ade.simulationMonitor] - Notice from spectre during IC analysis, during transient analysis `tran'.
    There are 1 IC nodes defined. {"history": "ExplorerRun.0", "point": 3, "testname": "PD_VCO_tb_1", "cornername": "Nominal"}
[2025-11-21 12:30:05.239 +0530] [INFO] [cadence.virtuoso.ade.simulationMonitor] - Notice from spectre during IC analysis, during transient analysis `tran'.
    Bad pivoting is found during DC analysis. Option dc_pivot_check=yes is recommended for possible improvement of convergence.
    Initial condition computed for node vout is in error by 2.10031 uV.
        Decrease `rforce' to reduce error in computed initial conditions.  However, setting rforce too small may result in convergence difficulties or in the matrix becoming singular. {"history": "ExplorerRun.0", "point": 3, "testname": "PD_VCO_tb_1", "cornername": "Nominal"}
[2025-11-21 12:30:05.239 +0530] [INFO] [cadence.virtuoso.ade.simulationMonitor] - Notice from spectre during transient analysis `tran'.
    Multithreading is disabled due to the size of the design being too small. {"history": "ExplorerRun.0", "point": 3, "testname": "PD_VCO_tb_1", "cornername": "Nominal"}
[2025-11-21 12:30:12.273 +0530] [INFO] [cadence.virtuoso.ade.simulationMonitor] - Total time required for tran analysis `tran': CPU = 7.18357 s, elapsed = 7.22936 s, util. = 99.4%. {"history": "ExplorerRun.0", "point": 3, "testname": "PD_VCO_tb_1", "cornername": "Nominal"}
[2025-11-21 12:30:12.274 +0530] [INFO] [cadence.virtuoso.ade.simulationMonitor] - Peak resident memory used = 409 Mbytes. {"history": "ExplorerRun.0", "point": 3, "testname": "PD_VCO_tb_1", "cornername": "Nominal"}
[2025-11-21 12:30:12.274 +0530] [INFO] [cadence.virtuoso.ade.simulationMonitor] - Notice from spectre.
    Multithreading is disabled due to the size of the design being too small. {"history": "ExplorerRun.0", "point": 3, "testname": "PD_VCO_tb_1", "cornername": "Nominal"}
[2025-11-21 12:30:12.274 +0530] [INFO] [cadence.virtuoso.ade.simulationMonitor] - Notice from spectre during IC analysis, during periodic steady state analysis `pss'.
    There are 1 IC nodes defined. {"history": "ExplorerRun.0", "point": 3, "testname": "PD_VCO_tb_1", "cornername": "Nominal"}
[2025-11-21 12:30:12.274 +0530] [INFO] [cadence.virtuoso.ade.simulationMonitor] - Notice from spectre during IC analysis, during periodic steady state analysis `pss'.
    Bad pivoting is found during DC analysis. Option dc_pivot_check=yes is recommended for possible improvement of convergence.
    Initial condition computed for node vout is in error by 2.10031 uV.
        Decrease `rforce' to reduce error in computed initial conditions.  However, setting rforce too small may result in convergence difficulties or in the matrix becoming singular. {"history": "ExplorerRun.0", "point": 3, "testname": "PD_VCO_tb_1", "cornername": "Nominal"}
[2025-11-21 12:30:23.838 +0530] [PROCESS] [cadence.virtuoso.ade.simulationMonitor] - Simulation cancelled {"hostname": "cad13", "processid": 215325, "history": "ExplorerRun.0", "testname": "PD_VCO_tb_1", "cornername": "Nominal", "point": 3, "logfile": "/home/vlsi/Desktop/PLL_NEW/logs_vlsi/logs0/Job13.log"}
[2025-11-21 12:30:23.838 +0530] [INFO] [cadence.virtuoso.ade.simulationMonitor] - SimulationMonitor has terminated the spectre process '224644', reason: 'the simulation point gets cancelled by GUI' {"history": "ExplorerRun.0", "point": 3, "testname": "PD_VCO_tb_1", "cornername": "Nominal"}
[2025-11-21 12:30:23.854 +0530] [PROCESS] [cadence.virtuoso.ade.simulationMonitor] - Finished simulating for one point {"hostname": "cad13", "processid": 215325, "history": "ExplorerRun.0", "testname": "PD_VCO_tb_1", "cornername": "Nominal", "point": 3, "logfile": "/home/vlsi/Desktop/PLL_NEW/logs_vlsi/logs0/Job13.log", "simid": "4"}
[2025-11-21 12:30:23.855 +0530] [PROCESS] [cadence.virtuoso.ade.simulationMonitor] - Simulator exited {"hostname": "cad13", "processid": 215325, "history": "ExplorerRun.0", "testname": "PD_VCO_tb_1", "cornername": "Nominal", "point": 3, "logfile": "/home/vlsi/Desktop/PLL_NEW/logs_vlsi/logs0/Job13.log", "exitStatus": "0"}
[2025-11-21 12:30:23.855 +0530] [PROCESS] [cadence.virtuoso.ade.simulationMonitor] - Finished Simulation {"hostname": "cad13", "processid": 215325, "history": "ExplorerRun.0", "testname": "PD_VCO_tb_1", "cornername": "Nominal", "point": 3, "logfile": "/home/vlsi/Desktop/PLL_NEW/logs_vlsi/logs0/Job13.log", "simid": "4"}
[2025-11-21 12:30:23.858 +0530] [PROCESS] [cadence.virtuoso.ade.simulationMonitor] - Point Finished {"hostname": "cad13", "processid": 215325, "history": "ExplorerRun.0", "testname": "PD_VCO_tb_1", "cornername": "Nominal", "point": 3, "logfile": "/home/vlsi/Desktop/PLL_NEW/logs_vlsi/logs0/Job13.log"}
[2025-11-21 12:30:24.568 +0530] [PROCESS] [cadence.virtuoso.ade.simulationMonitor] - get signal Terminated<15> from user:vlsi, which pid:215323:/home/install/IC618/tools/bin/64bit/cdsServIpc {"hostname": "cad13", "processid": 215325, "history": "ExplorerRun.0", "testname": "PD_VCO_tb_1", "cornername": "Nominal", "point": 3, "logfile": "/home/vlsi/Desktop/PLL_NEW/logs_vlsi/logs0/Job13.log", "signal": "15", "signalName": "Terminated", "which": "/home/install/IC618/tools/bin/64bit/cdsServIpc", "pid": "215323", "user": "vlsi", "uid": "1000"}
[2025-11-21 12:30:25.068 +0530] [PROCESS] [cadence.virtuoso.ade.simulationMonitor] - Current memory used: 54.8008 MBytes, peak memory used: 54.8008 MBytes {"hostname": "cad13", "processid": 215325, "history": "ExplorerRun.0", "testname": "PD_VCO_tb_1", "cornername": "Nominal", "point": 3, "logfile": "/home/vlsi/Desktop/PLL_NEW/logs_vlsi/logs0/Job13.log"}
[2025-11-21 12:30:25.069 +0530] [PROCESS] [cadence.virtuoso.ade.simulationMonitor] - Simulation Monitor process exit. {"hostname": "cad13", "processid": 215325, "history": "ExplorerRun.0", "testname": "PD_VCO_tb_1", "cornername": "Nominal", "point": 3, "logfile": "/home/vlsi/Desktop/PLL_NEW/logs_vlsi/logs0/Job13.log"}
