[Simulation Monitor: 17]
[2025-11-21 12:31:25.489 +0530] [PROCESS] [cadence.virtuoso.ade.simulationMonitor] - Simulation Monitor has successfully started up. Trying to set up communication channels to other components ... {"hostname": "cad13", "processid": 229576, "logfile": "/home/vlsi/Desktop/PLL_NEW/logs_vlsi/logs0/Job17.log"}
[2025-11-21 12:31:25.490 +0530] [PROCESS] [cadence.virtuoso.ade.simulationMonitor] - Communication channels have been successfully set up. Start processing events ... {"hostname": "cad13", "processid": 229576, "logfile": "/home/vlsi/Desktop/PLL_NEW/logs_vlsi/logs0/Job17.log"}
[2025-11-21 12:31:25.490 +0530] [PROCESS] [cadence.virtuoso.ade.simulationMonitor] - Considering to start history {"hostname": "cad13", "processid": 229576, "history": "ExplorerRun.0", "logfile": "/home/vlsi/Desktop/PLL_NEW/logs_vlsi/logs0/Job17.log"}
[2025-11-21 12:31:25.490 +0530] [PROCESS] [cadence.virtuoso.ade.simulationMonitor] - HostInfo:
Host name (type):	cad13 (x86_64)
Operating system:	Linux 4.18.0-425.3.1.el8.x86_64 #1 SMP Fri Sep 30 11:45:06 EDT 2022 {"hostname": "cad13", "processid": 229576, "history": "ExplorerRun.0", "logfile": "/home/vlsi/Desktop/PLL_NEW/logs_vlsi/logs0/Job17.log", "nodename": "cad13", "domainname": "(none)", "machine": "x86_64", "sysname": "Linux", "release": "4.18.0-425.3.1.el8.x86_64", "version": "#1 SMP Fri Sep 30 11:45:06 EDT 2022"}
[2025-11-21 12:31:25.491 +0530] [PROCESS] [cadence.virtuoso.ade.simulationMonitor] - UsageInfo:
pid=229576
totalPhysicalMemory=15.336876GB,Used=8.075134GB,totalVirtualMemory=47.336872GB,Used=8.075134GB
Cpu: Cores=28, Load average:0.840000,0.620000,0.410000 {"hostname": "cad13", "processid": 229576, "history": "ExplorerRun.0", "logfile": "/home/vlsi/Desktop/PLL_NEW/logs_vlsi/logs0/Job17.log", "pid": "229576", "totalPhysicalMemory": "15.336876", "physicalMemoryUsed": "8.075134", "totalVirtualMemory": "47.336872", "virtualMemoryUsed": "8.075134", "cpuCores": "28", "processes": "1150", "loadAverage1": "0.840000", "loadAverage5": "0.620000", "loadAverage15": "0.410000", "loadAverage1Percent": "0.030000"}
[2025-11-21 12:31:25.491 +0530] [EVENT] [cadence.virtuoso.ade.simulationMonitor] - NewPoint {"history": "ExplorerRun.0", "point": 1, "testname": "PD_VCO_tb_1", "cornername": "Nominal", "event": "NewPoint", "EventSource": "Simulation Monitor", "HistoryName": "ExplorerRun.0", "logFile": "/home/vlsi/Desktop/PLL_NEW/logs_vlsi/logs0/Job17.log", "logFileSize": "2098"}
[2025-11-21 12:31:25.591 +0530] [EVENT] [cadence.virtuoso.ade.simulationMonitor] - NewPoint {"history": "ExplorerRun.0", "point": 1, "testname": "PD_VCO_tb_1", "cornername": "Nominal", "event": "NewPoint", "EventSource": "spectre", "HistoryName": "ExplorerRun.0", "logFile": "/home/vlsi/simulation/PD/VCO_tb/maestro/results/maestro/ExplorerRun.0/1/PD_VCO_tb_1/psf/spectre.out", "logFileSize": "-1"}
[2025-11-21 12:31:25.601 +0530] [PROCESS] [cadence.virtuoso.ade.simulationMonitor] - Simulator launched {"hostname": "cad13", "processid": 229576, "history": "ExplorerRun.0", "testname": "PD_VCO_tb_1", "cornername": "Nominal", "point": 1, "logfile": "/home/vlsi/Desktop/PLL_NEW/logs_vlsi/logs0/Job17.log", "simid": "1"}
[2025-11-21 12:31:25.601 +0530] [PROCESS] [cadence.virtuoso.ade.simulationMonitor] - Expression evaluator launched {"hostname": "cad13", "processid": 229576, "history": "ExplorerRun.0", "testname": "PD_VCO_tb_1", "cornername": "Nominal", "point": 1, "logfile": "/home/vlsi/Desktop/PLL_NEW/logs_vlsi/logs0/Job17.log"}
[2025-11-21 12:31:25.604 +0530] [PROCESS] [cadence.virtuoso.ade.simulationMonitor] - Started Simulation {"hostname": "cad13", "processid": 229576, "history": "ExplorerRun.0", "testname": "PD_VCO_tb_1", "cornername": "Nominal", "point": 1, "logfile": "/home/vlsi/Desktop/PLL_NEW/logs_vlsi/logs0/Job17.log", "event": "started", "task": "simulation"}
[2025-11-21 12:31:26.105 +0530] [INFO] [cadence.virtuoso.ade.simulationMonitor] - Peak resident memory used = 156 Mbytes. {"history": "ExplorerRun.0", "point": 1, "testname": "PD_VCO_tb_1", "cornername": "Nominal"}
[2025-11-21 12:31:26.105 +0530] [INFO] [cadence.virtuoso.ade.simulationMonitor] - Peak resident memory used = 170 Mbytes. {"history": "ExplorerRun.0", "point": 1, "testname": "PD_VCO_tb_1", "cornername": "Nominal"}
[2025-11-21 12:31:26.105 +0530] [INFO] [cadence.virtuoso.ade.simulationMonitor] - Notice from spectre during hierarchy flattening.
    The value 'psf' specified for the 'checklimitdest' option will no longer be supported in future releases. Use 'spectre -h' to see other recommended values for the 'checklimitdest' option. {"history": "ExplorerRun.0", "point": 1, "testname": "PD_VCO_tb_1", "cornername": "Nominal"}
[2025-11-21 12:31:26.105 +0530] [INFO] [cadence.virtuoso.ade.simulationMonitor] - Peak resident memory used = 172 Mbytes. {"history": "ExplorerRun.0", "point": 1, "testname": "PD_VCO_tb_1", "cornername": "Nominal"}
[2025-11-21 12:31:26.105 +0530] [INFO] [cadence.virtuoso.ade.simulationMonitor] - Notice from spectre during initial setup.
    Multithreading is disabled due to the size of the design being too small. {"history": "ExplorerRun.0", "point": 1, "testname": "PD_VCO_tb_1", "cornername": "Nominal"}
[2025-11-21 12:31:26.106 +0530] [INFO] [cadence.virtuoso.ade.simulationMonitor] -               nodes 48 {"history": "ExplorerRun.0", "point": 1, "testname": "PD_VCO_tb_1", "cornername": "Nominal"}
[2025-11-21 12:31:26.106 +0530] [INFO] [cadence.virtuoso.ade.simulationMonitor] - Notice from spectre during initial setup.
    APS enabled. {"history": "ExplorerRun.0", "point": 1, "testname": "PD_VCO_tb_1", "cornername": "Nominal"}
[2025-11-21 12:31:26.606 +0530] [INFO] [cadence.virtuoso.ade.simulationMonitor] - Peak resident memory used = 174 Mbytes. {"history": "ExplorerRun.0", "point": 1, "testname": "PD_VCO_tb_1", "cornername": "Nominal"}
[2025-11-21 12:31:26.606 +0530] [INFO] [cadence.virtuoso.ade.simulationMonitor] -    -   (APS) Multi-threading. The recommended number of threads is 1, consider adding +mt=1 on command line. {"history": "ExplorerRun.0", "point": 1, "testname": "PD_VCO_tb_1", "cornername": "Nominal"}
[2025-11-21 12:31:26.606 +0530] [INFO] [cadence.virtuoso.ade.simulationMonitor] - Notice from spectre during IC analysis, during transient analysis `tran'.
    There are 1 IC nodes defined. {"history": "ExplorerRun.0", "point": 1, "testname": "PD_VCO_tb_1", "cornername": "Nominal"}
[2025-11-21 12:31:26.607 +0530] [INFO] [cadence.virtuoso.ade.simulationMonitor] - Notice from spectre during IC analysis, during transient analysis `tran'.
    Bad pivoting is found during DC analysis. Option dc_pivot_check=yes is recommended for possible improvement of convergence.
    Initial condition computed for node vout is in error by 2.10031 uV.
        Decrease `rforce' to reduce error in computed initial conditions.  However, setting rforce too small may result in convergence difficulties or in the matrix becoming singular. {"history": "ExplorerRun.0", "point": 1, "testname": "PD_VCO_tb_1", "cornername": "Nominal"}
[2025-11-21 12:31:26.607 +0530] [INFO] [cadence.virtuoso.ade.simulationMonitor] - Notice from spectre during transient analysis `tran'.
    Multithreading is disabled due to the size of the design being too small. {"history": "ExplorerRun.0", "point": 1, "testname": "PD_VCO_tb_1", "cornername": "Nominal"}
[2025-11-21 12:31:33.640 +0530] [INFO] [cadence.virtuoso.ade.simulationMonitor] - Total time required for tran analysis `tran': CPU = 7.22893 s, elapsed = 7.27017 s, util. = 99.4%. {"history": "ExplorerRun.0", "point": 1, "testname": "PD_VCO_tb_1", "cornername": "Nominal"}
[2025-11-21 12:31:33.640 +0530] [INFO] [cadence.virtuoso.ade.simulationMonitor] - Peak resident memory used = 413 Mbytes. {"history": "ExplorerRun.0", "point": 1, "testname": "PD_VCO_tb_1", "cornername": "Nominal"}
[2025-11-21 12:31:33.640 +0530] [INFO] [cadence.virtuoso.ade.simulationMonitor] - Notice from spectre.
    Multithreading is disabled due to the size of the design being too small. {"history": "ExplorerRun.0", "point": 1, "testname": "PD_VCO_tb_1", "cornername": "Nominal"}
[2025-11-21 12:31:33.640 +0530] [INFO] [cadence.virtuoso.ade.simulationMonitor] - Notice from spectre during IC analysis, during periodic steady state analysis `pss'.
    There are 1 IC nodes defined. {"history": "ExplorerRun.0", "point": 1, "testname": "PD_VCO_tb_1", "cornername": "Nominal"}
[2025-11-21 12:31:33.640 +0530] [INFO] [cadence.virtuoso.ade.simulationMonitor] - Notice from spectre during IC analysis, during periodic steady state analysis `pss'.
    Bad pivoting is found during DC analysis. Option dc_pivot_check=yes is recommended for possible improvement of convergence.
    Initial condition computed for node vout is in error by 2.10031 uV.
        Decrease `rforce' to reduce error in computed initial conditions.  However, setting rforce too small may result in convergence difficulties or in the matrix becoming singular. {"history": "ExplorerRun.0", "point": 1, "testname": "PD_VCO_tb_1", "cornername": "Nominal"}
[2025-11-21 12:32:03.826 +0530] [INFO] [cadence.virtuoso.ade.simulationMonitor] - Total time required for tstab analysis `pss': CPU = 29.8709 s, elapsed = 29.9445 s. {"history": "ExplorerRun.0", "point": 1, "testname": "PD_VCO_tb_1", "cornername": "Nominal"}
[2025-11-21 12:32:03.826 +0530] [INFO] [cadence.virtuoso.ade.simulationMonitor] - Peak resident memory used = 413 Mbytes. {"history": "ExplorerRun.0", "point": 1, "testname": "PD_VCO_tb_1", "cornername": "Nominal"}
[2025-11-21 12:32:03.826 +0530] [INFO] [cadence.virtuoso.ade.simulationMonitor] - Total time required for pss analysis `pss': CPU = 29.9791 s, elapsed = 30.1207 s, util. = 99.5%. {"history": "ExplorerRun.0", "point": 1, "testname": "PD_VCO_tb_1", "cornername": "Nominal"}
[2025-11-21 12:32:03.826 +0530] [INFO] [cadence.virtuoso.ade.simulationMonitor] - Peak resident memory used = 413 Mbytes. {"history": "ExplorerRun.0", "point": 1, "testname": "PD_VCO_tb_1", "cornername": "Nominal"}
[2025-11-21 12:32:03.826 +0530] [INFO] [cadence.virtuoso.ade.simulationMonitor] - Notice from spectre during PSTB analysis `pstb'.
    Multithreading is disabled due to the size of the design being too small. {"history": "ExplorerRun.0", "point": 1, "testname": "PD_VCO_tb_1", "cornername": "Nominal"}
[2025-11-21 12:32:04.327 +0530] [INFO] [cadence.virtuoso.ade.simulationMonitor] - Notice from spectre at freq = 10 GHz during PSTB analysis `pstb'.
    Gain(dB)is always less than zero. The loop is always stable. No gain margin or phase margin. {"history": "ExplorerRun.0", "point": 1, "testname": "PD_VCO_tb_1", "cornername": "Nominal"}
[2025-11-21 12:32:04.327 +0530] [INFO] [cadence.virtuoso.ade.simulationMonitor] - Total time required for pstb analysis `pstb': CPU = 241.631 ms, elapsed = 348.855 ms, util. = 69.3%. {"history": "ExplorerRun.0", "point": 1, "testname": "PD_VCO_tb_1", "cornername": "Nominal"}
[2025-11-21 12:32:04.327 +0530] [INFO] [cadence.virtuoso.ade.simulationMonitor] - Peak resident memory used = 414 Mbytes. {"history": "ExplorerRun.0", "point": 1, "testname": "PD_VCO_tb_1", "cornername": "Nominal"}
[2025-11-21 12:32:04.327 +0530] [INFO] [cadence.virtuoso.ade.simulationMonitor] - Notice from spectre during PNoise analysis `pnoise'.
    Multithreading is disabled due to the size of the design being too small.
    Use full spectrum for normal noise analysis.
    MaxSideband for colored noise sources (e.g. 1/f-noise) is not set, automatically  set it to 3. {"history": "ExplorerRun.0", "point": 1, "testname": "PD_VCO_tb_1", "cornername": "Nominal"}
[2025-11-21 12:32:04.827 +0530] [INFO] [cadence.virtuoso.ade.simulationMonitor] - Total time required for pnoise analysis `pnoise': CPU = 1.12794 s, elapsed = 583.511 ms, util. = 193%. {"history": "ExplorerRun.0", "point": 1, "testname": "PD_VCO_tb_1", "cornername": "Nominal"}
[2025-11-21 12:32:04.827 +0530] [INFO] [cadence.virtuoso.ade.simulationMonitor] - Peak resident memory used = 414 Mbytes. {"history": "ExplorerRun.0", "point": 1, "testname": "PD_VCO_tb_1", "cornername": "Nominal"}
[2025-11-21 12:32:05.328 +0530] [INFO] [cadence.virtuoso.ade.simulationMonitor] - Time used: CPU = 39 s, elapsed = 39.2 s, util. = 99.3%. {"history": "ExplorerRun.0", "point": 1, "testname": "PD_VCO_tb_1", "cornername": "Nominal"}
[2025-11-21 12:32:05.329 +0530] [INFO] [cadence.virtuoso.ade.simulationMonitor] - Time spent in licensing: elapsed = 57.3 ms. {"history": "ExplorerRun.0", "point": 1, "testname": "PD_VCO_tb_1", "cornername": "Nominal"}
[2025-11-21 12:32:05.329 +0530] [INFO] [cadence.virtuoso.ade.simulationMonitor] - Peak memory used = 416 Mbytes. {"history": "ExplorerRun.0", "point": 1, "testname": "PD_VCO_tb_1", "cornername": "Nominal"}
[2025-11-21 12:32:05.329 +0530] [PROCESS] [cadence.virtuoso.ade.simulationMonitor] - Simulation started at: 12:31:25 PM, Fri Nov 21, 2025, ended at: 12:32:04 PM, Fri Nov 21, 2025, with elapsed time (wall clock): 39.2 s. {"history": "ExplorerRun.0", "point": 1, "testname": "PD_VCO_tb_1", "cornername": "Nominal"}
[2025-11-21 12:32:05.329 +0530] [PROCESS] [cadence.virtuoso.ade.simulationMonitor] - spectre completes with 0 errors, 0 warnings, and 17 notices. {"history": "ExplorerRun.0", "point": 1, "testname": "PD_VCO_tb_1", "cornername": "Nominal"}
[2025-11-21 12:32:05.329 +0530] [PROCESS] [cadence.virtuoso.ade.simulationMonitor] - Finished simulating for one point {"hostname": "cad13", "processid": 229576, "history": "ExplorerRun.0", "testname": "PD_VCO_tb_1", "cornername": "Nominal", "point": 1, "logfile": "/home/vlsi/Desktop/PLL_NEW/logs_vlsi/logs0/Job17.log", "simid": "1"}
[2025-11-21 12:32:05.329 +0530] [PROCESS] [cadence.virtuoso.ade.simulationMonitor] - Simulator exited {"hostname": "cad13", "processid": 229576, "history": "ExplorerRun.0", "testname": "PD_VCO_tb_1", "cornername": "Nominal", "point": 1, "logfile": "/home/vlsi/Desktop/PLL_NEW/logs_vlsi/logs0/Job17.log", "exitStatus": "0"}
[2025-11-21 12:32:05.329 +0530] [PROCESS] [cadence.virtuoso.ade.simulationMonitor] - Finished Simulation {"hostname": "cad13", "processid": 229576, "history": "ExplorerRun.0", "testname": "PD_VCO_tb_1", "cornername": "Nominal", "point": 1, "logfile": "/home/vlsi/Desktop/PLL_NEW/logs_vlsi/logs0/Job17.log", "simid": "1"}
[2025-11-21 12:32:05.832 +0530] [PROCESS] [cadence.virtuoso.ade.simulationMonitor] - Point Finished {"hostname": "cad13", "processid": 229576, "history": "ExplorerRun.0", "testname": "PD_VCO_tb_1", "cornername": "Nominal", "point": 1, "logfile": "/home/vlsi/Desktop/PLL_NEW/logs_vlsi/logs0/Job17.log"}
[2025-11-21 12:32:05.894 +0530] [PROCESS] [cadence.virtuoso.ade.simulationMonitor] - HostInfo:
Host name (type):	cad13 (x86_64)
Operating system:	Linux 4.18.0-425.3.1.el8.x86_64 #1 SMP Fri Sep 30 11:45:06 EDT 2022 {"hostname": "cad13", "processid": 229576, "history": "ExplorerRun.0", "testname": "PD_VCO_tb_1", "cornername": "Nominal", "point": 1, "logfile": "/home/vlsi/Desktop/PLL_NEW/logs_vlsi/logs0/Job17.log", "nodename": "cad13", "domainname": "(none)", "machine": "x86_64", "sysname": "Linux", "release": "4.18.0-425.3.1.el8.x86_64", "version": "#1 SMP Fri Sep 30 11:45:06 EDT 2022"}
[2025-11-21 12:32:05.894 +0530] [PROCESS] [cadence.virtuoso.ade.simulationMonitor] - UsageInfo:
pid=229576
totalPhysicalMemory=15.336876GB,Used=8.511292GB,totalVirtualMemory=47.336872GB,Used=8.511292GB
Cpu: Cores=28, Load average:1.110000,0.720000,0.460000 {"hostname": "cad13", "processid": 229576, "history": "ExplorerRun.0", "testname": "PD_VCO_tb_1", "cornername": "Nominal", "point": 1, "logfile": "/home/vlsi/Desktop/PLL_NEW/logs_vlsi/logs0/Job17.log", "pid": "229576", "totalPhysicalMemory": "15.336876", "physicalMemoryUsed": "8.511292", "totalVirtualMemory": "47.336872", "virtualMemoryUsed": "8.511292", "cpuCores": "28", "processes": "1160", "loadAverage1": "1.110000", "loadAverage5": "0.720000", "loadAverage15": "0.460000", "loadAverage1Percent": "0.039643"}
[2025-11-21 12:32:05.894 +0530] [EVENT] [cadence.virtuoso.ade.simulationMonitor] - NewPoint {"history": "ExplorerRun.0", "point": 2, "testname": "PD_VCO_tb_1", "cornername": "Nominal", "event": "NewPoint", "EventSource": "Simulation Monitor", "HistoryName": "ExplorerRun.0", "logFile": "/home/vlsi/Desktop/PLL_NEW/logs_vlsi/logs0/Job17.log", "logFileSize": "15951"}
[2025-11-21 12:32:05.995 +0530] [EVENT] [cadence.virtuoso.ade.simulationMonitor] - NewPoint {"history": "ExplorerRun.0", "point": 2, "testname": "PD_VCO_tb_1", "cornername": "Nominal", "event": "NewPoint", "EventSource": "spectre", "HistoryName": "ExplorerRun.0", "logFile": "/home/vlsi/simulation/PD/VCO_tb/maestro/results/maestro/ExplorerRun.0/2/PD_VCO_tb_1/psf/spectre.out", "logFileSize": "-1"}
[2025-11-21 12:32:05.997 +0530] [PROCESS] [cadence.virtuoso.ade.simulationMonitor] - Simulator launched {"hostname": "cad13", "processid": 229576, "history": "ExplorerRun.0", "testname": "PD_VCO_tb_1", "cornername": "Nominal", "point": 2, "logfile": "/home/vlsi/Desktop/PLL_NEW/logs_vlsi/logs0/Job17.log", "simid": "2"}
[2025-11-21 12:32:05.998 +0530] [PROCESS] [cadence.virtuoso.ade.simulationMonitor] - Started Simulation {"hostname": "cad13", "processid": 229576, "history": "ExplorerRun.0", "testname": "PD_VCO_tb_1", "cornername": "Nominal", "point": 2, "logfile": "/home/vlsi/Desktop/PLL_NEW/logs_vlsi/logs0/Job17.log", "event": "started", "task": "simulation"}
[2025-11-21 12:32:06.998 +0530] [INFO] [cadence.virtuoso.ade.simulationMonitor] - Peak resident memory used = 160 Mbytes. {"history": "ExplorerRun.0", "point": 2, "testname": "PD_VCO_tb_1", "cornername": "Nominal"}
[2025-11-21 12:32:06.998 +0530] [INFO] [cadence.virtuoso.ade.simulationMonitor] - Peak resident memory used = 176 Mbytes. {"history": "ExplorerRun.0", "point": 2, "testname": "PD_VCO_tb_1", "cornername": "Nominal"}
[2025-11-21 12:32:06.998 +0530] [INFO] [cadence.virtuoso.ade.simulationMonitor] - Notice from spectre during hierarchy flattening.
    The value 'psf' specified for the 'checklimitdest' option will no longer be supported in future releases. Use 'spectre -h' to see other recommended values for the 'checklimitdest' option. {"history": "ExplorerRun.0", "point": 2, "testname": "PD_VCO_tb_1", "cornername": "Nominal"}
[2025-11-21 12:32:06.998 +0530] [INFO] [cadence.virtuoso.ade.simulationMonitor] - Peak resident memory used = 177 Mbytes. {"history": "ExplorerRun.0", "point": 2, "testname": "PD_VCO_tb_1", "cornername": "Nominal"}
[2025-11-21 12:32:06.998 +0530] [INFO] [cadence.virtuoso.ade.simulationMonitor] - Notice from spectre during initial setup.
    Multithreading is disabled due to the size of the design being too small. {"history": "ExplorerRun.0", "point": 2, "testname": "PD_VCO_tb_1", "cornername": "Nominal"}
[2025-11-21 12:32:06.998 +0530] [INFO] [cadence.virtuoso.ade.simulationMonitor] -               nodes 48 {"history": "ExplorerRun.0", "point": 2, "testname": "PD_VCO_tb_1", "cornername": "Nominal"}
[2025-11-21 12:32:06.998 +0530] [INFO] [cadence.virtuoso.ade.simulationMonitor] - Notice from spectre during initial setup.
    APS enabled. {"history": "ExplorerRun.0", "point": 2, "testname": "PD_VCO_tb_1", "cornername": "Nominal"}
[2025-11-21 12:32:06.998 +0530] [INFO] [cadence.virtuoso.ade.simulationMonitor] - Peak resident memory used = 179 Mbytes. {"history": "ExplorerRun.0", "point": 2, "testname": "PD_VCO_tb_1", "cornername": "Nominal"}
[2025-11-21 12:32:06.999 +0530] [INFO] [cadence.virtuoso.ade.simulationMonitor] -    -   (APS) Multi-threading. The recommended number of threads is 1, consider adding +mt=1 on command line. {"history": "ExplorerRun.0", "point": 2, "testname": "PD_VCO_tb_1", "cornername": "Nominal"}
[2025-11-21 12:32:06.999 +0530] [INFO] [cadence.virtuoso.ade.simulationMonitor] - Notice from spectre during IC analysis, during transient analysis `tran'.
    There are 1 IC nodes defined. {"history": "ExplorerRun.0", "point": 2, "testname": "PD_VCO_tb_1", "cornername": "Nominal"}
[2025-11-21 12:32:06.999 +0530] [INFO] [cadence.virtuoso.ade.simulationMonitor] - Notice from spectre during IC analysis, during transient analysis `tran'.
    Bad pivoting is found during DC analysis. Option dc_pivot_check=yes is recommended for possible improvement of convergence.
    Initial condition computed for node vout is in error by 2.10031 uV.
        Decrease `rforce' to reduce error in computed initial conditions.  However, setting rforce too small may result in convergence difficulties or in the matrix becoming singular. {"history": "ExplorerRun.0", "point": 2, "testname": "PD_VCO_tb_1", "cornername": "Nominal"}
[2025-11-21 12:32:06.999 +0530] [INFO] [cadence.virtuoso.ade.simulationMonitor] - Notice from spectre during transient analysis `tran'.
    Multithreading is disabled due to the size of the design being too small. {"history": "ExplorerRun.0", "point": 2, "testname": "PD_VCO_tb_1", "cornername": "Nominal"}
[2025-11-21 12:32:14.530 +0530] [INFO] [cadence.virtuoso.ade.simulationMonitor] - Total time required for tran analysis `tran': CPU = 7.24404 s, elapsed = 7.26598 s, util. = 99.7%. {"history": "ExplorerRun.0", "point": 2, "testname": "PD_VCO_tb_1", "cornername": "Nominal"}
[2025-11-21 12:32:14.531 +0530] [INFO] [cadence.virtuoso.ade.simulationMonitor] - Peak resident memory used = 418 Mbytes. {"history": "ExplorerRun.0", "point": 2, "testname": "PD_VCO_tb_1", "cornername": "Nominal"}
[2025-11-21 12:32:14.531 +0530] [INFO] [cadence.virtuoso.ade.simulationMonitor] - Notice from spectre.
    Multithreading is disabled due to the size of the design being too small. {"history": "ExplorerRun.0", "point": 2, "testname": "PD_VCO_tb_1", "cornername": "Nominal"}
[2025-11-21 12:32:14.531 +0530] [INFO] [cadence.virtuoso.ade.simulationMonitor] - Notice from spectre during IC analysis, during periodic steady state analysis `pss'.
    There are 1 IC nodes defined. {"history": "ExplorerRun.0", "point": 2, "testname": "PD_VCO_tb_1", "cornername": "Nominal"}
[2025-11-21 12:32:14.532 +0530] [INFO] [cadence.virtuoso.ade.simulationMonitor] - Notice from spectre during IC analysis, during periodic steady state analysis `pss'.
    Bad pivoting is found during DC analysis. Option dc_pivot_check=yes is recommended for possible improvement of convergence.
    Initial condition computed for node vout is in error by 2.10031 uV.
        Decrease `rforce' to reduce error in computed initial conditions.  However, setting rforce too small may result in convergence difficulties or in the matrix becoming singular. {"history": "ExplorerRun.0", "point": 2, "testname": "PD_VCO_tb_1", "cornername": "Nominal"}
[2025-11-21 12:32:20.564 +0530] [PROCESS] [cadence.virtuoso.ade.simulationMonitor] - Simulation cancelled {"hostname": "cad13", "processid": 229576, "history": "ExplorerRun.0", "testname": "PD_VCO_tb_1", "cornername": "Nominal", "point": 2, "logfile": "/home/vlsi/Desktop/PLL_NEW/logs_vlsi/logs0/Job17.log"}
[2025-11-21 12:32:20.564 +0530] [INFO] [cadence.virtuoso.ade.simulationMonitor] - SimulationMonitor has terminated the spectre process '233363', reason: 'the simulation point gets cancelled by GUI' {"history": "ExplorerRun.0", "point": 2, "testname": "PD_VCO_tb_1", "cornername": "Nominal"}
[2025-11-21 12:32:20.609 +0530] [PROCESS] [cadence.virtuoso.ade.simulationMonitor] - Finished simulating for one point {"hostname": "cad13", "processid": 229576, "history": "ExplorerRun.0", "testname": "PD_VCO_tb_1", "cornername": "Nominal", "point": 2, "logfile": "/home/vlsi/Desktop/PLL_NEW/logs_vlsi/logs0/Job17.log", "simid": "2"}
[2025-11-21 12:32:20.609 +0530] [PROCESS] [cadence.virtuoso.ade.simulationMonitor] - Simulator exited {"hostname": "cad13", "processid": 229576, "history": "ExplorerRun.0", "testname": "PD_VCO_tb_1", "cornername": "Nominal", "point": 2, "logfile": "/home/vlsi/Desktop/PLL_NEW/logs_vlsi/logs0/Job17.log", "exitStatus": "0"}
[2025-11-21 12:32:20.609 +0530] [PROCESS] [cadence.virtuoso.ade.simulationMonitor] - Finished Simulation {"hostname": "cad13", "processid": 229576, "history": "ExplorerRun.0", "testname": "PD_VCO_tb_1", "cornername": "Nominal", "point": 2, "logfile": "/home/vlsi/Desktop/PLL_NEW/logs_vlsi/logs0/Job17.log", "simid": "2"}
[2025-11-21 12:32:20.612 +0530] [PROCESS] [cadence.virtuoso.ade.simulationMonitor] - Point Finished {"hostname": "cad13", "processid": 229576, "history": "ExplorerRun.0", "testname": "PD_VCO_tb_1", "cornername": "Nominal", "point": 2, "logfile": "/home/vlsi/Desktop/PLL_NEW/logs_vlsi/logs0/Job17.log"}
[2025-11-21 12:37:21.419 +0530] [PROCESS] [cadence.virtuoso.ade.simulationMonitor] - Current memory used: 53.9609 MBytes, peak memory used: 53.9609 MBytes {"hostname": "cad13", "processid": 229576, "history": "ExplorerRun.0", "testname": "PD_VCO_tb_1", "cornername": "Nominal", "point": 2, "logfile": "/home/vlsi/Desktop/PLL_NEW/logs_vlsi/logs0/Job17.log"}
[2025-11-21 12:37:21.419 +0530] [PROCESS] [cadence.virtuoso.ade.simulationMonitor] - Simulation Monitor process exit. {"hostname": "cad13", "processid": 229576, "history": "ExplorerRun.0", "testname": "PD_VCO_tb_1", "cornername": "Nominal", "point": 2, "logfile": "/home/vlsi/Desktop/PLL_NEW/logs_vlsi/logs0/Job17.log"}
