[Simulation Monitor: 4]
[2025-11-03 12:29:44.545 +0530] [PROCESS] [cadence.virtuoso.ade.simulationMonitor] - Simulation Monitor has successfully started up. Trying to set up communication channels to other components ... {"hostname": "cad13", "processid": 31743, "logfile": "/home/vlsi/Desktop/PLL_NEW/logs_vlsi/logs0/Job4.log"}
[2025-11-03 12:29:44.546 +0530] [PROCESS] [cadence.virtuoso.ade.simulationMonitor] - Communication channels have been successfully set up. Start processing events ... {"hostname": "cad13", "processid": 31743, "logfile": "/home/vlsi/Desktop/PLL_NEW/logs_vlsi/logs0/Job4.log"}
[2025-11-03 12:29:44.546 +0530] [PROCESS] [cadence.virtuoso.ade.simulationMonitor] - Considering to start history {"hostname": "cad13", "processid": 31743, "history": "Interactive.4.RO", "logfile": "/home/vlsi/Desktop/PLL_NEW/logs_vlsi/logs0/Job4.log"}
[2025-11-03 12:29:44.546 +0530] [PROCESS] [cadence.virtuoso.ade.simulationMonitor] - Started History {"hostname": "cad13", "processid": 31743, "history": "Interactive.6.RO", "logfile": "/home/vlsi/Desktop/PLL_NEW/logs_vlsi/logs0/Job4.log"}
[2025-11-03 12:29:44.547 +0530] [PROCESS] [cadence.virtuoso.ade.simulationMonitor] - HostInfo:
Host name (type):	cad13 (x86_64)
Operating system:	Linux 4.18.0-425.3.1.el8.x86_64 #1 SMP Fri Sep 30 11:45:06 EDT 2022 {"hostname": "cad13", "processid": 31743, "history": "Interactive.6.RO", "logfile": "/home/vlsi/Desktop/PLL_NEW/logs_vlsi/logs0/Job4.log", "nodename": "cad13", "domainname": "(none)", "machine": "x86_64", "sysname": "Linux", "release": "4.18.0-425.3.1.el8.x86_64", "version": "#1 SMP Fri Sep 30 11:45:06 EDT 2022"}
[2025-11-03 12:29:44.547 +0530] [PROCESS] [cadence.virtuoso.ade.simulationMonitor] - UsageInfo:
pid=31743
totalPhysicalMemory=15.336876GB,Used=8.849590GB,totalVirtualMemory=47.336872GB,Used=8.849590GB
Cpu: Cores=28, Load average:0.310000,0.440000,0.430000 {"hostname": "cad13", "processid": 31743, "history": "Interactive.6.RO", "logfile": "/home/vlsi/Desktop/PLL_NEW/logs_vlsi/logs0/Job4.log", "pid": "31743", "totalPhysicalMemory": "15.336876", "physicalMemoryUsed": "8.849590", "totalVirtualMemory": "47.336872", "virtualMemoryUsed": "8.849590", "cpuCores": "28", "processes": "1391", "loadAverage1": "0.310000", "loadAverage5": "0.440000", "loadAverage15": "0.430000", "loadAverage1Percent": "0.011071"}
[2025-11-03 12:29:44.547 +0530] [EVENT] [cadence.virtuoso.ade.simulationMonitor] - NewPoint {"history": "Interactive.6.RO", "point": 1, "testname": "PD_VCO_tb_1", "cornername": "Nominal", "event": "NewPoint", "EventSource": "Simulation Monitor", "HistoryName": "Interactive.6.RO", "logFile": "/home/vlsi/Desktop/PLL_NEW/logs_vlsi/logs0/Job4.log", "logFileSize": "2334"}
[2025-11-03 12:29:44.647 +0530] [EVENT] [cadence.virtuoso.ade.simulationMonitor] - NewPoint {"history": "Interactive.6.RO", "point": 1, "testname": "PD_VCO_tb_1", "cornername": "Nominal", "event": "NewPoint", "EventSource": "spectre", "HistoryName": "Interactive.6.RO", "logFile": "/home/vlsi/simulation/PD/VCO_tb/maestro/results/maestro/Interactive.6.RO/1/PD_VCO_tb_1/psf/spectre.out", "logFileSize": "-1"}
[2025-11-03 12:29:44.656 +0530] [PROCESS] [cadence.virtuoso.ade.simulationMonitor] - Simulator launched {"hostname": "cad13", "processid": 31743, "history": "Interactive.6.RO", "testname": "PD_VCO_tb_1", "cornername": "Nominal", "point": 1, "logfile": "/home/vlsi/Desktop/PLL_NEW/logs_vlsi/logs0/Job4.log", "simid": "1"}
[2025-11-03 12:29:44.657 +0530] [PROCESS] [cadence.virtuoso.ade.simulationMonitor] - Expression evaluator launched {"hostname": "cad13", "processid": 31743, "history": "Interactive.6.RO", "testname": "PD_VCO_tb_1", "cornername": "Nominal", "point": 1, "logfile": "/home/vlsi/Desktop/PLL_NEW/logs_vlsi/logs0/Job4.log"}
[2025-11-03 12:29:44.659 +0530] [PROCESS] [cadence.virtuoso.ade.simulationMonitor] - Started Simulation {"hostname": "cad13", "processid": 31743, "history": "Interactive.6.RO", "testname": "PD_VCO_tb_1", "cornername": "Nominal", "point": 1, "logfile": "/home/vlsi/Desktop/PLL_NEW/logs_vlsi/logs0/Job4.log", "event": "started", "task": "simulation"}
[2025-11-03 12:29:45.159 +0530] [INFO] [cadence.virtuoso.ade.simulationMonitor] - Peak resident memory used = 156 Mbytes. {"history": "Interactive.6.RO", "point": 1, "testname": "PD_VCO_tb_1", "cornername": "Nominal"}
[2025-11-03 12:29:45.160 +0530] [INFO] [cadence.virtuoso.ade.simulationMonitor] - Peak resident memory used = 168 Mbytes. {"history": "Interactive.6.RO", "point": 1, "testname": "PD_VCO_tb_1", "cornername": "Nominal"}
[2025-11-03 12:29:45.160 +0530] [INFO] [cadence.virtuoso.ade.simulationMonitor] - Notice from spectre during hierarchy flattening.
    The value 'psf' specified for the 'checklimitdest' option will no longer be supported in future releases. Use 'spectre -h' to see other recommended values for the 'checklimitdest' option. {"history": "Interactive.6.RO", "point": 1, "testname": "PD_VCO_tb_1", "cornername": "Nominal"}
[2025-11-03 12:29:45.160 +0530] [INFO] [cadence.virtuoso.ade.simulationMonitor] - Peak resident memory used = 169 Mbytes. {"history": "Interactive.6.RO", "point": 1, "testname": "PD_VCO_tb_1", "cornername": "Nominal"}
[2025-11-03 12:29:45.160 +0530] [INFO] [cadence.virtuoso.ade.simulationMonitor] - Notice from spectre during initial setup.
    Multithreading is disabled due to the size of the design being too small. {"history": "Interactive.6.RO", "point": 1, "testname": "PD_VCO_tb_1", "cornername": "Nominal"}
[2025-11-03 12:29:45.160 +0530] [INFO] [cadence.virtuoso.ade.simulationMonitor] -               nodes 47 {"history": "Interactive.6.RO", "point": 1, "testname": "PD_VCO_tb_1", "cornername": "Nominal"}
[2025-11-03 12:29:45.160 +0530] [INFO] [cadence.virtuoso.ade.simulationMonitor] - Notice from spectre during initial setup.
    APS enabled. {"history": "Interactive.6.RO", "point": 1, "testname": "PD_VCO_tb_1", "cornername": "Nominal"}
[2025-11-03 12:29:45.160 +0530] [INFO] [cadence.virtuoso.ade.simulationMonitor] - Peak resident memory used = 172 Mbytes. {"history": "Interactive.6.RO", "point": 1, "testname": "PD_VCO_tb_1", "cornername": "Nominal"}
[2025-11-03 12:29:45.160 +0530] [INFO] [cadence.virtuoso.ade.simulationMonitor] -    -   (APS) Multi-threading. The recommended number of threads is 1, consider adding +mt=1 on command line. {"history": "Interactive.6.RO", "point": 1, "testname": "PD_VCO_tb_1", "cornername": "Nominal"}
[2025-11-03 12:29:45.160 +0530] [INFO] [cadence.virtuoso.ade.simulationMonitor] - Notice from spectre during IC analysis, during transient analysis `tran'.
    There are 1 IC nodes defined. {"history": "Interactive.6.RO", "point": 1, "testname": "PD_VCO_tb_1", "cornername": "Nominal"}
[2025-11-03 12:29:45.660 +0530] [INFO] [cadence.virtuoso.ade.simulationMonitor] - Notice from spectre during IC analysis, during transient analysis `tran'.
    Initial condition computed for node I0.net3 is in error by 31.5466 uV.
        Decrease `rforce' to reduce error in computed initial conditions.  However, setting rforce too small may result in convergence difficulties or in the matrix becoming singular. {"history": "Interactive.6.RO", "point": 1, "testname": "PD_VCO_tb_1", "cornername": "Nominal"}
[2025-11-03 12:29:45.660 +0530] [INFO] [cadence.virtuoso.ade.simulationMonitor] - Notice from spectre during transient analysis `tran'.
    Multithreading is disabled due to the size of the design being too small. {"history": "Interactive.6.RO", "point": 1, "testname": "PD_VCO_tb_1", "cornername": "Nominal"}
[2025-11-03 12:30:08.294 +0530] [INFO] [cadence.virtuoso.ade.simulationMonitor] - Total time required for tran analysis `tran': CPU = 22.502 s, elapsed = 22.5883 s, util. = 99.6%. {"history": "Interactive.6.RO", "point": 1, "testname": "PD_VCO_tb_1", "cornername": "Nominal"}
[2025-11-03 12:30:08.294 +0530] [INFO] [cadence.virtuoso.ade.simulationMonitor] - Peak resident memory used = 388 Mbytes. {"history": "Interactive.6.RO", "point": 1, "testname": "PD_VCO_tb_1", "cornername": "Nominal"}
[2025-11-03 12:30:08.294 +0530] [INFO] [cadence.virtuoso.ade.simulationMonitor] - Time used: CPU = 22.9 s, elapsed = 23.5 s, util. = 97.7%. {"history": "Interactive.6.RO", "point": 1, "testname": "PD_VCO_tb_1", "cornername": "Nominal"}
[2025-11-03 12:30:08.294 +0530] [INFO] [cadence.virtuoso.ade.simulationMonitor] - Time spent in licensing: elapsed = 9.12 ms. {"history": "Interactive.6.RO", "point": 1, "testname": "PD_VCO_tb_1", "cornername": "Nominal"}
[2025-11-03 12:30:08.294 +0530] [INFO] [cadence.virtuoso.ade.simulationMonitor] - Peak memory used = 390 Mbytes. {"history": "Interactive.6.RO", "point": 1, "testname": "PD_VCO_tb_1", "cornername": "Nominal"}
[2025-11-03 12:30:08.294 +0530] [PROCESS] [cadence.virtuoso.ade.simulationMonitor] - Simulation started at: 12:29:44 PM, Mon Nov 3, 2025, ended at: 12:30:08 PM, Mon Nov 3, 2025, with elapsed time (wall clock): 23.5 s. {"history": "Interactive.6.RO", "point": 1, "testname": "PD_VCO_tb_1", "cornername": "Nominal"}
[2025-11-03 12:30:08.295 +0530] [PROCESS] [cadence.virtuoso.ade.simulationMonitor] - spectre completes with 0 errors, 0 warnings, and 7 notices. {"history": "Interactive.6.RO", "point": 1, "testname": "PD_VCO_tb_1", "cornername": "Nominal"}
[2025-11-03 12:30:08.295 +0530] [PROCESS] [cadence.virtuoso.ade.simulationMonitor] - Finished simulating for one point {"hostname": "cad13", "processid": 31743, "history": "Interactive.6.RO", "testname": "PD_VCO_tb_1", "cornername": "Nominal", "point": 1, "logfile": "/home/vlsi/Desktop/PLL_NEW/logs_vlsi/logs0/Job4.log", "simid": "1"}
[2025-11-03 12:30:08.295 +0530] [PROCESS] [cadence.virtuoso.ade.simulationMonitor] - Simulator exited {"hostname": "cad13", "processid": 31743, "history": "Interactive.6.RO", "testname": "PD_VCO_tb_1", "cornername": "Nominal", "point": 1, "logfile": "/home/vlsi/Desktop/PLL_NEW/logs_vlsi/logs0/Job4.log", "exitStatus": "0"}
[2025-11-03 12:30:08.295 +0530] [PROCESS] [cadence.virtuoso.ade.simulationMonitor] - Finished Simulation {"hostname": "cad13", "processid": 31743, "history": "Interactive.6.RO", "testname": "PD_VCO_tb_1", "cornername": "Nominal", "point": 1, "logfile": "/home/vlsi/Desktop/PLL_NEW/logs_vlsi/logs0/Job4.log", "simid": "1"}
[2025-11-03 12:30:08.798 +0530] [PROCESS] [cadence.virtuoso.ade.simulationMonitor] - Point Finished {"hostname": "cad13", "processid": 31743, "history": "Interactive.6.RO", "testname": "PD_VCO_tb_1", "cornername": "Nominal", "point": 1, "logfile": "/home/vlsi/Desktop/PLL_NEW/logs_vlsi/logs0/Job4.log"}
[2025-11-03 12:30:08.863 +0530] [PROCESS] [cadence.virtuoso.ade.simulationMonitor] - Padding test token found for runId '2', Linger time '300', currentRunSyn '4', currentTestSyn '4' {"hostname": "cad13", "processid": 31743, "history": "Interactive.6.RO", "testname": "PD_VCO_tb_1", "cornername": "Nominal", "point": 1, "logfile": "/home/vlsi/Desktop/PLL_NEW/logs_vlsi/logs0/Job4.log"}
[2025-11-03 12:30:08.864 +0530] [PROCESS] [cadence.virtuoso.ade.simulationMonitor] - HostInfo:
Host name (type):	cad13 (x86_64)
Operating system:	Linux 4.18.0-425.3.1.el8.x86_64 #1 SMP Fri Sep 30 11:45:06 EDT 2022 {"hostname": "cad13", "processid": 31743, "history": "Interactive.6.RO", "testname": "PD_VCO_tb_1", "cornername": "Nominal", "point": 1, "logfile": "/home/vlsi/Desktop/PLL_NEW/logs_vlsi/logs0/Job4.log", "nodename": "cad13", "domainname": "(none)", "machine": "x86_64", "sysname": "Linux", "release": "4.18.0-425.3.1.el8.x86_64", "version": "#1 SMP Fri Sep 30 11:45:06 EDT 2022"}
[2025-11-03 12:30:08.864 +0530] [PROCESS] [cadence.virtuoso.ade.simulationMonitor] - UsageInfo:
pid=31743
totalPhysicalMemory=15.336876GB,Used=9.193821GB,totalVirtualMemory=47.336872GB,Used=9.193821GB
Cpu: Cores=28, Load average:0.600000,0.500000,0.450000 {"hostname": "cad13", "processid": 31743, "history": "Interactive.6.RO", "testname": "PD_VCO_tb_1", "cornername": "Nominal", "point": 1, "logfile": "/home/vlsi/Desktop/PLL_NEW/logs_vlsi/logs0/Job4.log", "pid": "31743", "totalPhysicalMemory": "15.336876", "physicalMemoryUsed": "9.193821", "totalVirtualMemory": "47.336872", "virtualMemoryUsed": "9.193821", "cpuCores": "28", "processes": "1405", "loadAverage1": "0.600000", "loadAverage5": "0.500000", "loadAverage15": "0.450000", "loadAverage1Percent": "0.021429"}
[2025-11-03 12:30:08.864 +0530] [EVENT] [cadence.virtuoso.ade.simulationMonitor] - NewPoint {"history": "Interactive.6.RO", "point": 2, "testname": "PD_VCO_tb_1", "cornername": "Nominal", "event": "NewPoint", "EventSource": "Simulation Monitor", "HistoryName": "Interactive.6.RO", "logFile": "/home/vlsi/Desktop/PLL_NEW/logs_vlsi/logs0/Job4.log", "logFileSize": "12272"}
[2025-11-03 12:30:08.964 +0530] [EVENT] [cadence.virtuoso.ade.simulationMonitor] - NewPoint {"history": "Interactive.6.RO", "point": 2, "testname": "PD_VCO_tb_1", "cornername": "Nominal", "event": "NewPoint", "EventSource": "spectre", "HistoryName": "Interactive.6.RO", "logFile": "/home/vlsi/simulation/PD/VCO_tb/maestro/results/maestro/Interactive.6.RO/2/PD_VCO_tb_1/psf/spectre.out", "logFileSize": "-1"}
[2025-11-03 12:30:08.966 +0530] [PROCESS] [cadence.virtuoso.ade.simulationMonitor] - Simulator launched {"hostname": "cad13", "processid": 31743, "history": "Interactive.6.RO", "testname": "PD_VCO_tb_1", "cornername": "Nominal", "point": 2, "logfile": "/home/vlsi/Desktop/PLL_NEW/logs_vlsi/logs0/Job4.log", "simid": "2"}
[2025-11-03 12:30:08.966 +0530] [PROCESS] [cadence.virtuoso.ade.simulationMonitor] - Started Simulation {"hostname": "cad13", "processid": 31743, "history": "Interactive.6.RO", "testname": "PD_VCO_tb_1", "cornername": "Nominal", "point": 2, "logfile": "/home/vlsi/Desktop/PLL_NEW/logs_vlsi/logs0/Job4.log", "event": "started", "task": "simulation"}
[2025-11-03 12:30:09.967 +0530] [INFO] [cadence.virtuoso.ade.simulationMonitor] - Peak resident memory used = 156 Mbytes. {"history": "Interactive.6.RO", "point": 2, "testname": "PD_VCO_tb_1", "cornername": "Nominal"}
[2025-11-03 12:30:09.967 +0530] [INFO] [cadence.virtuoso.ade.simulationMonitor] - Peak resident memory used = 169 Mbytes. {"history": "Interactive.6.RO", "point": 2, "testname": "PD_VCO_tb_1", "cornername": "Nominal"}
[2025-11-03 12:30:09.967 +0530] [INFO] [cadence.virtuoso.ade.simulationMonitor] - Notice from spectre during hierarchy flattening.
    The value 'psf' specified for the 'checklimitdest' option will no longer be supported in future releases. Use 'spectre -h' to see other recommended values for the 'checklimitdest' option. {"history": "Interactive.6.RO", "point": 2, "testname": "PD_VCO_tb_1", "cornername": "Nominal"}
[2025-11-03 12:30:09.967 +0530] [INFO] [cadence.virtuoso.ade.simulationMonitor] - Peak resident memory used = 170 Mbytes. {"history": "Interactive.6.RO", "point": 2, "testname": "PD_VCO_tb_1", "cornername": "Nominal"}
[2025-11-03 12:30:09.967 +0530] [INFO] [cadence.virtuoso.ade.simulationMonitor] - Notice from spectre during initial setup.
    Multithreading is disabled due to the size of the design being too small. {"history": "Interactive.6.RO", "point": 2, "testname": "PD_VCO_tb_1", "cornername": "Nominal"}
[2025-11-03 12:30:09.967 +0530] [INFO] [cadence.virtuoso.ade.simulationMonitor] -               nodes 47 {"history": "Interactive.6.RO", "point": 2, "testname": "PD_VCO_tb_1", "cornername": "Nominal"}
[2025-11-03 12:30:09.967 +0530] [INFO] [cadence.virtuoso.ade.simulationMonitor] - Notice from spectre during initial setup.
    APS enabled. {"history": "Interactive.6.RO", "point": 2, "testname": "PD_VCO_tb_1", "cornername": "Nominal"}
[2025-11-03 12:30:09.967 +0530] [INFO] [cadence.virtuoso.ade.simulationMonitor] - Peak resident memory used = 173 Mbytes. {"history": "Interactive.6.RO", "point": 2, "testname": "PD_VCO_tb_1", "cornername": "Nominal"}
[2025-11-03 12:30:09.967 +0530] [INFO] [cadence.virtuoso.ade.simulationMonitor] -    -   (APS) Multi-threading. The recommended number of threads is 1, consider adding +mt=1 on command line. {"history": "Interactive.6.RO", "point": 2, "testname": "PD_VCO_tb_1", "cornername": "Nominal"}
[2025-11-03 12:30:09.967 +0530] [INFO] [cadence.virtuoso.ade.simulationMonitor] - Notice from spectre during IC analysis, during transient analysis `tran'.
    There are 1 IC nodes defined. {"history": "Interactive.6.RO", "point": 2, "testname": "PD_VCO_tb_1", "cornername": "Nominal"}
[2025-11-03 12:30:09.967 +0530] [INFO] [cadence.virtuoso.ade.simulationMonitor] - Notice from spectre during IC analysis, during transient analysis `tran'.
    Initial condition computed for node I0.net3 is in error by 31.5467 uV.
        Decrease `rforce' to reduce error in computed initial conditions.  However, setting rforce too small may result in convergence difficulties or in the matrix becoming singular. {"history": "Interactive.6.RO", "point": 2, "testname": "PD_VCO_tb_1", "cornername": "Nominal"}
[2025-11-03 12:30:09.967 +0530] [INFO] [cadence.virtuoso.ade.simulationMonitor] - Notice from spectre during transient analysis `tran'.
    Multithreading is disabled due to the size of the design being too small. {"history": "Interactive.6.RO", "point": 2, "testname": "PD_VCO_tb_1", "cornername": "Nominal"}
[2025-11-03 12:30:33.102 +0530] [INFO] [cadence.virtuoso.ade.simulationMonitor] - Total time required for tran analysis `tran': CPU = 22.7922 s, elapsed = 22.8523 s, util. = 99.7%. {"history": "Interactive.6.RO", "point": 2, "testname": "PD_VCO_tb_1", "cornername": "Nominal"}
[2025-11-03 12:30:33.102 +0530] [INFO] [cadence.virtuoso.ade.simulationMonitor] - Peak resident memory used = 387 Mbytes. {"history": "Interactive.6.RO", "point": 2, "testname": "PD_VCO_tb_1", "cornername": "Nominal"}
[2025-11-03 12:30:33.602 +0530] [INFO] [cadence.virtuoso.ade.simulationMonitor] - Time used: CPU = 23.2 s, elapsed = 24.1 s, util. = 96.3%. {"history": "Interactive.6.RO", "point": 2, "testname": "PD_VCO_tb_1", "cornername": "Nominal"}
[2025-11-03 12:30:33.602 +0530] [INFO] [cadence.virtuoso.ade.simulationMonitor] - Time spent in licensing: elapsed = 611 ms. {"history": "Interactive.6.RO", "point": 2, "testname": "PD_VCO_tb_1", "cornername": "Nominal"}
[2025-11-03 12:30:33.603 +0530] [INFO] [cadence.virtuoso.ade.simulationMonitor] - Peak memory used = 388 Mbytes. {"history": "Interactive.6.RO", "point": 2, "testname": "PD_VCO_tb_1", "cornername": "Nominal"}
[2025-11-03 12:30:33.603 +0530] [PROCESS] [cadence.virtuoso.ade.simulationMonitor] - Simulation started at: 12:30:09 PM, Mon Nov 3, 2025, ended at: 12:30:33 PM, Mon Nov 3, 2025, with elapsed time (wall clock): 24.1 s. {"history": "Interactive.6.RO", "point": 2, "testname": "PD_VCO_tb_1", "cornername": "Nominal"}
[2025-11-03 12:30:33.603 +0530] [PROCESS] [cadence.virtuoso.ade.simulationMonitor] - spectre completes with 0 errors, 0 warnings, and 7 notices. {"history": "Interactive.6.RO", "point": 2, "testname": "PD_VCO_tb_1", "cornername": "Nominal"}
[2025-11-03 12:30:33.603 +0530] [PROCESS] [cadence.virtuoso.ade.simulationMonitor] - Finished simulating for one point {"hostname": "cad13", "processid": 31743, "history": "Interactive.6.RO", "testname": "PD_VCO_tb_1", "cornername": "Nominal", "point": 2, "logfile": "/home/vlsi/Desktop/PLL_NEW/logs_vlsi/logs0/Job4.log", "simid": "2"}
[2025-11-03 12:30:33.603 +0530] [PROCESS] [cadence.virtuoso.ade.simulationMonitor] - Simulator exited {"hostname": "cad13", "processid": 31743, "history": "Interactive.6.RO", "testname": "PD_VCO_tb_1", "cornername": "Nominal", "point": 2, "logfile": "/home/vlsi/Desktop/PLL_NEW/logs_vlsi/logs0/Job4.log", "exitStatus": "0"}
[2025-11-03 12:30:33.603 +0530] [PROCESS] [cadence.virtuoso.ade.simulationMonitor] - Finished Simulation {"hostname": "cad13", "processid": 31743, "history": "Interactive.6.RO", "testname": "PD_VCO_tb_1", "cornername": "Nominal", "point": 2, "logfile": "/home/vlsi/Desktop/PLL_NEW/logs_vlsi/logs0/Job4.log", "simid": "2"}
[2025-11-03 12:30:34.106 +0530] [PROCESS] [cadence.virtuoso.ade.simulationMonitor] - Point Finished {"hostname": "cad13", "processid": 31743, "history": "Interactive.6.RO", "testname": "PD_VCO_tb_1", "cornername": "Nominal", "point": 2, "logfile": "/home/vlsi/Desktop/PLL_NEW/logs_vlsi/logs0/Job4.log"}
[2025-11-03 12:35:34.941 +0530] [PROCESS] [cadence.virtuoso.ade.simulationMonitor] - Current memory used: 53.7773 MBytes, peak memory used: 53.7773 MBytes {"hostname": "cad13", "processid": 31743, "history": "Interactive.6.RO", "testname": "PD_VCO_tb_1", "cornername": "Nominal", "point": 2, "logfile": "/home/vlsi/Desktop/PLL_NEW/logs_vlsi/logs0/Job4.log"}
[2025-11-03 12:35:34.942 +0530] [PROCESS] [cadence.virtuoso.ade.simulationMonitor] - Simulation Monitor process exit. {"hostname": "cad13", "processid": 31743, "history": "Interactive.6.RO", "testname": "PD_VCO_tb_1", "cornername": "Nominal", "point": 2, "logfile": "/home/vlsi/Desktop/PLL_NEW/logs_vlsi/logs0/Job4.log"}
