[Simulation Monitor: 6]
[2025-11-03 12:36:35.543 +0530] [PROCESS] [cadence.virtuoso.ade.simulationMonitor] - Simulation Monitor has successfully started up. Trying to set up communication channels to other components ... {"hostname": "cad13", "processid": 40586, "logfile": "/home/vlsi/Desktop/PLL_NEW/logs_vlsi/logs0/Job6.log"}
[2025-11-03 12:36:35.543 +0530] [PROCESS] [cadence.virtuoso.ade.simulationMonitor] - Communication channels have been successfully set up. Start processing events ... {"hostname": "cad13", "processid": 40586, "logfile": "/home/vlsi/Desktop/PLL_NEW/logs_vlsi/logs0/Job6.log"}
[2025-11-03 12:36:35.543 +0530] [PROCESS] [cadence.virtuoso.ade.simulationMonitor] - Considering to start history {"hostname": "cad13", "processid": 40586, "history": "Interactive.4.RO", "logfile": "/home/vlsi/Desktop/PLL_NEW/logs_vlsi/logs0/Job6.log"}
[2025-11-03 12:36:35.544 +0530] [PROCESS] [cadence.virtuoso.ade.simulationMonitor] - Started History {"hostname": "cad13", "processid": 40586, "history": "Interactive.7.RO", "logfile": "/home/vlsi/Desktop/PLL_NEW/logs_vlsi/logs0/Job6.log"}
[2025-11-03 12:36:35.544 +0530] [PROCESS] [cadence.virtuoso.ade.simulationMonitor] - HostInfo:
Host name (type):	cad13 (x86_64)
Operating system:	Linux 4.18.0-425.3.1.el8.x86_64 #1 SMP Fri Sep 30 11:45:06 EDT 2022 {"hostname": "cad13", "processid": 40586, "history": "Interactive.7.RO", "logfile": "/home/vlsi/Desktop/PLL_NEW/logs_vlsi/logs0/Job6.log", "nodename": "cad13", "domainname": "(none)", "machine": "x86_64", "sysname": "Linux", "release": "4.18.0-425.3.1.el8.x86_64", "version": "#1 SMP Fri Sep 30 11:45:06 EDT 2022"}
[2025-11-03 12:36:35.544 +0530] [PROCESS] [cadence.virtuoso.ade.simulationMonitor] - UsageInfo:
pid=40586
totalPhysicalMemory=15.336876GB,Used=9.078560GB,totalVirtualMemory=47.336872GB,Used=9.078560GB
Cpu: Cores=28, Load average:0.400000,0.290000,0.360000 {"hostname": "cad13", "processid": 40586, "history": "Interactive.7.RO", "logfile": "/home/vlsi/Desktop/PLL_NEW/logs_vlsi/logs0/Job6.log", "pid": "40586", "totalPhysicalMemory": "15.336876", "physicalMemoryUsed": "9.078560", "totalVirtualMemory": "47.336872", "virtualMemoryUsed": "9.078560", "cpuCores": "28", "processes": "1409", "loadAverage1": "0.400000", "loadAverage5": "0.290000", "loadAverage15": "0.360000", "loadAverage1Percent": "0.014286"}
[2025-11-03 12:36:35.544 +0530] [EVENT] [cadence.virtuoso.ade.simulationMonitor] - NewPoint {"history": "Interactive.7.RO", "point": 1, "testname": "PD_VCO_tb_1", "cornername": "Nominal", "event": "NewPoint", "EventSource": "Simulation Monitor", "HistoryName": "Interactive.7.RO", "logFile": "/home/vlsi/Desktop/PLL_NEW/logs_vlsi/logs0/Job6.log", "logFileSize": "2334"}
[2025-11-03 12:36:35.644 +0530] [EVENT] [cadence.virtuoso.ade.simulationMonitor] - NewPoint {"history": "Interactive.7.RO", "point": 1, "testname": "PD_VCO_tb_1", "cornername": "Nominal", "event": "NewPoint", "EventSource": "spectre", "HistoryName": "Interactive.7.RO", "logFile": "/home/vlsi/simulation/PD/VCO_tb/maestro/results/maestro/Interactive.7.RO/1/PD_VCO_tb_1/psf/spectre.out", "logFileSize": "-1"}
[2025-11-03 12:36:35.653 +0530] [PROCESS] [cadence.virtuoso.ade.simulationMonitor] - Simulator launched {"hostname": "cad13", "processid": 40586, "history": "Interactive.7.RO", "testname": "PD_VCO_tb_1", "cornername": "Nominal", "point": 1, "logfile": "/home/vlsi/Desktop/PLL_NEW/logs_vlsi/logs0/Job6.log", "simid": "1"}
[2025-11-03 12:36:35.654 +0530] [PROCESS] [cadence.virtuoso.ade.simulationMonitor] - Expression evaluator launched {"hostname": "cad13", "processid": 40586, "history": "Interactive.7.RO", "testname": "PD_VCO_tb_1", "cornername": "Nominal", "point": 1, "logfile": "/home/vlsi/Desktop/PLL_NEW/logs_vlsi/logs0/Job6.log"}
[2025-11-03 12:36:35.656 +0530] [PROCESS] [cadence.virtuoso.ade.simulationMonitor] - Started Simulation {"hostname": "cad13", "processid": 40586, "history": "Interactive.7.RO", "testname": "PD_VCO_tb_1", "cornername": "Nominal", "point": 1, "logfile": "/home/vlsi/Desktop/PLL_NEW/logs_vlsi/logs0/Job6.log", "event": "started", "task": "simulation"}
[2025-11-03 12:36:36.157 +0530] [INFO] [cadence.virtuoso.ade.simulationMonitor] - Peak resident memory used = 158 Mbytes. {"history": "Interactive.7.RO", "point": 1, "testname": "PD_VCO_tb_1", "cornername": "Nominal"}
[2025-11-03 12:36:36.157 +0530] [INFO] [cadence.virtuoso.ade.simulationMonitor] - Peak resident memory used = 171 Mbytes. {"history": "Interactive.7.RO", "point": 1, "testname": "PD_VCO_tb_1", "cornername": "Nominal"}
[2025-11-03 12:36:36.157 +0530] [INFO] [cadence.virtuoso.ade.simulationMonitor] - Notice from spectre during hierarchy flattening.
    The value 'psf' specified for the 'checklimitdest' option will no longer be supported in future releases. Use 'spectre -h' to see other recommended values for the 'checklimitdest' option. {"history": "Interactive.7.RO", "point": 1, "testname": "PD_VCO_tb_1", "cornername": "Nominal"}
[2025-11-03 12:36:36.157 +0530] [INFO] [cadence.virtuoso.ade.simulationMonitor] - Peak resident memory used = 173 Mbytes. {"history": "Interactive.7.RO", "point": 1, "testname": "PD_VCO_tb_1", "cornername": "Nominal"}
[2025-11-03 12:36:36.157 +0530] [WARN] [cadence.virtuoso.ade.simulationMonitor] -     WARNING (CMI-2426): I0.NM12: `Pdiblc2' = -1.54576e-09 is negative. {"history": "Interactive.7.RO", "point": 1, "testname": "PD_VCO_tb_1", "cornername": "Nominal"}
[2025-11-03 12:36:36.157 +0530] [INFO] [cadence.virtuoso.ade.simulationMonitor] - Notice from spectre during initial setup.
    Multithreading is disabled due to the size of the design being too small. {"history": "Interactive.7.RO", "point": 1, "testname": "PD_VCO_tb_1", "cornername": "Nominal"}
[2025-11-03 12:36:36.157 +0530] [INFO] [cadence.virtuoso.ade.simulationMonitor] -               nodes 47 {"history": "Interactive.7.RO", "point": 1, "testname": "PD_VCO_tb_1", "cornername": "Nominal"}
[2025-11-03 12:36:36.157 +0530] [INFO] [cadence.virtuoso.ade.simulationMonitor] - Notice from spectre during initial setup.
    APS enabled. {"history": "Interactive.7.RO", "point": 1, "testname": "PD_VCO_tb_1", "cornername": "Nominal"}
[2025-11-03 12:36:36.157 +0530] [WARN] [cadence.virtuoso.ade.simulationMonitor] -     WARNING (CMI-2426): I0.NM12: `Pdiblc2' = -1.54576e-09 is negative. {"history": "Interactive.7.RO", "point": 1, "testname": "PD_VCO_tb_1", "cornername": "Nominal"}
[2025-11-03 12:36:36.157 +0530] [INFO] [cadence.virtuoso.ade.simulationMonitor] - Peak resident memory used = 175 Mbytes. {"history": "Interactive.7.RO", "point": 1, "testname": "PD_VCO_tb_1", "cornername": "Nominal"}
[2025-11-03 12:36:36.158 +0530] [INFO] [cadence.virtuoso.ade.simulationMonitor] -    -   (APS) Multi-threading. The recommended number of threads is 1, consider adding +mt=1 on command line. {"history": "Interactive.7.RO", "point": 1, "testname": "PD_VCO_tb_1", "cornername": "Nominal"}
[2025-11-03 12:36:36.158 +0530] [INFO] [cadence.virtuoso.ade.simulationMonitor] - Notice from spectre during IC analysis, during transient analysis `tran'.
    There are 1 IC nodes defined. {"history": "Interactive.7.RO", "point": 1, "testname": "PD_VCO_tb_1", "cornername": "Nominal"}
[2025-11-03 12:36:36.158 +0530] [INFO] [cadence.virtuoso.ade.simulationMonitor] - Notice from spectre during IC analysis, during transient analysis `tran'.
    Initial condition computed for node I0.net3 is in error by 31.5467 uV.
        Decrease `rforce' to reduce error in computed initial conditions.  However, setting rforce too small may result in convergence difficulties or in the matrix becoming singular. {"history": "Interactive.7.RO", "point": 1, "testname": "PD_VCO_tb_1", "cornername": "Nominal"}
[2025-11-03 12:36:36.158 +0530] [INFO] [cadence.virtuoso.ade.simulationMonitor] - Notice from spectre during transient analysis `tran'.
    Multithreading is disabled due to the size of the design being too small. {"history": "Interactive.7.RO", "point": 1, "testname": "PD_VCO_tb_1", "cornername": "Nominal"}
[2025-11-03 12:36:55.296 +0530] [INFO] [cadence.virtuoso.ade.simulationMonitor] - Total time required for tran analysis `tran': CPU = 18.9258 s, elapsed = 18.9672 s, util. = 99.8%. {"history": "Interactive.7.RO", "point": 1, "testname": "PD_VCO_tb_1", "cornername": "Nominal"}
[2025-11-03 12:36:55.296 +0530] [INFO] [cadence.virtuoso.ade.simulationMonitor] - Peak resident memory used = 407 Mbytes. {"history": "Interactive.7.RO", "point": 1, "testname": "PD_VCO_tb_1", "cornername": "Nominal"}
[2025-11-03 12:36:55.797 +0530] [INFO] [cadence.virtuoso.ade.simulationMonitor] - Time used: CPU = 19.3 s, elapsed = 19.9 s, util. = 97.1%. {"history": "Interactive.7.RO", "point": 1, "testname": "PD_VCO_tb_1", "cornername": "Nominal"}
[2025-11-03 12:36:55.797 +0530] [INFO] [cadence.virtuoso.ade.simulationMonitor] - Time spent in licensing: elapsed = 21.3 ms. {"history": "Interactive.7.RO", "point": 1, "testname": "PD_VCO_tb_1", "cornername": "Nominal"}
[2025-11-03 12:36:55.797 +0530] [INFO] [cadence.virtuoso.ade.simulationMonitor] - Peak memory used = 409 Mbytes. {"history": "Interactive.7.RO", "point": 1, "testname": "PD_VCO_tb_1", "cornername": "Nominal"}
[2025-11-03 12:36:55.798 +0530] [PROCESS] [cadence.virtuoso.ade.simulationMonitor] - Simulation started at: 12:36:35 PM, Mon Nov 3, 2025, ended at: 12:36:55 PM, Mon Nov 3, 2025, with elapsed time (wall clock): 19.9 s. {"history": "Interactive.7.RO", "point": 1, "testname": "PD_VCO_tb_1", "cornername": "Nominal"}
[2025-11-03 12:36:55.798 +0530] [PROCESS] [cadence.virtuoso.ade.simulationMonitor] - spectre completes with 0 errors, 2 warnings, and 7 notices. {"history": "Interactive.7.RO", "point": 1, "testname": "PD_VCO_tb_1", "cornername": "Nominal"}
[2025-11-03 12:36:55.798 +0530] [PROCESS] [cadence.virtuoso.ade.simulationMonitor] - Finished simulating for one point {"hostname": "cad13", "processid": 40586, "history": "Interactive.7.RO", "testname": "PD_VCO_tb_1", "cornername": "Nominal", "point": 1, "logfile": "/home/vlsi/Desktop/PLL_NEW/logs_vlsi/logs0/Job6.log", "simid": "1"}
[2025-11-03 12:36:55.798 +0530] [PROCESS] [cadence.virtuoso.ade.simulationMonitor] - Simulator exited {"hostname": "cad13", "processid": 40586, "history": "Interactive.7.RO", "testname": "PD_VCO_tb_1", "cornername": "Nominal", "point": 1, "logfile": "/home/vlsi/Desktop/PLL_NEW/logs_vlsi/logs0/Job6.log", "exitStatus": "0"}
[2025-11-03 12:36:55.798 +0530] [PROCESS] [cadence.virtuoso.ade.simulationMonitor] - Finished Simulation {"hostname": "cad13", "processid": 40586, "history": "Interactive.7.RO", "testname": "PD_VCO_tb_1", "cornername": "Nominal", "point": 1, "logfile": "/home/vlsi/Desktop/PLL_NEW/logs_vlsi/logs0/Job6.log", "simid": "1"}
[2025-11-03 12:36:56.301 +0530] [PROCESS] [cadence.virtuoso.ade.simulationMonitor] - Point Finished {"hostname": "cad13", "processid": 40586, "history": "Interactive.7.RO", "testname": "PD_VCO_tb_1", "cornername": "Nominal", "point": 1, "logfile": "/home/vlsi/Desktop/PLL_NEW/logs_vlsi/logs0/Job6.log"}
[2025-11-03 12:36:56.364 +0530] [PROCESS] [cadence.virtuoso.ade.simulationMonitor] - Padding test token found for runId '3', Linger time '300', currentRunSyn '6', currentTestSyn '6' {"hostname": "cad13", "processid": 40586, "history": "Interactive.7.RO", "testname": "PD_VCO_tb_1", "cornername": "Nominal", "point": 1, "logfile": "/home/vlsi/Desktop/PLL_NEW/logs_vlsi/logs0/Job6.log"}
[2025-11-03 12:36:56.365 +0530] [PROCESS] [cadence.virtuoso.ade.simulationMonitor] - HostInfo:
Host name (type):	cad13 (x86_64)
Operating system:	Linux 4.18.0-425.3.1.el8.x86_64 #1 SMP Fri Sep 30 11:45:06 EDT 2022 {"hostname": "cad13", "processid": 40586, "history": "Interactive.7.RO", "testname": "PD_VCO_tb_1", "cornername": "Nominal", "point": 1, "logfile": "/home/vlsi/Desktop/PLL_NEW/logs_vlsi/logs0/Job6.log", "nodename": "cad13", "domainname": "(none)", "machine": "x86_64", "sysname": "Linux", "release": "4.18.0-425.3.1.el8.x86_64", "version": "#1 SMP Fri Sep 30 11:45:06 EDT 2022"}
[2025-11-03 12:36:56.365 +0530] [PROCESS] [cadence.virtuoso.ade.simulationMonitor] - UsageInfo:
pid=40586
totalPhysicalMemory=15.336876GB,Used=9.462700GB,totalVirtualMemory=47.336872GB,Used=9.462700GB
Cpu: Cores=28, Load average:0.930000,0.410000,0.400000 {"hostname": "cad13", "processid": 40586, "history": "Interactive.7.RO", "testname": "PD_VCO_tb_1", "cornername": "Nominal", "point": 1, "logfile": "/home/vlsi/Desktop/PLL_NEW/logs_vlsi/logs0/Job6.log", "pid": "40586", "totalPhysicalMemory": "15.336876", "physicalMemoryUsed": "9.462700", "totalVirtualMemory": "47.336872", "virtualMemoryUsed": "9.462700", "cpuCores": "28", "processes": "1425", "loadAverage1": "0.930000", "loadAverage5": "0.410000", "loadAverage15": "0.400000", "loadAverage1Percent": "0.033214"}
[2025-11-03 12:36:56.365 +0530] [EVENT] [cadence.virtuoso.ade.simulationMonitor] - NewPoint {"history": "Interactive.7.RO", "point": 2, "testname": "PD_VCO_tb_1", "cornername": "Nominal", "event": "NewPoint", "EventSource": "Simulation Monitor", "HistoryName": "Interactive.7.RO", "logFile": "/home/vlsi/Desktop/PLL_NEW/logs_vlsi/logs0/Job6.log", "logFileSize": "12771"}
[2025-11-03 12:36:56.465 +0530] [EVENT] [cadence.virtuoso.ade.simulationMonitor] - NewPoint {"history": "Interactive.7.RO", "point": 2, "testname": "PD_VCO_tb_1", "cornername": "Nominal", "event": "NewPoint", "EventSource": "spectre", "HistoryName": "Interactive.7.RO", "logFile": "/home/vlsi/simulation/PD/VCO_tb/maestro/results/maestro/Interactive.7.RO/2/PD_VCO_tb_1/psf/spectre.out", "logFileSize": "-1"}
[2025-11-03 12:36:56.468 +0530] [PROCESS] [cadence.virtuoso.ade.simulationMonitor] - Simulator launched {"hostname": "cad13", "processid": 40586, "history": "Interactive.7.RO", "testname": "PD_VCO_tb_1", "cornername": "Nominal", "point": 2, "logfile": "/home/vlsi/Desktop/PLL_NEW/logs_vlsi/logs0/Job6.log", "simid": "2"}
[2025-11-03 12:36:56.468 +0530] [PROCESS] [cadence.virtuoso.ade.simulationMonitor] - Started Simulation {"hostname": "cad13", "processid": 40586, "history": "Interactive.7.RO", "testname": "PD_VCO_tb_1", "cornername": "Nominal", "point": 2, "logfile": "/home/vlsi/Desktop/PLL_NEW/logs_vlsi/logs0/Job6.log", "event": "started", "task": "simulation"}
[2025-11-03 12:36:56.968 +0530] [INFO] [cadence.virtuoso.ade.simulationMonitor] - Peak resident memory used = 157 Mbytes. {"history": "Interactive.7.RO", "point": 2, "testname": "PD_VCO_tb_1", "cornername": "Nominal"}
[2025-11-03 12:36:56.968 +0530] [INFO] [cadence.virtuoso.ade.simulationMonitor] - Peak resident memory used = 169 Mbytes. {"history": "Interactive.7.RO", "point": 2, "testname": "PD_VCO_tb_1", "cornername": "Nominal"}
[2025-11-03 12:36:56.968 +0530] [INFO] [cadence.virtuoso.ade.simulationMonitor] - Notice from spectre during hierarchy flattening.
    The value 'psf' specified for the 'checklimitdest' option will no longer be supported in future releases. Use 'spectre -h' to see other recommended values for the 'checklimitdest' option. {"history": "Interactive.7.RO", "point": 2, "testname": "PD_VCO_tb_1", "cornername": "Nominal"}
[2025-11-03 12:36:56.969 +0530] [INFO] [cadence.virtuoso.ade.simulationMonitor] - Peak resident memory used = 170 Mbytes. {"history": "Interactive.7.RO", "point": 2, "testname": "PD_VCO_tb_1", "cornername": "Nominal"}
[2025-11-03 12:36:56.969 +0530] [WARN] [cadence.virtuoso.ade.simulationMonitor] -     WARNING (CMI-2426): I0.NM12: `Pdiblc2' = -1.54576e-09 is negative. {"history": "Interactive.7.RO", "point": 2, "testname": "PD_VCO_tb_1", "cornername": "Nominal"}
[2025-11-03 12:36:56.969 +0530] [INFO] [cadence.virtuoso.ade.simulationMonitor] - Notice from spectre during initial setup.
    Multithreading is disabled due to the size of the design being too small. {"history": "Interactive.7.RO", "point": 2, "testname": "PD_VCO_tb_1", "cornername": "Nominal"}
[2025-11-03 12:36:56.969 +0530] [INFO] [cadence.virtuoso.ade.simulationMonitor] -               nodes 47 {"history": "Interactive.7.RO", "point": 2, "testname": "PD_VCO_tb_1", "cornername": "Nominal"}
[2025-11-03 12:36:56.969 +0530] [INFO] [cadence.virtuoso.ade.simulationMonitor] - Notice from spectre during initial setup.
    APS enabled. {"history": "Interactive.7.RO", "point": 2, "testname": "PD_VCO_tb_1", "cornername": "Nominal"}
[2025-11-03 12:36:56.969 +0530] [WARN] [cadence.virtuoso.ade.simulationMonitor] -     WARNING (CMI-2426): I0.NM12: `Pdiblc2' = -1.54576e-09 is negative. {"history": "Interactive.7.RO", "point": 2, "testname": "PD_VCO_tb_1", "cornername": "Nominal"}
[2025-11-03 12:36:57.469 +0530] [INFO] [cadence.virtuoso.ade.simulationMonitor] - Peak resident memory used = 173 Mbytes. {"history": "Interactive.7.RO", "point": 2, "testname": "PD_VCO_tb_1", "cornername": "Nominal"}
[2025-11-03 12:36:57.469 +0530] [INFO] [cadence.virtuoso.ade.simulationMonitor] -    -   (APS) Multi-threading. The recommended number of threads is 1, consider adding +mt=1 on command line. {"history": "Interactive.7.RO", "point": 2, "testname": "PD_VCO_tb_1", "cornername": "Nominal"}
[2025-11-03 12:36:57.469 +0530] [INFO] [cadence.virtuoso.ade.simulationMonitor] - Notice from spectre during IC analysis, during transient analysis `tran'.
    There are 1 IC nodes defined. {"history": "Interactive.7.RO", "point": 2, "testname": "PD_VCO_tb_1", "cornername": "Nominal"}
[2025-11-03 12:36:57.469 +0530] [INFO] [cadence.virtuoso.ade.simulationMonitor] - Notice from spectre during IC analysis, during transient analysis `tran'.
    Initial condition computed for node I0.net3 is in error by 31.5467 uV.
        Decrease `rforce' to reduce error in computed initial conditions.  However, setting rforce too small may result in convergence difficulties or in the matrix becoming singular. {"history": "Interactive.7.RO", "point": 2, "testname": "PD_VCO_tb_1", "cornername": "Nominal"}
[2025-11-03 12:36:57.469 +0530] [INFO] [cadence.virtuoso.ade.simulationMonitor] - Notice from spectre during transient analysis `tran'.
    Multithreading is disabled due to the size of the design being too small. {"history": "Interactive.7.RO", "point": 2, "testname": "PD_VCO_tb_1", "cornername": "Nominal"}
[2025-11-03 12:37:11.041 +0530] [PROCESS] [cadence.virtuoso.ade.simulationMonitor] - Simulation cancelled {"hostname": "cad13", "processid": 40586, "history": "Interactive.7.RO", "testname": "PD_VCO_tb_1", "cornername": "Nominal", "point": 2, "logfile": "/home/vlsi/Desktop/PLL_NEW/logs_vlsi/logs0/Job6.log"}
[2025-11-03 12:37:11.042 +0530] [INFO] [cadence.virtuoso.ade.simulationMonitor] - SimulationMonitor has terminated the spectre process '41763', reason: 'the simulation point gets cancelled by GUI' {"history": "Interactive.7.RO", "point": 2, "testname": "PD_VCO_tb_1", "cornername": "Nominal"}
[2025-11-03 12:37:11.079 +0530] [PROCESS] [cadence.virtuoso.ade.simulationMonitor] - Finished simulating for one point {"hostname": "cad13", "processid": 40586, "history": "Interactive.7.RO", "testname": "PD_VCO_tb_1", "cornername": "Nominal", "point": 2, "logfile": "/home/vlsi/Desktop/PLL_NEW/logs_vlsi/logs0/Job6.log", "simid": "2"}
[2025-11-03 12:37:11.079 +0530] [PROCESS] [cadence.virtuoso.ade.simulationMonitor] - Simulator exited {"hostname": "cad13", "processid": 40586, "history": "Interactive.7.RO", "testname": "PD_VCO_tb_1", "cornername": "Nominal", "point": 2, "logfile": "/home/vlsi/Desktop/PLL_NEW/logs_vlsi/logs0/Job6.log", "exitStatus": "0"}
[2025-11-03 12:37:11.079 +0530] [PROCESS] [cadence.virtuoso.ade.simulationMonitor] - Finished Simulation {"hostname": "cad13", "processid": 40586, "history": "Interactive.7.RO", "testname": "PD_VCO_tb_1", "cornername": "Nominal", "point": 2, "logfile": "/home/vlsi/Desktop/PLL_NEW/logs_vlsi/logs0/Job6.log", "simid": "2"}
[2025-11-03 12:37:11.081 +0530] [PROCESS] [cadence.virtuoso.ade.simulationMonitor] - Point Finished {"hostname": "cad13", "processid": 40586, "history": "Interactive.7.RO", "testname": "PD_VCO_tb_1", "cornername": "Nominal", "point": 2, "logfile": "/home/vlsi/Desktop/PLL_NEW/logs_vlsi/logs0/Job6.log"}
[2025-11-03 12:38:54.899 +0530] [PROCESS] [cadence.virtuoso.ade.simulationMonitor] - Started History {"hostname": "cad13", "processid": 40586, "history": "Interactive.8.RO", "testname": "PD_VCO_tb_1", "cornername": "Nominal", "point": 2, "logfile": "/home/vlsi/Desktop/PLL_NEW/logs_vlsi/logs0/Job6.log"}
[2025-11-03 12:38:54.899 +0530] [PROCESS] [cadence.virtuoso.ade.simulationMonitor] - HostInfo:
Host name (type):	cad13 (x86_64)
Operating system:	Linux 4.18.0-425.3.1.el8.x86_64 #1 SMP Fri Sep 30 11:45:06 EDT 2022 {"hostname": "cad13", "processid": 40586, "history": "Interactive.8.RO", "testname": "PD_VCO_tb_1", "cornername": "Nominal", "point": 2, "logfile": "/home/vlsi/Desktop/PLL_NEW/logs_vlsi/logs0/Job6.log", "nodename": "cad13", "domainname": "(none)", "machine": "x86_64", "sysname": "Linux", "release": "4.18.0-425.3.1.el8.x86_64", "version": "#1 SMP Fri Sep 30 11:45:06 EDT 2022"}
[2025-11-03 12:38:54.899 +0530] [PROCESS] [cadence.virtuoso.ade.simulationMonitor] - UsageInfo:
pid=40586
totalPhysicalMemory=15.336876GB,Used=9.158855GB,totalVirtualMemory=47.336872GB,Used=9.158855GB
Cpu: Cores=28, Load average:0.250000,0.350000,0.380000 {"hostname": "cad13", "processid": 40586, "history": "Interactive.8.RO", "testname": "PD_VCO_tb_1", "cornername": "Nominal", "point": 2, "logfile": "/home/vlsi/Desktop/PLL_NEW/logs_vlsi/logs0/Job6.log", "pid": "40586", "totalPhysicalMemory": "15.336876", "physicalMemoryUsed": "9.158855", "totalVirtualMemory": "47.336872", "virtualMemoryUsed": "9.158855", "cpuCores": "28", "processes": "1418", "loadAverage1": "0.250000", "loadAverage5": "0.350000", "loadAverage15": "0.380000", "loadAverage1Percent": "0.008929"}
[2025-11-03 12:38:54.900 +0530] [EVENT] [cadence.virtuoso.ade.simulationMonitor] - NewPoint {"history": "Interactive.8.RO", "point": 1, "testname": "PD_VCO_tb_1", "cornername": "Nominal", "event": "NewPoint", "EventSource": "Simulation Monitor", "HistoryName": "Interactive.8.RO", "logFile": "/home/vlsi/Desktop/PLL_NEW/logs_vlsi/logs0/Job6.log", "logFileSize": "21695"}
[2025-11-03 12:38:55.000 +0530] [EVENT] [cadence.virtuoso.ade.simulationMonitor] - NewPoint {"history": "Interactive.8.RO", "point": 1, "testname": "PD_VCO_tb_1", "cornername": "Nominal", "event": "NewPoint", "EventSource": "spectre", "HistoryName": "Interactive.8.RO", "logFile": "/home/vlsi/simulation/PD/VCO_tb/maestro/results/maestro/Interactive.8.RO/1/PD_VCO_tb_1/psf/spectre.out", "logFileSize": "-1"}
[2025-11-03 12:38:55.009 +0530] [PROCESS] [cadence.virtuoso.ade.simulationMonitor] - Simulator launched {"hostname": "cad13", "processid": 40586, "history": "Interactive.8.RO", "testname": "PD_VCO_tb_1", "cornername": "Nominal", "point": 1, "logfile": "/home/vlsi/Desktop/PLL_NEW/logs_vlsi/logs0/Job6.log", "simid": "3"}
[2025-11-03 12:38:55.010 +0530] [PROCESS] [cadence.virtuoso.ade.simulationMonitor] - Expression evaluator launched {"hostname": "cad13", "processid": 40586, "history": "Interactive.8.RO", "testname": "PD_VCO_tb_1", "cornername": "Nominal", "point": 1, "logfile": "/home/vlsi/Desktop/PLL_NEW/logs_vlsi/logs0/Job6.log"}
[2025-11-03 12:38:55.013 +0530] [PROCESS] [cadence.virtuoso.ade.simulationMonitor] - Started Simulation {"hostname": "cad13", "processid": 40586, "history": "Interactive.8.RO", "testname": "PD_VCO_tb_1", "cornername": "Nominal", "point": 1, "logfile": "/home/vlsi/Desktop/PLL_NEW/logs_vlsi/logs0/Job6.log", "event": "started", "task": "simulation"}
[2025-11-03 12:38:56.013 +0530] [INFO] [cadence.virtuoso.ade.simulationMonitor] - Peak resident memory used = 158 Mbytes. {"history": "Interactive.8.RO", "point": 1, "testname": "PD_VCO_tb_1", "cornername": "Nominal"}
[2025-11-03 12:38:56.013 +0530] [INFO] [cadence.virtuoso.ade.simulationMonitor] - Peak resident memory used = 169 Mbytes. {"history": "Interactive.8.RO", "point": 1, "testname": "PD_VCO_tb_1", "cornername": "Nominal"}
[2025-11-03 12:38:56.014 +0530] [INFO] [cadence.virtuoso.ade.simulationMonitor] - Notice from spectre during hierarchy flattening.
    The value 'psf' specified for the 'checklimitdest' option will no longer be supported in future releases. Use 'spectre -h' to see other recommended values for the 'checklimitdest' option. {"history": "Interactive.8.RO", "point": 1, "testname": "PD_VCO_tb_1", "cornername": "Nominal"}
[2025-11-03 12:38:56.014 +0530] [INFO] [cadence.virtuoso.ade.simulationMonitor] - Peak resident memory used = 170 Mbytes. {"history": "Interactive.8.RO", "point": 1, "testname": "PD_VCO_tb_1", "cornername": "Nominal"}
[2025-11-03 12:38:56.014 +0530] [INFO] [cadence.virtuoso.ade.simulationMonitor] - Notice from spectre during initial setup.
    Multithreading is disabled due to the size of the design being too small. {"history": "Interactive.8.RO", "point": 1, "testname": "PD_VCO_tb_1", "cornername": "Nominal"}
[2025-11-03 12:38:56.014 +0530] [INFO] [cadence.virtuoso.ade.simulationMonitor] -               nodes 47 {"history": "Interactive.8.RO", "point": 1, "testname": "PD_VCO_tb_1", "cornername": "Nominal"}
[2025-11-03 12:38:56.014 +0530] [INFO] [cadence.virtuoso.ade.simulationMonitor] - Notice from spectre during initial setup.
    APS enabled. {"history": "Interactive.8.RO", "point": 1, "testname": "PD_VCO_tb_1", "cornername": "Nominal"}
[2025-11-03 12:38:56.514 +0530] [INFO] [cadence.virtuoso.ade.simulationMonitor] - Peak resident memory used = 173 Mbytes. {"history": "Interactive.8.RO", "point": 1, "testname": "PD_VCO_tb_1", "cornername": "Nominal"}
[2025-11-03 12:38:56.514 +0530] [INFO] [cadence.virtuoso.ade.simulationMonitor] -    -   (APS) Multi-threading. The recommended number of threads is 1, consider adding +mt=1 on command line. {"history": "Interactive.8.RO", "point": 1, "testname": "PD_VCO_tb_1", "cornername": "Nominal"}
[2025-11-03 12:38:56.514 +0530] [INFO] [cadence.virtuoso.ade.simulationMonitor] - Notice from spectre during IC analysis, during transient analysis `tran'.
    There are 1 IC nodes defined. {"history": "Interactive.8.RO", "point": 1, "testname": "PD_VCO_tb_1", "cornername": "Nominal"}
[2025-11-03 12:38:56.515 +0530] [INFO] [cadence.virtuoso.ade.simulationMonitor] - Notice from spectre during IC analysis, during transient analysis `tran'.
    Initial condition computed for node I0.net3 is in error by 31.5466 uV.
        Decrease `rforce' to reduce error in computed initial conditions.  However, setting rforce too small may result in convergence difficulties or in the matrix becoming singular. {"history": "Interactive.8.RO", "point": 1, "testname": "PD_VCO_tb_1", "cornername": "Nominal"}
[2025-11-03 12:38:56.515 +0530] [INFO] [cadence.virtuoso.ade.simulationMonitor] - Notice from spectre during transient analysis `tran'.
    Multithreading is disabled due to the size of the design being too small. {"history": "Interactive.8.RO", "point": 1, "testname": "PD_VCO_tb_1", "cornername": "Nominal"}
[2025-11-03 12:39:19.680 +0530] [INFO] [cadence.virtuoso.ade.simulationMonitor] - Total time required for tran analysis `tran': CPU = 23.0242 s, elapsed = 23.1204 s, util. = 99.6%. {"history": "Interactive.8.RO", "point": 1, "testname": "PD_VCO_tb_1", "cornername": "Nominal"}
[2025-11-03 12:39:19.680 +0530] [INFO] [cadence.virtuoso.ade.simulationMonitor] - Peak resident memory used = 392 Mbytes. {"history": "Interactive.8.RO", "point": 1, "testname": "PD_VCO_tb_1", "cornername": "Nominal"}
[2025-11-03 12:39:20.181 +0530] [INFO] [cadence.virtuoso.ade.simulationMonitor] - Time used: CPU = 23.5 s, elapsed = 24.6 s, util. = 95.5%. {"history": "Interactive.8.RO", "point": 1, "testname": "PD_VCO_tb_1", "cornername": "Nominal"}
[2025-11-03 12:39:20.181 +0530] [INFO] [cadence.virtuoso.ade.simulationMonitor] - Time spent in licensing: elapsed = 424 ms. {"history": "Interactive.8.RO", "point": 1, "testname": "PD_VCO_tb_1", "cornername": "Nominal"}
[2025-11-03 12:39:20.181 +0530] [INFO] [cadence.virtuoso.ade.simulationMonitor] - Peak memory used = 393 Mbytes. {"history": "Interactive.8.RO", "point": 1, "testname": "PD_VCO_tb_1", "cornername": "Nominal"}
[2025-11-03 12:39:20.181 +0530] [PROCESS] [cadence.virtuoso.ade.simulationMonitor] - Simulation started at: 12:38:55 PM, Mon Nov 3, 2025, ended at: 12:39:19 PM, Mon Nov 3, 2025, with elapsed time (wall clock): 24.6 s. {"history": "Interactive.8.RO", "point": 1, "testname": "PD_VCO_tb_1", "cornername": "Nominal"}
[2025-11-03 12:39:20.181 +0530] [PROCESS] [cadence.virtuoso.ade.simulationMonitor] - spectre completes with 0 errors, 0 warnings, and 7 notices. {"history": "Interactive.8.RO", "point": 1, "testname": "PD_VCO_tb_1", "cornername": "Nominal"}
[2025-11-03 12:39:20.181 +0530] [PROCESS] [cadence.virtuoso.ade.simulationMonitor] - Finished simulating for one point {"hostname": "cad13", "processid": 40586, "history": "Interactive.8.RO", "testname": "PD_VCO_tb_1", "cornername": "Nominal", "point": 1, "logfile": "/home/vlsi/Desktop/PLL_NEW/logs_vlsi/logs0/Job6.log", "simid": "3"}
[2025-11-03 12:39:20.181 +0530] [PROCESS] [cadence.virtuoso.ade.simulationMonitor] - Simulator exited {"hostname": "cad13", "processid": 40586, "history": "Interactive.8.RO", "testname": "PD_VCO_tb_1", "cornername": "Nominal", "point": 1, "logfile": "/home/vlsi/Desktop/PLL_NEW/logs_vlsi/logs0/Job6.log", "exitStatus": "0"}
[2025-11-03 12:39:20.182 +0530] [PROCESS] [cadence.virtuoso.ade.simulationMonitor] - Finished Simulation {"hostname": "cad13", "processid": 40586, "history": "Interactive.8.RO", "testname": "PD_VCO_tb_1", "cornername": "Nominal", "point": 1, "logfile": "/home/vlsi/Desktop/PLL_NEW/logs_vlsi/logs0/Job6.log", "simid": "3"}
[2025-11-03 12:39:20.685 +0530] [PROCESS] [cadence.virtuoso.ade.simulationMonitor] - Point Finished {"hostname": "cad13", "processid": 40586, "history": "Interactive.8.RO", "testname": "PD_VCO_tb_1", "cornername": "Nominal", "point": 1, "logfile": "/home/vlsi/Desktop/PLL_NEW/logs_vlsi/logs0/Job6.log"}
[2025-11-03 12:39:20.752 +0530] [PROCESS] [cadence.virtuoso.ade.simulationMonitor] - Padding test token found for runId '4', Linger time '300', currentRunSyn '8', currentTestSyn '8' {"hostname": "cad13", "processid": 40586, "history": "Interactive.8.RO", "testname": "PD_VCO_tb_1", "cornername": "Nominal", "point": 1, "logfile": "/home/vlsi/Desktop/PLL_NEW/logs_vlsi/logs0/Job6.log"}
[2025-11-03 12:39:20.753 +0530] [PROCESS] [cadence.virtuoso.ade.simulationMonitor] - HostInfo:
Host name (type):	cad13 (x86_64)
Operating system:	Linux 4.18.0-425.3.1.el8.x86_64 #1 SMP Fri Sep 30 11:45:06 EDT 2022 {"hostname": "cad13", "processid": 40586, "history": "Interactive.8.RO", "testname": "PD_VCO_tb_1", "cornername": "Nominal", "point": 1, "logfile": "/home/vlsi/Desktop/PLL_NEW/logs_vlsi/logs0/Job6.log", "nodename": "cad13", "domainname": "(none)", "machine": "x86_64", "sysname": "Linux", "release": "4.18.0-425.3.1.el8.x86_64", "version": "#1 SMP Fri Sep 30 11:45:06 EDT 2022"}
[2025-11-03 12:39:20.753 +0530] [PROCESS] [cadence.virtuoso.ade.simulationMonitor] - UsageInfo:
pid=40586
totalPhysicalMemory=15.336876GB,Used=9.507595GB,totalVirtualMemory=47.336872GB,Used=9.507595GB
Cpu: Cores=28, Load average:0.560000,0.420000,0.400000 {"hostname": "cad13", "processid": 40586, "history": "Interactive.8.RO", "testname": "PD_VCO_tb_1", "cornername": "Nominal", "point": 1, "logfile": "/home/vlsi/Desktop/PLL_NEW/logs_vlsi/logs0/Job6.log", "pid": "40586", "totalPhysicalMemory": "15.336876", "physicalMemoryUsed": "9.507595", "totalVirtualMemory": "47.336872", "virtualMemoryUsed": "9.507595", "cpuCores": "28", "processes": "1428", "loadAverage1": "0.560000", "loadAverage5": "0.420000", "loadAverage15": "0.400000", "loadAverage1Percent": "0.020000"}
[2025-11-03 12:39:20.753 +0530] [EVENT] [cadence.virtuoso.ade.simulationMonitor] - NewPoint {"history": "Interactive.8.RO", "point": 2, "testname": "PD_VCO_tb_1", "cornername": "Nominal", "event": "NewPoint", "EventSource": "Simulation Monitor", "HistoryName": "Interactive.8.RO", "logFile": "/home/vlsi/Desktop/PLL_NEW/logs_vlsi/logs0/Job6.log", "logFileSize": "31634"}
[2025-11-03 12:39:20.853 +0530] [EVENT] [cadence.virtuoso.ade.simulationMonitor] - NewPoint {"history": "Interactive.8.RO", "point": 2, "testname": "PD_VCO_tb_1", "cornername": "Nominal", "event": "NewPoint", "EventSource": "spectre", "HistoryName": "Interactive.8.RO", "logFile": "/home/vlsi/simulation/PD/VCO_tb/maestro/results/maestro/Interactive.8.RO/2/PD_VCO_tb_1/psf/spectre.out", "logFileSize": "-1"}
[2025-11-03 12:39:20.856 +0530] [PROCESS] [cadence.virtuoso.ade.simulationMonitor] - Simulator launched {"hostname": "cad13", "processid": 40586, "history": "Interactive.8.RO", "testname": "PD_VCO_tb_1", "cornername": "Nominal", "point": 2, "logfile": "/home/vlsi/Desktop/PLL_NEW/logs_vlsi/logs0/Job6.log", "simid": "4"}
[2025-11-03 12:39:20.856 +0530] [PROCESS] [cadence.virtuoso.ade.simulationMonitor] - Started Simulation {"hostname": "cad13", "processid": 40586, "history": "Interactive.8.RO", "testname": "PD_VCO_tb_1", "cornername": "Nominal", "point": 2, "logfile": "/home/vlsi/Desktop/PLL_NEW/logs_vlsi/logs0/Job6.log", "event": "started", "task": "simulation"}
[2025-11-03 12:39:21.356 +0530] [INFO] [cadence.virtuoso.ade.simulationMonitor] - Peak resident memory used = 159 Mbytes. {"history": "Interactive.8.RO", "point": 2, "testname": "PD_VCO_tb_1", "cornername": "Nominal"}
[2025-11-03 12:39:21.357 +0530] [INFO] [cadence.virtuoso.ade.simulationMonitor] - Peak resident memory used = 172 Mbytes. {"history": "Interactive.8.RO", "point": 2, "testname": "PD_VCO_tb_1", "cornername": "Nominal"}
[2025-11-03 12:39:21.357 +0530] [INFO] [cadence.virtuoso.ade.simulationMonitor] - Notice from spectre during hierarchy flattening.
    The value 'psf' specified for the 'checklimitdest' option will no longer be supported in future releases. Use 'spectre -h' to see other recommended values for the 'checklimitdest' option. {"history": "Interactive.8.RO", "point": 2, "testname": "PD_VCO_tb_1", "cornername": "Nominal"}
[2025-11-03 12:39:21.357 +0530] [INFO] [cadence.virtuoso.ade.simulationMonitor] - Peak resident memory used = 173 Mbytes. {"history": "Interactive.8.RO", "point": 2, "testname": "PD_VCO_tb_1", "cornername": "Nominal"}
[2025-11-03 12:39:21.357 +0530] [INFO] [cadence.virtuoso.ade.simulationMonitor] - Notice from spectre during initial setup.
    Multithreading is disabled due to the size of the design being too small. {"history": "Interactive.8.RO", "point": 2, "testname": "PD_VCO_tb_1", "cornername": "Nominal"}
[2025-11-03 12:39:21.357 +0530] [INFO] [cadence.virtuoso.ade.simulationMonitor] -               nodes 47 {"history": "Interactive.8.RO", "point": 2, "testname": "PD_VCO_tb_1", "cornername": "Nominal"}
[2025-11-03 12:39:21.357 +0530] [INFO] [cadence.virtuoso.ade.simulationMonitor] - Notice from spectre during initial setup.
    APS enabled. {"history": "Interactive.8.RO", "point": 2, "testname": "PD_VCO_tb_1", "cornername": "Nominal"}
[2025-11-03 12:39:21.858 +0530] [INFO] [cadence.virtuoso.ade.simulationMonitor] - Peak resident memory used = 176 Mbytes. {"history": "Interactive.8.RO", "point": 2, "testname": "PD_VCO_tb_1", "cornername": "Nominal"}
[2025-11-03 12:39:21.858 +0530] [INFO] [cadence.virtuoso.ade.simulationMonitor] -    -   (APS) Multi-threading. The recommended number of threads is 1, consider adding +mt=1 on command line. {"history": "Interactive.8.RO", "point": 2, "testname": "PD_VCO_tb_1", "cornername": "Nominal"}
[2025-11-03 12:39:21.858 +0530] [INFO] [cadence.virtuoso.ade.simulationMonitor] - Notice from spectre during IC analysis, during transient analysis `tran'.
    There are 1 IC nodes defined. {"history": "Interactive.8.RO", "point": 2, "testname": "PD_VCO_tb_1", "cornername": "Nominal"}
[2025-11-03 12:39:21.858 +0530] [INFO] [cadence.virtuoso.ade.simulationMonitor] - Notice from spectre during IC analysis, during transient analysis `tran'.
    Initial condition computed for node I0.net3 is in error by 31.5467 uV.
        Decrease `rforce' to reduce error in computed initial conditions.  However, setting rforce too small may result in convergence difficulties or in the matrix becoming singular. {"history": "Interactive.8.RO", "point": 2, "testname": "PD_VCO_tb_1", "cornername": "Nominal"}
[2025-11-03 12:39:21.858 +0530] [INFO] [cadence.virtuoso.ade.simulationMonitor] - Notice from spectre during transient analysis `tran'.
    Multithreading is disabled due to the size of the design being too small. {"history": "Interactive.8.RO", "point": 2, "testname": "PD_VCO_tb_1", "cornername": "Nominal"}
[2025-11-03 12:39:35.432 +0530] [PROCESS] [cadence.virtuoso.ade.simulationMonitor] - Simulation cancelled {"hostname": "cad13", "processid": 40586, "history": "Interactive.8.RO", "testname": "PD_VCO_tb_1", "cornername": "Nominal", "point": 2, "logfile": "/home/vlsi/Desktop/PLL_NEW/logs_vlsi/logs0/Job6.log"}
[2025-11-03 12:39:35.432 +0530] [INFO] [cadence.virtuoso.ade.simulationMonitor] - SimulationMonitor has terminated the spectre process '46269', reason: 'the simulation point gets cancelled by GUI' {"history": "Interactive.8.RO", "point": 2, "testname": "PD_VCO_tb_1", "cornername": "Nominal"}
[2025-11-03 12:39:35.467 +0530] [PROCESS] [cadence.virtuoso.ade.simulationMonitor] - Finished simulating for one point {"hostname": "cad13", "processid": 40586, "history": "Interactive.8.RO", "testname": "PD_VCO_tb_1", "cornername": "Nominal", "point": 2, "logfile": "/home/vlsi/Desktop/PLL_NEW/logs_vlsi/logs0/Job6.log", "simid": "4"}
[2025-11-03 12:39:35.467 +0530] [PROCESS] [cadence.virtuoso.ade.simulationMonitor] - Simulator exited {"hostname": "cad13", "processid": 40586, "history": "Interactive.8.RO", "testname": "PD_VCO_tb_1", "cornername": "Nominal", "point": 2, "logfile": "/home/vlsi/Desktop/PLL_NEW/logs_vlsi/logs0/Job6.log", "exitStatus": "0"}
[2025-11-03 12:39:35.467 +0530] [PROCESS] [cadence.virtuoso.ade.simulationMonitor] - Finished Simulation {"hostname": "cad13", "processid": 40586, "history": "Interactive.8.RO", "testname": "PD_VCO_tb_1", "cornername": "Nominal", "point": 2, "logfile": "/home/vlsi/Desktop/PLL_NEW/logs_vlsi/logs0/Job6.log", "simid": "4"}
[2025-11-03 12:39:35.470 +0530] [PROCESS] [cadence.virtuoso.ade.simulationMonitor] - Point Finished {"hostname": "cad13", "processid": 40586, "history": "Interactive.8.RO", "testname": "PD_VCO_tb_1", "cornername": "Nominal", "point": 2, "logfile": "/home/vlsi/Desktop/PLL_NEW/logs_vlsi/logs0/Job6.log"}
[2025-11-03 12:40:14.929 +0530] [PROCESS] [cadence.virtuoso.ade.simulationMonitor] - Started History {"hostname": "cad13", "processid": 40586, "history": "Interactive.9.RO", "testname": "PD_VCO_tb_1", "cornername": "Nominal", "point": 2, "logfile": "/home/vlsi/Desktop/PLL_NEW/logs_vlsi/logs0/Job6.log"}
[2025-11-03 12:40:14.929 +0530] [PROCESS] [cadence.virtuoso.ade.simulationMonitor] - HostInfo:
Host name (type):	cad13 (x86_64)
Operating system:	Linux 4.18.0-425.3.1.el8.x86_64 #1 SMP Fri Sep 30 11:45:06 EDT 2022 {"hostname": "cad13", "processid": 40586, "history": "Interactive.9.RO", "testname": "PD_VCO_tb_1", "cornername": "Nominal", "point": 2, "logfile": "/home/vlsi/Desktop/PLL_NEW/logs_vlsi/logs0/Job6.log", "nodename": "cad13", "domainname": "(none)", "machine": "x86_64", "sysname": "Linux", "release": "4.18.0-425.3.1.el8.x86_64", "version": "#1 SMP Fri Sep 30 11:45:06 EDT 2022"}
[2025-11-03 12:40:14.930 +0530] [PROCESS] [cadence.virtuoso.ade.simulationMonitor] - UsageInfo:
pid=40586
totalPhysicalMemory=15.336876GB,Used=9.349277GB,totalVirtualMemory=47.336872GB,Used=9.349277GB
Cpu: Cores=28, Load average:0.450000,0.420000,0.400000 {"hostname": "cad13", "processid": 40586, "history": "Interactive.9.RO", "testname": "PD_VCO_tb_1", "cornername": "Nominal", "point": 2, "logfile": "/home/vlsi/Desktop/PLL_NEW/logs_vlsi/logs0/Job6.log", "pid": "40586", "totalPhysicalMemory": "15.336876", "physicalMemoryUsed": "9.349277", "totalVirtualMemory": "47.336872", "virtualMemoryUsed": "9.349277", "cpuCores": "28", "processes": "1429", "loadAverage1": "0.450000", "loadAverage5": "0.420000", "loadAverage15": "0.400000", "loadAverage1Percent": "0.016071"}
[2025-11-03 12:40:14.930 +0530] [EVENT] [cadence.virtuoso.ade.simulationMonitor] - NewPoint {"history": "Interactive.9.RO", "point": 1, "testname": "PD_VCO_tb_1", "cornername": "Nominal", "event": "NewPoint", "EventSource": "Simulation Monitor", "HistoryName": "Interactive.9.RO", "logFile": "/home/vlsi/Desktop/PLL_NEW/logs_vlsi/logs0/Job6.log", "logFileSize": "40060"}
[2025-11-03 12:40:15.030 +0530] [EVENT] [cadence.virtuoso.ade.simulationMonitor] - NewPoint {"history": "Interactive.9.RO", "point": 1, "testname": "PD_VCO_tb_1", "cornername": "Nominal", "event": "NewPoint", "EventSource": "spectre", "HistoryName": "Interactive.9.RO", "logFile": "/home/vlsi/simulation/PD/VCO_tb/maestro/results/maestro/Interactive.9.RO/1/PD_VCO_tb_1/psf/spectre.out", "logFileSize": "-1"}
[2025-11-03 12:40:15.041 +0530] [PROCESS] [cadence.virtuoso.ade.simulationMonitor] - Simulator launched {"hostname": "cad13", "processid": 40586, "history": "Interactive.9.RO", "testname": "PD_VCO_tb_1", "cornername": "Nominal", "point": 1, "logfile": "/home/vlsi/Desktop/PLL_NEW/logs_vlsi/logs0/Job6.log", "simid": "5"}
[2025-11-03 12:40:15.041 +0530] [PROCESS] [cadence.virtuoso.ade.simulationMonitor] - Expression evaluator launched {"hostname": "cad13", "processid": 40586, "history": "Interactive.9.RO", "testname": "PD_VCO_tb_1", "cornername": "Nominal", "point": 1, "logfile": "/home/vlsi/Desktop/PLL_NEW/logs_vlsi/logs0/Job6.log"}
[2025-11-03 12:40:15.044 +0530] [PROCESS] [cadence.virtuoso.ade.simulationMonitor] - Started Simulation {"hostname": "cad13", "processid": 40586, "history": "Interactive.9.RO", "testname": "PD_VCO_tb_1", "cornername": "Nominal", "point": 1, "logfile": "/home/vlsi/Desktop/PLL_NEW/logs_vlsi/logs0/Job6.log", "event": "started", "task": "simulation"}
[2025-11-03 12:40:16.044 +0530] [INFO] [cadence.virtuoso.ade.simulationMonitor] - Peak resident memory used = 157 Mbytes. {"history": "Interactive.9.RO", "point": 1, "testname": "PD_VCO_tb_1", "cornername": "Nominal"}
[2025-11-03 12:40:16.044 +0530] [INFO] [cadence.virtuoso.ade.simulationMonitor] - Peak resident memory used = 168 Mbytes. {"history": "Interactive.9.RO", "point": 1, "testname": "PD_VCO_tb_1", "cornername": "Nominal"}
[2025-11-03 12:40:16.045 +0530] [INFO] [cadence.virtuoso.ade.simulationMonitor] - Notice from spectre during hierarchy flattening.
    The value 'psf' specified for the 'checklimitdest' option will no longer be supported in future releases. Use 'spectre -h' to see other recommended values for the 'checklimitdest' option. {"history": "Interactive.9.RO", "point": 1, "testname": "PD_VCO_tb_1", "cornername": "Nominal"}
[2025-11-03 12:40:16.045 +0530] [INFO] [cadence.virtuoso.ade.simulationMonitor] - Peak resident memory used = 170 Mbytes. {"history": "Interactive.9.RO", "point": 1, "testname": "PD_VCO_tb_1", "cornername": "Nominal"}
[2025-11-03 12:40:16.045 +0530] [INFO] [cadence.virtuoso.ade.simulationMonitor] - Notice from spectre during initial setup.
    Multithreading is disabled due to the size of the design being too small. {"history": "Interactive.9.RO", "point": 1, "testname": "PD_VCO_tb_1", "cornername": "Nominal"}
[2025-11-03 12:40:16.045 +0530] [INFO] [cadence.virtuoso.ade.simulationMonitor] -               nodes 47 {"history": "Interactive.9.RO", "point": 1, "testname": "PD_VCO_tb_1", "cornername": "Nominal"}
[2025-11-03 12:40:16.045 +0530] [INFO] [cadence.virtuoso.ade.simulationMonitor] - Notice from spectre during initial setup.
    APS enabled. {"history": "Interactive.9.RO", "point": 1, "testname": "PD_VCO_tb_1", "cornername": "Nominal"}
[2025-11-03 12:40:16.045 +0530] [INFO] [cadence.virtuoso.ade.simulationMonitor] - Peak resident memory used = 172 Mbytes. {"history": "Interactive.9.RO", "point": 1, "testname": "PD_VCO_tb_1", "cornername": "Nominal"}
[2025-11-03 12:40:16.045 +0530] [INFO] [cadence.virtuoso.ade.simulationMonitor] -    -   (APS) Multi-threading. The recommended number of threads is 1, consider adding +mt=1 on command line. {"history": "Interactive.9.RO", "point": 1, "testname": "PD_VCO_tb_1", "cornername": "Nominal"}
[2025-11-03 12:40:16.045 +0530] [INFO] [cadence.virtuoso.ade.simulationMonitor] - Notice from spectre during IC analysis, during transient analysis `tran'.
    There are 1 IC nodes defined. {"history": "Interactive.9.RO", "point": 1, "testname": "PD_VCO_tb_1", "cornername": "Nominal"}
[2025-11-03 12:40:16.045 +0530] [INFO] [cadence.virtuoso.ade.simulationMonitor] - Notice from spectre during IC analysis, during transient analysis `tran'.
    Initial condition computed for node I0.net3 is in error by 31.5466 uV.
        Decrease `rforce' to reduce error in computed initial conditions.  However, setting rforce too small may result in convergence difficulties or in the matrix becoming singular. {"history": "Interactive.9.RO", "point": 1, "testname": "PD_VCO_tb_1", "cornername": "Nominal"}
[2025-11-03 12:40:16.045 +0530] [INFO] [cadence.virtuoso.ade.simulationMonitor] - Notice from spectre during transient analysis `tran'.
    Multithreading is disabled due to the size of the design being too small. {"history": "Interactive.9.RO", "point": 1, "testname": "PD_VCO_tb_1", "cornername": "Nominal"}
[2025-11-03 12:40:38.695 +0530] [INFO] [cadence.virtuoso.ade.simulationMonitor] - Total time required for tran analysis `tran': CPU = 22.4922 s, elapsed = 22.576 s, util. = 99.6%. {"history": "Interactive.9.RO", "point": 1, "testname": "PD_VCO_tb_1", "cornername": "Nominal"}
[2025-11-03 12:40:38.696 +0530] [INFO] [cadence.virtuoso.ade.simulationMonitor] - Peak resident memory used = 386 Mbytes. {"history": "Interactive.9.RO", "point": 1, "testname": "PD_VCO_tb_1", "cornername": "Nominal"}
[2025-11-03 12:40:39.196 +0530] [INFO] [cadence.virtuoso.ade.simulationMonitor] - Time used: CPU = 22.9 s, elapsed = 23.8 s, util. = 96.2%. {"history": "Interactive.9.RO", "point": 1, "testname": "PD_VCO_tb_1", "cornername": "Nominal"}
[2025-11-03 12:40:39.196 +0530] [INFO] [cadence.virtuoso.ade.simulationMonitor] - Time spent in licensing: elapsed = 424 ms. {"history": "Interactive.9.RO", "point": 1, "testname": "PD_VCO_tb_1", "cornername": "Nominal"}
[2025-11-03 12:40:39.196 +0530] [INFO] [cadence.virtuoso.ade.simulationMonitor] - Peak memory used = 388 Mbytes. {"history": "Interactive.9.RO", "point": 1, "testname": "PD_VCO_tb_1", "cornername": "Nominal"}
[2025-11-03 12:40:39.197 +0530] [PROCESS] [cadence.virtuoso.ade.simulationMonitor] - Simulation started at: 12:40:15 PM, Mon Nov 3, 2025, ended at: 12:40:38 PM, Mon Nov 3, 2025, with elapsed time (wall clock): 23.8 s. {"history": "Interactive.9.RO", "point": 1, "testname": "PD_VCO_tb_1", "cornername": "Nominal"}
[2025-11-03 12:40:39.197 +0530] [PROCESS] [cadence.virtuoso.ade.simulationMonitor] - spectre completes with 0 errors, 0 warnings, and 7 notices. {"history": "Interactive.9.RO", "point": 1, "testname": "PD_VCO_tb_1", "cornername": "Nominal"}
[2025-11-03 12:40:39.197 +0530] [PROCESS] [cadence.virtuoso.ade.simulationMonitor] - Finished simulating for one point {"hostname": "cad13", "processid": 40586, "history": "Interactive.9.RO", "testname": "PD_VCO_tb_1", "cornername": "Nominal", "point": 1, "logfile": "/home/vlsi/Desktop/PLL_NEW/logs_vlsi/logs0/Job6.log", "simid": "5"}
[2025-11-03 12:40:39.197 +0530] [PROCESS] [cadence.virtuoso.ade.simulationMonitor] - Simulator exited {"hostname": "cad13", "processid": 40586, "history": "Interactive.9.RO", "testname": "PD_VCO_tb_1", "cornername": "Nominal", "point": 1, "logfile": "/home/vlsi/Desktop/PLL_NEW/logs_vlsi/logs0/Job6.log", "exitStatus": "0"}
[2025-11-03 12:40:39.197 +0530] [PROCESS] [cadence.virtuoso.ade.simulationMonitor] - Finished Simulation {"hostname": "cad13", "processid": 40586, "history": "Interactive.9.RO", "testname": "PD_VCO_tb_1", "cornername": "Nominal", "point": 1, "logfile": "/home/vlsi/Desktop/PLL_NEW/logs_vlsi/logs0/Job6.log", "simid": "5"}
[2025-11-03 12:40:39.701 +0530] [PROCESS] [cadence.virtuoso.ade.simulationMonitor] - Point Finished {"hostname": "cad13", "processid": 40586, "history": "Interactive.9.RO", "testname": "PD_VCO_tb_1", "cornername": "Nominal", "point": 1, "logfile": "/home/vlsi/Desktop/PLL_NEW/logs_vlsi/logs0/Job6.log"}
[2025-11-03 12:40:39.765 +0530] [PROCESS] [cadence.virtuoso.ade.simulationMonitor] - Padding test token found for runId '5', Linger time '300', currentRunSyn '10', currentTestSyn '10' {"hostname": "cad13", "processid": 40586, "history": "Interactive.9.RO", "testname": "PD_VCO_tb_1", "cornername": "Nominal", "point": 1, "logfile": "/home/vlsi/Desktop/PLL_NEW/logs_vlsi/logs0/Job6.log"}
[2025-11-03 12:40:39.765 +0530] [PROCESS] [cadence.virtuoso.ade.simulationMonitor] - HostInfo:
Host name (type):	cad13 (x86_64)
Operating system:	Linux 4.18.0-425.3.1.el8.x86_64 #1 SMP Fri Sep 30 11:45:06 EDT 2022 {"hostname": "cad13", "processid": 40586, "history": "Interactive.9.RO", "testname": "PD_VCO_tb_1", "cornername": "Nominal", "point": 1, "logfile": "/home/vlsi/Desktop/PLL_NEW/logs_vlsi/logs0/Job6.log", "nodename": "cad13", "domainname": "(none)", "machine": "x86_64", "sysname": "Linux", "release": "4.18.0-425.3.1.el8.x86_64", "version": "#1 SMP Fri Sep 30 11:45:06 EDT 2022"}
[2025-11-03 12:40:39.766 +0530] [PROCESS] [cadence.virtuoso.ade.simulationMonitor] - UsageInfo:
pid=40586
totalPhysicalMemory=15.336876GB,Used=9.689930GB,totalVirtualMemory=47.336872GB,Used=9.689930GB
Cpu: Cores=28, Load average:0.700000,0.480000,0.420000 {"hostname": "cad13", "processid": 40586, "history": "Interactive.9.RO", "testname": "PD_VCO_tb_1", "cornername": "Nominal", "point": 1, "logfile": "/home/vlsi/Desktop/PLL_NEW/logs_vlsi/logs0/Job6.log", "pid": "40586", "totalPhysicalMemory": "15.336876", "physicalMemoryUsed": "9.689930", "totalVirtualMemory": "47.336872", "virtualMemoryUsed": "9.689930", "cpuCores": "28", "processes": "1439", "loadAverage1": "0.700000", "loadAverage5": "0.480000", "loadAverage15": "0.420000", "loadAverage1Percent": "0.025000"}
[2025-11-03 12:40:39.766 +0530] [EVENT] [cadence.virtuoso.ade.simulationMonitor] - NewPoint {"history": "Interactive.9.RO", "point": 2, "testname": "PD_VCO_tb_1", "cornername": "Nominal", "event": "NewPoint", "EventSource": "Simulation Monitor", "HistoryName": "Interactive.9.RO", "logFile": "/home/vlsi/Desktop/PLL_NEW/logs_vlsi/logs0/Job6.log", "logFileSize": "50000"}
[2025-11-03 12:40:39.866 +0530] [EVENT] [cadence.virtuoso.ade.simulationMonitor] - NewPoint {"history": "Interactive.9.RO", "point": 2, "testname": "PD_VCO_tb_1", "cornername": "Nominal", "event": "NewPoint", "EventSource": "spectre", "HistoryName": "Interactive.9.RO", "logFile": "/home/vlsi/simulation/PD/VCO_tb/maestro/results/maestro/Interactive.9.RO/2/PD_VCO_tb_1/psf/spectre.out", "logFileSize": "-1"}
[2025-11-03 12:40:39.869 +0530] [PROCESS] [cadence.virtuoso.ade.simulationMonitor] - Simulator launched {"hostname": "cad13", "processid": 40586, "history": "Interactive.9.RO", "testname": "PD_VCO_tb_1", "cornername": "Nominal", "point": 2, "logfile": "/home/vlsi/Desktop/PLL_NEW/logs_vlsi/logs0/Job6.log", "simid": "6"}
[2025-11-03 12:40:39.869 +0530] [PROCESS] [cadence.virtuoso.ade.simulationMonitor] - Started Simulation {"hostname": "cad13", "processid": 40586, "history": "Interactive.9.RO", "testname": "PD_VCO_tb_1", "cornername": "Nominal", "point": 2, "logfile": "/home/vlsi/Desktop/PLL_NEW/logs_vlsi/logs0/Job6.log", "event": "started", "task": "simulation"}
[2025-11-03 12:40:40.369 +0530] [INFO] [cadence.virtuoso.ade.simulationMonitor] - Peak resident memory used = 157 Mbytes. {"history": "Interactive.9.RO", "point": 2, "testname": "PD_VCO_tb_1", "cornername": "Nominal"}
[2025-11-03 12:40:40.369 +0530] [INFO] [cadence.virtuoso.ade.simulationMonitor] - Peak resident memory used = 168 Mbytes. {"history": "Interactive.9.RO", "point": 2, "testname": "PD_VCO_tb_1", "cornername": "Nominal"}
[2025-11-03 12:40:40.370 +0530] [INFO] [cadence.virtuoso.ade.simulationMonitor] - Notice from spectre during hierarchy flattening.
    The value 'psf' specified for the 'checklimitdest' option will no longer be supported in future releases. Use 'spectre -h' to see other recommended values for the 'checklimitdest' option. {"history": "Interactive.9.RO", "point": 2, "testname": "PD_VCO_tb_1", "cornername": "Nominal"}
[2025-11-03 12:40:40.370 +0530] [INFO] [cadence.virtuoso.ade.simulationMonitor] - Peak resident memory used = 170 Mbytes. {"history": "Interactive.9.RO", "point": 2, "testname": "PD_VCO_tb_1", "cornername": "Nominal"}
[2025-11-03 12:40:40.370 +0530] [INFO] [cadence.virtuoso.ade.simulationMonitor] - Notice from spectre during initial setup.
    Multithreading is disabled due to the size of the design being too small. {"history": "Interactive.9.RO", "point": 2, "testname": "PD_VCO_tb_1", "cornername": "Nominal"}
[2025-11-03 12:40:40.370 +0530] [INFO] [cadence.virtuoso.ade.simulationMonitor] -               nodes 47 {"history": "Interactive.9.RO", "point": 2, "testname": "PD_VCO_tb_1", "cornername": "Nominal"}
[2025-11-03 12:40:40.370 +0530] [INFO] [cadence.virtuoso.ade.simulationMonitor] - Notice from spectre during initial setup.
    APS enabled. {"history": "Interactive.9.RO", "point": 2, "testname": "PD_VCO_tb_1", "cornername": "Nominal"}
[2025-11-03 12:40:40.870 +0530] [INFO] [cadence.virtuoso.ade.simulationMonitor] - Peak resident memory used = 172 Mbytes. {"history": "Interactive.9.RO", "point": 2, "testname": "PD_VCO_tb_1", "cornername": "Nominal"}
[2025-11-03 12:40:40.870 +0530] [INFO] [cadence.virtuoso.ade.simulationMonitor] -    -   (APS) Multi-threading. The recommended number of threads is 1, consider adding +mt=1 on command line. {"history": "Interactive.9.RO", "point": 2, "testname": "PD_VCO_tb_1", "cornername": "Nominal"}
[2025-11-03 12:40:40.871 +0530] [INFO] [cadence.virtuoso.ade.simulationMonitor] - Notice from spectre during IC analysis, during transient analysis `tran'.
    There are 1 IC nodes defined. {"history": "Interactive.9.RO", "point": 2, "testname": "PD_VCO_tb_1", "cornername": "Nominal"}
[2025-11-03 12:40:40.871 +0530] [INFO] [cadence.virtuoso.ade.simulationMonitor] - Notice from spectre during IC analysis, during transient analysis `tran'.
    Initial condition computed for node I0.net3 is in error by 31.5467 uV.
        Decrease `rforce' to reduce error in computed initial conditions.  However, setting rforce too small may result in convergence difficulties or in the matrix becoming singular. {"history": "Interactive.9.RO", "point": 2, "testname": "PD_VCO_tb_1", "cornername": "Nominal"}
[2025-11-03 12:40:40.871 +0530] [INFO] [cadence.virtuoso.ade.simulationMonitor] - Notice from spectre during transient analysis `tran'.
    Multithreading is disabled due to the size of the design being too small. {"history": "Interactive.9.RO", "point": 2, "testname": "PD_VCO_tb_1", "cornername": "Nominal"}
[2025-11-03 12:41:03.514 +0530] [INFO] [cadence.virtuoso.ade.simulationMonitor] - Total time required for tran analysis `tran': CPU = 22.8569 s, elapsed = 22.9132 s, util. = 99.8%. {"history": "Interactive.9.RO", "point": 2, "testname": "PD_VCO_tb_1", "cornername": "Nominal"}
[2025-11-03 12:41:03.514 +0530] [INFO] [cadence.virtuoso.ade.simulationMonitor] - Peak resident memory used = 390 Mbytes. {"history": "Interactive.9.RO", "point": 2, "testname": "PD_VCO_tb_1", "cornername": "Nominal"}
[2025-11-03 12:41:04.015 +0530] [INFO] [cadence.virtuoso.ade.simulationMonitor] - Time used: CPU = 23.3 s, elapsed = 23.9 s, util. = 97.5%. {"history": "Interactive.9.RO", "point": 2, "testname": "PD_VCO_tb_1", "cornername": "Nominal"}
[2025-11-03 12:41:04.015 +0530] [INFO] [cadence.virtuoso.ade.simulationMonitor] - Time spent in licensing: elapsed = 20.5 ms. {"history": "Interactive.9.RO", "point": 2, "testname": "PD_VCO_tb_1", "cornername": "Nominal"}
[2025-11-03 12:41:04.015 +0530] [INFO] [cadence.virtuoso.ade.simulationMonitor] - Peak memory used = 392 Mbytes. {"history": "Interactive.9.RO", "point": 2, "testname": "PD_VCO_tb_1", "cornername": "Nominal"}
[2025-11-03 12:41:04.015 +0530] [PROCESS] [cadence.virtuoso.ade.simulationMonitor] - Simulation started at: 12:40:39 PM, Mon Nov 3, 2025, ended at: 12:41:03 PM, Mon Nov 3, 2025, with elapsed time (wall clock): 23.9 s. {"history": "Interactive.9.RO", "point": 2, "testname": "PD_VCO_tb_1", "cornername": "Nominal"}
[2025-11-03 12:41:04.016 +0530] [PROCESS] [cadence.virtuoso.ade.simulationMonitor] - spectre completes with 0 errors, 0 warnings, and 7 notices. {"history": "Interactive.9.RO", "point": 2, "testname": "PD_VCO_tb_1", "cornername": "Nominal"}
[2025-11-03 12:41:04.016 +0530] [PROCESS] [cadence.virtuoso.ade.simulationMonitor] - Finished simulating for one point {"hostname": "cad13", "processid": 40586, "history": "Interactive.9.RO", "testname": "PD_VCO_tb_1", "cornername": "Nominal", "point": 2, "logfile": "/home/vlsi/Desktop/PLL_NEW/logs_vlsi/logs0/Job6.log", "simid": "6"}
[2025-11-03 12:41:04.016 +0530] [PROCESS] [cadence.virtuoso.ade.simulationMonitor] - Simulator exited {"hostname": "cad13", "processid": 40586, "history": "Interactive.9.RO", "testname": "PD_VCO_tb_1", "cornername": "Nominal", "point": 2, "logfile": "/home/vlsi/Desktop/PLL_NEW/logs_vlsi/logs0/Job6.log", "exitStatus": "0"}
[2025-11-03 12:41:04.016 +0530] [PROCESS] [cadence.virtuoso.ade.simulationMonitor] - Finished Simulation {"hostname": "cad13", "processid": 40586, "history": "Interactive.9.RO", "testname": "PD_VCO_tb_1", "cornername": "Nominal", "point": 2, "logfile": "/home/vlsi/Desktop/PLL_NEW/logs_vlsi/logs0/Job6.log", "simid": "6"}
[2025-11-03 12:41:04.519 +0530] [PROCESS] [cadence.virtuoso.ade.simulationMonitor] - Point Finished {"hostname": "cad13", "processid": 40586, "history": "Interactive.9.RO", "testname": "PD_VCO_tb_1", "cornername": "Nominal", "point": 2, "logfile": "/home/vlsi/Desktop/PLL_NEW/logs_vlsi/logs0/Job6.log"}
[2025-11-03 12:41:04.581 +0530] [PROCESS] [cadence.virtuoso.ade.simulationMonitor] - Padding test token found for runId '5', Linger time '300', currentRunSyn '10', currentTestSyn '10' {"hostname": "cad13", "processid": 40586, "history": "Interactive.9.RO", "testname": "PD_VCO_tb_1", "cornername": "Nominal", "point": 2, "logfile": "/home/vlsi/Desktop/PLL_NEW/logs_vlsi/logs0/Job6.log"}
[2025-11-03 12:41:04.581 +0530] [PROCESS] [cadence.virtuoso.ade.simulationMonitor] - HostInfo:
Host name (type):	cad13 (x86_64)
Operating system:	Linux 4.18.0-425.3.1.el8.x86_64 #1 SMP Fri Sep 30 11:45:06 EDT 2022 {"hostname": "cad13", "processid": 40586, "history": "Interactive.9.RO", "testname": "PD_VCO_tb_1", "cornername": "Nominal", "point": 2, "logfile": "/home/vlsi/Desktop/PLL_NEW/logs_vlsi/logs0/Job6.log", "nodename": "cad13", "domainname": "(none)", "machine": "x86_64", "sysname": "Linux", "release": "4.18.0-425.3.1.el8.x86_64", "version": "#1 SMP Fri Sep 30 11:45:06 EDT 2022"}
[2025-11-03 12:41:04.582 +0530] [PROCESS] [cadence.virtuoso.ade.simulationMonitor] - UsageInfo:
pid=40586
totalPhysicalMemory=15.336876GB,Used=9.789410GB,totalVirtualMemory=47.336872GB,Used=9.789410GB
Cpu: Cores=28, Load average:0.800000,0.520000,0.440000 {"hostname": "cad13", "processid": 40586, "history": "Interactive.9.RO", "testname": "PD_VCO_tb_1", "cornername": "Nominal", "point": 2, "logfile": "/home/vlsi/Desktop/PLL_NEW/logs_vlsi/logs0/Job6.log", "pid": "40586", "totalPhysicalMemory": "15.336876", "physicalMemoryUsed": "9.789410", "totalVirtualMemory": "47.336872", "virtualMemoryUsed": "9.789410", "cpuCores": "28", "processes": "1439", "loadAverage1": "0.800000", "loadAverage5": "0.520000", "loadAverage15": "0.440000", "loadAverage1Percent": "0.028571"}
[2025-11-03 12:41:04.582 +0530] [EVENT] [cadence.virtuoso.ade.simulationMonitor] - NewPoint {"history": "Interactive.9.RO", "point": 3, "testname": "PD_VCO_tb_1", "cornername": "Nominal", "event": "NewPoint", "EventSource": "Simulation Monitor", "HistoryName": "Interactive.9.RO", "logFile": "/home/vlsi/Desktop/PLL_NEW/logs_vlsi/logs0/Job6.log", "logFileSize": "59624"}
[2025-11-03 12:41:04.682 +0530] [EVENT] [cadence.virtuoso.ade.simulationMonitor] - NewPoint {"history": "Interactive.9.RO", "point": 3, "testname": "PD_VCO_tb_1", "cornername": "Nominal", "event": "NewPoint", "EventSource": "spectre", "HistoryName": "Interactive.9.RO", "logFile": "/home/vlsi/simulation/PD/VCO_tb/maestro/results/maestro/Interactive.9.RO/3/PD_VCO_tb_1/psf/spectre.out", "logFileSize": "-1"}
[2025-11-03 12:41:04.685 +0530] [PROCESS] [cadence.virtuoso.ade.simulationMonitor] - Simulator launched {"hostname": "cad13", "processid": 40586, "history": "Interactive.9.RO", "testname": "PD_VCO_tb_1", "cornername": "Nominal", "point": 3, "logfile": "/home/vlsi/Desktop/PLL_NEW/logs_vlsi/logs0/Job6.log", "simid": "7"}
[2025-11-03 12:41:04.685 +0530] [PROCESS] [cadence.virtuoso.ade.simulationMonitor] - Started Simulation {"hostname": "cad13", "processid": 40586, "history": "Interactive.9.RO", "testname": "PD_VCO_tb_1", "cornername": "Nominal", "point": 3, "logfile": "/home/vlsi/Desktop/PLL_NEW/logs_vlsi/logs0/Job6.log", "event": "started", "task": "simulation"}
[2025-11-03 12:41:05.185 +0530] [INFO] [cadence.virtuoso.ade.simulationMonitor] - Peak resident memory used = 160 Mbytes. {"history": "Interactive.9.RO", "point": 3, "testname": "PD_VCO_tb_1", "cornername": "Nominal"}
[2025-11-03 12:41:05.185 +0530] [INFO] [cadence.virtuoso.ade.simulationMonitor] - Peak resident memory used = 172 Mbytes. {"history": "Interactive.9.RO", "point": 3, "testname": "PD_VCO_tb_1", "cornername": "Nominal"}
[2025-11-03 12:41:05.185 +0530] [INFO] [cadence.virtuoso.ade.simulationMonitor] - Notice from spectre during hierarchy flattening.
    The value 'psf' specified for the 'checklimitdest' option will no longer be supported in future releases. Use 'spectre -h' to see other recommended values for the 'checklimitdest' option. {"history": "Interactive.9.RO", "point": 3, "testname": "PD_VCO_tb_1", "cornername": "Nominal"}
[2025-11-03 12:41:05.185 +0530] [INFO] [cadence.virtuoso.ade.simulationMonitor] - Peak resident memory used = 174 Mbytes. {"history": "Interactive.9.RO", "point": 3, "testname": "PD_VCO_tb_1", "cornername": "Nominal"}
[2025-11-03 12:41:05.185 +0530] [INFO] [cadence.virtuoso.ade.simulationMonitor] - Notice from spectre during initial setup.
    Multithreading is disabled due to the size of the design being too small. {"history": "Interactive.9.RO", "point": 3, "testname": "PD_VCO_tb_1", "cornername": "Nominal"}
[2025-11-03 12:41:05.186 +0530] [INFO] [cadence.virtuoso.ade.simulationMonitor] -               nodes 47 {"history": "Interactive.9.RO", "point": 3, "testname": "PD_VCO_tb_1", "cornername": "Nominal"}
[2025-11-03 12:41:05.186 +0530] [INFO] [cadence.virtuoso.ade.simulationMonitor] - Notice from spectre during initial setup.
    APS enabled. {"history": "Interactive.9.RO", "point": 3, "testname": "PD_VCO_tb_1", "cornername": "Nominal"}
[2025-11-03 12:41:05.686 +0530] [INFO] [cadence.virtuoso.ade.simulationMonitor] - Peak resident memory used = 176 Mbytes. {"history": "Interactive.9.RO", "point": 3, "testname": "PD_VCO_tb_1", "cornername": "Nominal"}
[2025-11-03 12:41:05.686 +0530] [INFO] [cadence.virtuoso.ade.simulationMonitor] -    -   (APS) Multi-threading. The recommended number of threads is 1, consider adding +mt=1 on command line. {"history": "Interactive.9.RO", "point": 3, "testname": "PD_VCO_tb_1", "cornername": "Nominal"}
[2025-11-03 12:41:05.686 +0530] [INFO] [cadence.virtuoso.ade.simulationMonitor] - Notice from spectre during IC analysis, during transient analysis `tran'.
    There are 1 IC nodes defined. {"history": "Interactive.9.RO", "point": 3, "testname": "PD_VCO_tb_1", "cornername": "Nominal"}
[2025-11-03 12:41:05.686 +0530] [INFO] [cadence.virtuoso.ade.simulationMonitor] - Notice from spectre during IC analysis, during transient analysis `tran'.
    Initial condition computed for node I0.net3 is in error by 31.5482 uV.
        Decrease `rforce' to reduce error in computed initial conditions.  However, setting rforce too small may result in convergence difficulties or in the matrix becoming singular. {"history": "Interactive.9.RO", "point": 3, "testname": "PD_VCO_tb_1", "cornername": "Nominal"}
[2025-11-03 12:41:05.686 +0530] [INFO] [cadence.virtuoso.ade.simulationMonitor] - Notice from spectre during transient analysis `tran'.
    Multithreading is disabled due to the size of the design being too small. {"history": "Interactive.9.RO", "point": 3, "testname": "PD_VCO_tb_1", "cornername": "Nominal"}
[2025-11-03 12:41:14.224 +0530] [PROCESS] [cadence.virtuoso.ade.simulationMonitor] - Simulation cancelled {"hostname": "cad13", "processid": 40586, "history": "Interactive.9.RO", "testname": "PD_VCO_tb_1", "cornername": "Nominal", "point": 3, "logfile": "/home/vlsi/Desktop/PLL_NEW/logs_vlsi/logs0/Job6.log"}
[2025-11-03 12:41:14.225 +0530] [INFO] [cadence.virtuoso.ade.simulationMonitor] - SimulationMonitor has terminated the spectre process '50539', reason: 'the simulation point gets cancelled by GUI' {"history": "Interactive.9.RO", "point": 3, "testname": "PD_VCO_tb_1", "cornername": "Nominal"}
[2025-11-03 12:41:14.291 +0530] [PROCESS] [cadence.virtuoso.ade.simulationMonitor] - Finished simulating for one point {"hostname": "cad13", "processid": 40586, "history": "Interactive.9.RO", "testname": "PD_VCO_tb_1", "cornername": "Nominal", "point": 3, "logfile": "/home/vlsi/Desktop/PLL_NEW/logs_vlsi/logs0/Job6.log", "simid": "7"}
[2025-11-03 12:41:14.291 +0530] [PROCESS] [cadence.virtuoso.ade.simulationMonitor] - Simulator exited {"hostname": "cad13", "processid": 40586, "history": "Interactive.9.RO", "testname": "PD_VCO_tb_1", "cornername": "Nominal", "point": 3, "logfile": "/home/vlsi/Desktop/PLL_NEW/logs_vlsi/logs0/Job6.log", "exitStatus": "0"}
[2025-11-03 12:41:14.291 +0530] [PROCESS] [cadence.virtuoso.ade.simulationMonitor] - Finished Simulation {"hostname": "cad13", "processid": 40586, "history": "Interactive.9.RO", "testname": "PD_VCO_tb_1", "cornername": "Nominal", "point": 3, "logfile": "/home/vlsi/Desktop/PLL_NEW/logs_vlsi/logs0/Job6.log", "simid": "7"}
[2025-11-03 12:41:14.294 +0530] [PROCESS] [cadence.virtuoso.ade.simulationMonitor] - Point Finished {"hostname": "cad13", "processid": 40586, "history": "Interactive.9.RO", "testname": "PD_VCO_tb_1", "cornername": "Nominal", "point": 3, "logfile": "/home/vlsi/Desktop/PLL_NEW/logs_vlsi/logs0/Job6.log"}
[2025-11-03 12:41:59.513 +0530] [PROCESS] [cadence.virtuoso.ade.simulationMonitor] - get signal Terminated<15> from user:vlsi, which pid:40583:/home/install/IC618/tools/bin/64bit/cdsServIpc {"hostname": "cad13", "processid": 40586, "history": "Interactive.9.RO", "testname": "PD_VCO_tb_1", "cornername": "Nominal", "point": 3, "logfile": "/home/vlsi/Desktop/PLL_NEW/logs_vlsi/logs0/Job6.log", "signal": "15", "signalName": "Terminated", "which": "/home/install/IC618/tools/bin/64bit/cdsServIpc", "pid": "40583", "user": "vlsi", "uid": "1000"}
[2025-11-03 12:42:00.014 +0530] [PROCESS] [cadence.virtuoso.ade.simulationMonitor] - Current memory used: 54.5703 MBytes, peak memory used: 54.5703 MBytes {"hostname": "cad13", "processid": 40586, "history": "Interactive.9.RO", "testname": "PD_VCO_tb_1", "cornername": "Nominal", "point": 3, "logfile": "/home/vlsi/Desktop/PLL_NEW/logs_vlsi/logs0/Job6.log"}
[2025-11-03 12:42:00.014 +0530] [PROCESS] [cadence.virtuoso.ade.simulationMonitor] - Simulation Monitor process exit. {"hostname": "cad13", "processid": 40586, "history": "Interactive.9.RO", "testname": "PD_VCO_tb_1", "cornername": "Nominal", "point": 3, "logfile": "/home/vlsi/Desktop/PLL_NEW/logs_vlsi/logs0/Job6.log"}
