[Simulation Monitor: 9]
[2025-11-21 11:48:40.278 +0530] [PROCESS] [cadence.virtuoso.ade.simulationMonitor] - Simulation Monitor has successfully started up. Trying to set up communication channels to other components ... {"hostname": "cad13", "processid": 118678, "logfile": "/home/vlsi/Desktop/PLL_NEW/logs_vlsi/logs0/Job9.log"}
[2025-11-21 11:48:40.278 +0530] [PROCESS] [cadence.virtuoso.ade.simulationMonitor] - Communication channels have been successfully set up. Start processing events ... {"hostname": "cad13", "processid": 118678, "logfile": "/home/vlsi/Desktop/PLL_NEW/logs_vlsi/logs0/Job9.log"}
[2025-11-21 11:48:40.278 +0530] [PROCESS] [cadence.virtuoso.ade.simulationMonitor] - Considering to start history {"hostname": "cad13", "processid": 118678, "history": "ExplorerRun.0", "logfile": "/home/vlsi/Desktop/PLL_NEW/logs_vlsi/logs0/Job9.log"}
[2025-11-21 11:48:40.279 +0530] [PROCESS] [cadence.virtuoso.ade.simulationMonitor] - HostInfo:
Host name (type):	cad13 (x86_64)
Operating system:	Linux 4.18.0-425.3.1.el8.x86_64 #1 SMP Fri Sep 30 11:45:06 EDT 2022 {"hostname": "cad13", "processid": 118678, "history": "ExplorerRun.0", "logfile": "/home/vlsi/Desktop/PLL_NEW/logs_vlsi/logs0/Job9.log", "nodename": "cad13", "domainname": "(none)", "machine": "x86_64", "sysname": "Linux", "release": "4.18.0-425.3.1.el8.x86_64", "version": "#1 SMP Fri Sep 30 11:45:06 EDT 2022"}
[2025-11-21 11:48:40.279 +0530] [PROCESS] [cadence.virtuoso.ade.simulationMonitor] - UsageInfo:
pid=118678
totalPhysicalMemory=15.336876GB,Used=7.734665GB,totalVirtualMemory=47.336872GB,Used=7.734665GB
Cpu: Cores=28, Load average:0.160000,0.160000,0.410000 {"hostname": "cad13", "processid": 118678, "history": "ExplorerRun.0", "logfile": "/home/vlsi/Desktop/PLL_NEW/logs_vlsi/logs0/Job9.log", "pid": "118678", "totalPhysicalMemory": "15.336876", "physicalMemoryUsed": "7.734665", "totalVirtualMemory": "47.336872", "virtualMemoryUsed": "7.734665", "cpuCores": "28", "processes": "1083", "loadAverage1": "0.160000", "loadAverage5": "0.160000", "loadAverage15": "0.410000", "loadAverage1Percent": "0.005714"}
[2025-11-21 11:48:40.280 +0530] [EVENT] [cadence.virtuoso.ade.simulationMonitor] - NewPoint {"history": "ExplorerRun.0", "point": 1, "testname": "PD_VCO_tb_1", "cornername": "Nominal", "event": "NewPoint", "EventSource": "Simulation Monitor", "HistoryName": "ExplorerRun.0", "logFile": "/home/vlsi/Desktop/PLL_NEW/logs_vlsi/logs0/Job9.log", "logFileSize": "2092"}
[2025-11-21 11:48:40.380 +0530] [EVENT] [cadence.virtuoso.ade.simulationMonitor] - NewPoint {"history": "ExplorerRun.0", "point": 1, "testname": "PD_VCO_tb_1", "cornername": "Nominal", "event": "NewPoint", "EventSource": "spectre", "HistoryName": "ExplorerRun.0", "logFile": "/home/vlsi/simulation/PD/VCO_tb/maestro/results/maestro/ExplorerRun.0/1/PD_VCO_tb_1/psf/spectre.out", "logFileSize": "-1"}
[2025-11-21 11:48:40.391 +0530] [PROCESS] [cadence.virtuoso.ade.simulationMonitor] - Simulator launched {"hostname": "cad13", "processid": 118678, "history": "ExplorerRun.0", "testname": "PD_VCO_tb_1", "cornername": "Nominal", "point": 1, "logfile": "/home/vlsi/Desktop/PLL_NEW/logs_vlsi/logs0/Job9.log", "simid": "1"}
[2025-11-21 11:48:40.391 +0530] [PROCESS] [cadence.virtuoso.ade.simulationMonitor] - Expression evaluator launched {"hostname": "cad13", "processid": 118678, "history": "ExplorerRun.0", "testname": "PD_VCO_tb_1", "cornername": "Nominal", "point": 1, "logfile": "/home/vlsi/Desktop/PLL_NEW/logs_vlsi/logs0/Job9.log"}
[2025-11-21 11:48:40.394 +0530] [PROCESS] [cadence.virtuoso.ade.simulationMonitor] - Started Simulation {"hostname": "cad13", "processid": 118678, "history": "ExplorerRun.0", "testname": "PD_VCO_tb_1", "cornername": "Nominal", "point": 1, "logfile": "/home/vlsi/Desktop/PLL_NEW/logs_vlsi/logs0/Job9.log", "event": "started", "task": "simulation"}
[2025-11-21 11:48:40.895 +0530] [INFO] [cadence.virtuoso.ade.simulationMonitor] - Peak resident memory used = 152 Mbytes. {"history": "ExplorerRun.0", "point": 1, "testname": "PD_VCO_tb_1", "cornername": "Nominal"}
[2025-11-21 11:48:40.895 +0530] [INFO] [cadence.virtuoso.ade.simulationMonitor] - Peak resident memory used = 165 Mbytes. {"history": "ExplorerRun.0", "point": 1, "testname": "PD_VCO_tb_1", "cornername": "Nominal"}
[2025-11-21 11:48:40.895 +0530] [INFO] [cadence.virtuoso.ade.simulationMonitor] - Notice from spectre during hierarchy flattening.
    The value 'psf' specified for the 'checklimitdest' option will no longer be supported in future releases. Use 'spectre -h' to see other recommended values for the 'checklimitdest' option. {"history": "ExplorerRun.0", "point": 1, "testname": "PD_VCO_tb_1", "cornername": "Nominal"}
[2025-11-21 11:48:40.895 +0530] [INFO] [cadence.virtuoso.ade.simulationMonitor] - Peak resident memory used = 167 Mbytes. {"history": "ExplorerRun.0", "point": 1, "testname": "PD_VCO_tb_1", "cornername": "Nominal"}
[2025-11-21 11:48:40.895 +0530] [INFO] [cadence.virtuoso.ade.simulationMonitor] - Notice from spectre during initial setup.
    Multithreading is disabled due to the size of the design being too small. {"history": "ExplorerRun.0", "point": 1, "testname": "PD_VCO_tb_1", "cornername": "Nominal"}
[2025-11-21 11:48:40.895 +0530] [INFO] [cadence.virtuoso.ade.simulationMonitor] -               nodes 48 {"history": "ExplorerRun.0", "point": 1, "testname": "PD_VCO_tb_1", "cornername": "Nominal"}
[2025-11-21 11:48:40.895 +0530] [INFO] [cadence.virtuoso.ade.simulationMonitor] - Notice from spectre during initial setup.
    APS enabled. {"history": "ExplorerRun.0", "point": 1, "testname": "PD_VCO_tb_1", "cornername": "Nominal"}
[2025-11-21 11:48:41.395 +0530] [INFO] [cadence.virtuoso.ade.simulationMonitor] - Peak resident memory used = 169 Mbytes. {"history": "ExplorerRun.0", "point": 1, "testname": "PD_VCO_tb_1", "cornername": "Nominal"}
[2025-11-21 11:48:41.396 +0530] [INFO] [cadence.virtuoso.ade.simulationMonitor] -    -   (APS) Multi-threading. The recommended number of threads is 1, consider adding +mt=1 on command line. {"history": "ExplorerRun.0", "point": 1, "testname": "PD_VCO_tb_1", "cornername": "Nominal"}
[2025-11-21 11:48:41.396 +0530] [INFO] [cadence.virtuoso.ade.simulationMonitor] - Notice from spectre during IC analysis, during transient analysis `tran'.
    There are 1 IC nodes defined. {"history": "ExplorerRun.0", "point": 1, "testname": "PD_VCO_tb_1", "cornername": "Nominal"}
[2025-11-21 11:48:41.396 +0530] [INFO] [cadence.virtuoso.ade.simulationMonitor] - Notice from spectre during IC analysis, during transient analysis `tran'.
    Bad pivoting is found during DC analysis. Option dc_pivot_check=yes is recommended for possible improvement of convergence.
    Initial condition computed for node vout is in error by 2.10022 uV.
        Decrease `rforce' to reduce error in computed initial conditions.  However, setting rforce too small may result in convergence difficulties or in the matrix becoming singular. {"history": "ExplorerRun.0", "point": 1, "testname": "PD_VCO_tb_1", "cornername": "Nominal"}
[2025-11-21 11:48:41.396 +0530] [INFO] [cadence.virtuoso.ade.simulationMonitor] - Notice from spectre during transient analysis `tran'.
    Multithreading is disabled due to the size of the design being too small. {"history": "ExplorerRun.0", "point": 1, "testname": "PD_VCO_tb_1", "cornername": "Nominal"}
[2025-11-21 11:48:48.430 +0530] [INFO] [cadence.virtuoso.ade.simulationMonitor] - Total time required for tran analysis `tran': CPU = 7.32007 s, elapsed = 7.35904 s, util. = 99.5%. {"history": "ExplorerRun.0", "point": 1, "testname": "PD_VCO_tb_1", "cornername": "Nominal"}
[2025-11-21 11:48:48.430 +0530] [INFO] [cadence.virtuoso.ade.simulationMonitor] - Peak resident memory used = 410 Mbytes. {"history": "ExplorerRun.0", "point": 1, "testname": "PD_VCO_tb_1", "cornername": "Nominal"}
[2025-11-21 11:48:48.430 +0530] [INFO] [cadence.virtuoso.ade.simulationMonitor] - Notice from spectre.
    Multithreading is disabled due to the size of the design being too small. {"history": "ExplorerRun.0", "point": 1, "testname": "PD_VCO_tb_1", "cornername": "Nominal"}
[2025-11-21 11:48:48.931 +0530] [INFO] [cadence.virtuoso.ade.simulationMonitor] - Notice from spectre during IC analysis, during periodic steady state analysis `pss'.
    There are 1 IC nodes defined. {"history": "ExplorerRun.0", "point": 1, "testname": "PD_VCO_tb_1", "cornername": "Nominal"}
[2025-11-21 11:48:48.931 +0530] [INFO] [cadence.virtuoso.ade.simulationMonitor] - Notice from spectre during IC analysis, during periodic steady state analysis `pss'.
    Bad pivoting is found during DC analysis. Option dc_pivot_check=yes is recommended for possible improvement of convergence.
    Initial condition computed for node vout is in error by 2.10022 uV.
        Decrease `rforce' to reduce error in computed initial conditions.  However, setting rforce too small may result in convergence difficulties or in the matrix becoming singular. {"history": "ExplorerRun.0", "point": 1, "testname": "PD_VCO_tb_1", "cornername": "Nominal"}
[2025-11-21 11:49:18.109 +0530] [INFO] [cadence.virtuoso.ade.simulationMonitor] - Total time required for tstab analysis `pss': CPU = 29.3343 s, elapsed = 29.3927 s. {"history": "ExplorerRun.0", "point": 1, "testname": "PD_VCO_tb_1", "cornername": "Nominal"}
[2025-11-21 11:49:18.109 +0530] [INFO] [cadence.virtuoso.ade.simulationMonitor] - Peak resident memory used = 411 Mbytes. {"history": "ExplorerRun.0", "point": 1, "testname": "PD_VCO_tb_1", "cornername": "Nominal"}
[2025-11-21 11:49:18.110 +0530] [INFO] [cadence.virtuoso.ade.simulationMonitor] - Total time required for pss analysis `pss': CPU = 29.4412 s, elapsed = 29.589 s, util. = 99.5%. {"history": "ExplorerRun.0", "point": 1, "testname": "PD_VCO_tb_1", "cornername": "Nominal"}
[2025-11-21 11:49:18.110 +0530] [INFO] [cadence.virtuoso.ade.simulationMonitor] - Peak resident memory used = 411 Mbytes. {"history": "ExplorerRun.0", "point": 1, "testname": "PD_VCO_tb_1", "cornername": "Nominal"}
[2025-11-21 11:49:18.110 +0530] [INFO] [cadence.virtuoso.ade.simulationMonitor] - Notice from spectre during PSTB analysis `pstb'.
    Multithreading is disabled due to the size of the design being too small. {"history": "ExplorerRun.0", "point": 1, "testname": "PD_VCO_tb_1", "cornername": "Nominal"}
[2025-11-21 11:49:18.611 +0530] [INFO] [cadence.virtuoso.ade.simulationMonitor] - Notice from spectre at freq = 10 GHz during PSTB analysis `pstb'.
    Gain(dB)is always less than zero. The loop is always stable. No gain margin or phase margin. {"history": "ExplorerRun.0", "point": 1, "testname": "PD_VCO_tb_1", "cornername": "Nominal"}
[2025-11-21 11:49:18.611 +0530] [INFO] [cadence.virtuoso.ade.simulationMonitor] - Total time required for pstb analysis `pstb': CPU = 248.05 ms, elapsed = 374.585 ms, util. = 66.2%. {"history": "ExplorerRun.0", "point": 1, "testname": "PD_VCO_tb_1", "cornername": "Nominal"}
[2025-11-21 11:49:18.611 +0530] [INFO] [cadence.virtuoso.ade.simulationMonitor] - Peak resident memory used = 412 Mbytes. {"history": "ExplorerRun.0", "point": 1, "testname": "PD_VCO_tb_1", "cornername": "Nominal"}
[2025-11-21 11:49:18.611 +0530] [INFO] [cadence.virtuoso.ade.simulationMonitor] - Notice from spectre during PNoise analysis `pnoise'.
    Multithreading is disabled due to the size of the design being too small.
    Use full spectrum for normal noise analysis.
    MaxSideband for colored noise sources (e.g. 1/f-noise) is not set, automatically  set it to 3. {"history": "ExplorerRun.0", "point": 1, "testname": "PD_VCO_tb_1", "cornername": "Nominal"}
[2025-11-21 11:49:19.612 +0530] [INFO] [cadence.virtuoso.ade.simulationMonitor] - Total time required for pnoise analysis `pnoise': CPU = 1.0659 s, elapsed = 628.314 ms, util. = 170%. {"history": "ExplorerRun.0", "point": 1, "testname": "PD_VCO_tb_1", "cornername": "Nominal"}
[2025-11-21 11:49:19.612 +0530] [INFO] [cadence.virtuoso.ade.simulationMonitor] - Peak resident memory used = 412 Mbytes. {"history": "ExplorerRun.0", "point": 1, "testname": "PD_VCO_tb_1", "cornername": "Nominal"}
[2025-11-21 11:49:20.636 +0530] [INFO] [cadence.virtuoso.ade.simulationMonitor] - Time used: CPU = 38.5 s, elapsed = 39.6 s, util. = 97.1%. {"history": "ExplorerRun.0", "point": 1, "testname": "PD_VCO_tb_1", "cornername": "Nominal"}
[2025-11-21 11:49:20.636 +0530] [INFO] [cadence.virtuoso.ade.simulationMonitor] - Time spent in licensing: elapsed = 36.9 ms. {"history": "ExplorerRun.0", "point": 1, "testname": "PD_VCO_tb_1", "cornername": "Nominal"}
[2025-11-21 11:49:20.636 +0530] [INFO] [cadence.virtuoso.ade.simulationMonitor] - Peak memory used = 413 Mbytes. {"history": "ExplorerRun.0", "point": 1, "testname": "PD_VCO_tb_1", "cornername": "Nominal"}
[2025-11-21 11:49:20.637 +0530] [PROCESS] [cadence.virtuoso.ade.simulationMonitor] - Simulation started at: 11:48:40 AM, Fri Nov 21, 2025, ended at: 11:49:20 AM, Fri Nov 21, 2025, with elapsed time (wall clock): 39.6 s. {"history": "ExplorerRun.0", "point": 1, "testname": "PD_VCO_tb_1", "cornername": "Nominal"}
[2025-11-21 11:49:20.637 +0530] [PROCESS] [cadence.virtuoso.ade.simulationMonitor] - spectre completes with 0 errors, 0 warnings, and 17 notices. {"history": "ExplorerRun.0", "point": 1, "testname": "PD_VCO_tb_1", "cornername": "Nominal"}
[2025-11-21 11:49:20.637 +0530] [PROCESS] [cadence.virtuoso.ade.simulationMonitor] - Finished simulating for one point {"hostname": "cad13", "processid": 118678, "history": "ExplorerRun.0", "testname": "PD_VCO_tb_1", "cornername": "Nominal", "point": 1, "logfile": "/home/vlsi/Desktop/PLL_NEW/logs_vlsi/logs0/Job9.log", "simid": "1"}
[2025-11-21 11:49:20.637 +0530] [PROCESS] [cadence.virtuoso.ade.simulationMonitor] - Simulator exited {"hostname": "cad13", "processid": 118678, "history": "ExplorerRun.0", "testname": "PD_VCO_tb_1", "cornername": "Nominal", "point": 1, "logfile": "/home/vlsi/Desktop/PLL_NEW/logs_vlsi/logs0/Job9.log", "exitStatus": "0"}
[2025-11-21 11:49:20.637 +0530] [PROCESS] [cadence.virtuoso.ade.simulationMonitor] - Finished Simulation {"hostname": "cad13", "processid": 118678, "history": "ExplorerRun.0", "testname": "PD_VCO_tb_1", "cornername": "Nominal", "point": 1, "logfile": "/home/vlsi/Desktop/PLL_NEW/logs_vlsi/logs0/Job9.log", "simid": "1"}
[2025-11-21 11:49:21.140 +0530] [PROCESS] [cadence.virtuoso.ade.simulationMonitor] - Point Finished {"hostname": "cad13", "processid": 118678, "history": "ExplorerRun.0", "testname": "PD_VCO_tb_1", "cornername": "Nominal", "point": 1, "logfile": "/home/vlsi/Desktop/PLL_NEW/logs_vlsi/logs0/Job9.log"}
[2025-11-21 11:52:21.142 +0530] [INFO] [cadence.virtuoso.ade.simulationMonitor] - SimulationMonitor has terminated the vds process '118780', reason: 'Force to stop the expression evalutor process because of new run' {"history": "ExplorerRun.0", "point": 1, "testname": "PD_VCO_tb_1", "cornername": "Nominal"}
[2025-11-21 11:52:21.142 +0530] [PROCESS] [cadence.virtuoso.ade.simulationMonitor] - HostInfo:
Host name (type):	cad13 (x86_64)
Operating system:	Linux 4.18.0-425.3.1.el8.x86_64 #1 SMP Fri Sep 30 11:45:06 EDT 2022 {"hostname": "cad13", "processid": 118678, "history": "ExplorerRun.0", "testname": "PD_VCO_tb_1", "cornername": "Nominal", "point": 1, "logfile": "/home/vlsi/Desktop/PLL_NEW/logs_vlsi/logs0/Job9.log", "nodename": "cad13", "domainname": "(none)", "machine": "x86_64", "sysname": "Linux", "release": "4.18.0-425.3.1.el8.x86_64", "version": "#1 SMP Fri Sep 30 11:45:06 EDT 2022"}
[2025-11-21 11:52:21.142 +0530] [PROCESS] [cadence.virtuoso.ade.simulationMonitor] - UsageInfo:
pid=118678
totalPhysicalMemory=15.336876GB,Used=7.759129GB,totalVirtualMemory=47.336872GB,Used=7.759129GB
Cpu: Cores=28, Load average:0.140000,0.260000,0.410000 {"hostname": "cad13", "processid": 118678, "history": "ExplorerRun.0", "testname": "PD_VCO_tb_1", "cornername": "Nominal", "point": 1, "logfile": "/home/vlsi/Desktop/PLL_NEW/logs_vlsi/logs0/Job9.log", "pid": "118678", "totalPhysicalMemory": "15.336876", "physicalMemoryUsed": "7.759129", "totalVirtualMemory": "47.336872", "virtualMemoryUsed": "7.759129", "cpuCores": "28", "processes": "1088", "loadAverage1": "0.140000", "loadAverage5": "0.260000", "loadAverage15": "0.410000", "loadAverage1Percent": "0.005000"}
[2025-11-21 11:52:21.142 +0530] [EVENT] [cadence.virtuoso.ade.simulationMonitor] - NewPoint {"history": "ExplorerRun.0", "point": 1, "testname": "PD_VCO_tb_1", "cornername": "Nominal", "event": "NewPoint", "EventSource": "Simulation Monitor", "HistoryName": "ExplorerRun.0", "logFile": "/home/vlsi/Desktop/PLL_NEW/logs_vlsi/logs0/Job9.log", "logFileSize": "14571"}
[2025-11-21 11:52:21.243 +0530] [EVENT] [cadence.virtuoso.ade.simulationMonitor] - NewPoint {"history": "ExplorerRun.0", "point": 1, "testname": "PD_VCO_tb_1", "cornername": "Nominal", "event": "NewPoint", "EventSource": "spectre", "HistoryName": "ExplorerRun.0", "logFile": "/home/vlsi/simulation/PD/VCO_tb/maestro/results/maestro/ExplorerRun.0/1/PD_VCO_tb_1/psf/spectre.out", "logFileSize": "-1"}
[2025-11-21 11:52:21.245 +0530] [PROCESS] [cadence.virtuoso.ade.simulationMonitor] - Simulator launched {"hostname": "cad13", "processid": 118678, "history": "ExplorerRun.0", "testname": "PD_VCO_tb_1", "cornername": "Nominal", "point": 1, "logfile": "/home/vlsi/Desktop/PLL_NEW/logs_vlsi/logs0/Job9.log", "simid": "2"}
[2025-11-21 11:52:21.246 +0530] [PROCESS] [cadence.virtuoso.ade.simulationMonitor] - Expression evaluator launched {"hostname": "cad13", "processid": 118678, "history": "ExplorerRun.0", "testname": "PD_VCO_tb_1", "cornername": "Nominal", "point": 1, "logfile": "/home/vlsi/Desktop/PLL_NEW/logs_vlsi/logs0/Job9.log"}
[2025-11-21 11:52:21.249 +0530] [PROCESS] [cadence.virtuoso.ade.simulationMonitor] - Started Simulation {"hostname": "cad13", "processid": 118678, "history": "ExplorerRun.0", "testname": "PD_VCO_tb_1", "cornername": "Nominal", "point": 1, "logfile": "/home/vlsi/Desktop/PLL_NEW/logs_vlsi/logs0/Job9.log", "event": "started", "task": "simulation"}
[2025-11-21 11:52:21.749 +0530] [INFO] [cadence.virtuoso.ade.simulationMonitor] - Peak resident memory used = 154 Mbytes. {"history": "ExplorerRun.0", "point": 1, "testname": "PD_VCO_tb_1", "cornername": "Nominal"}
[2025-11-21 11:52:21.749 +0530] [INFO] [cadence.virtuoso.ade.simulationMonitor] - Peak resident memory used = 168 Mbytes. {"history": "ExplorerRun.0", "point": 1, "testname": "PD_VCO_tb_1", "cornername": "Nominal"}
[2025-11-21 11:52:21.750 +0530] [INFO] [cadence.virtuoso.ade.simulationMonitor] - Notice from spectre during hierarchy flattening.
    The value 'psf' specified for the 'checklimitdest' option will no longer be supported in future releases. Use 'spectre -h' to see other recommended values for the 'checklimitdest' option. {"history": "ExplorerRun.0", "point": 1, "testname": "PD_VCO_tb_1", "cornername": "Nominal"}
[2025-11-21 11:52:21.750 +0530] [INFO] [cadence.virtuoso.ade.simulationMonitor] - Peak resident memory used = 169 Mbytes. {"history": "ExplorerRun.0", "point": 1, "testname": "PD_VCO_tb_1", "cornername": "Nominal"}
[2025-11-21 11:52:21.750 +0530] [INFO] [cadence.virtuoso.ade.simulationMonitor] - Notice from spectre during initial setup.
    Multithreading is disabled due to the size of the design being too small. {"history": "ExplorerRun.0", "point": 1, "testname": "PD_VCO_tb_1", "cornername": "Nominal"}
[2025-11-21 11:52:21.750 +0530] [INFO] [cadence.virtuoso.ade.simulationMonitor] -               nodes 48 {"history": "ExplorerRun.0", "point": 1, "testname": "PD_VCO_tb_1", "cornername": "Nominal"}
[2025-11-21 11:52:21.750 +0530] [INFO] [cadence.virtuoso.ade.simulationMonitor] - Notice from spectre during initial setup.
    APS enabled. {"history": "ExplorerRun.0", "point": 1, "testname": "PD_VCO_tb_1", "cornername": "Nominal"}
[2025-11-21 11:52:22.251 +0530] [INFO] [cadence.virtuoso.ade.simulationMonitor] - Peak resident memory used = 172 Mbytes. {"history": "ExplorerRun.0", "point": 1, "testname": "PD_VCO_tb_1", "cornername": "Nominal"}
[2025-11-21 11:52:22.251 +0530] [INFO] [cadence.virtuoso.ade.simulationMonitor] -    -   (APS) Multi-threading. The recommended number of threads is 1, consider adding +mt=1 on command line. {"history": "ExplorerRun.0", "point": 1, "testname": "PD_VCO_tb_1", "cornername": "Nominal"}
[2025-11-21 11:52:22.251 +0530] [INFO] [cadence.virtuoso.ade.simulationMonitor] - Notice from spectre during IC analysis, during transient analysis `tran'.
    There are 1 IC nodes defined. {"history": "ExplorerRun.0", "point": 1, "testname": "PD_VCO_tb_1", "cornername": "Nominal"}
[2025-11-21 11:52:22.251 +0530] [INFO] [cadence.virtuoso.ade.simulationMonitor] - Notice from spectre during IC analysis, during transient analysis `tran'.
    Bad pivoting is found during DC analysis. Option dc_pivot_check=yes is recommended for possible improvement of convergence.
    Initial condition computed for node vout is in error by 2.10022 uV.
        Decrease `rforce' to reduce error in computed initial conditions.  However, setting rforce too small may result in convergence difficulties or in the matrix becoming singular. {"history": "ExplorerRun.0", "point": 1, "testname": "PD_VCO_tb_1", "cornername": "Nominal"}
[2025-11-21 11:52:22.251 +0530] [INFO] [cadence.virtuoso.ade.simulationMonitor] - Notice from spectre during transient analysis `tran'.
    Multithreading is disabled due to the size of the design being too small. {"history": "ExplorerRun.0", "point": 1, "testname": "PD_VCO_tb_1", "cornername": "Nominal"}
[2025-11-21 11:52:29.286 +0530] [INFO] [cadence.virtuoso.ade.simulationMonitor] - Total time required for tran analysis `tran': CPU = 7.2816 s, elapsed = 7.30522 s, util. = 99.7%. {"history": "ExplorerRun.0", "point": 1, "testname": "PD_VCO_tb_1", "cornername": "Nominal"}
[2025-11-21 11:52:29.286 +0530] [INFO] [cadence.virtuoso.ade.simulationMonitor] - Peak resident memory used = 411 Mbytes. {"history": "ExplorerRun.0", "point": 1, "testname": "PD_VCO_tb_1", "cornername": "Nominal"}
[2025-11-21 11:52:29.287 +0530] [INFO] [cadence.virtuoso.ade.simulationMonitor] - Notice from spectre.
    Multithreading is disabled due to the size of the design being too small. {"history": "ExplorerRun.0", "point": 1, "testname": "PD_VCO_tb_1", "cornername": "Nominal"}
[2025-11-21 11:52:29.287 +0530] [INFO] [cadence.virtuoso.ade.simulationMonitor] - Notice from spectre during IC analysis, during periodic steady state analysis `pss'.
    There are 1 IC nodes defined. {"history": "ExplorerRun.0", "point": 1, "testname": "PD_VCO_tb_1", "cornername": "Nominal"}
[2025-11-21 11:52:29.287 +0530] [INFO] [cadence.virtuoso.ade.simulationMonitor] - Notice from spectre during IC analysis, during periodic steady state analysis `pss'.
    Bad pivoting is found during DC analysis. Option dc_pivot_check=yes is recommended for possible improvement of convergence.
    Initial condition computed for node vout is in error by 2.10022 uV.
        Decrease `rforce' to reduce error in computed initial conditions.  However, setting rforce too small may result in convergence difficulties or in the matrix becoming singular. {"history": "ExplorerRun.0", "point": 1, "testname": "PD_VCO_tb_1", "cornername": "Nominal"}
[2025-11-21 11:52:58.963 +0530] [INFO] [cadence.virtuoso.ade.simulationMonitor] - Total time required for tstab analysis `pss': CPU = 29.3827 s, elapsed = 29.4177 s. {"history": "ExplorerRun.0", "point": 1, "testname": "PD_VCO_tb_1", "cornername": "Nominal"}
[2025-11-21 11:52:58.963 +0530] [INFO] [cadence.virtuoso.ade.simulationMonitor] - Peak resident memory used = 411 Mbytes. {"history": "ExplorerRun.0", "point": 1, "testname": "PD_VCO_tb_1", "cornername": "Nominal"}
[2025-11-21 11:52:58.963 +0530] [INFO] [cadence.virtuoso.ade.simulationMonitor] - Total time required for pss analysis `pss': CPU = 29.4895 s, elapsed = 29.5928 s, util. = 99.7%. {"history": "ExplorerRun.0", "point": 1, "testname": "PD_VCO_tb_1", "cornername": "Nominal"}
[2025-11-21 11:52:58.963 +0530] [INFO] [cadence.virtuoso.ade.simulationMonitor] - Peak resident memory used = 411 Mbytes. {"history": "ExplorerRun.0", "point": 1, "testname": "PD_VCO_tb_1", "cornername": "Nominal"}
[2025-11-21 11:52:58.963 +0530] [INFO] [cadence.virtuoso.ade.simulationMonitor] - Notice from spectre during PSTB analysis `pstb'.
    Multithreading is disabled due to the size of the design being too small. {"history": "ExplorerRun.0", "point": 1, "testname": "PD_VCO_tb_1", "cornername": "Nominal"}
[2025-11-21 11:52:59.464 +0530] [INFO] [cadence.virtuoso.ade.simulationMonitor] - Notice from spectre at freq = 10 GHz during PSTB analysis `pstb'.
    Gain(dB)is always less than zero. The loop is always stable. No gain margin or phase margin. {"history": "ExplorerRun.0", "point": 1, "testname": "PD_VCO_tb_1", "cornername": "Nominal"}
[2025-11-21 11:52:59.464 +0530] [INFO] [cadence.virtuoso.ade.simulationMonitor] - Total time required for pstb analysis `pstb': CPU = 249.207 ms, elapsed = 299.142 ms, util. = 83.3%. {"history": "ExplorerRun.0", "point": 1, "testname": "PD_VCO_tb_1", "cornername": "Nominal"}
[2025-11-21 11:52:59.464 +0530] [INFO] [cadence.virtuoso.ade.simulationMonitor] - Peak resident memory used = 412 Mbytes. {"history": "ExplorerRun.0", "point": 1, "testname": "PD_VCO_tb_1", "cornername": "Nominal"}
[2025-11-21 11:52:59.464 +0530] [INFO] [cadence.virtuoso.ade.simulationMonitor] - Notice from spectre during PNoise analysis `pnoise'.
    Multithreading is disabled due to the size of the design being too small.
    Use full spectrum for normal noise analysis.
    MaxSideband for colored noise sources (e.g. 1/f-noise) is not set, automatically  set it to 3. {"history": "ExplorerRun.0", "point": 1, "testname": "PD_VCO_tb_1", "cornername": "Nominal"}
[2025-11-21 11:52:59.965 +0530] [INFO] [cadence.virtuoso.ade.simulationMonitor] - Total time required for pnoise analysis `pnoise': CPU = 990.024 ms, elapsed = 534.759 ms, util. = 185%. {"history": "ExplorerRun.0", "point": 1, "testname": "PD_VCO_tb_1", "cornername": "Nominal"}
[2025-11-21 11:52:59.965 +0530] [INFO] [cadence.virtuoso.ade.simulationMonitor] - Peak resident memory used = 412 Mbytes. {"history": "ExplorerRun.0", "point": 1, "testname": "PD_VCO_tb_1", "cornername": "Nominal"}
[2025-11-21 11:52:59.965 +0530] [INFO] [cadence.virtuoso.ade.simulationMonitor] - Time used: CPU = 38.4 s, elapsed = 38.4 s, util. = 99.9%. {"history": "ExplorerRun.0", "point": 1, "testname": "PD_VCO_tb_1", "cornername": "Nominal"}
[2025-11-21 11:52:59.965 +0530] [INFO] [cadence.virtuoso.ade.simulationMonitor] - Time spent in licensing: elapsed = 35.7 ms. {"history": "ExplorerRun.0", "point": 1, "testname": "PD_VCO_tb_1", "cornername": "Nominal"}
[2025-11-21 11:52:59.965 +0530] [INFO] [cadence.virtuoso.ade.simulationMonitor] - Peak memory used = 413 Mbytes. {"history": "ExplorerRun.0", "point": 1, "testname": "PD_VCO_tb_1", "cornername": "Nominal"}
[2025-11-21 11:52:59.965 +0530] [PROCESS] [cadence.virtuoso.ade.simulationMonitor] - Simulation started at: 11:52:21 AM, Fri Nov 21, 2025, ended at: 11:52:59 AM, Fri Nov 21, 2025, with elapsed time (wall clock): 38.4 s. {"history": "ExplorerRun.0", "point": 1, "testname": "PD_VCO_tb_1", "cornername": "Nominal"}
[2025-11-21 11:52:59.965 +0530] [PROCESS] [cadence.virtuoso.ade.simulationMonitor] - spectre completes with 0 errors, 0 warnings, and 17 notices. {"history": "ExplorerRun.0", "point": 1, "testname": "PD_VCO_tb_1", "cornername": "Nominal"}
[2025-11-21 11:52:59.965 +0530] [PROCESS] [cadence.virtuoso.ade.simulationMonitor] - Finished simulating for one point {"hostname": "cad13", "processid": 118678, "history": "ExplorerRun.0", "testname": "PD_VCO_tb_1", "cornername": "Nominal", "point": 1, "logfile": "/home/vlsi/Desktop/PLL_NEW/logs_vlsi/logs0/Job9.log", "simid": "2"}
[2025-11-21 11:52:59.965 +0530] [PROCESS] [cadence.virtuoso.ade.simulationMonitor] - Simulator exited {"hostname": "cad13", "processid": 118678, "history": "ExplorerRun.0", "testname": "PD_VCO_tb_1", "cornername": "Nominal", "point": 1, "logfile": "/home/vlsi/Desktop/PLL_NEW/logs_vlsi/logs0/Job9.log", "exitStatus": "0"}
[2025-11-21 11:52:59.965 +0530] [PROCESS] [cadence.virtuoso.ade.simulationMonitor] - Finished Simulation {"hostname": "cad13", "processid": 118678, "history": "ExplorerRun.0", "testname": "PD_VCO_tb_1", "cornername": "Nominal", "point": 1, "logfile": "/home/vlsi/Desktop/PLL_NEW/logs_vlsi/logs0/Job9.log", "simid": "2"}
[2025-11-21 11:53:00.469 +0530] [PROCESS] [cadence.virtuoso.ade.simulationMonitor] - Point Finished {"hostname": "cad13", "processid": 118678, "history": "ExplorerRun.0", "testname": "PD_VCO_tb_1", "cornername": "Nominal", "point": 1, "logfile": "/home/vlsi/Desktop/PLL_NEW/logs_vlsi/logs0/Job9.log"}
[2025-11-21 11:57:03.100 +0530] [INFO] [cadence.virtuoso.ade.simulationMonitor] - SimulationMonitor has terminated the vds process '126711', reason: 'Force to stop the expression evalutor process because of new run' {"history": "ExplorerRun.0", "point": 1, "testname": "PD_VCO_tb_1", "cornername": "Nominal"}
[2025-11-21 11:57:03.101 +0530] [PROCESS] [cadence.virtuoso.ade.simulationMonitor] - HostInfo:
Host name (type):	cad13 (x86_64)
Operating system:	Linux 4.18.0-425.3.1.el8.x86_64 #1 SMP Fri Sep 30 11:45:06 EDT 2022 {"hostname": "cad13", "processid": 118678, "history": "ExplorerRun.0", "testname": "PD_VCO_tb_1", "cornername": "Nominal", "point": 1, "logfile": "/home/vlsi/Desktop/PLL_NEW/logs_vlsi/logs0/Job9.log", "nodename": "cad13", "domainname": "(none)", "machine": "x86_64", "sysname": "Linux", "release": "4.18.0-425.3.1.el8.x86_64", "version": "#1 SMP Fri Sep 30 11:45:06 EDT 2022"}
[2025-11-21 11:57:03.101 +0530] [PROCESS] [cadence.virtuoso.ade.simulationMonitor] - UsageInfo:
pid=118678
totalPhysicalMemory=15.336876GB,Used=7.763332GB,totalVirtualMemory=47.336872GB,Used=7.763332GB
Cpu: Cores=28, Load average:0.400000,0.340000,0.410000 {"hostname": "cad13", "processid": 118678, "history": "ExplorerRun.0", "testname": "PD_VCO_tb_1", "cornername": "Nominal", "point": 1, "logfile": "/home/vlsi/Desktop/PLL_NEW/logs_vlsi/logs0/Job9.log", "pid": "118678", "totalPhysicalMemory": "15.336876", "physicalMemoryUsed": "7.763332", "totalVirtualMemory": "47.336872", "virtualMemoryUsed": "7.763332", "cpuCores": "28", "processes": "1091", "loadAverage1": "0.400000", "loadAverage5": "0.340000", "loadAverage15": "0.410000", "loadAverage1Percent": "0.014286"}
[2025-11-21 11:57:03.101 +0530] [EVENT] [cadence.virtuoso.ade.simulationMonitor] - NewPoint {"history": "ExplorerRun.0", "point": 1, "testname": "PD_VCO_tb_1", "cornername": "Nominal", "event": "NewPoint", "EventSource": "Simulation Monitor", "HistoryName": "ExplorerRun.0", "logFile": "/home/vlsi/Desktop/PLL_NEW/logs_vlsi/logs0/Job9.log", "logFileSize": "30398"}
[2025-11-21 11:57:03.202 +0530] [EVENT] [cadence.virtuoso.ade.simulationMonitor] - NewPoint {"history": "ExplorerRun.0", "point": 1, "testname": "PD_VCO_tb_1", "cornername": "Nominal", "event": "NewPoint", "EventSource": "spectre", "HistoryName": "ExplorerRun.0", "logFile": "/home/vlsi/simulation/PD/VCO_tb/maestro/results/maestro/ExplorerRun.0/1/PD_VCO_tb_1/psf/spectre.out", "logFileSize": "-1"}
[2025-11-21 11:57:03.204 +0530] [PROCESS] [cadence.virtuoso.ade.simulationMonitor] - Simulator launched {"hostname": "cad13", "processid": 118678, "history": "ExplorerRun.0", "testname": "PD_VCO_tb_1", "cornername": "Nominal", "point": 1, "logfile": "/home/vlsi/Desktop/PLL_NEW/logs_vlsi/logs0/Job9.log", "simid": "3"}
[2025-11-21 11:57:03.205 +0530] [PROCESS] [cadence.virtuoso.ade.simulationMonitor] - Expression evaluator launched {"hostname": "cad13", "processid": 118678, "history": "ExplorerRun.0", "testname": "PD_VCO_tb_1", "cornername": "Nominal", "point": 1, "logfile": "/home/vlsi/Desktop/PLL_NEW/logs_vlsi/logs0/Job9.log"}
[2025-11-21 11:57:03.208 +0530] [PROCESS] [cadence.virtuoso.ade.simulationMonitor] - Started Simulation {"hostname": "cad13", "processid": 118678, "history": "ExplorerRun.0", "testname": "PD_VCO_tb_1", "cornername": "Nominal", "point": 1, "logfile": "/home/vlsi/Desktop/PLL_NEW/logs_vlsi/logs0/Job9.log", "event": "started", "task": "simulation"}
[2025-11-21 11:57:03.708 +0530] [INFO] [cadence.virtuoso.ade.simulationMonitor] - Peak resident memory used = 158 Mbytes. {"history": "ExplorerRun.0", "point": 1, "testname": "PD_VCO_tb_1", "cornername": "Nominal"}
[2025-11-21 11:57:03.708 +0530] [INFO] [cadence.virtuoso.ade.simulationMonitor] - Peak resident memory used = 171 Mbytes. {"history": "ExplorerRun.0", "point": 1, "testname": "PD_VCO_tb_1", "cornername": "Nominal"}
[2025-11-21 11:57:03.708 +0530] [INFO] [cadence.virtuoso.ade.simulationMonitor] - Notice from spectre during hierarchy flattening.
    The value 'psf' specified for the 'checklimitdest' option will no longer be supported in future releases. Use 'spectre -h' to see other recommended values for the 'checklimitdest' option. {"history": "ExplorerRun.0", "point": 1, "testname": "PD_VCO_tb_1", "cornername": "Nominal"}
[2025-11-21 11:57:03.708 +0530] [INFO] [cadence.virtuoso.ade.simulationMonitor] - Peak resident memory used = 173 Mbytes. {"history": "ExplorerRun.0", "point": 1, "testname": "PD_VCO_tb_1", "cornername": "Nominal"}
[2025-11-21 11:57:03.708 +0530] [INFO] [cadence.virtuoso.ade.simulationMonitor] - Notice from spectre during initial setup.
    Multithreading is disabled due to the size of the design being too small. {"history": "ExplorerRun.0", "point": 1, "testname": "PD_VCO_tb_1", "cornername": "Nominal"}
[2025-11-21 11:57:03.708 +0530] [INFO] [cadence.virtuoso.ade.simulationMonitor] -               nodes 48 {"history": "ExplorerRun.0", "point": 1, "testname": "PD_VCO_tb_1", "cornername": "Nominal"}
[2025-11-21 11:57:03.708 +0530] [INFO] [cadence.virtuoso.ade.simulationMonitor] - Notice from spectre during initial setup.
    APS enabled. {"history": "ExplorerRun.0", "point": 1, "testname": "PD_VCO_tb_1", "cornername": "Nominal"}
[2025-11-21 11:57:04.208 +0530] [INFO] [cadence.virtuoso.ade.simulationMonitor] - Peak resident memory used = 175 Mbytes. {"history": "ExplorerRun.0", "point": 1, "testname": "PD_VCO_tb_1", "cornername": "Nominal"}
[2025-11-21 11:57:04.208 +0530] [INFO] [cadence.virtuoso.ade.simulationMonitor] -    -   (APS) Multi-threading. The recommended number of threads is 1, consider adding +mt=1 on command line. {"history": "ExplorerRun.0", "point": 1, "testname": "PD_VCO_tb_1", "cornername": "Nominal"}
[2025-11-21 11:57:04.209 +0530] [INFO] [cadence.virtuoso.ade.simulationMonitor] - Notice from spectre during IC analysis, during transient analysis `tran'.
    There are 1 IC nodes defined. {"history": "ExplorerRun.0", "point": 1, "testname": "PD_VCO_tb_1", "cornername": "Nominal"}
[2025-11-21 11:57:04.209 +0530] [INFO] [cadence.virtuoso.ade.simulationMonitor] - Notice from spectre during IC analysis, during transient analysis `tran'.
    Bad pivoting is found during DC analysis. Option dc_pivot_check=yes is recommended for possible improvement of convergence.
    Initial condition computed for node vout is in error by 2.10022 uV.
        Decrease `rforce' to reduce error in computed initial conditions.  However, setting rforce too small may result in convergence difficulties or in the matrix becoming singular. {"history": "ExplorerRun.0", "point": 1, "testname": "PD_VCO_tb_1", "cornername": "Nominal"}
[2025-11-21 11:57:04.209 +0530] [INFO] [cadence.virtuoso.ade.simulationMonitor] - Notice from spectre during transient analysis `tran'.
    Multithreading is disabled due to the size of the design being too small. {"history": "ExplorerRun.0", "point": 1, "testname": "PD_VCO_tb_1", "cornername": "Nominal"}
[2025-11-21 11:57:11.244 +0530] [INFO] [cadence.virtuoso.ade.simulationMonitor] - Total time required for tran analysis `tran': CPU = 7.28892 s, elapsed = 7.33825 s, util. = 99.3%. {"history": "ExplorerRun.0", "point": 1, "testname": "PD_VCO_tb_1", "cornername": "Nominal"}
[2025-11-21 11:57:11.244 +0530] [INFO] [cadence.virtuoso.ade.simulationMonitor] - Peak resident memory used = 414 Mbytes. {"history": "ExplorerRun.0", "point": 1, "testname": "PD_VCO_tb_1", "cornername": "Nominal"}
[2025-11-21 11:57:11.244 +0530] [INFO] [cadence.virtuoso.ade.simulationMonitor] - Notice from spectre.
    Multithreading is disabled due to the size of the design being too small. {"history": "ExplorerRun.0", "point": 1, "testname": "PD_VCO_tb_1", "cornername": "Nominal"}
[2025-11-21 11:57:11.244 +0530] [INFO] [cadence.virtuoso.ade.simulationMonitor] - Notice from spectre during IC analysis, during periodic steady state analysis `pss'.
    There are 1 IC nodes defined. {"history": "ExplorerRun.0", "point": 1, "testname": "PD_VCO_tb_1", "cornername": "Nominal"}
[2025-11-21 11:57:11.244 +0530] [INFO] [cadence.virtuoso.ade.simulationMonitor] - Notice from spectre during IC analysis, during periodic steady state analysis `pss'.
    Bad pivoting is found during DC analysis. Option dc_pivot_check=yes is recommended for possible improvement of convergence.
    Initial condition computed for node vout is in error by 2.10022 uV.
        Decrease `rforce' to reduce error in computed initial conditions.  However, setting rforce too small may result in convergence difficulties or in the matrix becoming singular. {"history": "ExplorerRun.0", "point": 1, "testname": "PD_VCO_tb_1", "cornername": "Nominal"}
[2025-11-21 11:57:41.419 +0530] [INFO] [cadence.virtuoso.ade.simulationMonitor] - Total time required for tstab analysis `pss': CPU = 29.6226 s, elapsed = 29.6814 s. {"history": "ExplorerRun.0", "point": 1, "testname": "PD_VCO_tb_1", "cornername": "Nominal"}
[2025-11-21 11:57:41.420 +0530] [INFO] [cadence.virtuoso.ade.simulationMonitor] - Peak resident memory used = 419 Mbytes. {"history": "ExplorerRun.0", "point": 1, "testname": "PD_VCO_tb_1", "cornername": "Nominal"}
[2025-11-21 11:57:41.420 +0530] [INFO] [cadence.virtuoso.ade.simulationMonitor] - Total time required for pss analysis `pss': CPU = 29.7305 s, elapsed = 29.8876 s, util. = 99.5%. {"history": "ExplorerRun.0", "point": 1, "testname": "PD_VCO_tb_1", "cornername": "Nominal"}
[2025-11-21 11:57:41.420 +0530] [INFO] [cadence.virtuoso.ade.simulationMonitor] - Peak resident memory used = 419 Mbytes. {"history": "ExplorerRun.0", "point": 1, "testname": "PD_VCO_tb_1", "cornername": "Nominal"}
[2025-11-21 11:57:41.420 +0530] [INFO] [cadence.virtuoso.ade.simulationMonitor] - Notice from spectre during PSTB analysis `pstb'.
    Multithreading is disabled due to the size of the design being too small. {"history": "ExplorerRun.0", "point": 1, "testname": "PD_VCO_tb_1", "cornername": "Nominal"}
[2025-11-21 11:57:41.920 +0530] [INFO] [cadence.virtuoso.ade.simulationMonitor] - Notice from spectre at freq = 10 GHz during PSTB analysis `pstb'.
    Gain(dB)is always less than zero. The loop is always stable. No gain margin or phase margin. {"history": "ExplorerRun.0", "point": 1, "testname": "PD_VCO_tb_1", "cornername": "Nominal"}
[2025-11-21 11:57:41.920 +0530] [INFO] [cadence.virtuoso.ade.simulationMonitor] - Total time required for pstb analysis `pstb': CPU = 249.172 ms, elapsed = 373.782 ms, util. = 66.7%. {"history": "ExplorerRun.0", "point": 1, "testname": "PD_VCO_tb_1", "cornername": "Nominal"}
[2025-11-21 11:57:41.920 +0530] [INFO] [cadence.virtuoso.ade.simulationMonitor] - Peak resident memory used = 420 Mbytes. {"history": "ExplorerRun.0", "point": 1, "testname": "PD_VCO_tb_1", "cornername": "Nominal"}
[2025-11-21 11:57:41.920 +0530] [INFO] [cadence.virtuoso.ade.simulationMonitor] - Notice from spectre during PNoise analysis `pnoise'.
    Multithreading is disabled due to the size of the design being too small.
    Use full spectrum for normal noise analysis.
    MaxSideband for colored noise sources (e.g. 1/f-noise) is not set, automatically  set it to 3. {"history": "ExplorerRun.0", "point": 1, "testname": "PD_VCO_tb_1", "cornername": "Nominal"}
[2025-11-21 11:57:42.421 +0530] [INFO] [cadence.virtuoso.ade.simulationMonitor] - Total time required for pnoise analysis `pnoise': CPU = 1.02845 s, elapsed = 631.774 ms, util. = 163%. {"history": "ExplorerRun.0", "point": 1, "testname": "PD_VCO_tb_1", "cornername": "Nominal"}
[2025-11-21 11:57:42.421 +0530] [INFO] [cadence.virtuoso.ade.simulationMonitor] - Peak resident memory used = 420 Mbytes. {"history": "ExplorerRun.0", "point": 1, "testname": "PD_VCO_tb_1", "cornername": "Nominal"}
[2025-11-21 11:57:42.922 +0530] [INFO] [cadence.virtuoso.ade.simulationMonitor] - Time used: CPU = 38.7 s, elapsed = 39.3 s, util. = 98.5%. {"history": "ExplorerRun.0", "point": 1, "testname": "PD_VCO_tb_1", "cornername": "Nominal"}
[2025-11-21 11:57:42.922 +0530] [INFO] [cadence.virtuoso.ade.simulationMonitor] - Time spent in licensing: elapsed = 39.6 ms. {"history": "ExplorerRun.0", "point": 1, "testname": "PD_VCO_tb_1", "cornername": "Nominal"}
[2025-11-21 11:57:42.922 +0530] [INFO] [cadence.virtuoso.ade.simulationMonitor] - Peak memory used = 421 Mbytes. {"history": "ExplorerRun.0", "point": 1, "testname": "PD_VCO_tb_1", "cornername": "Nominal"}
[2025-11-21 11:57:42.922 +0530] [PROCESS] [cadence.virtuoso.ade.simulationMonitor] - Simulation started at: 11:57:03 AM, Fri Nov 21, 2025, ended at: 11:57:42 AM, Fri Nov 21, 2025, with elapsed time (wall clock): 39.3 s. {"history": "ExplorerRun.0", "point": 1, "testname": "PD_VCO_tb_1", "cornername": "Nominal"}
[2025-11-21 11:57:42.923 +0530] [PROCESS] [cadence.virtuoso.ade.simulationMonitor] - spectre completes with 0 errors, 0 warnings, and 17 notices. {"history": "ExplorerRun.0", "point": 1, "testname": "PD_VCO_tb_1", "cornername": "Nominal"}
[2025-11-21 11:57:42.923 +0530] [PROCESS] [cadence.virtuoso.ade.simulationMonitor] - Finished simulating for one point {"hostname": "cad13", "processid": 118678, "history": "ExplorerRun.0", "testname": "PD_VCO_tb_1", "cornername": "Nominal", "point": 1, "logfile": "/home/vlsi/Desktop/PLL_NEW/logs_vlsi/logs0/Job9.log", "simid": "3"}
[2025-11-21 11:57:42.923 +0530] [PROCESS] [cadence.virtuoso.ade.simulationMonitor] - Simulator exited {"hostname": "cad13", "processid": 118678, "history": "ExplorerRun.0", "testname": "PD_VCO_tb_1", "cornername": "Nominal", "point": 1, "logfile": "/home/vlsi/Desktop/PLL_NEW/logs_vlsi/logs0/Job9.log", "exitStatus": "0"}
[2025-11-21 11:57:42.923 +0530] [PROCESS] [cadence.virtuoso.ade.simulationMonitor] - Finished Simulation {"hostname": "cad13", "processid": 118678, "history": "ExplorerRun.0", "testname": "PD_VCO_tb_1", "cornername": "Nominal", "point": 1, "logfile": "/home/vlsi/Desktop/PLL_NEW/logs_vlsi/logs0/Job9.log", "simid": "3"}
[2025-11-21 11:57:43.426 +0530] [PROCESS] [cadence.virtuoso.ade.simulationMonitor] - Point Finished {"hostname": "cad13", "processid": 118678, "history": "ExplorerRun.0", "testname": "PD_VCO_tb_1", "cornername": "Nominal", "point": 1, "logfile": "/home/vlsi/Desktop/PLL_NEW/logs_vlsi/logs0/Job9.log"}
[2025-11-21 12:00:48.057 +0530] [INFO] [cadence.virtuoso.ade.simulationMonitor] - SimulationMonitor has terminated the vds process '137617', reason: 'Force to stop the expression evalutor process because of new run' {"history": "ExplorerRun.0", "point": 1, "testname": "PD_VCO_tb_1", "cornername": "Nominal"}
[2025-11-21 12:00:48.058 +0530] [PROCESS] [cadence.virtuoso.ade.simulationMonitor] - HostInfo:
Host name (type):	cad13 (x86_64)
Operating system:	Linux 4.18.0-425.3.1.el8.x86_64 #1 SMP Fri Sep 30 11:45:06 EDT 2022 {"hostname": "cad13", "processid": 118678, "history": "ExplorerRun.0", "testname": "PD_VCO_tb_1", "cornername": "Nominal", "point": 1, "logfile": "/home/vlsi/Desktop/PLL_NEW/logs_vlsi/logs0/Job9.log", "nodename": "cad13", "domainname": "(none)", "machine": "x86_64", "sysname": "Linux", "release": "4.18.0-425.3.1.el8.x86_64", "version": "#1 SMP Fri Sep 30 11:45:06 EDT 2022"}
[2025-11-21 12:00:48.058 +0530] [PROCESS] [cadence.virtuoso.ade.simulationMonitor] - UsageInfo:
pid=118678
totalPhysicalMemory=15.336876GB,Used=8.047802GB,totalVirtualMemory=47.336872GB,Used=8.047802GB
Cpu: Cores=28, Load average:0.110000,0.250000,0.360000 {"hostname": "cad13", "processid": 118678, "history": "ExplorerRun.0", "testname": "PD_VCO_tb_1", "cornername": "Nominal", "point": 1, "logfile": "/home/vlsi/Desktop/PLL_NEW/logs_vlsi/logs0/Job9.log", "pid": "118678", "totalPhysicalMemory": "15.336876", "physicalMemoryUsed": "8.047802", "totalVirtualMemory": "47.336872", "virtualMemoryUsed": "8.047802", "cpuCores": "28", "processes": "1102", "loadAverage1": "0.110000", "loadAverage5": "0.250000", "loadAverage15": "0.360000", "loadAverage1Percent": "0.003929"}
[2025-11-21 12:00:48.058 +0530] [EVENT] [cadence.virtuoso.ade.simulationMonitor] - NewPoint {"history": "ExplorerRun.0", "point": 1, "testname": "PD_VCO_tb_1", "cornername": "Nominal", "event": "NewPoint", "EventSource": "Simulation Monitor", "HistoryName": "ExplorerRun.0", "logFile": "/home/vlsi/Desktop/PLL_NEW/logs_vlsi/logs0/Job9.log", "logFileSize": "42881"}
[2025-11-21 12:00:48.158 +0530] [EVENT] [cadence.virtuoso.ade.simulationMonitor] - NewPoint {"history": "ExplorerRun.0", "point": 1, "testname": "PD_VCO_tb_1", "cornername": "Nominal", "event": "NewPoint", "EventSource": "spectre", "HistoryName": "ExplorerRun.0", "logFile": "/home/vlsi/simulation/PD/VCO_tb/maestro/results/maestro/ExplorerRun.0/1/PD_VCO_tb_1/psf/spectre.out", "logFileSize": "-1"}
[2025-11-21 12:00:48.160 +0530] [PROCESS] [cadence.virtuoso.ade.simulationMonitor] - Simulator launched {"hostname": "cad13", "processid": 118678, "history": "ExplorerRun.0", "testname": "PD_VCO_tb_1", "cornername": "Nominal", "point": 1, "logfile": "/home/vlsi/Desktop/PLL_NEW/logs_vlsi/logs0/Job9.log", "simid": "4"}
[2025-11-21 12:00:48.161 +0530] [PROCESS] [cadence.virtuoso.ade.simulationMonitor] - Expression evaluator launched {"hostname": "cad13", "processid": 118678, "history": "ExplorerRun.0", "testname": "PD_VCO_tb_1", "cornername": "Nominal", "point": 1, "logfile": "/home/vlsi/Desktop/PLL_NEW/logs_vlsi/logs0/Job9.log"}
[2025-11-21 12:00:48.163 +0530] [PROCESS] [cadence.virtuoso.ade.simulationMonitor] - Started Simulation {"hostname": "cad13", "processid": 118678, "history": "ExplorerRun.0", "testname": "PD_VCO_tb_1", "cornername": "Nominal", "point": 1, "logfile": "/home/vlsi/Desktop/PLL_NEW/logs_vlsi/logs0/Job9.log", "event": "started", "task": "simulation"}
[2025-11-21 12:00:49.164 +0530] [INFO] [cadence.virtuoso.ade.simulationMonitor] - Peak resident memory used = 156 Mbytes. {"history": "ExplorerRun.0", "point": 1, "testname": "PD_VCO_tb_1", "cornername": "Nominal"}
[2025-11-21 12:00:49.164 +0530] [INFO] [cadence.virtuoso.ade.simulationMonitor] - Peak resident memory used = 169 Mbytes. {"history": "ExplorerRun.0", "point": 1, "testname": "PD_VCO_tb_1", "cornername": "Nominal"}
[2025-11-21 12:00:49.164 +0530] [INFO] [cadence.virtuoso.ade.simulationMonitor] - Notice from spectre during hierarchy flattening.
    The value 'psf' specified for the 'checklimitdest' option will no longer be supported in future releases. Use 'spectre -h' to see other recommended values for the 'checklimitdest' option. {"history": "ExplorerRun.0", "point": 1, "testname": "PD_VCO_tb_1", "cornername": "Nominal"}
[2025-11-21 12:00:49.164 +0530] [INFO] [cadence.virtuoso.ade.simulationMonitor] - Peak resident memory used = 171 Mbytes. {"history": "ExplorerRun.0", "point": 1, "testname": "PD_VCO_tb_1", "cornername": "Nominal"}
[2025-11-21 12:00:49.164 +0530] [INFO] [cadence.virtuoso.ade.simulationMonitor] - Notice from spectre during initial setup.
    Multithreading is disabled due to the size of the design being too small. {"history": "ExplorerRun.0", "point": 1, "testname": "PD_VCO_tb_1", "cornername": "Nominal"}
[2025-11-21 12:00:49.164 +0530] [INFO] [cadence.virtuoso.ade.simulationMonitor] -               nodes 48 {"history": "ExplorerRun.0", "point": 1, "testname": "PD_VCO_tb_1", "cornername": "Nominal"}
[2025-11-21 12:00:49.164 +0530] [INFO] [cadence.virtuoso.ade.simulationMonitor] - Notice from spectre during initial setup.
    APS enabled. {"history": "ExplorerRun.0", "point": 1, "testname": "PD_VCO_tb_1", "cornername": "Nominal"}
[2025-11-21 12:00:49.164 +0530] [INFO] [cadence.virtuoso.ade.simulationMonitor] - Peak resident memory used = 173 Mbytes. {"history": "ExplorerRun.0", "point": 1, "testname": "PD_VCO_tb_1", "cornername": "Nominal"}
[2025-11-21 12:00:49.164 +0530] [INFO] [cadence.virtuoso.ade.simulationMonitor] -    -   (APS) Multi-threading. The recommended number of threads is 1, consider adding +mt=1 on command line. {"history": "ExplorerRun.0", "point": 1, "testname": "PD_VCO_tb_1", "cornername": "Nominal"}
[2025-11-21 12:00:49.164 +0530] [INFO] [cadence.virtuoso.ade.simulationMonitor] - Notice from spectre during IC analysis, during transient analysis `tran'.
    There are 1 IC nodes defined. {"history": "ExplorerRun.0", "point": 1, "testname": "PD_VCO_tb_1", "cornername": "Nominal"}
[2025-11-21 12:00:49.164 +0530] [INFO] [cadence.virtuoso.ade.simulationMonitor] - Notice from spectre during IC analysis, during transient analysis `tran'.
    Bad pivoting is found during DC analysis. Option dc_pivot_check=yes is recommended for possible improvement of convergence.
    Initial condition computed for node vout is in error by 2.10022 uV.
        Decrease `rforce' to reduce error in computed initial conditions.  However, setting rforce too small may result in convergence difficulties or in the matrix becoming singular. {"history": "ExplorerRun.0", "point": 1, "testname": "PD_VCO_tb_1", "cornername": "Nominal"}
[2025-11-21 12:00:49.164 +0530] [INFO] [cadence.virtuoso.ade.simulationMonitor] - Notice from spectre during transient analysis `tran'.
    Multithreading is disabled due to the size of the design being too small. {"history": "ExplorerRun.0", "point": 1, "testname": "PD_VCO_tb_1", "cornername": "Nominal"}
[2025-11-21 12:00:52.665 +0530] [PROCESS] [cadence.virtuoso.ade.simulationMonitor] - Simulation cancelled {"hostname": "cad13", "processid": 118678, "history": "ExplorerRun.0", "testname": "PD_VCO_tb_1", "cornername": "Nominal", "point": 1, "logfile": "/home/vlsi/Desktop/PLL_NEW/logs_vlsi/logs0/Job9.log"}
[2025-11-21 12:00:52.666 +0530] [INFO] [cadence.virtuoso.ade.simulationMonitor] - SimulationMonitor has terminated the spectre process '146504', reason: 'the simulation point gets cancelled by GUI' {"history": "ExplorerRun.0", "point": 1, "testname": "PD_VCO_tb_1", "cornername": "Nominal"}
[2025-11-21 12:00:52.768 +0530] [PROCESS] [cadence.virtuoso.ade.simulationMonitor] - Finished simulating for one point {"hostname": "cad13", "processid": 118678, "history": "ExplorerRun.0", "testname": "PD_VCO_tb_1", "cornername": "Nominal", "point": 1, "logfile": "/home/vlsi/Desktop/PLL_NEW/logs_vlsi/logs0/Job9.log", "simid": "4"}
[2025-11-21 12:00:52.768 +0530] [PROCESS] [cadence.virtuoso.ade.simulationMonitor] - Simulator exited {"hostname": "cad13", "processid": 118678, "history": "ExplorerRun.0", "testname": "PD_VCO_tb_1", "cornername": "Nominal", "point": 1, "logfile": "/home/vlsi/Desktop/PLL_NEW/logs_vlsi/logs0/Job9.log", "exitStatus": "0"}
[2025-11-21 12:00:52.768 +0530] [PROCESS] [cadence.virtuoso.ade.simulationMonitor] - Finished Simulation {"hostname": "cad13", "processid": 118678, "history": "ExplorerRun.0", "testname": "PD_VCO_tb_1", "cornername": "Nominal", "point": 1, "logfile": "/home/vlsi/Desktop/PLL_NEW/logs_vlsi/logs0/Job9.log", "simid": "4"}
[2025-11-21 12:00:52.772 +0530] [PROCESS] [cadence.virtuoso.ade.simulationMonitor] - Point Finished {"hostname": "cad13", "processid": 118678, "history": "ExplorerRun.0", "testname": "PD_VCO_tb_1", "cornername": "Nominal", "point": 1, "logfile": "/home/vlsi/Desktop/PLL_NEW/logs_vlsi/logs0/Job9.log"}
[2025-11-21 12:01:02.462 +0530] [INFO] [cadence.virtuoso.ade.simulationMonitor] - SimulationMonitor has terminated the vds process '146505', reason: 'Force to stop the expression evalutor process because of new run' {"history": "ExplorerRun.0", "point": 1, "testname": "PD_VCO_tb_1", "cornername": "Nominal"}
[2025-11-21 12:01:02.462 +0530] [PROCESS] [cadence.virtuoso.ade.simulationMonitor] - HostInfo:
Host name (type):	cad13 (x86_64)
Operating system:	Linux 4.18.0-425.3.1.el8.x86_64 #1 SMP Fri Sep 30 11:45:06 EDT 2022 {"hostname": "cad13", "processid": 118678, "history": "ExplorerRun.0", "testname": "PD_VCO_tb_1", "cornername": "Nominal", "point": 1, "logfile": "/home/vlsi/Desktop/PLL_NEW/logs_vlsi/logs0/Job9.log", "nodename": "cad13", "domainname": "(none)", "machine": "x86_64", "sysname": "Linux", "release": "4.18.0-425.3.1.el8.x86_64", "version": "#1 SMP Fri Sep 30 11:45:06 EDT 2022"}
[2025-11-21 12:01:02.463 +0530] [PROCESS] [cadence.virtuoso.ade.simulationMonitor] - UsageInfo:
pid=118678
totalPhysicalMemory=15.336876GB,Used=8.089466GB,totalVirtualMemory=47.336872GB,Used=8.089466GB
Cpu: Cores=28, Load average:0.810000,0.390000,0.400000 {"hostname": "cad13", "processid": 118678, "history": "ExplorerRun.0", "testname": "PD_VCO_tb_1", "cornername": "Nominal", "point": 1, "logfile": "/home/vlsi/Desktop/PLL_NEW/logs_vlsi/logs0/Job9.log", "pid": "118678", "totalPhysicalMemory": "15.336876", "physicalMemoryUsed": "8.089466", "totalVirtualMemory": "47.336872", "virtualMemoryUsed": "8.089466", "cpuCores": "28", "processes": "1139", "loadAverage1": "0.810000", "loadAverage5": "0.390000", "loadAverage15": "0.400000", "loadAverage1Percent": "0.028929"}
[2025-11-21 12:01:02.463 +0530] [EVENT] [cadence.virtuoso.ade.simulationMonitor] - NewPoint {"history": "ExplorerRun.0", "point": 1, "testname": "PD_VCO_tb_1", "cornername": "Nominal", "event": "NewPoint", "EventSource": "Simulation Monitor", "HistoryName": "ExplorerRun.0", "logFile": "/home/vlsi/Desktop/PLL_NEW/logs_vlsi/logs0/Job9.log", "logFileSize": "53356"}
[2025-11-21 12:01:02.564 +0530] [EVENT] [cadence.virtuoso.ade.simulationMonitor] - NewPoint {"history": "ExplorerRun.0", "point": 1, "testname": "PD_VCO_tb_1", "cornername": "Nominal", "event": "NewPoint", "EventSource": "spectre", "HistoryName": "ExplorerRun.0", "logFile": "/home/vlsi/simulation/PD/VCO_tb/maestro/results/maestro/ExplorerRun.0/1/PD_VCO_tb_1/psf/spectre.out", "logFileSize": "-1"}
[2025-11-21 12:01:02.566 +0530] [PROCESS] [cadence.virtuoso.ade.simulationMonitor] - Simulator launched {"hostname": "cad13", "processid": 118678, "history": "ExplorerRun.0", "testname": "PD_VCO_tb_1", "cornername": "Nominal", "point": 1, "logfile": "/home/vlsi/Desktop/PLL_NEW/logs_vlsi/logs0/Job9.log", "simid": "5"}
[2025-11-21 12:01:02.567 +0530] [PROCESS] [cadence.virtuoso.ade.simulationMonitor] - Expression evaluator launched {"hostname": "cad13", "processid": 118678, "history": "ExplorerRun.0", "testname": "PD_VCO_tb_1", "cornername": "Nominal", "point": 1, "logfile": "/home/vlsi/Desktop/PLL_NEW/logs_vlsi/logs0/Job9.log"}
[2025-11-21 12:01:02.569 +0530] [PROCESS] [cadence.virtuoso.ade.simulationMonitor] - Started Simulation {"hostname": "cad13", "processid": 118678, "history": "ExplorerRun.0", "testname": "PD_VCO_tb_1", "cornername": "Nominal", "point": 1, "logfile": "/home/vlsi/Desktop/PLL_NEW/logs_vlsi/logs0/Job9.log", "event": "started", "task": "simulation"}
[2025-11-21 12:01:03.070 +0530] [INFO] [cadence.virtuoso.ade.simulationMonitor] - Peak resident memory used = 154 Mbytes. {"history": "ExplorerRun.0", "point": 1, "testname": "PD_VCO_tb_1", "cornername": "Nominal"}
[2025-11-21 12:01:03.070 +0530] [INFO] [cadence.virtuoso.ade.simulationMonitor] - Peak resident memory used = 168 Mbytes. {"history": "ExplorerRun.0", "point": 1, "testname": "PD_VCO_tb_1", "cornername": "Nominal"}
[2025-11-21 12:01:03.070 +0530] [INFO] [cadence.virtuoso.ade.simulationMonitor] - Notice from spectre during hierarchy flattening.
    The value 'psf' specified for the 'checklimitdest' option will no longer be supported in future releases. Use 'spectre -h' to see other recommended values for the 'checklimitdest' option. {"history": "ExplorerRun.0", "point": 1, "testname": "PD_VCO_tb_1", "cornername": "Nominal"}
[2025-11-21 12:01:03.070 +0530] [INFO] [cadence.virtuoso.ade.simulationMonitor] - Peak resident memory used = 169 Mbytes. {"history": "ExplorerRun.0", "point": 1, "testname": "PD_VCO_tb_1", "cornername": "Nominal"}
[2025-11-21 12:01:03.071 +0530] [INFO] [cadence.virtuoso.ade.simulationMonitor] - Notice from spectre during initial setup.
    Multithreading is disabled due to the size of the design being too small. {"history": "ExplorerRun.0", "point": 1, "testname": "PD_VCO_tb_1", "cornername": "Nominal"}
[2025-11-21 12:01:03.071 +0530] [INFO] [cadence.virtuoso.ade.simulationMonitor] -               nodes 48 {"history": "ExplorerRun.0", "point": 1, "testname": "PD_VCO_tb_1", "cornername": "Nominal"}
[2025-11-21 12:01:03.071 +0530] [INFO] [cadence.virtuoso.ade.simulationMonitor] - Notice from spectre during initial setup.
    APS enabled. {"history": "ExplorerRun.0", "point": 1, "testname": "PD_VCO_tb_1", "cornername": "Nominal"}
[2025-11-21 12:01:03.571 +0530] [INFO] [cadence.virtuoso.ade.simulationMonitor] - Peak resident memory used = 172 Mbytes. {"history": "ExplorerRun.0", "point": 1, "testname": "PD_VCO_tb_1", "cornername": "Nominal"}
[2025-11-21 12:01:03.571 +0530] [INFO] [cadence.virtuoso.ade.simulationMonitor] -    -   (APS) Multi-threading. The recommended number of threads is 1, consider adding +mt=1 on command line. {"history": "ExplorerRun.0", "point": 1, "testname": "PD_VCO_tb_1", "cornername": "Nominal"}
[2025-11-21 12:01:03.572 +0530] [INFO] [cadence.virtuoso.ade.simulationMonitor] - Notice from spectre during IC analysis, during transient analysis `tran'.
    There are 1 IC nodes defined. {"history": "ExplorerRun.0", "point": 1, "testname": "PD_VCO_tb_1", "cornername": "Nominal"}
[2025-11-21 12:01:03.572 +0530] [INFO] [cadence.virtuoso.ade.simulationMonitor] - Notice from spectre during IC analysis, during transient analysis `tran'.
    Bad pivoting is found during DC analysis. Option dc_pivot_check=yes is recommended for possible improvement of convergence.
    Initial condition computed for node vout is in error by 2.10022 uV.
        Decrease `rforce' to reduce error in computed initial conditions.  However, setting rforce too small may result in convergence difficulties or in the matrix becoming singular. {"history": "ExplorerRun.0", "point": 1, "testname": "PD_VCO_tb_1", "cornername": "Nominal"}
[2025-11-21 12:01:03.572 +0530] [INFO] [cadence.virtuoso.ade.simulationMonitor] - Notice from spectre during transient analysis `tran'.
    Multithreading is disabled due to the size of the design being too small. {"history": "ExplorerRun.0", "point": 1, "testname": "PD_VCO_tb_1", "cornername": "Nominal"}
[2025-11-21 12:01:10.606 +0530] [INFO] [cadence.virtuoso.ade.simulationMonitor] - Total time required for tran analysis `tran': CPU = 7.27142 s, elapsed = 7.31047 s, util. = 99.5%. {"history": "ExplorerRun.0", "point": 1, "testname": "PD_VCO_tb_1", "cornername": "Nominal"}
[2025-11-21 12:01:10.607 +0530] [INFO] [cadence.virtuoso.ade.simulationMonitor] - Peak resident memory used = 411 Mbytes. {"history": "ExplorerRun.0", "point": 1, "testname": "PD_VCO_tb_1", "cornername": "Nominal"}
[2025-11-21 12:01:10.607 +0530] [INFO] [cadence.virtuoso.ade.simulationMonitor] - Notice from spectre.
    Multithreading is disabled due to the size of the design being too small. {"history": "ExplorerRun.0", "point": 1, "testname": "PD_VCO_tb_1", "cornername": "Nominal"}
[2025-11-21 12:01:10.607 +0530] [INFO] [cadence.virtuoso.ade.simulationMonitor] - Notice from spectre during IC analysis, during periodic steady state analysis `pss'.
    There are 1 IC nodes defined. {"history": "ExplorerRun.0", "point": 1, "testname": "PD_VCO_tb_1", "cornername": "Nominal"}
[2025-11-21 12:01:10.607 +0530] [INFO] [cadence.virtuoso.ade.simulationMonitor] - Notice from spectre during IC analysis, during periodic steady state analysis `pss'.
    Bad pivoting is found during DC analysis. Option dc_pivot_check=yes is recommended for possible improvement of convergence.
    Initial condition computed for node vout is in error by 2.10022 uV.
        Decrease `rforce' to reduce error in computed initial conditions.  However, setting rforce too small may result in convergence difficulties or in the matrix becoming singular. {"history": "ExplorerRun.0", "point": 1, "testname": "PD_VCO_tb_1", "cornername": "Nominal"}
[2025-11-21 12:01:40.286 +0530] [INFO] [cadence.virtuoso.ade.simulationMonitor] - Total time required for tstab analysis `pss': CPU = 29.5413 s, elapsed = 29.597 s. {"history": "ExplorerRun.0", "point": 1, "testname": "PD_VCO_tb_1", "cornername": "Nominal"}
[2025-11-21 12:01:40.286 +0530] [INFO] [cadence.virtuoso.ade.simulationMonitor] - Peak resident memory used = 411 Mbytes. {"history": "ExplorerRun.0", "point": 1, "testname": "PD_VCO_tb_1", "cornername": "Nominal"}
[2025-11-21 12:01:40.786 +0530] [INFO] [cadence.virtuoso.ade.simulationMonitor] - Total time required for pss analysis `pss': CPU = 29.6499 s, elapsed = 29.7968 s, util. = 99.5%. {"history": "ExplorerRun.0", "point": 1, "testname": "PD_VCO_tb_1", "cornername": "Nominal"}
[2025-11-21 12:01:40.786 +0530] [INFO] [cadence.virtuoso.ade.simulationMonitor] - Peak resident memory used = 411 Mbytes. {"history": "ExplorerRun.0", "point": 1, "testname": "PD_VCO_tb_1", "cornername": "Nominal"}
[2025-11-21 12:01:40.786 +0530] [INFO] [cadence.virtuoso.ade.simulationMonitor] - Notice from spectre during PSTB analysis `pstb'.
    Multithreading is disabled due to the size of the design being too small. {"history": "ExplorerRun.0", "point": 1, "testname": "PD_VCO_tb_1", "cornername": "Nominal"}
[2025-11-21 12:01:40.786 +0530] [INFO] [cadence.virtuoso.ade.simulationMonitor] - Notice from spectre at freq = 10 GHz during PSTB analysis `pstb'.
    Gain(dB)is always less than zero. The loop is always stable. No gain margin or phase margin. {"history": "ExplorerRun.0", "point": 1, "testname": "PD_VCO_tb_1", "cornername": "Nominal"}
[2025-11-21 12:01:41.287 +0530] [INFO] [cadence.virtuoso.ade.simulationMonitor] - Total time required for pstb analysis `pstb': CPU = 243.537 ms, elapsed = 349.014 ms, util. = 69.8%. {"history": "ExplorerRun.0", "point": 1, "testname": "PD_VCO_tb_1", "cornername": "Nominal"}
[2025-11-21 12:01:41.287 +0530] [INFO] [cadence.virtuoso.ade.simulationMonitor] - Peak resident memory used = 412 Mbytes. {"history": "ExplorerRun.0", "point": 1, "testname": "PD_VCO_tb_1", "cornername": "Nominal"}
[2025-11-21 12:01:41.287 +0530] [INFO] [cadence.virtuoso.ade.simulationMonitor] - Notice from spectre during PNoise analysis `pnoise'.
    Multithreading is disabled due to the size of the design being too small.
    Use full spectrum for normal noise analysis.
    MaxSideband for colored noise sources (e.g. 1/f-noise) is not set, automatically  set it to 3. {"history": "ExplorerRun.0", "point": 1, "testname": "PD_VCO_tb_1", "cornername": "Nominal"}
[2025-11-21 12:01:41.787 +0530] [INFO] [cadence.virtuoso.ade.simulationMonitor] - Total time required for pnoise analysis `pnoise': CPU = 1.03546 s, elapsed = 636.733 ms, util. = 163%. {"history": "ExplorerRun.0", "point": 1, "testname": "PD_VCO_tb_1", "cornername": "Nominal"}
[2025-11-21 12:01:41.787 +0530] [INFO] [cadence.virtuoso.ade.simulationMonitor] - Peak resident memory used = 412 Mbytes. {"history": "ExplorerRun.0", "point": 1, "testname": "PD_VCO_tb_1", "cornername": "Nominal"}
[2025-11-21 12:01:42.288 +0530] [INFO] [cadence.virtuoso.ade.simulationMonitor] - Time used: CPU = 38.6 s, elapsed = 39.1 s, util. = 98.7%. {"history": "ExplorerRun.0", "point": 1, "testname": "PD_VCO_tb_1", "cornername": "Nominal"}
[2025-11-21 12:01:42.288 +0530] [INFO] [cadence.virtuoso.ade.simulationMonitor] - Time spent in licensing: elapsed = 38.6 ms. {"history": "ExplorerRun.0", "point": 1, "testname": "PD_VCO_tb_1", "cornername": "Nominal"}
[2025-11-21 12:01:42.288 +0530] [INFO] [cadence.virtuoso.ade.simulationMonitor] - Peak memory used = 414 Mbytes. {"history": "ExplorerRun.0", "point": 1, "testname": "PD_VCO_tb_1", "cornername": "Nominal"}
[2025-11-21 12:01:42.288 +0530] [PROCESS] [cadence.virtuoso.ade.simulationMonitor] - Simulation started at: 12:01:02 PM, Fri Nov 21, 2025, ended at: 12:01:41 PM, Fri Nov 21, 2025, with elapsed time (wall clock): 39.1 s. {"history": "ExplorerRun.0", "point": 1, "testname": "PD_VCO_tb_1", "cornername": "Nominal"}
[2025-11-21 12:01:42.288 +0530] [PROCESS] [cadence.virtuoso.ade.simulationMonitor] - spectre completes with 0 errors, 0 warnings, and 17 notices. {"history": "ExplorerRun.0", "point": 1, "testname": "PD_VCO_tb_1", "cornername": "Nominal"}
[2025-11-21 12:01:42.288 +0530] [PROCESS] [cadence.virtuoso.ade.simulationMonitor] - Finished simulating for one point {"hostname": "cad13", "processid": 118678, "history": "ExplorerRun.0", "testname": "PD_VCO_tb_1", "cornername": "Nominal", "point": 1, "logfile": "/home/vlsi/Desktop/PLL_NEW/logs_vlsi/logs0/Job9.log", "simid": "5"}
[2025-11-21 12:01:42.288 +0530] [PROCESS] [cadence.virtuoso.ade.simulationMonitor] - Simulator exited {"hostname": "cad13", "processid": 118678, "history": "ExplorerRun.0", "testname": "PD_VCO_tb_1", "cornername": "Nominal", "point": 1, "logfile": "/home/vlsi/Desktop/PLL_NEW/logs_vlsi/logs0/Job9.log", "exitStatus": "0"}
[2025-11-21 12:01:42.288 +0530] [PROCESS] [cadence.virtuoso.ade.simulationMonitor] - Finished Simulation {"hostname": "cad13", "processid": 118678, "history": "ExplorerRun.0", "testname": "PD_VCO_tb_1", "cornername": "Nominal", "point": 1, "logfile": "/home/vlsi/Desktop/PLL_NEW/logs_vlsi/logs0/Job9.log", "simid": "5"}
[2025-11-21 12:01:43.291 +0530] [PROCESS] [cadence.virtuoso.ade.simulationMonitor] - Point Finished {"hostname": "cad13", "processid": 118678, "history": "ExplorerRun.0", "testname": "PD_VCO_tb_1", "cornername": "Nominal", "point": 1, "logfile": "/home/vlsi/Desktop/PLL_NEW/logs_vlsi/logs0/Job9.log"}
[2025-11-21 12:05:02.515 +0530] [PROCESS] [cadence.virtuoso.ade.simulationMonitor] - get signal Terminated<15> from user:vlsi, which pid:118676:/home/install/IC618/tools/bin/64bit/cdsServIpc {"hostname": "cad13", "processid": 118678, "history": "ExplorerRun.0", "testname": "PD_VCO_tb_1", "cornername": "Nominal", "point": 1, "logfile": "/home/vlsi/Desktop/PLL_NEW/logs_vlsi/logs0/Job9.log", "signal": "15", "signalName": "Terminated", "which": "/home/install/IC618/tools/bin/64bit/cdsServIpc", "pid": "118676", "user": "vlsi", "uid": "1000"}
[2025-11-21 12:05:02.515 +0530] [INFO] [cadence.virtuoso.ade.simulationMonitor] - SimulationMonitor has terminated the spectre process '147583', reason: 'simulationMonitor is handling signal 15' {"history": "ExplorerRun.0", "point": 1, "testname": "PD_VCO_tb_1", "cornername": "Nominal"}
[2025-11-21 12:05:03.016 +0530] [PROCESS] [cadence.virtuoso.ade.simulationMonitor] - Current memory used: 58.5430 MBytes, peak memory used: 59.9688 MBytes {"hostname": "cad13", "processid": 118678, "history": "ExplorerRun.0", "testname": "PD_VCO_tb_1", "cornername": "Nominal", "point": 1, "logfile": "/home/vlsi/Desktop/PLL_NEW/logs_vlsi/logs0/Job9.log"}
[2025-11-21 12:05:03.016 +0530] [PROCESS] [cadence.virtuoso.ade.simulationMonitor] - Simulation Monitor process exit. {"hostname": "cad13", "processid": 118678, "history": "ExplorerRun.0", "testname": "PD_VCO_tb_1", "cornername": "Nominal", "point": 1, "logfile": "/home/vlsi/Desktop/PLL_NEW/logs_vlsi/logs0/Job9.log"}
