[ADE GUI: 11d12019-8953-4958-95dc-b29bde404b74]
[2025-11-21 12:58:29.343 +0530] [PROCESS] [cadence.virtuoso.ade.gui] - /home/vlsi/Desktop/PLL_NEW/.tmp_vlsi/.cmddir0/swiftLoggingService0 is starting {"logfile": "/home/vlsi/Desktop/PLL_NEW/logs_vlsi/logs0/LoggingService0.log"}
[2025-11-21 12:58:29.346 +0530] [PROCESS] [cadence.virtuoso.ade.gui] - /home/vlsi/Desktop/PLL_NEW/.tmp_vlsi/.cmddir0/swiftNetlistService1 is starting {"logfile": "/home/vlsi/Desktop/PLL_NEW/logs_vlsi/logs0/Service1.log"}
[2025-11-21 12:58:30.853 +0530] [PROCESS] [cadence.virtuoso.ade.gui] - Logging Service '340106' is starting up on host 'cad13' {"logfile": "/home/vlsi/Desktop/PLL_NEW/logs_vlsi/logs0/LoggingService0.log"}
[2025-11-21 12:58:30.853 +0530] [PROCESS] [cadence.virtuoso.ade.gui] - Netlist Service '340116' is starting up on host 'cad13' {"logfile": "/home/vlsi/Desktop/PLL_NEW/logs_vlsi/logs0/Service1.log"}
[2025-11-21 12:58:39.656 +0530] [EVENT] [cadence.virtuoso.ade.gui] - NewHistoryCreated {"history": "ExplorerRun.0", "event": "NewHistoryCreated", "EventSource": "ADE GUI", "HistoryName": "ExplorerRun.0", "WorkDir": "/home/vlsi/Desktop/PLL_NEW", "HistorySimDir": "/home/vlsi/simulation/PD/VCO_tb/maestro/results/maestro/ExplorerRun.0", "HistoryResultsDir": "/home/vlsi/Desktop/PLL_NEW/PD/VCO_tb/maestro/results/maestro"}
[2025-11-21 12:58:39.656 +0530] [PROCESS] [cadence.virtuoso.ade.gui] - History Setup {"hostname": "cad13", "processid": 311206, "history": "ExplorerRun.0", "logfile": "/home/vlsi/Desktop/PLL_NEW/logs_vlsi/logs0/virtuoso_ade_debug.log", "jobmode": "LSCS", "runmode": "Single Run, Sweeps and Corners", "lib": "PD", "cell": "VCO_tb", "view": "maestro", "icversion": "sub-version  IC6.1.8-64b.500.29 ", "runstart": "Fri Nov 21 12:58:39 2025\n", "timezonelocal": "+000", "spectreversion": "unknown", "jobpolicyname": "", "maxjobs": "unknown", "ncjobpolicyname": "", "ncmaxjobs": "unknown", "numtests": "1", "runfinished": "unknown", "runelapsed": "-1", "numcorners": "1"}
[2025-11-21 12:58:40.267 +0530] [INFO] [cadence.virtuoso.ade.pointevaluator] - Submitted {"history": "ExplorerRun.0"}
[2025-11-21 12:58:45.197 +0530] [PROCESS] [cadence.virtuoso.ade.gui] - /home/vlsi/Desktop/PLL_NEW/.tmp_vlsi/.cmddir0/swiftJob2 is starting {"logfile": "/home/vlsi/Desktop/PLL_NEW/logs_vlsi/logs0/Job2.log"}
[2025-11-21 12:58:45.305 +0530] [PROCESS] [cadence.virtuoso.ade.gui] - Simulation Monitor process '342043' is starting up on host 'cad13' {"logfile": "/home/vlsi/Desktop/PLL_NEW/logs_vlsi/logs0/Job2.log"}
[2025-11-21 12:58:46.194 +0530] [ERROR] [cadence.virtuoso.ade.gui] - Simulation error {"history": "ExplorerRun.0", "point": 1, "testname": "PD_VCO_tb_1"}
[2025-11-21 12:58:47.193 +0530] [ERROR] [cadence.virtuoso.ade.gui] - Simulation error {"history": "ExplorerRun.0", "point": 2, "testname": "PD_VCO_tb_1"}
[2025-11-21 12:58:48.268 +0530] [ERROR] [cadence.virtuoso.ade.gui] - Simulation error {"history": "ExplorerRun.0", "point": 3, "testname": "PD_VCO_tb_1"}
[2025-11-21 12:58:49.194 +0530] [ERROR] [cadence.virtuoso.ade.gui] - Simulation error {"history": "ExplorerRun.0", "point": 4, "testname": "PD_VCO_tb_1"}
[2025-11-21 12:58:49.195 +0530] [ERROR] [cadence.virtuoso.ade.gui] - Simulation error {"history": "ExplorerRun.0", "point": 5, "testname": "PD_VCO_tb_1"}
[2025-11-21 12:58:50.229 +0530] [ERROR] [cadence.virtuoso.ade.gui] - Simulation error {"history": "ExplorerRun.0", "point": 6, "testname": "PD_VCO_tb_1"}
[2025-11-21 12:58:51.193 +0530] [ERROR] [cadence.virtuoso.ade.gui] - Simulation error {"history": "ExplorerRun.0", "point": 7, "testname": "PD_VCO_tb_1"}
[2025-11-21 12:58:52.193 +0530] [ERROR] [cadence.virtuoso.ade.gui] - Simulation error {"history": "ExplorerRun.0", "point": 8, "testname": "PD_VCO_tb_1"}
[2025-11-21 12:58:53.193 +0530] [ERROR] [cadence.virtuoso.ade.gui] - Simulation error {"history": "ExplorerRun.0", "point": 9, "testname": "PD_VCO_tb_1"}
[2025-11-21 12:58:54.194 +0530] [ERROR] [cadence.virtuoso.ade.gui] - Simulation error {"history": "ExplorerRun.0", "point": 10, "testname": "PD_VCO_tb_1"}
[2025-11-21 12:58:55.196 +0530] [ERROR] [cadence.virtuoso.ade.gui] - Simulation error {"history": "ExplorerRun.0", "point": 11, "testname": "PD_VCO_tb_1"}
[2025-11-21 12:58:56.192 +0530] [ERROR] [cadence.virtuoso.ade.gui] - Simulation error {"history": "ExplorerRun.0", "point": 12, "testname": "PD_VCO_tb_1"}
[2025-11-21 12:58:57.193 +0530] [ERROR] [cadence.virtuoso.ade.gui] - Simulation error {"history": "ExplorerRun.0", "point": 13, "testname": "PD_VCO_tb_1"}
[2025-11-21 12:58:58.193 +0530] [ERROR] [cadence.virtuoso.ade.gui] - Simulation error {"history": "ExplorerRun.0", "point": 14, "testname": "PD_VCO_tb_1"}
[2025-11-21 12:58:58.194 +0530] [ERROR] [cadence.virtuoso.ade.gui] - Simulation error {"history": "ExplorerRun.0", "point": 15, "testname": "PD_VCO_tb_1"}
[2025-11-21 12:58:58.491 +0530] [EVENT] [cadence.virtuoso.ade.gui] - HistoryFinished {"history": "ExplorerRun.0", "event": "HistoryFinished", "EventSource": "ADE GUI", "HistoryName": "ExplorerRun.0"}
[2025-11-21 12:59:53.726 +0530] [PROCESS] [cadence.virtuoso.ade.gui] - Netlist Service '340116' stopped with exit code '0' {"logfile": "/home/vlsi/Desktop/PLL_NEW/logs_vlsi/logs0/Service1.log"}
[2025-11-21 12:59:53.766 +0530] [PROCESS] [cadence.virtuoso.ade.gui] - Logging Service '340106' stopped with exit code '0' {"logfile": "/home/vlsi/Desktop/PLL_NEW/logs_vlsi/logs0/LoggingService0.log"}
[2025-11-21 13:00:15.888 +0530] [PROCESS] [cadence.virtuoso.ade.gui] - /home/vlsi/Desktop/PLL_NEW/.tmp_vlsi/.cmddir0/swiftLoggingService3 is starting {"logfile": "/home/vlsi/Desktop/PLL_NEW/logs_vlsi/logs0/LoggingService3.log"}
[2025-11-21 13:00:15.892 +0530] [PROCESS] [cadence.virtuoso.ade.gui] - /home/vlsi/Desktop/PLL_NEW/.tmp_vlsi/.cmddir0/swiftNetlistService4 is starting {"logfile": "/home/vlsi/Desktop/PLL_NEW/logs_vlsi/logs0/Service4.log"}
[2025-11-21 13:00:17.221 +0530] [PROCESS] [cadence.virtuoso.ade.gui] - Netlist Service '352408' is starting up on host 'cad13' {"logfile": "/home/vlsi/Desktop/PLL_NEW/logs_vlsi/logs0/Service4.log"}
[2025-11-21 13:00:17.221 +0530] [PROCESS] [cadence.virtuoso.ade.gui] - Logging Service '352400' is starting up on host 'cad13' {"logfile": "/home/vlsi/Desktop/PLL_NEW/logs_vlsi/logs0/LoggingService3.log"}
[2025-11-21 13:00:33.238 +0530] [EVENT] [cadence.virtuoso.ade.gui] - NewHistoryCreated {"history": "ExplorerRun.0", "event": "NewHistoryCreated", "EventSource": "ADE GUI", "HistoryName": "ExplorerRun.0", "WorkDir": "/home/vlsi/Desktop/PLL_NEW", "HistorySimDir": "/home/vlsi/simulation/PD/VCO_tb/maestro/results/maestro/ExplorerRun.0", "HistoryResultsDir": "/home/vlsi/Desktop/PLL_NEW/PD/VCO_tb/maestro/results/maestro"}
[2025-11-21 13:00:33.238 +0530] [PROCESS] [cadence.virtuoso.ade.gui] - History Setup {"hostname": "cad13", "processid": 311206, "history": "ExplorerRun.0", "logfile": "/home/vlsi/Desktop/PLL_NEW/logs_vlsi/logs0/virtuoso_ade_debug.log", "jobmode": "LSCS", "runmode": "Single Run, Sweeps and Corners", "lib": "PD", "cell": "VCO_tb", "view": "maestro", "icversion": "sub-version  IC6.1.8-64b.500.29 ", "runstart": "Fri Nov 21 13:00:33 2025\n", "timezonelocal": "+000", "spectreversion": "unknown", "jobpolicyname": "", "maxjobs": "unknown", "ncjobpolicyname": "", "ncmaxjobs": "unknown", "numtests": "1", "runfinished": "unknown", "runelapsed": "-1", "numcorners": "1"}
[2025-11-21 13:00:33.762 +0530] [INFO] [cadence.virtuoso.ade.pointevaluator] - Submitted {"history": "ExplorerRun.0"}
[2025-11-21 13:00:38.336 +0530] [PROCESS] [cadence.virtuoso.ade.gui] - /home/vlsi/Desktop/PLL_NEW/.tmp_vlsi/.cmddir0/swiftJob5 is starting {"logfile": "/home/vlsi/Desktop/PLL_NEW/logs_vlsi/logs0/Job5.log"}
[2025-11-21 13:00:38.438 +0530] [PROCESS] [cadence.virtuoso.ade.gui] - Simulation Monitor process '354928' is starting up on host 'cad13' {"logfile": "/home/vlsi/Desktop/PLL_NEW/logs_vlsi/logs0/Job5.log"}
[2025-11-21 13:00:39.693 +0530] [ERROR] [cadence.virtuoso.ade.gui] - Simulation error {"history": "ExplorerRun.0", "point": 1, "testname": "PD_VCO_tb_1"}
[2025-11-21 13:00:40.694 +0530] [ERROR] [cadence.virtuoso.ade.gui] - Simulation error {"history": "ExplorerRun.0", "point": 2, "testname": "PD_VCO_tb_1"}
[2025-11-21 13:00:40.696 +0530] [ERROR] [cadence.virtuoso.ade.gui] - Simulation error {"history": "ExplorerRun.0", "point": 3, "testname": "PD_VCO_tb_1"}
[2025-11-21 13:00:41.693 +0530] [ERROR] [cadence.virtuoso.ade.gui] - Simulation error {"history": "ExplorerRun.0", "point": 4, "testname": "PD_VCO_tb_1"}
[2025-11-21 13:00:42.693 +0530] [ERROR] [cadence.virtuoso.ade.gui] - Simulation error {"history": "ExplorerRun.0", "point": 5, "testname": "PD_VCO_tb_1"}
[2025-11-21 13:00:43.694 +0530] [ERROR] [cadence.virtuoso.ade.gui] - Simulation error {"history": "ExplorerRun.0", "point": 6, "testname": "PD_VCO_tb_1"}
[2025-11-21 13:00:44.695 +0530] [ERROR] [cadence.virtuoso.ade.gui] - Simulation error {"history": "ExplorerRun.0", "point": 7, "testname": "PD_VCO_tb_1"}
[2025-11-21 13:00:45.692 +0530] [ERROR] [cadence.virtuoso.ade.gui] - Simulation error {"history": "ExplorerRun.0", "point": 8, "testname": "PD_VCO_tb_1"}
[2025-11-21 13:00:46.692 +0530] [ERROR] [cadence.virtuoso.ade.gui] - Simulation error {"history": "ExplorerRun.0", "point": 9, "testname": "PD_VCO_tb_1"}
[2025-11-21 13:00:47.694 +0530] [ERROR] [cadence.virtuoso.ade.gui] - Simulation error {"history": "ExplorerRun.0", "point": 10, "testname": "PD_VCO_tb_1"}
[2025-11-21 13:00:48.693 +0530] [ERROR] [cadence.virtuoso.ade.gui] - Simulation error {"history": "ExplorerRun.0", "point": 11, "testname": "PD_VCO_tb_1"}
[2025-11-21 13:00:49.692 +0530] [ERROR] [cadence.virtuoso.ade.gui] - Simulation error {"history": "ExplorerRun.0", "point": 12, "testname": "PD_VCO_tb_1"}
[2025-11-21 13:00:50.694 +0530] [ERROR] [cadence.virtuoso.ade.gui] - Simulation error {"history": "ExplorerRun.0", "point": 13, "testname": "PD_VCO_tb_1"}
[2025-11-21 13:00:51.693 +0530] [ERROR] [cadence.virtuoso.ade.gui] - Simulation error {"history": "ExplorerRun.0", "point": 14, "testname": "PD_VCO_tb_1"}
[2025-11-21 13:00:52.698 +0530] [ERROR] [cadence.virtuoso.ade.gui] - Simulation error {"history": "ExplorerRun.0", "point": 15, "testname": "PD_VCO_tb_1"}
[2025-11-21 13:00:52.908 +0530] [EVENT] [cadence.virtuoso.ade.gui] - HistoryFinished {"history": "ExplorerRun.0", "event": "HistoryFinished", "EventSource": "ADE GUI", "HistoryName": "ExplorerRun.0"}
[2025-11-21 13:05:49.167 +0530] [PROCESS] [cadence.virtuoso.ade.gui] - Netlist Service '352408' stopped with exit code '0' {"logfile": "/home/vlsi/Desktop/PLL_NEW/logs_vlsi/logs0/Service4.log"}
[2025-11-21 13:15:59.807 +0530] [PROCESS] [cadence.virtuoso.ade.gui] - Logging Service '352400' stopped with exit code '0' {"logfile": "/home/vlsi/Desktop/PLL_NEW/logs_vlsi/logs0/LoggingService3.log"}
[2025-11-21 13:22:05.394 +0530] [PROCESS] [cadence.virtuoso.ade.gui] - /home/vlsi/Desktop/PLL_NEW/.tmp_vlsi/.cmddir0/swiftLoggingService6 is starting {"logfile": "/home/vlsi/Desktop/PLL_NEW/logs_vlsi/logs0/LoggingService6.log"}
[2025-11-21 13:22:05.497 +0530] [PROCESS] [cadence.virtuoso.ade.gui] - /home/vlsi/Desktop/PLL_NEW/.tmp_vlsi/.cmddir0/swiftNetlistService7 is starting {"logfile": "/home/vlsi/Desktop/PLL_NEW/logs_vlsi/logs0/Service7.log"}
[2025-11-21 13:22:05.497 +0530] [PROCESS] [cadence.virtuoso.ade.gui] - Logging Service '466742' is starting up on host 'cad13' {"logfile": "/home/vlsi/Desktop/PLL_NEW/logs_vlsi/logs0/LoggingService6.log"}
[2025-11-21 13:22:06.613 +0530] [PROCESS] [cadence.virtuoso.ade.gui] - Netlist Service '466822' is starting up on host 'cad13' {"logfile": "/home/vlsi/Desktop/PLL_NEW/logs_vlsi/logs0/Service7.log"}
[2025-11-21 13:22:18.352 +0530] [EVENT] [cadence.virtuoso.ade.gui] - NewHistoryCreated {"history": "ExplorerRun.0", "event": "NewHistoryCreated", "EventSource": "ADE GUI", "HistoryName": "ExplorerRun.0", "WorkDir": "/home/vlsi/Desktop/PLL_NEW", "HistorySimDir": "/home/vlsi/simulation/PD/VCO_tb/maestro/results/maestro/ExplorerRun.0", "HistoryResultsDir": "/home/vlsi/Desktop/PLL_NEW/PD/VCO_tb/maestro/results/maestro"}
[2025-11-21 13:22:18.352 +0530] [PROCESS] [cadence.virtuoso.ade.gui] - History Setup {"hostname": "cad13", "processid": 311206, "history": "ExplorerRun.0", "logfile": "/home/vlsi/Desktop/PLL_NEW/logs_vlsi/logs0/virtuoso_ade_debug.log", "jobmode": "LSCS", "runmode": "Single Run, Sweeps and Corners", "lib": "PD", "cell": "VCO_tb", "view": "maestro", "icversion": "sub-version  IC6.1.8-64b.500.29 ", "runstart": "Fri Nov 21 13:22:18 2025\n", "timezonelocal": "+000", "spectreversion": "unknown", "jobpolicyname": "", "maxjobs": "unknown", "ncjobpolicyname": "", "ncmaxjobs": "unknown", "numtests": "1", "runfinished": "unknown", "runelapsed": "-1", "numcorners": "1"}
[2025-11-21 13:22:18.896 +0530] [INFO] [cadence.virtuoso.ade.pointevaluator] - Submitted {"history": "ExplorerRun.0"}
[2025-11-21 13:22:24.016 +0530] [PROCESS] [cadence.virtuoso.ade.gui] - /home/vlsi/Desktop/PLL_NEW/.tmp_vlsi/.cmddir0/swiftJob8 is starting {"logfile": "/home/vlsi/Desktop/PLL_NEW/logs_vlsi/logs0/Job8.log"}
[2025-11-21 13:22:24.118 +0530] [PROCESS] [cadence.virtuoso.ade.gui] - Simulation Monitor process '469312' is starting up on host 'cad13' {"logfile": "/home/vlsi/Desktop/PLL_NEW/logs_vlsi/logs0/Job8.log"}
[2025-11-21 13:22:31.761 +0530] [PROCESS] [cadence.virtuoso.ade.gui] - ln: failed to create symbolic link '/home/vlsi/simulation/PD/VCO_tb/maestro/results/maestro/ExplorerRun.0/1/PD_VCO_tb_1/netlist/exprOutputs.log': File exists
 {"logfile": "/home/vlsi/Desktop/PLL_NEW/logs_vlsi/logs0/Job8.log"}
[2025-11-21 13:22:31.762 +0530] [PROCESS] [cadence.virtuoso.ade.gui] - ln: failed to create symbolic link '/home/vlsi/simulation/PD/VCO_tb/maestro/results/maestro/ExplorerRun.0/1/PD_VCO_tb_1/netlist/amps_evaluator.log': File exists
 {"logfile": "/home/vlsi/Desktop/PLL_NEW/logs_vlsi/logs0/Job8.log"}
[2025-11-21 13:22:33.194 +0530] [INFO] [cadence.virtuoso.ade.gui] - Point completed {"history": "ExplorerRun.0", "point": 1, "testname": "PD_VCO_tb_1"}
[2025-11-21 13:22:38.116 +0530] [EVENT] [cadence.virtuoso.ade.gui] - HistoryFinished {"history": "ExplorerRun.0", "event": "HistoryFinished", "EventSource": "ADE GUI", "HistoryName": "ExplorerRun.0"}
[2025-11-21 13:22:41.193 +0530] [INFO] [cadence.virtuoso.ade.gui] - Canceled simulation of points {"history": "ExplorerRun.0", "point": 2, "testname": "PD_VCO_tb_1"}
[2025-11-21 13:22:59.733 +0530] [EVENT] [cadence.virtuoso.ade.gui] - NewHistoryCreated {"history": "ExplorerRun.0", "event": "NewHistoryCreated", "EventSource": "ADE GUI", "HistoryName": "ExplorerRun.0", "WorkDir": "/home/vlsi/Desktop/PLL_NEW", "HistorySimDir": "/home/vlsi/simulation/PD/VCO_tb/maestro/results/maestro/ExplorerRun.0", "HistoryResultsDir": "/home/vlsi/Desktop/PLL_NEW/PD/VCO_tb/maestro/results/maestro"}
[2025-11-21 13:22:59.734 +0530] [PROCESS] [cadence.virtuoso.ade.gui] - History Setup {"hostname": "cad13", "processid": 311206, "history": "ExplorerRun.0", "logfile": "/home/vlsi/Desktop/PLL_NEW/logs_vlsi/logs0/virtuoso_ade_debug.log", "jobmode": "LSCS", "runmode": "Single Run, Sweeps and Corners", "lib": "PD", "cell": "VCO_tb", "view": "maestro", "icversion": "sub-version  IC6.1.8-64b.500.29 ", "runstart": "Fri Nov 21 13:22:59 2025\n", "timezonelocal": "+000", "spectreversion": "unknown", "jobpolicyname": "", "maxjobs": "unknown", "ncjobpolicyname": "", "ncmaxjobs": "unknown", "numtests": "1", "runfinished": "unknown", "runelapsed": "-1", "numcorners": "1"}
[2025-11-21 13:23:00.114 +0530] [INFO] [cadence.virtuoso.ade.pointevaluator] - Submitted {"history": "ExplorerRun.0"}
[2025-11-21 13:23:04.193 +0530] [ERROR] [cadence.virtuoso.ade.gui] - Simulation error {"history": "ExplorerRun.0", "point": 1, "testname": "PD_VCO_tb_1"}
[2025-11-21 13:23:05.198 +0530] [ERROR] [cadence.virtuoso.ade.gui] - Simulation error {"history": "ExplorerRun.0", "point": 2, "testname": "PD_VCO_tb_1"}
[2025-11-21 13:23:06.194 +0530] [ERROR] [cadence.virtuoso.ade.gui] - Simulation error {"history": "ExplorerRun.0", "point": 3, "testname": "PD_VCO_tb_1"}
[2025-11-21 13:23:06.195 +0530] [ERROR] [cadence.virtuoso.ade.gui] - Simulation error {"history": "ExplorerRun.0", "point": 4, "testname": "PD_VCO_tb_1"}
[2025-11-21 13:23:07.192 +0530] [ERROR] [cadence.virtuoso.ade.gui] - Simulation error {"history": "ExplorerRun.0", "point": 5, "testname": "PD_VCO_tb_1"}
[2025-11-21 13:23:08.193 +0530] [ERROR] [cadence.virtuoso.ade.gui] - Simulation error {"history": "ExplorerRun.0", "point": 6, "testname": "PD_VCO_tb_1"}
[2025-11-21 13:23:09.194 +0530] [ERROR] [cadence.virtuoso.ade.gui] - Simulation error {"history": "ExplorerRun.0", "point": 7, "testname": "PD_VCO_tb_1"}
[2025-11-21 13:23:10.196 +0530] [ERROR] [cadence.virtuoso.ade.gui] - Simulation error {"history": "ExplorerRun.0", "point": 8, "testname": "PD_VCO_tb_1"}
[2025-11-21 13:23:11.194 +0530] [ERROR] [cadence.virtuoso.ade.gui] - Simulation error {"history": "ExplorerRun.0", "point": 9, "testname": "PD_VCO_tb_1"}
[2025-11-21 13:23:12.193 +0530] [ERROR] [cadence.virtuoso.ade.gui] - Simulation error {"history": "ExplorerRun.0", "point": 10, "testname": "PD_VCO_tb_1"}
[2025-11-21 13:23:13.192 +0530] [ERROR] [cadence.virtuoso.ade.gui] - Simulation error {"history": "ExplorerRun.0", "point": 11, "testname": "PD_VCO_tb_1"}
[2025-11-21 13:23:14.193 +0530] [ERROR] [cadence.virtuoso.ade.gui] - Simulation error {"history": "ExplorerRun.0", "point": 12, "testname": "PD_VCO_tb_1"}
[2025-11-21 13:23:15.196 +0530] [ERROR] [cadence.virtuoso.ade.gui] - Simulation error {"history": "ExplorerRun.0", "point": 13, "testname": "PD_VCO_tb_1"}
[2025-11-21 13:23:15.197 +0530] [ERROR] [cadence.virtuoso.ade.gui] - Simulation error {"history": "ExplorerRun.0", "point": 14, "testname": "PD_VCO_tb_1"}
[2025-11-21 13:23:16.192 +0530] [ERROR] [cadence.virtuoso.ade.gui] - Simulation error {"history": "ExplorerRun.0", "point": 15, "testname": "PD_VCO_tb_1"}
[2025-11-21 13:23:16.474 +0530] [EVENT] [cadence.virtuoso.ade.gui] - HistoryFinished {"history": "ExplorerRun.0", "event": "HistoryFinished", "EventSource": "ADE GUI", "HistoryName": "ExplorerRun.0"}
[2025-11-21 13:23:35.666 +0530] [PROCESS] [cadence.virtuoso.ade.gui] - Logging Service '466742' stopped with exit code '0' {"logfile": "/home/vlsi/Desktop/PLL_NEW/logs_vlsi/logs0/LoggingService6.log"}
[2025-11-21 13:23:35.666 +0530] [PROCESS] [cadence.virtuoso.ade.gui] - Netlist Service '466822' stopped with exit code '0' {"logfile": "/home/vlsi/Desktop/PLL_NEW/logs_vlsi/logs0/Service7.log"}
