================================================================================
Rule No. 222 : psubstrate_StampErrorMult

Real Error Count : 1; Flat Error Count : 1
================================================================================

--------------------------------------------------------------------------------
Cell Name : freq_div_48 layout PD

                   Cell Errors    Real Errors   Cell Placements     Environments
                             1              1                 1                1
--------------------------------------------------------------------------------
Env.  Env. Placements            X1           Y1          X2           Y2

  1        1                -34.625       47.520      17.765       59.390

Shape               Environments Status & Error Marker 

          1           X1         Y1         X2         Y2

   1      X      -34.625     47.520     17.765     59.390

================================================================================
Rule No. 223 : psubstrate_StampErrorConnect

Real Error Count : 3; Flat Error Count : 3
================================================================================

--------------------------------------------------------------------------------
Cell Name : freq_div_48 layout PD

                   Cell Errors    Real Errors   Cell Placements     Environments
                             3              3                 1                1
--------------------------------------------------------------------------------
Env.  Env. Placements            X1           Y1          X2           Y2

  1        1                -25.430       54.630     -22.970       55.360

Shape               Environments Status & Error Marker 

          1           X1         Y1         X2         Y2

   1      X      -25.430     55.240    -25.135     55.360
   2      X      -24.610     54.630    -24.315     54.750
   3      X      -23.265     54.990    -22.970     55.110

================================================================================
Rule No. 228 : nwell_conn_StampErrorMult

Real Error Count : 1; Flat Error Count : 1
================================================================================

--------------------------------------------------------------------------------
Cell Name : freq_div_48 layout PD

                   Cell Errors    Real Errors   Cell Placements     Environments
                             1              1                 1                1
--------------------------------------------------------------------------------
Env.  Env. Placements            X1           Y1          X2           Y2

  1        1                -33.550       52.545      14.800       56.290

Shape               Environments Status & Error Marker 

          1           X1         Y1         X2         Y2

   1      X      -33.550     52.545     14.800     56.290

================================================================================
Rule No. 229 : nwell_conn_StampErrorConnect

Real Error Count : 3; Flat Error Count : 3
================================================================================

--------------------------------------------------------------------------------
Cell Name : freq_div_48 layout PD

                   Cell Errors    Real Errors   Cell Placements     Environments
                             3              3                 1                1
--------------------------------------------------------------------------------
Env.  Env. Placements            X1           Y1          X2           Y2

  1        1                -26.055       55.805     -22.970       55.975

Shape               Environments Status & Error Marker 

          1           X1         Y1         X2         Y2

   1      X      -26.055     55.855    -25.760     55.975
   2      X      -24.600     55.855    -24.305     55.975
   3      X      -23.265     55.805    -22.970     55.925

================================================================================
Rule No. 258 : NW.SE.1: Minimum Nwell spacing to N+ Active Area >= 0.16 um

Real Error Count : 2; Flat Error Count : 2
================================================================================

--------------------------------------------------------------------------------
Cell Name : freq_div_48 layout PD

                   Cell Errors    Real Errors   Cell Placements     Environments
                             2              2                 1                1
--------------------------------------------------------------------------------
Env.  Env. Placements            X1           Y1          X2           Y2

  1        1                 -8.050       52.570      -7.910       52.715

Shape               Environments Status & Error Marker 

          1           X1         Y1         X2         Y2

   1      X       -8.050     52.590     -7.910     52.695
   2      X       -8.030     52.570     -7.930     52.715

================================================================================
Rule No. 497 : METAL1.SP.1.1: Metal1 to Metal1 spacing must be >= 0.06 um

Real Error Count : 1; Flat Error Count : 1
================================================================================

--------------------------------------------------------------------------------
Cell Name : freq_div_48 layout PD

                   Cell Errors    Real Errors   Cell Placements     Environments
                             1              1                 1                1
--------------------------------------------------------------------------------
Env.  Env. Placements            X1           Y1          X2           Y2

  1        1                -25.365       55.630     -25.310       55.784

Shape               Environments Status & Error Marker 

          1           X1         Y1         X2         Y2

   1      X      -25.365     55.630    -25.310     55.784

