[Simulation Monitor: 22]
[2025-11-20 16:24:14.323 +0530] [PROCESS] [cadence.virtuoso.ade.simulationMonitor] - Simulation Monitor has successfully started up. Trying to set up communication channels to other components ... {"hostname": "cad13", "processid": 729712, "logfile": "/home/vlsi/Desktop/PLL_NEW/logs_vlsi/logs0/Job22.log"}
[2025-11-20 16:24:14.323 +0530] [PROCESS] [cadence.virtuoso.ade.simulationMonitor] - Communication channels have been successfully set up. Start processing events ... {"hostname": "cad13", "processid": 729712, "logfile": "/home/vlsi/Desktop/PLL_NEW/logs_vlsi/logs0/Job22.log"}
[2025-11-20 16:24:14.323 +0530] [PROCESS] [cadence.virtuoso.ade.simulationMonitor] - Considering to start history {"hostname": "cad13", "processid": 729712, "history": "ExplorerRun.0", "logfile": "/home/vlsi/Desktop/PLL_NEW/logs_vlsi/logs0/Job22.log"}
[2025-11-20 16:24:14.324 +0530] [PROCESS] [cadence.virtuoso.ade.simulationMonitor] - HostInfo:
Host name (type):	cad13 (x86_64)
Operating system:	Linux 4.18.0-425.3.1.el8.x86_64 #1 SMP Fri Sep 30 11:45:06 EDT 2022 {"hostname": "cad13", "processid": 729712, "history": "ExplorerRun.0", "logfile": "/home/vlsi/Desktop/PLL_NEW/logs_vlsi/logs0/Job22.log", "nodename": "cad13", "domainname": "(none)", "machine": "x86_64", "sysname": "Linux", "release": "4.18.0-425.3.1.el8.x86_64", "version": "#1 SMP Fri Sep 30 11:45:06 EDT 2022"}
[2025-11-20 16:24:14.324 +0530] [PROCESS] [cadence.virtuoso.ade.simulationMonitor] - UsageInfo:
pid=729712
totalPhysicalMemory=15.336876GB,Used=14.401108GB,totalVirtualMemory=47.336872GB,Used=14.404793GB
Cpu: Cores=28, Load average:0.850000,0.750000,0.850000 {"hostname": "cad13", "processid": 729712, "history": "ExplorerRun.0", "logfile": "/home/vlsi/Desktop/PLL_NEW/logs_vlsi/logs0/Job22.log", "pid": "729712", "totalPhysicalMemory": "15.336876", "physicalMemoryUsed": "14.401108", "totalVirtualMemory": "47.336872", "virtualMemoryUsed": "14.404793", "cpuCores": "28", "processes": "1417", "loadAverage1": "0.850000", "loadAverage5": "0.750000", "loadAverage15": "0.850000", "loadAverage1Percent": "0.030357"}
[2025-11-20 16:24:14.324 +0530] [EVENT] [cadence.virtuoso.ade.simulationMonitor] - NewPoint {"history": "ExplorerRun.0", "point": 1, "testname": "PD_VCO_tb_1", "cornername": "Nominal", "event": "NewPoint", "EventSource": "Simulation Monitor", "HistoryName": "ExplorerRun.0", "logFile": "/home/vlsi/Desktop/PLL_NEW/logs_vlsi/logs0/Job22.log", "logFileSize": "2102"}
[2025-11-20 16:24:14.425 +0530] [EVENT] [cadence.virtuoso.ade.simulationMonitor] - NewPoint {"history": "ExplorerRun.0", "point": 1, "testname": "PD_VCO_tb_1", "cornername": "Nominal", "event": "NewPoint", "EventSource": "spectre", "HistoryName": "ExplorerRun.0", "logFile": "/home/vlsi/simulation/PD/VCO_tb/maestro/results/maestro/ExplorerRun.0/1/PD_VCO_tb_1/psf/spectre.out", "logFileSize": "-1"}
[2025-11-20 16:24:14.436 +0530] [PROCESS] [cadence.virtuoso.ade.simulationMonitor] - Simulator launched {"hostname": "cad13", "processid": 729712, "history": "ExplorerRun.0", "testname": "PD_VCO_tb_1", "cornername": "Nominal", "point": 1, "logfile": "/home/vlsi/Desktop/PLL_NEW/logs_vlsi/logs0/Job22.log", "simid": "1"}
[2025-11-20 16:24:14.437 +0530] [PROCESS] [cadence.virtuoso.ade.simulationMonitor] - Expression evaluator launched {"hostname": "cad13", "processid": 729712, "history": "ExplorerRun.0", "testname": "PD_VCO_tb_1", "cornername": "Nominal", "point": 1, "logfile": "/home/vlsi/Desktop/PLL_NEW/logs_vlsi/logs0/Job22.log"}
[2025-11-20 16:24:14.440 +0530] [PROCESS] [cadence.virtuoso.ade.simulationMonitor] - Started Simulation {"hostname": "cad13", "processid": 729712, "history": "ExplorerRun.0", "testname": "PD_VCO_tb_1", "cornername": "Nominal", "point": 1, "logfile": "/home/vlsi/Desktop/PLL_NEW/logs_vlsi/logs0/Job22.log", "event": "started", "task": "simulation"}
[2025-11-20 16:24:14.940 +0530] [INFO] [cadence.virtuoso.ade.simulationMonitor] - Peak resident memory used = 154 Mbytes. {"history": "ExplorerRun.0", "point": 1, "testname": "PD_VCO_tb_1", "cornername": "Nominal"}
[2025-11-20 16:24:15.441 +0530] [INFO] [cadence.virtuoso.ade.simulationMonitor] - Peak resident memory used = 167 Mbytes. {"history": "ExplorerRun.0", "point": 1, "testname": "PD_VCO_tb_1", "cornername": "Nominal"}
[2025-11-20 16:24:15.441 +0530] [INFO] [cadence.virtuoso.ade.simulationMonitor] - Notice from spectre during hierarchy flattening.
    The value 'psf' specified for the 'checklimitdest' option will no longer be supported in future releases. Use 'spectre -h' to see other recommended values for the 'checklimitdest' option. {"history": "ExplorerRun.0", "point": 1, "testname": "PD_VCO_tb_1", "cornername": "Nominal"}
[2025-11-20 16:24:15.441 +0530] [INFO] [cadence.virtuoso.ade.simulationMonitor] - Peak resident memory used = 169 Mbytes. {"history": "ExplorerRun.0", "point": 1, "testname": "PD_VCO_tb_1", "cornername": "Nominal"}
[2025-11-20 16:24:15.442 +0530] [INFO] [cadence.virtuoso.ade.simulationMonitor] - Notice from spectre during initial setup.
    Multithreading is disabled due to the size of the design being too small. {"history": "ExplorerRun.0", "point": 1, "testname": "PD_VCO_tb_1", "cornername": "Nominal"}
[2025-11-20 16:24:15.442 +0530] [INFO] [cadence.virtuoso.ade.simulationMonitor] -               nodes 48 {"history": "ExplorerRun.0", "point": 1, "testname": "PD_VCO_tb_1", "cornername": "Nominal"}
[2025-11-20 16:24:15.442 +0530] [INFO] [cadence.virtuoso.ade.simulationMonitor] - Notice from spectre during initial setup.
    APS enabled. {"history": "ExplorerRun.0", "point": 1, "testname": "PD_VCO_tb_1", "cornername": "Nominal"}
[2025-11-20 16:24:15.442 +0530] [INFO] [cadence.virtuoso.ade.simulationMonitor] - Peak resident memory used = 171 Mbytes. {"history": "ExplorerRun.0", "point": 1, "testname": "PD_VCO_tb_1", "cornername": "Nominal"}
[2025-11-20 16:24:15.442 +0530] [INFO] [cadence.virtuoso.ade.simulationMonitor] -    -   (APS) Multi-threading. The recommended number of threads is 1, consider adding +mt=1 on command line. {"history": "ExplorerRun.0", "point": 1, "testname": "PD_VCO_tb_1", "cornername": "Nominal"}
[2025-11-20 16:24:15.442 +0530] [INFO] [cadence.virtuoso.ade.simulationMonitor] - Notice from spectre during IC analysis, during transient analysis `tran'.
    There are 1 IC nodes defined. {"history": "ExplorerRun.0", "point": 1, "testname": "PD_VCO_tb_1", "cornername": "Nominal"}
[2025-11-20 16:24:15.442 +0530] [INFO] [cadence.virtuoso.ade.simulationMonitor] - Notice from spectre during IC analysis, during transient analysis `tran'.
    Bad pivoting is found during DC analysis. Option dc_pivot_check=yes is recommended for possible improvement of convergence.
    Initial condition computed for node vout is in error by 2.10022 uV.
        Decrease `rforce' to reduce error in computed initial conditions.  However, setting rforce too small may result in convergence difficulties or in the matrix becoming singular. {"history": "ExplorerRun.0", "point": 1, "testname": "PD_VCO_tb_1", "cornername": "Nominal"}
[2025-11-20 16:24:15.442 +0530] [INFO] [cadence.virtuoso.ade.simulationMonitor] - Notice from spectre during transient analysis `tran'.
    Multithreading is disabled due to the size of the design being too small. {"history": "ExplorerRun.0", "point": 1, "testname": "PD_VCO_tb_1", "cornername": "Nominal"}
[2025-11-20 16:24:22.493 +0530] [INFO] [cadence.virtuoso.ade.simulationMonitor] - Total time required for tran analysis `tran': CPU = 7.33391 s, elapsed = 7.38081 s, util. = 99.4%. {"history": "ExplorerRun.0", "point": 1, "testname": "PD_VCO_tb_1", "cornername": "Nominal"}
[2025-11-20 16:24:22.493 +0530] [INFO] [cadence.virtuoso.ade.simulationMonitor] - Peak resident memory used = 411 Mbytes. {"history": "ExplorerRun.0", "point": 1, "testname": "PD_VCO_tb_1", "cornername": "Nominal"}
[2025-11-20 16:24:22.993 +0530] [INFO] [cadence.virtuoso.ade.simulationMonitor] - Notice from spectre.
    Multithreading is disabled due to the size of the design being too small. {"history": "ExplorerRun.0", "point": 1, "testname": "PD_VCO_tb_1", "cornername": "Nominal"}
[2025-11-20 16:24:22.993 +0530] [INFO] [cadence.virtuoso.ade.simulationMonitor] - Notice from spectre during IC analysis, during periodic steady state analysis `pss'.
    There are 1 IC nodes defined. {"history": "ExplorerRun.0", "point": 1, "testname": "PD_VCO_tb_1", "cornername": "Nominal"}
[2025-11-20 16:24:22.993 +0530] [INFO] [cadence.virtuoso.ade.simulationMonitor] - Notice from spectre during IC analysis, during periodic steady state analysis `pss'.
    Bad pivoting is found during DC analysis. Option dc_pivot_check=yes is recommended for possible improvement of convergence.
    Initial condition computed for node vout is in error by 2.10022 uV.
        Decrease `rforce' to reduce error in computed initial conditions.  However, setting rforce too small may result in convergence difficulties or in the matrix becoming singular. {"history": "ExplorerRun.0", "point": 1, "testname": "PD_VCO_tb_1", "cornername": "Nominal"}
[2025-11-20 16:24:23.494 +0530] [INFO] [cadence.virtuoso.ade.simulationMonitor] - Total time required for tstab analysis `pss': CPU = 370.298 ms, elapsed = 409.613 ms. {"history": "ExplorerRun.0", "point": 1, "testname": "PD_VCO_tb_1", "cornername": "Nominal"}
[2025-11-20 16:24:23.494 +0530] [INFO] [cadence.virtuoso.ade.simulationMonitor] - Peak resident memory used = 411 Mbytes. {"history": "ExplorerRun.0", "point": 1, "testname": "PD_VCO_tb_1", "cornername": "Nominal"}
[2025-11-20 16:24:23.494 +0530] [INFO] [cadence.virtuoso.ade.simulationMonitor] - Total time required for pss analysis `pss': CPU = 446.863 ms, elapsed = 578.14 ms, util. = 77.3%. {"history": "ExplorerRun.0", "point": 1, "testname": "PD_VCO_tb_1", "cornername": "Nominal"}
[2025-11-20 16:24:23.495 +0530] [INFO] [cadence.virtuoso.ade.simulationMonitor] - Peak resident memory used = 411 Mbytes. {"history": "ExplorerRun.0", "point": 1, "testname": "PD_VCO_tb_1", "cornername": "Nominal"}
[2025-11-20 16:24:23.495 +0530] [INFO] [cadence.virtuoso.ade.simulationMonitor] - Notice from spectre during PSTB analysis `pstb'.
    Multithreading is disabled due to the size of the design being too small. {"history": "ExplorerRun.0", "point": 1, "testname": "PD_VCO_tb_1", "cornername": "Nominal"}
[2025-11-20 16:24:23.495 +0530] [INFO] [cadence.virtuoso.ade.simulationMonitor] - Notice from spectre at freq = 4 GHz during PSTB analysis `pstb'.
    No gain margin. Phase does not reach 0 Deg.
    No phase margin. Gain(dB) has no zero-crossing point from positive to negative. {"history": "ExplorerRun.0", "point": 1, "testname": "PD_VCO_tb_1", "cornername": "Nominal"}
[2025-11-20 16:24:23.495 +0530] [INFO] [cadence.virtuoso.ade.simulationMonitor] - Total time required for pstb analysis `pstb': CPU = 171.338 ms, elapsed = 291.178 ms, util. = 58.8%. {"history": "ExplorerRun.0", "point": 1, "testname": "PD_VCO_tb_1", "cornername": "Nominal"}
[2025-11-20 16:24:23.495 +0530] [INFO] [cadence.virtuoso.ade.simulationMonitor] - Peak resident memory used = 414 Mbytes. {"history": "ExplorerRun.0", "point": 1, "testname": "PD_VCO_tb_1", "cornername": "Nominal"}
[2025-11-20 16:24:23.996 +0530] [INFO] [cadence.virtuoso.ade.simulationMonitor] - Time used: CPU = 8.37 s, elapsed = 9.27 s, util. = 90.3%. {"history": "ExplorerRun.0", "point": 1, "testname": "PD_VCO_tb_1", "cornername": "Nominal"}
[2025-11-20 16:24:23.997 +0530] [INFO] [cadence.virtuoso.ade.simulationMonitor] - Time spent in licensing: elapsed = 35.2 ms. {"history": "ExplorerRun.0", "point": 1, "testname": "PD_VCO_tb_1", "cornername": "Nominal"}
[2025-11-20 16:24:23.997 +0530] [INFO] [cadence.virtuoso.ade.simulationMonitor] - Peak memory used = 414 Mbytes. {"history": "ExplorerRun.0", "point": 1, "testname": "PD_VCO_tb_1", "cornername": "Nominal"}
[2025-11-20 16:24:23.997 +0530] [PROCESS] [cadence.virtuoso.ade.simulationMonitor] - Simulation started at: 4:24:14 PM, Thur Nov 20, 2025, ended at: 4:24:23 PM, Thur Nov 20, 2025, with elapsed time (wall clock): 9.27 s. {"history": "ExplorerRun.0", "point": 1, "testname": "PD_VCO_tb_1", "cornername": "Nominal"}
[2025-11-20 16:24:23.997 +0530] [PROCESS] [cadence.virtuoso.ade.simulationMonitor] - spectre completes with 0 errors, 0 warnings, and 15 notices. {"history": "ExplorerRun.0", "point": 1, "testname": "PD_VCO_tb_1", "cornername": "Nominal"}
[2025-11-20 16:24:23.997 +0530] [PROCESS] [cadence.virtuoso.ade.simulationMonitor] - Finished simulating for one point {"hostname": "cad13", "processid": 729712, "history": "ExplorerRun.0", "testname": "PD_VCO_tb_1", "cornername": "Nominal", "point": 1, "logfile": "/home/vlsi/Desktop/PLL_NEW/logs_vlsi/logs0/Job22.log", "simid": "1"}
[2025-11-20 16:24:23.997 +0530] [PROCESS] [cadence.virtuoso.ade.simulationMonitor] - Simulator exited {"hostname": "cad13", "processid": 729712, "history": "ExplorerRun.0", "testname": "PD_VCO_tb_1", "cornername": "Nominal", "point": 1, "logfile": "/home/vlsi/Desktop/PLL_NEW/logs_vlsi/logs0/Job22.log", "exitStatus": "0"}
[2025-11-20 16:24:23.997 +0530] [PROCESS] [cadence.virtuoso.ade.simulationMonitor] - Finished Simulation {"hostname": "cad13", "processid": 729712, "history": "ExplorerRun.0", "testname": "PD_VCO_tb_1", "cornername": "Nominal", "point": 1, "logfile": "/home/vlsi/Desktop/PLL_NEW/logs_vlsi/logs0/Job22.log", "simid": "1"}
[2025-11-20 16:24:24.501 +0530] [PROCESS] [cadence.virtuoso.ade.simulationMonitor] - Point Finished {"hostname": "cad13", "processid": 729712, "history": "ExplorerRun.0", "testname": "PD_VCO_tb_1", "cornername": "Nominal", "point": 1, "logfile": "/home/vlsi/Desktop/PLL_NEW/logs_vlsi/logs0/Job22.log"}
[2025-11-20 16:24:25.581 +0530] [PROCESS] [cadence.virtuoso.ade.simulationMonitor] - Stay with the runId '5', Linger time '300', currentRunSyn '11', currentTestSyn '11' {"hostname": "cad13", "processid": 729712, "history": "ExplorerRun.0", "testname": "PD_VCO_tb_1", "cornername": "Nominal", "point": 1, "logfile": "/home/vlsi/Desktop/PLL_NEW/logs_vlsi/logs0/Job22.log"}
[2025-11-20 16:26:26.803 +0530] [INFO] [cadence.virtuoso.ade.simulationMonitor] - SimulationMonitor has terminated the vds process '729819', reason: 'Force to stop the expression evalutor process because of new run' {"history": "ExplorerRun.0", "point": 1, "testname": "PD_VCO_tb_1", "cornername": "Nominal"}
[2025-11-20 16:26:26.804 +0530] [PROCESS] [cadence.virtuoso.ade.simulationMonitor] - HostInfo:
Host name (type):	cad13 (x86_64)
Operating system:	Linux 4.18.0-425.3.1.el8.x86_64 #1 SMP Fri Sep 30 11:45:06 EDT 2022 {"hostname": "cad13", "processid": 729712, "history": "ExplorerRun.0", "testname": "PD_VCO_tb_1", "cornername": "Nominal", "point": 1, "logfile": "/home/vlsi/Desktop/PLL_NEW/logs_vlsi/logs0/Job22.log", "nodename": "cad13", "domainname": "(none)", "machine": "x86_64", "sysname": "Linux", "release": "4.18.0-425.3.1.el8.x86_64", "version": "#1 SMP Fri Sep 30 11:45:06 EDT 2022"}
[2025-11-20 16:26:26.804 +0530] [PROCESS] [cadence.virtuoso.ade.simulationMonitor] - UsageInfo:
pid=729712
totalPhysicalMemory=15.336876GB,Used=14.350132GB,totalVirtualMemory=47.336872GB,Used=14.353817GB
Cpu: Cores=28, Load average:0.380000,0.610000,0.790000 {"hostname": "cad13", "processid": 729712, "history": "ExplorerRun.0", "testname": "PD_VCO_tb_1", "cornername": "Nominal", "point": 1, "logfile": "/home/vlsi/Desktop/PLL_NEW/logs_vlsi/logs0/Job22.log", "pid": "729712", "totalPhysicalMemory": "15.336876", "physicalMemoryUsed": "14.350132", "totalVirtualMemory": "47.336872", "virtualMemoryUsed": "14.353817", "cpuCores": "28", "processes": "1432", "loadAverage1": "0.380000", "loadAverage5": "0.610000", "loadAverage15": "0.790000", "loadAverage1Percent": "0.013571"}
[2025-11-20 16:26:26.804 +0530] [EVENT] [cadence.virtuoso.ade.simulationMonitor] - NewPoint {"history": "ExplorerRun.0", "point": 1, "testname": "PD_VCO_tb_1", "cornername": "Nominal", "event": "NewPoint", "EventSource": "Simulation Monitor", "HistoryName": "ExplorerRun.0", "logFile": "/home/vlsi/Desktop/PLL_NEW/logs_vlsi/logs0/Job22.log", "logFileSize": "15731"}
[2025-11-20 16:26:26.904 +0530] [EVENT] [cadence.virtuoso.ade.simulationMonitor] - NewPoint {"history": "ExplorerRun.0", "point": 1, "testname": "PD_VCO_tb_1", "cornername": "Nominal", "event": "NewPoint", "EventSource": "spectre", "HistoryName": "ExplorerRun.0", "logFile": "/home/vlsi/simulation/PD/VCO_tb/maestro/results/maestro/ExplorerRun.0/1/PD_VCO_tb_1/psf/spectre.out", "logFileSize": "-1"}
[2025-11-20 16:26:26.907 +0530] [PROCESS] [cadence.virtuoso.ade.simulationMonitor] - Simulator launched {"hostname": "cad13", "processid": 729712, "history": "ExplorerRun.0", "testname": "PD_VCO_tb_1", "cornername": "Nominal", "point": 1, "logfile": "/home/vlsi/Desktop/PLL_NEW/logs_vlsi/logs0/Job22.log", "simid": "2"}
[2025-11-20 16:26:26.907 +0530] [PROCESS] [cadence.virtuoso.ade.simulationMonitor] - Expression evaluator launched {"hostname": "cad13", "processid": 729712, "history": "ExplorerRun.0", "testname": "PD_VCO_tb_1", "cornername": "Nominal", "point": 1, "logfile": "/home/vlsi/Desktop/PLL_NEW/logs_vlsi/logs0/Job22.log"}
[2025-11-20 16:26:26.910 +0530] [PROCESS] [cadence.virtuoso.ade.simulationMonitor] - Started Simulation {"hostname": "cad13", "processid": 729712, "history": "ExplorerRun.0", "testname": "PD_VCO_tb_1", "cornername": "Nominal", "point": 1, "logfile": "/home/vlsi/Desktop/PLL_NEW/logs_vlsi/logs0/Job22.log", "event": "started", "task": "simulation"}
[2025-11-20 16:26:27.911 +0530] [INFO] [cadence.virtuoso.ade.simulationMonitor] - Peak resident memory used = 151 Mbytes. {"history": "ExplorerRun.0", "point": 1, "testname": "PD_VCO_tb_1", "cornername": "Nominal"}
[2025-11-20 16:26:27.911 +0530] [INFO] [cadence.virtuoso.ade.simulationMonitor] - Peak resident memory used = 163 Mbytes. {"history": "ExplorerRun.0", "point": 1, "testname": "PD_VCO_tb_1", "cornername": "Nominal"}
[2025-11-20 16:26:27.911 +0530] [INFO] [cadence.virtuoso.ade.simulationMonitor] - Notice from spectre during hierarchy flattening.
    The value 'psf' specified for the 'checklimitdest' option will no longer be supported in future releases. Use 'spectre -h' to see other recommended values for the 'checklimitdest' option. {"history": "ExplorerRun.0", "point": 1, "testname": "PD_VCO_tb_1", "cornername": "Nominal"}
[2025-11-20 16:26:27.911 +0530] [INFO] [cadence.virtuoso.ade.simulationMonitor] - Peak resident memory used = 165 Mbytes. {"history": "ExplorerRun.0", "point": 1, "testname": "PD_VCO_tb_1", "cornername": "Nominal"}
[2025-11-20 16:26:27.911 +0530] [INFO] [cadence.virtuoso.ade.simulationMonitor] - Notice from spectre during initial setup.
    Multithreading is disabled due to the size of the design being too small. {"history": "ExplorerRun.0", "point": 1, "testname": "PD_VCO_tb_1", "cornername": "Nominal"}
[2025-11-20 16:26:27.911 +0530] [INFO] [cadence.virtuoso.ade.simulationMonitor] -               nodes 48 {"history": "ExplorerRun.0", "point": 1, "testname": "PD_VCO_tb_1", "cornername": "Nominal"}
[2025-11-20 16:26:27.911 +0530] [INFO] [cadence.virtuoso.ade.simulationMonitor] - Notice from spectre during initial setup.
    APS enabled. {"history": "ExplorerRun.0", "point": 1, "testname": "PD_VCO_tb_1", "cornername": "Nominal"}
[2025-11-20 16:26:28.411 +0530] [INFO] [cadence.virtuoso.ade.simulationMonitor] - Peak resident memory used = 167 Mbytes. {"history": "ExplorerRun.0", "point": 1, "testname": "PD_VCO_tb_1", "cornername": "Nominal"}
[2025-11-20 16:26:28.412 +0530] [INFO] [cadence.virtuoso.ade.simulationMonitor] -    -   (APS) Multi-threading. The recommended number of threads is 1, consider adding +mt=1 on command line. {"history": "ExplorerRun.0", "point": 1, "testname": "PD_VCO_tb_1", "cornername": "Nominal"}
[2025-11-20 16:26:28.412 +0530] [INFO] [cadence.virtuoso.ade.simulationMonitor] - Notice from spectre during IC analysis, during transient analysis `tran'.
    There are 1 IC nodes defined. {"history": "ExplorerRun.0", "point": 1, "testname": "PD_VCO_tb_1", "cornername": "Nominal"}
[2025-11-20 16:26:28.412 +0530] [INFO] [cadence.virtuoso.ade.simulationMonitor] - Notice from spectre during IC analysis, during transient analysis `tran'.
    Bad pivoting is found during DC analysis. Option dc_pivot_check=yes is recommended for possible improvement of convergence.
    Initial condition computed for node vout is in error by 2.10022 uV.
        Decrease `rforce' to reduce error in computed initial conditions.  However, setting rforce too small may result in convergence difficulties or in the matrix becoming singular. {"history": "ExplorerRun.0", "point": 1, "testname": "PD_VCO_tb_1", "cornername": "Nominal"}
[2025-11-20 16:26:28.412 +0530] [INFO] [cadence.virtuoso.ade.simulationMonitor] - Notice from spectre during transient analysis `tran'.
    Multithreading is disabled due to the size of the design being too small. {"history": "ExplorerRun.0", "point": 1, "testname": "PD_VCO_tb_1", "cornername": "Nominal"}
[2025-11-20 16:26:35.462 +0530] [INFO] [cadence.virtuoso.ade.simulationMonitor] - Total time required for tran analysis `tran': CPU = 7.29074 s, elapsed = 7.33018 s, util. = 99.5%. {"history": "ExplorerRun.0", "point": 1, "testname": "PD_VCO_tb_1", "cornername": "Nominal"}
[2025-11-20 16:26:35.462 +0530] [INFO] [cadence.virtuoso.ade.simulationMonitor] - Peak resident memory used = 406 Mbytes. {"history": "ExplorerRun.0", "point": 1, "testname": "PD_VCO_tb_1", "cornername": "Nominal"}
[2025-11-20 16:26:35.462 +0530] [INFO] [cadence.virtuoso.ade.simulationMonitor] - Notice from spectre.
    Multithreading is disabled due to the size of the design being too small. {"history": "ExplorerRun.0", "point": 1, "testname": "PD_VCO_tb_1", "cornername": "Nominal"}
[2025-11-20 16:26:35.462 +0530] [INFO] [cadence.virtuoso.ade.simulationMonitor] - Notice from spectre during IC analysis, during periodic steady state analysis `pss'.
    There are 1 IC nodes defined. {"history": "ExplorerRun.0", "point": 1, "testname": "PD_VCO_tb_1", "cornername": "Nominal"}
[2025-11-20 16:26:35.462 +0530] [INFO] [cadence.virtuoso.ade.simulationMonitor] - Notice from spectre during IC analysis, during periodic steady state analysis `pss'.
    Bad pivoting is found during DC analysis. Option dc_pivot_check=yes is recommended for possible improvement of convergence.
    Initial condition computed for node vout is in error by 2.10022 uV.
        Decrease `rforce' to reduce error in computed initial conditions.  However, setting rforce too small may result in convergence difficulties or in the matrix becoming singular. {"history": "ExplorerRun.0", "point": 1, "testname": "PD_VCO_tb_1", "cornername": "Nominal"}
[2025-11-20 16:27:05.232 +0530] [INFO] [cadence.virtuoso.ade.simulationMonitor] - Total time required for tstab analysis `pss': CPU = 29.4524 s, elapsed = 29.5139 s. {"history": "ExplorerRun.0", "point": 1, "testname": "PD_VCO_tb_1", "cornername": "Nominal"}
[2025-11-20 16:27:05.232 +0530] [INFO] [cadence.virtuoso.ade.simulationMonitor] - Peak resident memory used = 407 Mbytes. {"history": "ExplorerRun.0", "point": 1, "testname": "PD_VCO_tb_1", "cornername": "Nominal"}
[2025-11-20 16:27:05.232 +0530] [INFO] [cadence.virtuoso.ade.simulationMonitor] - Total time required for pss analysis `pss': CPU = 29.5594 s, elapsed = 29.712 s, util. = 99.5%. {"history": "ExplorerRun.0", "point": 1, "testname": "PD_VCO_tb_1", "cornername": "Nominal"}
[2025-11-20 16:27:05.233 +0530] [INFO] [cadence.virtuoso.ade.simulationMonitor] - Peak resident memory used = 407 Mbytes. {"history": "ExplorerRun.0", "point": 1, "testname": "PD_VCO_tb_1", "cornername": "Nominal"}
[2025-11-20 16:27:05.233 +0530] [INFO] [cadence.virtuoso.ade.simulationMonitor] - Notice from spectre during PSTB analysis `pstb'.
    Multithreading is disabled due to the size of the design being too small. {"history": "ExplorerRun.0", "point": 1, "testname": "PD_VCO_tb_1", "cornername": "Nominal"}
[2025-11-20 16:27:05.733 +0530] [INFO] [cadence.virtuoso.ade.simulationMonitor] - Notice from spectre at freq = 4 GHz during PSTB analysis `pstb'.
    No gain margin. Phase does not reach 0 Deg.
    No phase margin. Gain(dB) has no zero-crossing point from positive to negative. {"history": "ExplorerRun.0", "point": 1, "testname": "PD_VCO_tb_1", "cornername": "Nominal"}
[2025-11-20 16:27:05.733 +0530] [INFO] [cadence.virtuoso.ade.simulationMonitor] - Total time required for pstb analysis `pstb': CPU = 246.66 ms, elapsed = 340.715 ms, util. = 72.4%. {"history": "ExplorerRun.0", "point": 1, "testname": "PD_VCO_tb_1", "cornername": "Nominal"}
[2025-11-20 16:27:05.733 +0530] [INFO] [cadence.virtuoso.ade.simulationMonitor] - Peak resident memory used = 408 Mbytes. {"history": "ExplorerRun.0", "point": 1, "testname": "PD_VCO_tb_1", "cornername": "Nominal"}
[2025-11-20 16:27:06.734 +0530] [INFO] [cadence.virtuoso.ade.simulationMonitor] - Time used: CPU = 37.5 s, elapsed = 39.1 s, util. = 95.8%. {"history": "ExplorerRun.0", "point": 1, "testname": "PD_VCO_tb_1", "cornername": "Nominal"}
[2025-11-20 16:27:06.734 +0530] [INFO] [cadence.virtuoso.ade.simulationMonitor] - Time spent in licensing: elapsed = 639 ms. {"history": "ExplorerRun.0", "point": 1, "testname": "PD_VCO_tb_1", "cornername": "Nominal"}
[2025-11-20 16:27:06.734 +0530] [INFO] [cadence.virtuoso.ade.simulationMonitor] - Peak memory used = 409 Mbytes. {"history": "ExplorerRun.0", "point": 1, "testname": "PD_VCO_tb_1", "cornername": "Nominal"}
[2025-11-20 16:27:06.734 +0530] [PROCESS] [cadence.virtuoso.ade.simulationMonitor] - Simulation started at: 4:26:27 PM, Thur Nov 20, 2025, ended at: 4:27:06 PM, Thur Nov 20, 2025, with elapsed time (wall clock): 39.1 s. {"history": "ExplorerRun.0", "point": 1, "testname": "PD_VCO_tb_1", "cornername": "Nominal"}
[2025-11-20 16:27:06.734 +0530] [PROCESS] [cadence.virtuoso.ade.simulationMonitor] - spectre completes with 0 errors, 0 warnings, and 15 notices. {"history": "ExplorerRun.0", "point": 1, "testname": "PD_VCO_tb_1", "cornername": "Nominal"}
[2025-11-20 16:27:06.734 +0530] [PROCESS] [cadence.virtuoso.ade.simulationMonitor] - Finished simulating for one point {"hostname": "cad13", "processid": 729712, "history": "ExplorerRun.0", "testname": "PD_VCO_tb_1", "cornername": "Nominal", "point": 1, "logfile": "/home/vlsi/Desktop/PLL_NEW/logs_vlsi/logs0/Job22.log", "simid": "2"}
[2025-11-20 16:27:06.735 +0530] [PROCESS] [cadence.virtuoso.ade.simulationMonitor] - Simulator exited {"hostname": "cad13", "processid": 729712, "history": "ExplorerRun.0", "testname": "PD_VCO_tb_1", "cornername": "Nominal", "point": 1, "logfile": "/home/vlsi/Desktop/PLL_NEW/logs_vlsi/logs0/Job22.log", "exitStatus": "0"}
[2025-11-20 16:27:06.735 +0530] [PROCESS] [cadence.virtuoso.ade.simulationMonitor] - Finished Simulation {"hostname": "cad13", "processid": 729712, "history": "ExplorerRun.0", "testname": "PD_VCO_tb_1", "cornername": "Nominal", "point": 1, "logfile": "/home/vlsi/Desktop/PLL_NEW/logs_vlsi/logs0/Job22.log", "simid": "2"}
[2025-11-20 16:27:07.238 +0530] [PROCESS] [cadence.virtuoso.ade.simulationMonitor] - Point Finished {"hostname": "cad13", "processid": 729712, "history": "ExplorerRun.0", "testname": "PD_VCO_tb_1", "cornername": "Nominal", "point": 1, "logfile": "/home/vlsi/Desktop/PLL_NEW/logs_vlsi/logs0/Job22.log"}
[2025-11-20 16:29:46.867 +0530] [INFO] [cadence.virtuoso.ade.simulationMonitor] - SimulationMonitor has terminated the vds process '749831', reason: 'Force to stop the expression evalutor process because of new run' {"history": "ExplorerRun.0", "point": 1, "testname": "PD_VCO_tb_1", "cornername": "Nominal"}
[2025-11-20 16:29:46.867 +0530] [PROCESS] [cadence.virtuoso.ade.simulationMonitor] - HostInfo:
Host name (type):	cad13 (x86_64)
Operating system:	Linux 4.18.0-425.3.1.el8.x86_64 #1 SMP Fri Sep 30 11:45:06 EDT 2022 {"hostname": "cad13", "processid": 729712, "history": "ExplorerRun.0", "testname": "PD_VCO_tb_1", "cornername": "Nominal", "point": 1, "logfile": "/home/vlsi/Desktop/PLL_NEW/logs_vlsi/logs0/Job22.log", "nodename": "cad13", "domainname": "(none)", "machine": "x86_64", "sysname": "Linux", "release": "4.18.0-425.3.1.el8.x86_64", "version": "#1 SMP Fri Sep 30 11:45:06 EDT 2022"}
[2025-11-20 16:29:46.867 +0530] [PROCESS] [cadence.virtuoso.ade.simulationMonitor] - UsageInfo:
pid=729712
totalPhysicalMemory=15.336876GB,Used=14.349953GB,totalVirtualMemory=47.336872GB,Used=14.353638GB
Cpu: Cores=28, Load average:1.550000,1.200000,0.990000 {"hostname": "cad13", "processid": 729712, "history": "ExplorerRun.0", "testname": "PD_VCO_tb_1", "cornername": "Nominal", "point": 1, "logfile": "/home/vlsi/Desktop/PLL_NEW/logs_vlsi/logs0/Job22.log", "pid": "729712", "totalPhysicalMemory": "15.336876", "physicalMemoryUsed": "14.349953", "totalVirtualMemory": "47.336872", "virtualMemoryUsed": "14.353638", "cpuCores": "28", "processes": "1441", "loadAverage1": "1.550000", "loadAverage5": "1.200000", "loadAverage15": "0.990000", "loadAverage1Percent": "0.055357"}
[2025-11-20 16:29:46.868 +0530] [EVENT] [cadence.virtuoso.ade.simulationMonitor] - NewPoint {"history": "ExplorerRun.0", "point": 1, "testname": "PD_VCO_tb_1", "cornername": "Nominal", "event": "NewPoint", "EventSource": "Simulation Monitor", "HistoryName": "ExplorerRun.0", "logFile": "/home/vlsi/Desktop/PLL_NEW/logs_vlsi/logs0/Job22.log", "logFileSize": "27615"}
[2025-11-20 16:29:46.968 +0530] [EVENT] [cadence.virtuoso.ade.simulationMonitor] - NewPoint {"history": "ExplorerRun.0", "point": 1, "testname": "PD_VCO_tb_1", "cornername": "Nominal", "event": "NewPoint", "EventSource": "spectre", "HistoryName": "ExplorerRun.0", "logFile": "/home/vlsi/simulation/PD/VCO_tb/maestro/results/maestro/ExplorerRun.0/1/PD_VCO_tb_1/psf/spectre.out", "logFileSize": "-1"}
[2025-11-20 16:29:46.971 +0530] [PROCESS] [cadence.virtuoso.ade.simulationMonitor] - Simulator launched {"hostname": "cad13", "processid": 729712, "history": "ExplorerRun.0", "testname": "PD_VCO_tb_1", "cornername": "Nominal", "point": 1, "logfile": "/home/vlsi/Desktop/PLL_NEW/logs_vlsi/logs0/Job22.log", "simid": "3"}
[2025-11-20 16:29:46.972 +0530] [PROCESS] [cadence.virtuoso.ade.simulationMonitor] - Expression evaluator launched {"hostname": "cad13", "processid": 729712, "history": "ExplorerRun.0", "testname": "PD_VCO_tb_1", "cornername": "Nominal", "point": 1, "logfile": "/home/vlsi/Desktop/PLL_NEW/logs_vlsi/logs0/Job22.log"}
[2025-11-20 16:29:46.975 +0530] [PROCESS] [cadence.virtuoso.ade.simulationMonitor] - Started Simulation {"hostname": "cad13", "processid": 729712, "history": "ExplorerRun.0", "testname": "PD_VCO_tb_1", "cornername": "Nominal", "point": 1, "logfile": "/home/vlsi/Desktop/PLL_NEW/logs_vlsi/logs0/Job22.log", "event": "started", "task": "simulation"}
[2025-11-20 16:29:47.975 +0530] [INFO] [cadence.virtuoso.ade.simulationMonitor] - Peak resident memory used = 153 Mbytes. {"history": "ExplorerRun.0", "point": 1, "testname": "PD_VCO_tb_1", "cornername": "Nominal"}
[2025-11-20 16:29:47.976 +0530] [INFO] [cadence.virtuoso.ade.simulationMonitor] - Peak resident memory used = 165 Mbytes. {"history": "ExplorerRun.0", "point": 1, "testname": "PD_VCO_tb_1", "cornername": "Nominal"}
[2025-11-20 16:29:47.976 +0530] [INFO] [cadence.virtuoso.ade.simulationMonitor] - Notice from spectre during hierarchy flattening.
    The value 'psf' specified for the 'checklimitdest' option will no longer be supported in future releases. Use 'spectre -h' to see other recommended values for the 'checklimitdest' option. {"history": "ExplorerRun.0", "point": 1, "testname": "PD_VCO_tb_1", "cornername": "Nominal"}
[2025-11-20 16:29:47.976 +0530] [INFO] [cadence.virtuoso.ade.simulationMonitor] - Peak resident memory used = 167 Mbytes. {"history": "ExplorerRun.0", "point": 1, "testname": "PD_VCO_tb_1", "cornername": "Nominal"}
[2025-11-20 16:29:47.976 +0530] [INFO] [cadence.virtuoso.ade.simulationMonitor] - Notice from spectre during initial setup.
    Multithreading is disabled due to the size of the design being too small. {"history": "ExplorerRun.0", "point": 1, "testname": "PD_VCO_tb_1", "cornername": "Nominal"}
[2025-11-20 16:29:47.976 +0530] [INFO] [cadence.virtuoso.ade.simulationMonitor] -               nodes 48 {"history": "ExplorerRun.0", "point": 1, "testname": "PD_VCO_tb_1", "cornername": "Nominal"}
[2025-11-20 16:29:47.976 +0530] [INFO] [cadence.virtuoso.ade.simulationMonitor] - Notice from spectre during initial setup.
    APS enabled. {"history": "ExplorerRun.0", "point": 1, "testname": "PD_VCO_tb_1", "cornername": "Nominal"}
[2025-11-20 16:29:47.976 +0530] [INFO] [cadence.virtuoso.ade.simulationMonitor] - Peak resident memory used = 169 Mbytes. {"history": "ExplorerRun.0", "point": 1, "testname": "PD_VCO_tb_1", "cornername": "Nominal"}
[2025-11-20 16:29:47.976 +0530] [INFO] [cadence.virtuoso.ade.simulationMonitor] -    -   (APS) Multi-threading. The recommended number of threads is 1, consider adding +mt=1 on command line. {"history": "ExplorerRun.0", "point": 1, "testname": "PD_VCO_tb_1", "cornername": "Nominal"}
[2025-11-20 16:29:47.976 +0530] [INFO] [cadence.virtuoso.ade.simulationMonitor] - Notice from spectre during IC analysis, during transient analysis `tran'.
    There are 1 IC nodes defined. {"history": "ExplorerRun.0", "point": 1, "testname": "PD_VCO_tb_1", "cornername": "Nominal"}
[2025-11-20 16:29:47.976 +0530] [INFO] [cadence.virtuoso.ade.simulationMonitor] - Notice from spectre during IC analysis, during transient analysis `tran'.
    Bad pivoting is found during DC analysis. Option dc_pivot_check=yes is recommended for possible improvement of convergence.
    Initial condition computed for node vout is in error by 2.10022 uV.
        Decrease `rforce' to reduce error in computed initial conditions.  However, setting rforce too small may result in convergence difficulties or in the matrix becoming singular. {"history": "ExplorerRun.0", "point": 1, "testname": "PD_VCO_tb_1", "cornername": "Nominal"}
[2025-11-20 16:29:47.976 +0530] [INFO] [cadence.virtuoso.ade.simulationMonitor] - Notice from spectre during transient analysis `tran'.
    Multithreading is disabled due to the size of the design being too small. {"history": "ExplorerRun.0", "point": 1, "testname": "PD_VCO_tb_1", "cornername": "Nominal"}
[2025-11-20 16:29:55.526 +0530] [INFO] [cadence.virtuoso.ade.simulationMonitor] - Total time required for tran analysis `tran': CPU = 7.29485 s, elapsed = 7.34333 s, util. = 99.3%. {"history": "ExplorerRun.0", "point": 1, "testname": "PD_VCO_tb_1", "cornername": "Nominal"}
[2025-11-20 16:29:55.526 +0530] [INFO] [cadence.virtuoso.ade.simulationMonitor] - Peak resident memory used = 408 Mbytes. {"history": "ExplorerRun.0", "point": 1, "testname": "PD_VCO_tb_1", "cornername": "Nominal"}
[2025-11-20 16:29:55.527 +0530] [INFO] [cadence.virtuoso.ade.simulationMonitor] - Notice from spectre.
    Multithreading is disabled due to the size of the design being too small. {"history": "ExplorerRun.0", "point": 1, "testname": "PD_VCO_tb_1", "cornername": "Nominal"}
[2025-11-20 16:29:55.527 +0530] [INFO] [cadence.virtuoso.ade.simulationMonitor] - Notice from spectre during IC analysis, during periodic steady state analysis `pss'.
    There are 1 IC nodes defined. {"history": "ExplorerRun.0", "point": 1, "testname": "PD_VCO_tb_1", "cornername": "Nominal"}
[2025-11-20 16:29:55.527 +0530] [INFO] [cadence.virtuoso.ade.simulationMonitor] - Notice from spectre during IC analysis, during periodic steady state analysis `pss'.
    Bad pivoting is found during DC analysis. Option dc_pivot_check=yes is recommended for possible improvement of convergence.
    Initial condition computed for node vout is in error by 2.10022 uV.
        Decrease `rforce' to reduce error in computed initial conditions.  However, setting rforce too small may result in convergence difficulties or in the matrix becoming singular. {"history": "ExplorerRun.0", "point": 1, "testname": "PD_VCO_tb_1", "cornername": "Nominal"}
[2025-11-20 16:30:25.290 +0530] [INFO] [cadence.virtuoso.ade.simulationMonitor] - Total time required for tstab analysis `pss': CPU = 29.598 s, elapsed = 29.6544 s. {"history": "ExplorerRun.0", "point": 1, "testname": "PD_VCO_tb_1", "cornername": "Nominal"}
[2025-11-20 16:30:25.290 +0530] [INFO] [cadence.virtuoso.ade.simulationMonitor] - Peak resident memory used = 409 Mbytes. {"history": "ExplorerRun.0", "point": 1, "testname": "PD_VCO_tb_1", "cornername": "Nominal"}
[2025-11-20 16:30:25.290 +0530] [INFO] [cadence.virtuoso.ade.simulationMonitor] - Total time required for pss analysis `pss': CPU = 29.7069 s, elapsed = 29.8713 s, util. = 99.4%. {"history": "ExplorerRun.0", "point": 1, "testname": "PD_VCO_tb_1", "cornername": "Nominal"}
[2025-11-20 16:30:25.290 +0530] [INFO] [cadence.virtuoso.ade.simulationMonitor] - Peak resident memory used = 409 Mbytes. {"history": "ExplorerRun.0", "point": 1, "testname": "PD_VCO_tb_1", "cornername": "Nominal"}
[2025-11-20 16:30:25.291 +0530] [INFO] [cadence.virtuoso.ade.simulationMonitor] - Notice from spectre during PSTB analysis `pstb'.
    Multithreading is disabled due to the size of the design being too small. {"history": "ExplorerRun.0", "point": 1, "testname": "PD_VCO_tb_1", "cornername": "Nominal"}
[2025-11-20 16:30:25.791 +0530] [INFO] [cadence.virtuoso.ade.simulationMonitor] - Notice from spectre at freq = 10 GHz during PSTB analysis `pstb'.
    Gain(dB)is always less than zero. The loop is always stable. No gain margin or phase margin. {"history": "ExplorerRun.0", "point": 1, "testname": "PD_VCO_tb_1", "cornername": "Nominal"}
[2025-11-20 16:30:25.791 +0530] [INFO] [cadence.virtuoso.ade.simulationMonitor] - Total time required for pstb analysis `pstb': CPU = 243.159 ms, elapsed = 367.077 ms, util. = 66.2%. {"history": "ExplorerRun.0", "point": 1, "testname": "PD_VCO_tb_1", "cornername": "Nominal"}
[2025-11-20 16:30:25.791 +0530] [INFO] [cadence.virtuoso.ade.simulationMonitor] - Peak resident memory used = 409 Mbytes. {"history": "ExplorerRun.0", "point": 1, "testname": "PD_VCO_tb_1", "cornername": "Nominal"}
[2025-11-20 16:30:26.292 +0530] [INFO] [cadence.virtuoso.ade.simulationMonitor] - Time used: CPU = 37.7 s, elapsed = 38.8 s, util. = 97.1%. {"history": "ExplorerRun.0", "point": 1, "testname": "PD_VCO_tb_1", "cornername": "Nominal"}
[2025-11-20 16:30:26.292 +0530] [INFO] [cadence.virtuoso.ade.simulationMonitor] - Time spent in licensing: elapsed = 442 ms. {"history": "ExplorerRun.0", "point": 1, "testname": "PD_VCO_tb_1", "cornername": "Nominal"}
[2025-11-20 16:30:26.292 +0530] [INFO] [cadence.virtuoso.ade.simulationMonitor] - Peak memory used = 411 Mbytes. {"history": "ExplorerRun.0", "point": 1, "testname": "PD_VCO_tb_1", "cornername": "Nominal"}
[2025-11-20 16:30:26.293 +0530] [PROCESS] [cadence.virtuoso.ade.simulationMonitor] - Simulation started at: 4:29:47 PM, Thur Nov 20, 2025, ended at: 4:30:25 PM, Thur Nov 20, 2025, with elapsed time (wall clock): 38.8 s. {"history": "ExplorerRun.0", "point": 1, "testname": "PD_VCO_tb_1", "cornername": "Nominal"}
[2025-11-20 16:30:26.293 +0530] [PROCESS] [cadence.virtuoso.ade.simulationMonitor] - spectre completes with 0 errors, 0 warnings, and 14 notices. {"history": "ExplorerRun.0", "point": 1, "testname": "PD_VCO_tb_1", "cornername": "Nominal"}
[2025-11-20 16:30:26.293 +0530] [PROCESS] [cadence.virtuoso.ade.simulationMonitor] - Finished simulating for one point {"hostname": "cad13", "processid": 729712, "history": "ExplorerRun.0", "testname": "PD_VCO_tb_1", "cornername": "Nominal", "point": 1, "logfile": "/home/vlsi/Desktop/PLL_NEW/logs_vlsi/logs0/Job22.log", "simid": "3"}
[2025-11-20 16:30:26.293 +0530] [PROCESS] [cadence.virtuoso.ade.simulationMonitor] - Simulator exited {"hostname": "cad13", "processid": 729712, "history": "ExplorerRun.0", "testname": "PD_VCO_tb_1", "cornername": "Nominal", "point": 1, "logfile": "/home/vlsi/Desktop/PLL_NEW/logs_vlsi/logs0/Job22.log", "exitStatus": "0"}
[2025-11-20 16:30:26.293 +0530] [PROCESS] [cadence.virtuoso.ade.simulationMonitor] - Finished Simulation {"hostname": "cad13", "processid": 729712, "history": "ExplorerRun.0", "testname": "PD_VCO_tb_1", "cornername": "Nominal", "point": 1, "logfile": "/home/vlsi/Desktop/PLL_NEW/logs_vlsi/logs0/Job22.log", "simid": "3"}
[2025-11-20 16:30:26.796 +0530] [PROCESS] [cadence.virtuoso.ade.simulationMonitor] - Point Finished {"hostname": "cad13", "processid": 729712, "history": "ExplorerRun.0", "testname": "PD_VCO_tb_1", "cornername": "Nominal", "point": 1, "logfile": "/home/vlsi/Desktop/PLL_NEW/logs_vlsi/logs0/Job22.log"}
[2025-11-20 16:30:27.873 +0530] [PROCESS] [cadence.virtuoso.ade.simulationMonitor] - Stay with the runId '7', Linger time '300', currentRunSyn '15', currentTestSyn '15' {"hostname": "cad13", "processid": 729712, "history": "ExplorerRun.0", "testname": "PD_VCO_tb_1", "cornername": "Nominal", "point": 1, "logfile": "/home/vlsi/Desktop/PLL_NEW/logs_vlsi/logs0/Job22.log"}
[2025-11-20 16:35:27.657 +0530] [PROCESS] [cadence.virtuoso.ade.simulationMonitor] - Current memory used: 53.7109 MBytes, peak memory used: 53.7109 MBytes {"hostname": "cad13", "processid": 729712, "history": "ExplorerRun.0", "testname": "PD_VCO_tb_1", "cornername": "Nominal", "point": 1, "logfile": "/home/vlsi/Desktop/PLL_NEW/logs_vlsi/logs0/Job22.log"}
[2025-11-20 16:35:27.657 +0530] [PROCESS] [cadence.virtuoso.ade.simulationMonitor] - Simulation Monitor process exit. {"hostname": "cad13", "processid": 729712, "history": "ExplorerRun.0", "testname": "PD_VCO_tb_1", "cornername": "Nominal", "point": 1, "logfile": "/home/vlsi/Desktop/PLL_NEW/logs_vlsi/logs0/Job22.log"}
