[Simulation Monitor: 7]
[2025-12-03 10:50:38.325 +0530] [PROCESS] [cadence.virtuoso.ade.simulationMonitor] - Simulation Monitor has successfully started up. Trying to set up communication channels to other components ... {"hostname": "cad13", "processid": 43640, "logfile": "/home/vlsi/Desktop/PLL_NEW/logs_vlsi/logs0/Job7.log"}
[2025-12-03 10:50:38.325 +0530] [PROCESS] [cadence.virtuoso.ade.simulationMonitor] - Communication channels have been successfully set up. Start processing events ... {"hostname": "cad13", "processid": 43640, "logfile": "/home/vlsi/Desktop/PLL_NEW/logs_vlsi/logs0/Job7.log"}
[2025-12-03 10:50:38.325 +0530] [PROCESS] [cadence.virtuoso.ade.simulationMonitor] - Considering to start history {"hostname": "cad13", "processid": 43640, "history": "ExplorerRun.0", "logfile": "/home/vlsi/Desktop/PLL_NEW/logs_vlsi/logs0/Job7.log"}
[2025-12-03 10:50:38.326 +0530] [PROCESS] [cadence.virtuoso.ade.simulationMonitor] - HostInfo:
Host name (type):	cad13 (x86_64)
Operating system:	Linux 4.18.0-425.3.1.el8.x86_64 #1 SMP Fri Sep 30 11:45:06 EDT 2022 {"hostname": "cad13", "processid": 43640, "history": "ExplorerRun.0", "logfile": "/home/vlsi/Desktop/PLL_NEW/logs_vlsi/logs0/Job7.log", "nodename": "cad13", "domainname": "(none)", "machine": "x86_64", "sysname": "Linux", "release": "4.18.0-425.3.1.el8.x86_64", "version": "#1 SMP Fri Sep 30 11:45:06 EDT 2022"}
[2025-12-03 10:50:38.326 +0530] [PROCESS] [cadence.virtuoso.ade.simulationMonitor] - UsageInfo:
pid=43640
totalPhysicalMemory=15.336868GB,Used=6.255371GB,totalVirtualMemory=47.336864GB,Used=6.255371GB
Cpu: Cores=28, Load average:0.200000,0.520000,0.640000 {"hostname": "cad13", "processid": 43640, "history": "ExplorerRun.0", "logfile": "/home/vlsi/Desktop/PLL_NEW/logs_vlsi/logs0/Job7.log", "pid": "43640", "totalPhysicalMemory": "15.336868", "physicalMemoryUsed": "6.255371", "totalVirtualMemory": "47.336864", "virtualMemoryUsed": "6.255371", "cpuCores": "28", "processes": "1119", "loadAverage1": "0.200000", "loadAverage5": "0.520000", "loadAverage15": "0.640000", "loadAverage1Percent": "0.007143"}
[2025-12-03 10:50:38.326 +0530] [EVENT] [cadence.virtuoso.ade.simulationMonitor] - NewPoint {"history": "ExplorerRun.0", "point": 1, "testname": "PD_VCO_tb_1", "cornername": "Nominal", "event": "NewPoint", "EventSource": "Simulation Monitor", "HistoryName": "ExplorerRun.0", "logFile": "/home/vlsi/Desktop/PLL_NEW/logs_vlsi/logs0/Job7.log", "logFileSize": "2085"}
[2025-12-03 10:50:38.426 +0530] [EVENT] [cadence.virtuoso.ade.simulationMonitor] - NewPoint {"history": "ExplorerRun.0", "point": 1, "testname": "PD_VCO_tb_1", "cornername": "Nominal", "event": "NewPoint", "EventSource": "spectre", "HistoryName": "ExplorerRun.0", "logFile": "/home/vlsi/simulation/PD/VCO_tb/maestro/results/maestro/ExplorerRun.0/1/PD_VCO_tb_1/psf/spectre.out", "logFileSize": "-1"}
[2025-12-03 10:50:38.460 +0530] [PROCESS] [cadence.virtuoso.ade.simulationMonitor] - Simulator launched {"hostname": "cad13", "processid": 43640, "history": "ExplorerRun.0", "testname": "PD_VCO_tb_1", "cornername": "Nominal", "point": 1, "logfile": "/home/vlsi/Desktop/PLL_NEW/logs_vlsi/logs0/Job7.log", "simid": "1"}
[2025-12-03 10:50:38.461 +0530] [PROCESS] [cadence.virtuoso.ade.simulationMonitor] - Expression evaluator launched {"hostname": "cad13", "processid": 43640, "history": "ExplorerRun.0", "testname": "PD_VCO_tb_1", "cornername": "Nominal", "point": 1, "logfile": "/home/vlsi/Desktop/PLL_NEW/logs_vlsi/logs0/Job7.log"}
[2025-12-03 10:50:38.464 +0530] [PROCESS] [cadence.virtuoso.ade.simulationMonitor] - Started Simulation {"hostname": "cad13", "processid": 43640, "history": "ExplorerRun.0", "testname": "PD_VCO_tb_1", "cornername": "Nominal", "point": 1, "logfile": "/home/vlsi/Desktop/PLL_NEW/logs_vlsi/logs0/Job7.log", "event": "started", "task": "simulation"}
[2025-12-03 10:50:38.964 +0530] [INFO] [cadence.virtuoso.ade.simulationMonitor] - Peak resident memory used = 155 Mbytes. {"history": "ExplorerRun.0", "point": 1, "testname": "PD_VCO_tb_1", "cornername": "Nominal"}
[2025-12-03 10:50:38.964 +0530] [INFO] [cadence.virtuoso.ade.simulationMonitor] - Peak resident memory used = 167 Mbytes. {"history": "ExplorerRun.0", "point": 1, "testname": "PD_VCO_tb_1", "cornername": "Nominal"}
[2025-12-03 10:50:38.964 +0530] [INFO] [cadence.virtuoso.ade.simulationMonitor] - Notice from spectre during hierarchy flattening.
    The value 'psf' specified for the 'checklimitdest' option will no longer be supported in future releases. Use 'spectre -h' to see other recommended values for the 'checklimitdest' option. {"history": "ExplorerRun.0", "point": 1, "testname": "PD_VCO_tb_1", "cornername": "Nominal"}
[2025-12-03 10:50:38.965 +0530] [INFO] [cadence.virtuoso.ade.simulationMonitor] - Peak resident memory used = 169 Mbytes. {"history": "ExplorerRun.0", "point": 1, "testname": "PD_VCO_tb_1", "cornername": "Nominal"}
[2025-12-03 10:50:38.965 +0530] [INFO] [cadence.virtuoso.ade.simulationMonitor] - Notice from spectre during initial setup.
    Multithreading is disabled due to the size of the design being too small. {"history": "ExplorerRun.0", "point": 1, "testname": "PD_VCO_tb_1", "cornername": "Nominal"}
[2025-12-03 10:50:38.965 +0530] [INFO] [cadence.virtuoso.ade.simulationMonitor] -               nodes 168 {"history": "ExplorerRun.0", "point": 1, "testname": "PD_VCO_tb_1", "cornername": "Nominal"}
[2025-12-03 10:50:38.965 +0530] [INFO] [cadence.virtuoso.ade.simulationMonitor] - Notice from spectre during initial setup.
    APS enabled. {"history": "ExplorerRun.0", "point": 1, "testname": "PD_VCO_tb_1", "cornername": "Nominal"}
[2025-12-03 10:50:39.465 +0530] [INFO] [cadence.virtuoso.ade.simulationMonitor] - Peak resident memory used = 172 Mbytes. {"history": "ExplorerRun.0", "point": 1, "testname": "PD_VCO_tb_1", "cornername": "Nominal"}
[2025-12-03 10:50:39.465 +0530] [INFO] [cadence.virtuoso.ade.simulationMonitor] -    -   (APS) Multi-threading. The recommended number of threads is 1, consider adding +mt=1 on command line. {"history": "ExplorerRun.0", "point": 1, "testname": "PD_VCO_tb_1", "cornername": "Nominal"}
[2025-12-03 10:50:39.466 +0530] [INFO] [cadence.virtuoso.ade.simulationMonitor] - Notice from spectre during IC analysis, during transient analysis `tran'.
    There are 1 IC nodes defined. {"history": "ExplorerRun.0", "point": 1, "testname": "PD_VCO_tb_1", "cornername": "Nominal"}
[2025-12-03 10:50:39.466 +0530] [INFO] [cadence.virtuoso.ade.simulationMonitor] - Notice from spectre during IC analysis, during transient analysis `tran'.
    Bad pivoting is found during DC analysis. Option dc_pivot_check=yes is recommended for possible improvement of convergence.
    Initial condition computed for node vout is in error by 2.10031 uV.
        Decrease `rforce' to reduce error in computed initial conditions.  However, setting rforce too small may result in convergence difficulties or in the matrix becoming singular. {"history": "ExplorerRun.0", "point": 1, "testname": "PD_VCO_tb_1", "cornername": "Nominal"}
[2025-12-03 10:50:39.466 +0530] [INFO] [cadence.virtuoso.ade.simulationMonitor] - Notice from spectre during transient analysis `tran'.
    Multithreading is disabled due to the size of the design being too small. {"history": "ExplorerRun.0", "point": 1, "testname": "PD_VCO_tb_1", "cornername": "Nominal"}
[2025-12-03 10:50:43.495 +0530] [INFO] [cadence.virtuoso.ade.simulationMonitor] - Notice from spectre at time = 29.8801 ns during transient analysis `tran'.
    Found trapezoidal ringing on node I23.NM0.n1. {"history": "ExplorerRun.0", "point": 1, "testname": "PD_VCO_tb_1", "cornername": "Nominal"}
[2025-12-03 10:50:43.496 +0530] [INFO] [cadence.virtuoso.ade.simulationMonitor] - Notice from spectre at time = 29.8802 ns during transient analysis `tran'.
    Found trapezoidal ringing on node I23.NM0.n1. {"history": "ExplorerRun.0", "point": 1, "testname": "PD_VCO_tb_1", "cornername": "Nominal"}
[2025-12-03 10:50:46.997 +0530] [INFO] [cadence.virtuoso.ade.simulationMonitor] - Notice from spectre at time = 57.9609 ns during transient analysis `tran'.
    Found trapezoidal ringing on node I23.NM0.n1. {"history": "ExplorerRun.0", "point": 1, "testname": "PD_VCO_tb_1", "cornername": "Nominal"}
[2025-12-03 10:50:46.997 +0530] [INFO] [cadence.virtuoso.ade.simulationMonitor] - Notice from spectre at time = 57.961 ns during transient analysis `tran'.
    Found trapezoidal ringing on node I23.NM0.n1. {"history": "ExplorerRun.0", "point": 1, "testname": "PD_VCO_tb_1", "cornername": "Nominal"}
[2025-12-03 10:50:56.057 +0530] [INFO] [cadence.virtuoso.ade.simulationMonitor] - Notice from spectre at time = 124.106 ns during transient analysis `tran'.
    Found trapezoidal ringing on node I23.NM0.n1.
        Further occurrences of this notice will be suppressed. {"history": "ExplorerRun.0", "point": 1, "testname": "PD_VCO_tb_1", "cornername": "Nominal"}
[2025-12-03 10:51:06.118 +0530] [INFO] [cadence.virtuoso.ade.simulationMonitor] - Notice from spectre during transient analysis `tran'.
    Trapezoidal ringing is detected during tran analysis.
        Please use method=trap for better results and performance. {"history": "ExplorerRun.0", "point": 1, "testname": "PD_VCO_tb_1", "cornername": "Nominal"}
[2025-12-03 10:51:06.618 +0530] [INFO] [cadence.virtuoso.ade.simulationMonitor] - Total time required for tran analysis `tran': CPU = 27.0144 s, elapsed = 27.093 s, util. = 99.7%. {"history": "ExplorerRun.0", "point": 1, "testname": "PD_VCO_tb_1", "cornername": "Nominal"}
[2025-12-03 10:51:06.618 +0530] [INFO] [cadence.virtuoso.ade.simulationMonitor] - Peak resident memory used = 572 Mbytes. {"history": "ExplorerRun.0", "point": 1, "testname": "PD_VCO_tb_1", "cornername": "Nominal"}
[2025-12-03 10:51:06.619 +0530] [INFO] [cadence.virtuoso.ade.simulationMonitor] - Notice from spectre.
    3 notices suppressed. {"history": "ExplorerRun.0", "point": 1, "testname": "PD_VCO_tb_1", "cornername": "Nominal"}
[2025-12-03 10:51:07.119 +0530] [INFO] [cadence.virtuoso.ade.simulationMonitor] - Time used: CPU = 27.5 s, elapsed = 28.1 s, util. = 97.6%. {"history": "ExplorerRun.0", "point": 1, "testname": "PD_VCO_tb_1", "cornername": "Nominal"}
[2025-12-03 10:51:07.119 +0530] [INFO] [cadence.virtuoso.ade.simulationMonitor] - Time spent in licensing: elapsed = 19.9 ms. {"history": "ExplorerRun.0", "point": 1, "testname": "PD_VCO_tb_1", "cornername": "Nominal"}
[2025-12-03 10:51:07.119 +0530] [INFO] [cadence.virtuoso.ade.simulationMonitor] - Peak memory used = 573 Mbytes. {"history": "ExplorerRun.0", "point": 1, "testname": "PD_VCO_tb_1", "cornername": "Nominal"}
[2025-12-03 10:51:07.119 +0530] [PROCESS] [cadence.virtuoso.ade.simulationMonitor] - Simulation started at: 10:50:38 AM, Wed Dec 3, 2025, ended at: 10:51:06 AM, Wed Dec 3, 2025, with elapsed time (wall clock): 28.1 s. {"history": "ExplorerRun.0", "point": 1, "testname": "PD_VCO_tb_1", "cornername": "Nominal"}
[2025-12-03 10:51:07.119 +0530] [PROCESS] [cadence.virtuoso.ade.simulationMonitor] - spectre completes with 0 errors, 0 warnings, and 15 notices. {"history": "ExplorerRun.0", "point": 1, "testname": "PD_VCO_tb_1", "cornername": "Nominal"}
[2025-12-03 10:51:07.120 +0530] [PROCESS] [cadence.virtuoso.ade.simulationMonitor] - Finished simulating for one point {"hostname": "cad13", "processid": 43640, "history": "ExplorerRun.0", "testname": "PD_VCO_tb_1", "cornername": "Nominal", "point": 1, "logfile": "/home/vlsi/Desktop/PLL_NEW/logs_vlsi/logs0/Job7.log", "simid": "1"}
[2025-12-03 10:51:07.120 +0530] [PROCESS] [cadence.virtuoso.ade.simulationMonitor] - Simulator exited {"hostname": "cad13", "processid": 43640, "history": "ExplorerRun.0", "testname": "PD_VCO_tb_1", "cornername": "Nominal", "point": 1, "logfile": "/home/vlsi/Desktop/PLL_NEW/logs_vlsi/logs0/Job7.log", "exitStatus": "0"}
[2025-12-03 10:51:07.120 +0530] [PROCESS] [cadence.virtuoso.ade.simulationMonitor] - Finished Simulation {"hostname": "cad13", "processid": 43640, "history": "ExplorerRun.0", "testname": "PD_VCO_tb_1", "cornername": "Nominal", "point": 1, "logfile": "/home/vlsi/Desktop/PLL_NEW/logs_vlsi/logs0/Job7.log", "simid": "1"}
[2025-12-03 10:51:07.622 +0530] [PROCESS] [cadence.virtuoso.ade.simulationMonitor] - Point Finished {"hostname": "cad13", "processid": 43640, "history": "ExplorerRun.0", "testname": "PD_VCO_tb_1", "cornername": "Nominal", "point": 1, "logfile": "/home/vlsi/Desktop/PLL_NEW/logs_vlsi/logs0/Job7.log"}
[2025-12-03 10:51:07.675 +0530] [PROCESS] [cadence.virtuoso.ade.simulationMonitor] - HostInfo:
Host name (type):	cad13 (x86_64)
Operating system:	Linux 4.18.0-425.3.1.el8.x86_64 #1 SMP Fri Sep 30 11:45:06 EDT 2022 {"hostname": "cad13", "processid": 43640, "history": "ExplorerRun.0", "testname": "PD_VCO_tb_1", "cornername": "Nominal", "point": 1, "logfile": "/home/vlsi/Desktop/PLL_NEW/logs_vlsi/logs0/Job7.log", "nodename": "cad13", "domainname": "(none)", "machine": "x86_64", "sysname": "Linux", "release": "4.18.0-425.3.1.el8.x86_64", "version": "#1 SMP Fri Sep 30 11:45:06 EDT 2022"}
[2025-12-03 10:51:07.675 +0530] [PROCESS] [cadence.virtuoso.ade.simulationMonitor] - UsageInfo:
pid=43640
totalPhysicalMemory=15.336868GB,Used=6.722958GB,totalVirtualMemory=47.336864GB,Used=6.722958GB
Cpu: Cores=28, Load average:0.520000,0.560000,0.650000 {"hostname": "cad13", "processid": 43640, "history": "ExplorerRun.0", "testname": "PD_VCO_tb_1", "cornername": "Nominal", "point": 1, "logfile": "/home/vlsi/Desktop/PLL_NEW/logs_vlsi/logs0/Job7.log", "pid": "43640", "totalPhysicalMemory": "15.336868", "physicalMemoryUsed": "6.722958", "totalVirtualMemory": "47.336864", "virtualMemoryUsed": "6.722958", "cpuCores": "28", "processes": "1123", "loadAverage1": "0.520000", "loadAverage5": "0.560000", "loadAverage15": "0.650000", "loadAverage1Percent": "0.018571"}
[2025-12-03 10:51:07.676 +0530] [EVENT] [cadence.virtuoso.ade.simulationMonitor] - NewPoint {"history": "ExplorerRun.0", "point": 2, "testname": "PD_VCO_tb_1", "cornername": "Nominal", "event": "NewPoint", "EventSource": "Simulation Monitor", "HistoryName": "ExplorerRun.0", "logFile": "/home/vlsi/Desktop/PLL_NEW/logs_vlsi/logs0/Job7.log", "logFileSize": "13035"}
[2025-12-03 10:51:07.776 +0530] [EVENT] [cadence.virtuoso.ade.simulationMonitor] - NewPoint {"history": "ExplorerRun.0", "point": 2, "testname": "PD_VCO_tb_1", "cornername": "Nominal", "event": "NewPoint", "EventSource": "spectre", "HistoryName": "ExplorerRun.0", "logFile": "/home/vlsi/simulation/PD/VCO_tb/maestro/results/maestro/ExplorerRun.0/2/PD_VCO_tb_1/psf/spectre.out", "logFileSize": "-1"}
[2025-12-03 10:51:07.778 +0530] [PROCESS] [cadence.virtuoso.ade.simulationMonitor] - Simulator launched {"hostname": "cad13", "processid": 43640, "history": "ExplorerRun.0", "testname": "PD_VCO_tb_1", "cornername": "Nominal", "point": 2, "logfile": "/home/vlsi/Desktop/PLL_NEW/logs_vlsi/logs0/Job7.log", "simid": "2"}
[2025-12-03 10:51:07.779 +0530] [PROCESS] [cadence.virtuoso.ade.simulationMonitor] - Started Simulation {"hostname": "cad13", "processid": 43640, "history": "ExplorerRun.0", "testname": "PD_VCO_tb_1", "cornername": "Nominal", "point": 2, "logfile": "/home/vlsi/Desktop/PLL_NEW/logs_vlsi/logs0/Job7.log", "event": "started", "task": "simulation"}
[2025-12-03 10:51:08.279 +0530] [INFO] [cadence.virtuoso.ade.simulationMonitor] - Peak resident memory used = 154 Mbytes. {"history": "ExplorerRun.0", "point": 2, "testname": "PD_VCO_tb_1", "cornername": "Nominal"}
[2025-12-03 10:51:08.279 +0530] [INFO] [cadence.virtuoso.ade.simulationMonitor] - Peak resident memory used = 167 Mbytes. {"history": "ExplorerRun.0", "point": 2, "testname": "PD_VCO_tb_1", "cornername": "Nominal"}
[2025-12-03 10:51:08.279 +0530] [INFO] [cadence.virtuoso.ade.simulationMonitor] - Notice from spectre during hierarchy flattening.
    The value 'psf' specified for the 'checklimitdest' option will no longer be supported in future releases. Use 'spectre -h' to see other recommended values for the 'checklimitdest' option. {"history": "ExplorerRun.0", "point": 2, "testname": "PD_VCO_tb_1", "cornername": "Nominal"}
[2025-12-03 10:51:08.279 +0530] [INFO] [cadence.virtuoso.ade.simulationMonitor] - Peak resident memory used = 169 Mbytes. {"history": "ExplorerRun.0", "point": 2, "testname": "PD_VCO_tb_1", "cornername": "Nominal"}
[2025-12-03 10:51:08.279 +0530] [INFO] [cadence.virtuoso.ade.simulationMonitor] - Notice from spectre during initial setup.
    Multithreading is disabled due to the size of the design being too small. {"history": "ExplorerRun.0", "point": 2, "testname": "PD_VCO_tb_1", "cornername": "Nominal"}
[2025-12-03 10:51:08.279 +0530] [INFO] [cadence.virtuoso.ade.simulationMonitor] -               nodes 168 {"history": "ExplorerRun.0", "point": 2, "testname": "PD_VCO_tb_1", "cornername": "Nominal"}
[2025-12-03 10:51:08.279 +0530] [INFO] [cadence.virtuoso.ade.simulationMonitor] - Notice from spectre during initial setup.
    APS enabled. {"history": "ExplorerRun.0", "point": 2, "testname": "PD_VCO_tb_1", "cornername": "Nominal"}
[2025-12-03 10:51:08.779 +0530] [INFO] [cadence.virtuoso.ade.simulationMonitor] - Peak resident memory used = 171 Mbytes. {"history": "ExplorerRun.0", "point": 2, "testname": "PD_VCO_tb_1", "cornername": "Nominal"}
[2025-12-03 10:51:08.780 +0530] [INFO] [cadence.virtuoso.ade.simulationMonitor] -    -   (APS) Multi-threading. The recommended number of threads is 1, consider adding +mt=1 on command line. {"history": "ExplorerRun.0", "point": 2, "testname": "PD_VCO_tb_1", "cornername": "Nominal"}
[2025-12-03 10:51:08.780 +0530] [INFO] [cadence.virtuoso.ade.simulationMonitor] - Notice from spectre during IC analysis, during transient analysis `tran'.
    There are 1 IC nodes defined. {"history": "ExplorerRun.0", "point": 2, "testname": "PD_VCO_tb_1", "cornername": "Nominal"}
[2025-12-03 10:51:08.780 +0530] [INFO] [cadence.virtuoso.ade.simulationMonitor] - Notice from spectre during IC analysis, during transient analysis `tran'.
    Bad pivoting is found during DC analysis. Option dc_pivot_check=yes is recommended for possible improvement of convergence.
    Initial condition computed for node vout is in error by 2.10031 uV.
        Decrease `rforce' to reduce error in computed initial conditions.  However, setting rforce too small may result in convergence difficulties or in the matrix becoming singular. {"history": "ExplorerRun.0", "point": 2, "testname": "PD_VCO_tb_1", "cornername": "Nominal"}
[2025-12-03 10:51:08.780 +0530] [INFO] [cadence.virtuoso.ade.simulationMonitor] - Notice from spectre during transient analysis `tran'.
    Multithreading is disabled due to the size of the design being too small. {"history": "ExplorerRun.0", "point": 2, "testname": "PD_VCO_tb_1", "cornername": "Nominal"}
[2025-12-03 10:51:23.872 +0530] [INFO] [cadence.virtuoso.ade.simulationMonitor] - Notice from spectre at time = 114.121 ns during transient analysis `tran'.
    Found trapezoidal ringing on node I23.NM0.n1. {"history": "ExplorerRun.0", "point": 2, "testname": "PD_VCO_tb_1", "cornername": "Nominal"}
[2025-12-03 10:51:23.872 +0530] [INFO] [cadence.virtuoso.ade.simulationMonitor] - Notice from spectre at time = 114.121 ns during transient analysis `tran'.
    Found trapezoidal ringing on node I23.NM0.n1. {"history": "ExplorerRun.0", "point": 2, "testname": "PD_VCO_tb_1", "cornername": "Nominal"}
[2025-12-03 10:51:23.872 +0530] [INFO] [cadence.virtuoso.ade.simulationMonitor] - Notice from spectre at time = 114.122 ns during transient analysis `tran'.
    Found trapezoidal ringing on node I23.NM0.n1. {"history": "ExplorerRun.0", "point": 2, "testname": "PD_VCO_tb_1", "cornername": "Nominal"}
[2025-12-03 10:51:23.872 +0530] [INFO] [cadence.virtuoso.ade.simulationMonitor] - Notice from spectre at time = 114.122 ns during transient analysis `tran'.
    Found trapezoidal ringing on node I23.NM0.n1. {"history": "ExplorerRun.0", "point": 2, "testname": "PD_VCO_tb_1", "cornername": "Nominal"}
[2025-12-03 10:51:35.434 +0530] [INFO] [cadence.virtuoso.ade.simulationMonitor] - Notice from spectre during transient analysis `tran'.
    Trapezoidal ringing is detected during tran analysis.
        Please use method=trap for better results and performance. {"history": "ExplorerRun.0", "point": 2, "testname": "PD_VCO_tb_1", "cornername": "Nominal"}
[2025-12-03 10:51:35.434 +0530] [INFO] [cadence.virtuoso.ade.simulationMonitor] - Total time required for tran analysis `tran': CPU = 26.8825 s, elapsed = 26.9243 s, util. = 99.8%. {"history": "ExplorerRun.0", "point": 2, "testname": "PD_VCO_tb_1", "cornername": "Nominal"}
[2025-12-03 10:51:35.434 +0530] [INFO] [cadence.virtuoso.ade.simulationMonitor] - Peak resident memory used = 571 Mbytes. {"history": "ExplorerRun.0", "point": 2, "testname": "PD_VCO_tb_1", "cornername": "Nominal"}
[2025-12-03 10:51:35.935 +0530] [INFO] [cadence.virtuoso.ade.simulationMonitor] - Time used: CPU = 27.3 s, elapsed = 27.7 s, util. = 98.6%. {"history": "ExplorerRun.0", "point": 2, "testname": "PD_VCO_tb_1", "cornername": "Nominal"}
[2025-12-03 10:51:35.935 +0530] [INFO] [cadence.virtuoso.ade.simulationMonitor] - Time spent in licensing: elapsed = 20.6 ms. {"history": "ExplorerRun.0", "point": 2, "testname": "PD_VCO_tb_1", "cornername": "Nominal"}
[2025-12-03 10:51:35.936 +0530] [INFO] [cadence.virtuoso.ade.simulationMonitor] - Peak memory used = 572 Mbytes. {"history": "ExplorerRun.0", "point": 2, "testname": "PD_VCO_tb_1", "cornername": "Nominal"}
[2025-12-03 10:51:35.936 +0530] [PROCESS] [cadence.virtuoso.ade.simulationMonitor] - Simulation started at: 10:51:07 AM, Wed Dec 3, 2025, ended at: 10:51:35 AM, Wed Dec 3, 2025, with elapsed time (wall clock): 27.7 s. {"history": "ExplorerRun.0", "point": 2, "testname": "PD_VCO_tb_1", "cornername": "Nominal"}
[2025-12-03 10:51:35.936 +0530] [PROCESS] [cadence.virtuoso.ade.simulationMonitor] - spectre completes with 0 errors, 0 warnings, and 13 notices. {"history": "ExplorerRun.0", "point": 2, "testname": "PD_VCO_tb_1", "cornername": "Nominal"}
[2025-12-03 10:51:35.936 +0530] [PROCESS] [cadence.virtuoso.ade.simulationMonitor] - Finished simulating for one point {"hostname": "cad13", "processid": 43640, "history": "ExplorerRun.0", "testname": "PD_VCO_tb_1", "cornername": "Nominal", "point": 2, "logfile": "/home/vlsi/Desktop/PLL_NEW/logs_vlsi/logs0/Job7.log", "simid": "2"}
[2025-12-03 10:51:35.936 +0530] [PROCESS] [cadence.virtuoso.ade.simulationMonitor] - Simulator exited {"hostname": "cad13", "processid": 43640, "history": "ExplorerRun.0", "testname": "PD_VCO_tb_1", "cornername": "Nominal", "point": 2, "logfile": "/home/vlsi/Desktop/PLL_NEW/logs_vlsi/logs0/Job7.log", "exitStatus": "0"}
[2025-12-03 10:51:35.936 +0530] [PROCESS] [cadence.virtuoso.ade.simulationMonitor] - Finished Simulation {"hostname": "cad13", "processid": 43640, "history": "ExplorerRun.0", "testname": "PD_VCO_tb_1", "cornername": "Nominal", "point": 2, "logfile": "/home/vlsi/Desktop/PLL_NEW/logs_vlsi/logs0/Job7.log", "simid": "2"}
[2025-12-03 10:51:36.439 +0530] [PROCESS] [cadence.virtuoso.ade.simulationMonitor] - Point Finished {"hostname": "cad13", "processid": 43640, "history": "ExplorerRun.0", "testname": "PD_VCO_tb_1", "cornername": "Nominal", "point": 2, "logfile": "/home/vlsi/Desktop/PLL_NEW/logs_vlsi/logs0/Job7.log"}
[2025-12-03 10:51:36.489 +0530] [PROCESS] [cadence.virtuoso.ade.simulationMonitor] - HostInfo:
Host name (type):	cad13 (x86_64)
Operating system:	Linux 4.18.0-425.3.1.el8.x86_64 #1 SMP Fri Sep 30 11:45:06 EDT 2022 {"hostname": "cad13", "processid": 43640, "history": "ExplorerRun.0", "testname": "PD_VCO_tb_1", "cornername": "Nominal", "point": 2, "logfile": "/home/vlsi/Desktop/PLL_NEW/logs_vlsi/logs0/Job7.log", "nodename": "cad13", "domainname": "(none)", "machine": "x86_64", "sysname": "Linux", "release": "4.18.0-425.3.1.el8.x86_64", "version": "#1 SMP Fri Sep 30 11:45:06 EDT 2022"}
[2025-12-03 10:51:36.489 +0530] [PROCESS] [cadence.virtuoso.ade.simulationMonitor] - UsageInfo:
pid=43640
totalPhysicalMemory=15.336868GB,Used=6.947563GB,totalVirtualMemory=47.336864GB,Used=6.947563GB
Cpu: Cores=28, Load average:0.710000,0.610000,0.660000 {"hostname": "cad13", "processid": 43640, "history": "ExplorerRun.0", "testname": "PD_VCO_tb_1", "cornername": "Nominal", "point": 2, "logfile": "/home/vlsi/Desktop/PLL_NEW/logs_vlsi/logs0/Job7.log", "pid": "43640", "totalPhysicalMemory": "15.336868", "physicalMemoryUsed": "6.947563", "totalVirtualMemory": "47.336864", "virtualMemoryUsed": "6.947563", "cpuCores": "28", "processes": "1122", "loadAverage1": "0.710000", "loadAverage5": "0.610000", "loadAverage15": "0.660000", "loadAverage1Percent": "0.025357"}
[2025-12-03 10:51:36.489 +0530] [EVENT] [cadence.virtuoso.ade.simulationMonitor] - NewPoint {"history": "ExplorerRun.0", "point": 3, "testname": "PD_VCO_tb_1", "cornername": "Nominal", "event": "NewPoint", "EventSource": "Simulation Monitor", "HistoryName": "ExplorerRun.0", "logFile": "/home/vlsi/Desktop/PLL_NEW/logs_vlsi/logs0/Job7.log", "logFileSize": "23857"}
[2025-12-03 10:51:36.590 +0530] [EVENT] [cadence.virtuoso.ade.simulationMonitor] - NewPoint {"history": "ExplorerRun.0", "point": 3, "testname": "PD_VCO_tb_1", "cornername": "Nominal", "event": "NewPoint", "EventSource": "spectre", "HistoryName": "ExplorerRun.0", "logFile": "/home/vlsi/simulation/PD/VCO_tb/maestro/results/maestro/ExplorerRun.0/3/PD_VCO_tb_1/psf/spectre.out", "logFileSize": "-1"}
[2025-12-03 10:51:36.592 +0530] [PROCESS] [cadence.virtuoso.ade.simulationMonitor] - Simulator launched {"hostname": "cad13", "processid": 43640, "history": "ExplorerRun.0", "testname": "PD_VCO_tb_1", "cornername": "Nominal", "point": 3, "logfile": "/home/vlsi/Desktop/PLL_NEW/logs_vlsi/logs0/Job7.log", "simid": "3"}
[2025-12-03 10:51:36.593 +0530] [PROCESS] [cadence.virtuoso.ade.simulationMonitor] - Started Simulation {"hostname": "cad13", "processid": 43640, "history": "ExplorerRun.0", "testname": "PD_VCO_tb_1", "cornername": "Nominal", "point": 3, "logfile": "/home/vlsi/Desktop/PLL_NEW/logs_vlsi/logs0/Job7.log", "event": "started", "task": "simulation"}
[2025-12-03 10:51:37.093 +0530] [INFO] [cadence.virtuoso.ade.simulationMonitor] - Peak resident memory used = 161 Mbytes. {"history": "ExplorerRun.0", "point": 3, "testname": "PD_VCO_tb_1", "cornername": "Nominal"}
[2025-12-03 10:51:37.093 +0530] [INFO] [cadence.virtuoso.ade.simulationMonitor] - Peak resident memory used = 174 Mbytes. {"history": "ExplorerRun.0", "point": 3, "testname": "PD_VCO_tb_1", "cornername": "Nominal"}
[2025-12-03 10:51:37.093 +0530] [INFO] [cadence.virtuoso.ade.simulationMonitor] - Notice from spectre during hierarchy flattening.
    The value 'psf' specified for the 'checklimitdest' option will no longer be supported in future releases. Use 'spectre -h' to see other recommended values for the 'checklimitdest' option. {"history": "ExplorerRun.0", "point": 3, "testname": "PD_VCO_tb_1", "cornername": "Nominal"}
[2025-12-03 10:51:37.093 +0530] [INFO] [cadence.virtuoso.ade.simulationMonitor] - Peak resident memory used = 177 Mbytes. {"history": "ExplorerRun.0", "point": 3, "testname": "PD_VCO_tb_1", "cornername": "Nominal"}
[2025-12-03 10:51:37.093 +0530] [INFO] [cadence.virtuoso.ade.simulationMonitor] - Notice from spectre during initial setup.
    Multithreading is disabled due to the size of the design being too small. {"history": "ExplorerRun.0", "point": 3, "testname": "PD_VCO_tb_1", "cornername": "Nominal"}
[2025-12-03 10:51:37.093 +0530] [INFO] [cadence.virtuoso.ade.simulationMonitor] -               nodes 168 {"history": "ExplorerRun.0", "point": 3, "testname": "PD_VCO_tb_1", "cornername": "Nominal"}
[2025-12-03 10:51:37.093 +0530] [INFO] [cadence.virtuoso.ade.simulationMonitor] - Notice from spectre during initial setup.
    APS enabled. {"history": "ExplorerRun.0", "point": 3, "testname": "PD_VCO_tb_1", "cornername": "Nominal"}
[2025-12-03 10:51:37.593 +0530] [INFO] [cadence.virtuoso.ade.simulationMonitor] - Peak resident memory used = 179 Mbytes. {"history": "ExplorerRun.0", "point": 3, "testname": "PD_VCO_tb_1", "cornername": "Nominal"}
[2025-12-03 10:51:37.594 +0530] [INFO] [cadence.virtuoso.ade.simulationMonitor] -    -   (APS) Multi-threading. The recommended number of threads is 1, consider adding +mt=1 on command line. {"history": "ExplorerRun.0", "point": 3, "testname": "PD_VCO_tb_1", "cornername": "Nominal"}
[2025-12-03 10:51:37.594 +0530] [INFO] [cadence.virtuoso.ade.simulationMonitor] - Notice from spectre during IC analysis, during transient analysis `tran'.
    There are 1 IC nodes defined. {"history": "ExplorerRun.0", "point": 3, "testname": "PD_VCO_tb_1", "cornername": "Nominal"}
[2025-12-03 10:51:37.594 +0530] [INFO] [cadence.virtuoso.ade.simulationMonitor] - Notice from spectre during IC analysis, during transient analysis `tran'.
    Bad pivoting is found during DC analysis. Option dc_pivot_check=yes is recommended for possible improvement of convergence.
    Initial condition computed for node vout is in error by 2.10031 uV.
        Decrease `rforce' to reduce error in computed initial conditions.  However, setting rforce too small may result in convergence difficulties or in the matrix becoming singular. {"history": "ExplorerRun.0", "point": 3, "testname": "PD_VCO_tb_1", "cornername": "Nominal"}
[2025-12-03 10:51:37.594 +0530] [INFO] [cadence.virtuoso.ade.simulationMonitor] - Notice from spectre during transient analysis `tran'.
    Multithreading is disabled due to the size of the design being too small. {"history": "ExplorerRun.0", "point": 3, "testname": "PD_VCO_tb_1", "cornername": "Nominal"}
[2025-12-03 10:51:42.623 +0530] [INFO] [cadence.virtuoso.ade.simulationMonitor] - Notice from spectre at time = 37.5748 ns during transient analysis `tran'.
    Found trapezoidal ringing on node I23.NM0.n1. {"history": "ExplorerRun.0", "point": 3, "testname": "PD_VCO_tb_1", "cornername": "Nominal"}
[2025-12-03 10:51:42.624 +0530] [INFO] [cadence.virtuoso.ade.simulationMonitor] - Notice from spectre at time = 37.5749 ns during transient analysis `tran'.
    Found trapezoidal ringing on node I23.NM0.n1. {"history": "ExplorerRun.0", "point": 3, "testname": "PD_VCO_tb_1", "cornername": "Nominal"}
[2025-12-03 10:51:43.624 +0530] [INFO] [cadence.virtuoso.ade.simulationMonitor] - Notice from spectre at time = 47.9767 ns during transient analysis `tran'.
    Found trapezoidal ringing on node I23.NM0.n1. {"history": "ExplorerRun.0", "point": 3, "testname": "PD_VCO_tb_1", "cornername": "Nominal"}
[2025-12-03 10:51:43.624 +0530] [INFO] [cadence.virtuoso.ade.simulationMonitor] - Notice from spectre at time = 47.9769 ns during transient analysis `tran'.
    Found trapezoidal ringing on node I23.NM0.n1. {"history": "ExplorerRun.0", "point": 3, "testname": "PD_VCO_tb_1", "cornername": "Nominal"}
[2025-12-03 10:51:43.625 +0530] [INFO] [cadence.virtuoso.ade.simulationMonitor] - Notice from spectre at time = 47.9769 ns during transient analysis `tran'.
    Found trapezoidal ringing on node I23.NM0.n1.
        Further occurrences of this notice will be suppressed. {"history": "ExplorerRun.0", "point": 3, "testname": "PD_VCO_tb_1", "cornername": "Nominal"}
[2025-12-03 10:52:04.741 +0530] [INFO] [cadence.virtuoso.ade.simulationMonitor] - Notice from spectre during transient analysis `tran'.
    Trapezoidal ringing is detected during tran analysis.
        Please use method=trap for better results and performance. {"history": "ExplorerRun.0", "point": 3, "testname": "PD_VCO_tb_1", "cornername": "Nominal"}
[2025-12-03 10:52:04.741 +0530] [INFO] [cadence.virtuoso.ade.simulationMonitor] - Total time required for tran analysis `tran': CPU = 27.2103 s, elapsed = 27.2693 s, util. = 99.8%. {"history": "ExplorerRun.0", "point": 3, "testname": "PD_VCO_tb_1", "cornername": "Nominal"}
[2025-12-03 10:52:04.741 +0530] [INFO] [cadence.virtuoso.ade.simulationMonitor] - Peak resident memory used = 579 Mbytes. {"history": "ExplorerRun.0", "point": 3, "testname": "PD_VCO_tb_1", "cornername": "Nominal"}
[2025-12-03 10:52:04.742 +0530] [INFO] [cadence.virtuoso.ade.simulationMonitor] - Notice from spectre.
    10 notices suppressed. {"history": "ExplorerRun.0", "point": 3, "testname": "PD_VCO_tb_1", "cornername": "Nominal"}
[2025-12-03 10:52:05.242 +0530] [INFO] [cadence.virtuoso.ade.simulationMonitor] - Time used: CPU = 27.7 s, elapsed = 28.3 s, util. = 97.9%. {"history": "ExplorerRun.0", "point": 3, "testname": "PD_VCO_tb_1", "cornername": "Nominal"}
[2025-12-03 10:52:05.243 +0530] [INFO] [cadence.virtuoso.ade.simulationMonitor] - Time spent in licensing: elapsed = 21.8 ms. {"history": "ExplorerRun.0", "point": 3, "testname": "PD_VCO_tb_1", "cornername": "Nominal"}
[2025-12-03 10:52:05.243 +0530] [INFO] [cadence.virtuoso.ade.simulationMonitor] - Peak memory used = 580 Mbytes. {"history": "ExplorerRun.0", "point": 3, "testname": "PD_VCO_tb_1", "cornername": "Nominal"}
[2025-12-03 10:52:05.243 +0530] [PROCESS] [cadence.virtuoso.ade.simulationMonitor] - Simulation started at: 10:51:36 AM, Wed Dec 3, 2025, ended at: 10:52:04 AM, Wed Dec 3, 2025, with elapsed time (wall clock): 28.3 s. {"history": "ExplorerRun.0", "point": 3, "testname": "PD_VCO_tb_1", "cornername": "Nominal"}
[2025-12-03 10:52:05.243 +0530] [PROCESS] [cadence.virtuoso.ade.simulationMonitor] - spectre completes with 0 errors, 0 warnings, and 15 notices. {"history": "ExplorerRun.0", "point": 3, "testname": "PD_VCO_tb_1", "cornername": "Nominal"}
[2025-12-03 10:52:05.243 +0530] [PROCESS] [cadence.virtuoso.ade.simulationMonitor] - Finished simulating for one point {"hostname": "cad13", "processid": 43640, "history": "ExplorerRun.0", "testname": "PD_VCO_tb_1", "cornername": "Nominal", "point": 3, "logfile": "/home/vlsi/Desktop/PLL_NEW/logs_vlsi/logs0/Job7.log", "simid": "3"}
[2025-12-03 10:52:05.243 +0530] [PROCESS] [cadence.virtuoso.ade.simulationMonitor] - Simulator exited {"hostname": "cad13", "processid": 43640, "history": "ExplorerRun.0", "testname": "PD_VCO_tb_1", "cornername": "Nominal", "point": 3, "logfile": "/home/vlsi/Desktop/PLL_NEW/logs_vlsi/logs0/Job7.log", "exitStatus": "0"}
[2025-12-03 10:52:05.243 +0530] [PROCESS] [cadence.virtuoso.ade.simulationMonitor] - Finished Simulation {"hostname": "cad13", "processid": 43640, "history": "ExplorerRun.0", "testname": "PD_VCO_tb_1", "cornername": "Nominal", "point": 3, "logfile": "/home/vlsi/Desktop/PLL_NEW/logs_vlsi/logs0/Job7.log", "simid": "3"}
[2025-12-03 10:52:05.746 +0530] [PROCESS] [cadence.virtuoso.ade.simulationMonitor] - Point Finished {"hostname": "cad13", "processid": 43640, "history": "ExplorerRun.0", "testname": "PD_VCO_tb_1", "cornername": "Nominal", "point": 3, "logfile": "/home/vlsi/Desktop/PLL_NEW/logs_vlsi/logs0/Job7.log"}
[2025-12-03 10:52:05.794 +0530] [PROCESS] [cadence.virtuoso.ade.simulationMonitor] - HostInfo:
Host name (type):	cad13 (x86_64)
Operating system:	Linux 4.18.0-425.3.1.el8.x86_64 #1 SMP Fri Sep 30 11:45:06 EDT 2022 {"hostname": "cad13", "processid": 43640, "history": "ExplorerRun.0", "testname": "PD_VCO_tb_1", "cornername": "Nominal", "point": 3, "logfile": "/home/vlsi/Desktop/PLL_NEW/logs_vlsi/logs0/Job7.log", "nodename": "cad13", "domainname": "(none)", "machine": "x86_64", "sysname": "Linux", "release": "4.18.0-425.3.1.el8.x86_64", "version": "#1 SMP Fri Sep 30 11:45:06 EDT 2022"}
[2025-12-03 10:52:05.795 +0530] [PROCESS] [cadence.virtuoso.ade.simulationMonitor] - UsageInfo:
pid=43640
totalPhysicalMemory=15.336868GB,Used=7.182865GB,totalVirtualMemory=47.336864GB,Used=7.182865GB
Cpu: Cores=28, Load average:0.940000,0.680000,0.690000 {"hostname": "cad13", "processid": 43640, "history": "ExplorerRun.0", "testname": "PD_VCO_tb_1", "cornername": "Nominal", "point": 3, "logfile": "/home/vlsi/Desktop/PLL_NEW/logs_vlsi/logs0/Job7.log", "pid": "43640", "totalPhysicalMemory": "15.336868", "physicalMemoryUsed": "7.182865", "totalVirtualMemory": "47.336864", "virtualMemoryUsed": "7.182865", "cpuCores": "28", "processes": "1123", "loadAverage1": "0.940000", "loadAverage5": "0.680000", "loadAverage15": "0.690000", "loadAverage1Percent": "0.033571"}
[2025-12-03 10:52:05.795 +0530] [EVENT] [cadence.virtuoso.ade.simulationMonitor] - NewPoint {"history": "ExplorerRun.0", "point": 4, "testname": "PD_VCO_tb_1", "cornername": "Nominal", "event": "NewPoint", "EventSource": "Simulation Monitor", "HistoryName": "ExplorerRun.0", "logFile": "/home/vlsi/Desktop/PLL_NEW/logs_vlsi/logs0/Job7.log", "logFileSize": "34675"}
[2025-12-03 10:52:05.895 +0530] [EVENT] [cadence.virtuoso.ade.simulationMonitor] - NewPoint {"history": "ExplorerRun.0", "point": 4, "testname": "PD_VCO_tb_1", "cornername": "Nominal", "event": "NewPoint", "EventSource": "spectre", "HistoryName": "ExplorerRun.0", "logFile": "/home/vlsi/simulation/PD/VCO_tb/maestro/results/maestro/ExplorerRun.0/4/PD_VCO_tb_1/psf/spectre.out", "logFileSize": "-1"}
[2025-12-03 10:52:05.897 +0530] [PROCESS] [cadence.virtuoso.ade.simulationMonitor] - Simulator launched {"hostname": "cad13", "processid": 43640, "history": "ExplorerRun.0", "testname": "PD_VCO_tb_1", "cornername": "Nominal", "point": 4, "logfile": "/home/vlsi/Desktop/PLL_NEW/logs_vlsi/logs0/Job7.log", "simid": "4"}
[2025-12-03 10:52:05.898 +0530] [PROCESS] [cadence.virtuoso.ade.simulationMonitor] - Started Simulation {"hostname": "cad13", "processid": 43640, "history": "ExplorerRun.0", "testname": "PD_VCO_tb_1", "cornername": "Nominal", "point": 4, "logfile": "/home/vlsi/Desktop/PLL_NEW/logs_vlsi/logs0/Job7.log", "event": "started", "task": "simulation"}
[2025-12-03 10:52:06.898 +0530] [INFO] [cadence.virtuoso.ade.simulationMonitor] - Peak resident memory used = 159 Mbytes. {"history": "ExplorerRun.0", "point": 4, "testname": "PD_VCO_tb_1", "cornername": "Nominal"}
[2025-12-03 10:52:06.899 +0530] [INFO] [cadence.virtuoso.ade.simulationMonitor] - Peak resident memory used = 173 Mbytes. {"history": "ExplorerRun.0", "point": 4, "testname": "PD_VCO_tb_1", "cornername": "Nominal"}
[2025-12-03 10:52:06.899 +0530] [INFO] [cadence.virtuoso.ade.simulationMonitor] - Notice from spectre during hierarchy flattening.
    The value 'psf' specified for the 'checklimitdest' option will no longer be supported in future releases. Use 'spectre -h' to see other recommended values for the 'checklimitdest' option. {"history": "ExplorerRun.0", "point": 4, "testname": "PD_VCO_tb_1", "cornername": "Nominal"}
[2025-12-03 10:52:06.899 +0530] [INFO] [cadence.virtuoso.ade.simulationMonitor] - Peak resident memory used = 175 Mbytes. {"history": "ExplorerRun.0", "point": 4, "testname": "PD_VCO_tb_1", "cornername": "Nominal"}
[2025-12-03 10:52:06.899 +0530] [INFO] [cadence.virtuoso.ade.simulationMonitor] - Notice from spectre during initial setup.
    Multithreading is disabled due to the size of the design being too small. {"history": "ExplorerRun.0", "point": 4, "testname": "PD_VCO_tb_1", "cornername": "Nominal"}
[2025-12-03 10:52:06.899 +0530] [INFO] [cadence.virtuoso.ade.simulationMonitor] -               nodes 168 {"history": "ExplorerRun.0", "point": 4, "testname": "PD_VCO_tb_1", "cornername": "Nominal"}
[2025-12-03 10:52:06.899 +0530] [INFO] [cadence.virtuoso.ade.simulationMonitor] - Notice from spectre during initial setup.
    APS enabled. {"history": "ExplorerRun.0", "point": 4, "testname": "PD_VCO_tb_1", "cornername": "Nominal"}
[2025-12-03 10:52:06.899 +0530] [INFO] [cadence.virtuoso.ade.simulationMonitor] - Peak resident memory used = 177 Mbytes. {"history": "ExplorerRun.0", "point": 4, "testname": "PD_VCO_tb_1", "cornername": "Nominal"}
[2025-12-03 10:52:06.899 +0530] [INFO] [cadence.virtuoso.ade.simulationMonitor] -    -   (APS) Multi-threading. The recommended number of threads is 1, consider adding +mt=1 on command line. {"history": "ExplorerRun.0", "point": 4, "testname": "PD_VCO_tb_1", "cornername": "Nominal"}
[2025-12-03 10:52:06.899 +0530] [INFO] [cadence.virtuoso.ade.simulationMonitor] - Notice from spectre during IC analysis, during transient analysis `tran'.
    There are 1 IC nodes defined. {"history": "ExplorerRun.0", "point": 4, "testname": "PD_VCO_tb_1", "cornername": "Nominal"}
[2025-12-03 10:52:07.399 +0530] [INFO] [cadence.virtuoso.ade.simulationMonitor] - Notice from spectre during IC analysis, during transient analysis `tran'.
    Bad pivoting is found during DC analysis. Option dc_pivot_check=yes is recommended for possible improvement of convergence.
    Initial condition computed for node vout is in error by 2.10031 uV.
        Decrease `rforce' to reduce error in computed initial conditions.  However, setting rforce too small may result in convergence difficulties or in the matrix becoming singular. {"history": "ExplorerRun.0", "point": 4, "testname": "PD_VCO_tb_1", "cornername": "Nominal"}
[2025-12-03 10:52:07.400 +0530] [INFO] [cadence.virtuoso.ade.simulationMonitor] - Notice from spectre during transient analysis `tran'.
    Multithreading is disabled due to the size of the design being too small. {"history": "ExplorerRun.0", "point": 4, "testname": "PD_VCO_tb_1", "cornername": "Nominal"}
[2025-12-03 10:52:08.400 +0530] [INFO] [cadence.virtuoso.ade.simulationMonitor] - Notice from spectre at time = 8.04024 ns during transient analysis `tran'.
    Found trapezoidal ringing on node I23.NM0.n1. {"history": "ExplorerRun.0", "point": 4, "testname": "PD_VCO_tb_1", "cornername": "Nominal"}
[2025-12-03 10:52:08.400 +0530] [INFO] [cadence.virtuoso.ade.simulationMonitor] - Notice from spectre at time = 8.04039 ns during transient analysis `tran'.
    Found trapezoidal ringing on node I23.NM0.n1. {"history": "ExplorerRun.0", "point": 4, "testname": "PD_VCO_tb_1", "cornername": "Nominal"}
[2025-12-03 10:52:08.400 +0530] [INFO] [cadence.virtuoso.ade.simulationMonitor] - Notice from spectre at time = 8.04047 ns during transient analysis `tran'.
    Found trapezoidal ringing on node I23.NM0.n1. {"history": "ExplorerRun.0", "point": 4, "testname": "PD_VCO_tb_1", "cornername": "Nominal"}
[2025-12-03 10:52:08.401 +0530] [INFO] [cadence.virtuoso.ade.simulationMonitor] - Notice from spectre at time = 8.04063 ns during transient analysis `tran'.
    Found trapezoidal ringing on node I23.NM0.n1. {"history": "ExplorerRun.0", "point": 4, "testname": "PD_VCO_tb_1", "cornername": "Nominal"}
[2025-12-03 10:52:08.401 +0530] [INFO] [cadence.virtuoso.ade.simulationMonitor] - Notice from spectre at time = 8.04094 ns during transient analysis `tran'.
    Found trapezoidal ringing on node I23.NM0.n1.
        Further occurrences of this notice will be suppressed. {"history": "ExplorerRun.0", "point": 4, "testname": "PD_VCO_tb_1", "cornername": "Nominal"}
[2025-12-03 10:52:33.552 +0530] [INFO] [cadence.virtuoso.ade.simulationMonitor] - Notice from spectre during transient analysis `tran'.
    Trapezoidal ringing is detected during tran analysis.
        Please use method=trap for better results and performance. {"history": "ExplorerRun.0", "point": 4, "testname": "PD_VCO_tb_1", "cornername": "Nominal"}
[2025-12-03 10:52:34.052 +0530] [INFO] [cadence.virtuoso.ade.simulationMonitor] - Total time required for tran analysis `tran': CPU = 26.7718 s, elapsed = 26.8168 s, util. = 99.8%. {"history": "ExplorerRun.0", "point": 4, "testname": "PD_VCO_tb_1", "cornername": "Nominal"}
[2025-12-03 10:52:34.053 +0530] [INFO] [cadence.virtuoso.ade.simulationMonitor] - Peak resident memory used = 683 Mbytes. {"history": "ExplorerRun.0", "point": 4, "testname": "PD_VCO_tb_1", "cornername": "Nominal"}
[2025-12-03 10:52:34.053 +0530] [INFO] [cadence.virtuoso.ade.simulationMonitor] - Notice from spectre.
    15 notices suppressed. {"history": "ExplorerRun.0", "point": 4, "testname": "PD_VCO_tb_1", "cornername": "Nominal"}
[2025-12-03 10:52:34.553 +0530] [INFO] [cadence.virtuoso.ade.simulationMonitor] - Time used: CPU = 27.4 s, elapsed = 28 s, util. = 97.9%. {"history": "ExplorerRun.0", "point": 4, "testname": "PD_VCO_tb_1", "cornername": "Nominal"}
[2025-12-03 10:52:34.554 +0530] [INFO] [cadence.virtuoso.ade.simulationMonitor] - Time spent in licensing: elapsed = 622 ms. {"history": "ExplorerRun.0", "point": 4, "testname": "PD_VCO_tb_1", "cornername": "Nominal"}
[2025-12-03 10:52:34.554 +0530] [INFO] [cadence.virtuoso.ade.simulationMonitor] - Peak memory used = 684 Mbytes. {"history": "ExplorerRun.0", "point": 4, "testname": "PD_VCO_tb_1", "cornername": "Nominal"}
[2025-12-03 10:52:34.554 +0530] [PROCESS] [cadence.virtuoso.ade.simulationMonitor] - Simulation started at: 10:52:05 AM, Wed Dec 3, 2025, ended at: 10:52:33 AM, Wed Dec 3, 2025, with elapsed time (wall clock): 28 s. {"history": "ExplorerRun.0", "point": 4, "testname": "PD_VCO_tb_1", "cornername": "Nominal"}
[2025-12-03 10:52:34.554 +0530] [PROCESS] [cadence.virtuoso.ade.simulationMonitor] - spectre completes with 0 errors, 0 warnings, and 15 notices. {"history": "ExplorerRun.0", "point": 4, "testname": "PD_VCO_tb_1", "cornername": "Nominal"}
[2025-12-03 10:52:34.554 +0530] [PROCESS] [cadence.virtuoso.ade.simulationMonitor] - Finished simulating for one point {"hostname": "cad13", "processid": 43640, "history": "ExplorerRun.0", "testname": "PD_VCO_tb_1", "cornername": "Nominal", "point": 4, "logfile": "/home/vlsi/Desktop/PLL_NEW/logs_vlsi/logs0/Job7.log", "simid": "4"}
[2025-12-03 10:52:34.555 +0530] [PROCESS] [cadence.virtuoso.ade.simulationMonitor] - Simulator exited {"hostname": "cad13", "processid": 43640, "history": "ExplorerRun.0", "testname": "PD_VCO_tb_1", "cornername": "Nominal", "point": 4, "logfile": "/home/vlsi/Desktop/PLL_NEW/logs_vlsi/logs0/Job7.log", "exitStatus": "0"}
[2025-12-03 10:52:34.555 +0530] [PROCESS] [cadence.virtuoso.ade.simulationMonitor] - Finished Simulation {"hostname": "cad13", "processid": 43640, "history": "ExplorerRun.0", "testname": "PD_VCO_tb_1", "cornername": "Nominal", "point": 4, "logfile": "/home/vlsi/Desktop/PLL_NEW/logs_vlsi/logs0/Job7.log", "simid": "4"}
[2025-12-03 10:52:35.058 +0530] [PROCESS] [cadence.virtuoso.ade.simulationMonitor] - Point Finished {"hostname": "cad13", "processid": 43640, "history": "ExplorerRun.0", "testname": "PD_VCO_tb_1", "cornername": "Nominal", "point": 4, "logfile": "/home/vlsi/Desktop/PLL_NEW/logs_vlsi/logs0/Job7.log"}
[2025-12-03 10:52:35.107 +0530] [PROCESS] [cadence.virtuoso.ade.simulationMonitor] - HostInfo:
Host name (type):	cad13 (x86_64)
Operating system:	Linux 4.18.0-425.3.1.el8.x86_64 #1 SMP Fri Sep 30 11:45:06 EDT 2022 {"hostname": "cad13", "processid": 43640, "history": "ExplorerRun.0", "testname": "PD_VCO_tb_1", "cornername": "Nominal", "point": 4, "logfile": "/home/vlsi/Desktop/PLL_NEW/logs_vlsi/logs0/Job7.log", "nodename": "cad13", "domainname": "(none)", "machine": "x86_64", "sysname": "Linux", "release": "4.18.0-425.3.1.el8.x86_64", "version": "#1 SMP Fri Sep 30 11:45:06 EDT 2022"}
[2025-12-03 10:52:35.107 +0530] [PROCESS] [cadence.virtuoso.ade.simulationMonitor] - UsageInfo:
pid=43640
totalPhysicalMemory=15.336868GB,Used=7.400024GB,totalVirtualMemory=47.336864GB,Used=7.400024GB
Cpu: Cores=28, Load average:1.260000,0.790000,0.730000 {"hostname": "cad13", "processid": 43640, "history": "ExplorerRun.0", "testname": "PD_VCO_tb_1", "cornername": "Nominal", "point": 4, "logfile": "/home/vlsi/Desktop/PLL_NEW/logs_vlsi/logs0/Job7.log", "pid": "43640", "totalPhysicalMemory": "15.336868", "physicalMemoryUsed": "7.400024", "totalVirtualMemory": "47.336864", "virtualMemoryUsed": "7.400024", "cpuCores": "28", "processes": "1125", "loadAverage1": "1.260000", "loadAverage5": "0.790000", "loadAverage15": "0.730000", "loadAverage1Percent": "0.045000"}
[2025-12-03 10:52:35.107 +0530] [EVENT] [cadence.virtuoso.ade.simulationMonitor] - NewPoint {"history": "ExplorerRun.0", "point": 5, "testname": "PD_VCO_tb_1", "cornername": "Nominal", "event": "NewPoint", "EventSource": "Simulation Monitor", "HistoryName": "ExplorerRun.0", "logFile": "/home/vlsi/Desktop/PLL_NEW/logs_vlsi/logs0/Job7.log", "logFileSize": "46668"}
[2025-12-03 10:52:35.207 +0530] [EVENT] [cadence.virtuoso.ade.simulationMonitor] - NewPoint {"history": "ExplorerRun.0", "point": 5, "testname": "PD_VCO_tb_1", "cornername": "Nominal", "event": "NewPoint", "EventSource": "spectre", "HistoryName": "ExplorerRun.0", "logFile": "/home/vlsi/simulation/PD/VCO_tb/maestro/results/maestro/ExplorerRun.0/5/PD_VCO_tb_1/psf/spectre.out", "logFileSize": "-1"}
[2025-12-03 10:52:35.210 +0530] [PROCESS] [cadence.virtuoso.ade.simulationMonitor] - Simulator launched {"hostname": "cad13", "processid": 43640, "history": "ExplorerRun.0", "testname": "PD_VCO_tb_1", "cornername": "Nominal", "point": 5, "logfile": "/home/vlsi/Desktop/PLL_NEW/logs_vlsi/logs0/Job7.log", "simid": "5"}
[2025-12-03 10:52:35.210 +0530] [PROCESS] [cadence.virtuoso.ade.simulationMonitor] - Started Simulation {"hostname": "cad13", "processid": 43640, "history": "ExplorerRun.0", "testname": "PD_VCO_tb_1", "cornername": "Nominal", "point": 5, "logfile": "/home/vlsi/Desktop/PLL_NEW/logs_vlsi/logs0/Job7.log", "event": "started", "task": "simulation"}
[2025-12-03 10:52:35.710 +0530] [INFO] [cadence.virtuoso.ade.simulationMonitor] - Peak resident memory used = 154 Mbytes. {"history": "ExplorerRun.0", "point": 5, "testname": "PD_VCO_tb_1", "cornername": "Nominal"}
[2025-12-03 10:52:35.711 +0530] [INFO] [cadence.virtuoso.ade.simulationMonitor] - Peak resident memory used = 167 Mbytes. {"history": "ExplorerRun.0", "point": 5, "testname": "PD_VCO_tb_1", "cornername": "Nominal"}
[2025-12-03 10:52:35.711 +0530] [INFO] [cadence.virtuoso.ade.simulationMonitor] - Notice from spectre during hierarchy flattening.
    The value 'psf' specified for the 'checklimitdest' option will no longer be supported in future releases. Use 'spectre -h' to see other recommended values for the 'checklimitdest' option. {"history": "ExplorerRun.0", "point": 5, "testname": "PD_VCO_tb_1", "cornername": "Nominal"}
[2025-12-03 10:52:35.711 +0530] [INFO] [cadence.virtuoso.ade.simulationMonitor] - Peak resident memory used = 169 Mbytes. {"history": "ExplorerRun.0", "point": 5, "testname": "PD_VCO_tb_1", "cornername": "Nominal"}
[2025-12-03 10:52:35.711 +0530] [INFO] [cadence.virtuoso.ade.simulationMonitor] - Notice from spectre during initial setup.
    Multithreading is disabled due to the size of the design being too small. {"history": "ExplorerRun.0", "point": 5, "testname": "PD_VCO_tb_1", "cornername": "Nominal"}
[2025-12-03 10:52:35.711 +0530] [INFO] [cadence.virtuoso.ade.simulationMonitor] -               nodes 168 {"history": "ExplorerRun.0", "point": 5, "testname": "PD_VCO_tb_1", "cornername": "Nominal"}
[2025-12-03 10:52:35.711 +0530] [INFO] [cadence.virtuoso.ade.simulationMonitor] - Notice from spectre during initial setup.
    APS enabled. {"history": "ExplorerRun.0", "point": 5, "testname": "PD_VCO_tb_1", "cornername": "Nominal"}
[2025-12-03 10:52:36.212 +0530] [INFO] [cadence.virtuoso.ade.simulationMonitor] - Peak resident memory used = 172 Mbytes. {"history": "ExplorerRun.0", "point": 5, "testname": "PD_VCO_tb_1", "cornername": "Nominal"}
[2025-12-03 10:52:36.212 +0530] [INFO] [cadence.virtuoso.ade.simulationMonitor] -    -   (APS) Multi-threading. The recommended number of threads is 1, consider adding +mt=1 on command line. {"history": "ExplorerRun.0", "point": 5, "testname": "PD_VCO_tb_1", "cornername": "Nominal"}
[2025-12-03 10:52:36.212 +0530] [INFO] [cadence.virtuoso.ade.simulationMonitor] - Notice from spectre during IC analysis, during transient analysis `tran'.
    There are 1 IC nodes defined. {"history": "ExplorerRun.0", "point": 5, "testname": "PD_VCO_tb_1", "cornername": "Nominal"}
[2025-12-03 10:52:36.212 +0530] [INFO] [cadence.virtuoso.ade.simulationMonitor] - Notice from spectre during IC analysis, during transient analysis `tran'.
    Bad pivoting is found during DC analysis. Option dc_pivot_check=yes is recommended for possible improvement of convergence.
    Initial condition computed for node vout is in error by 2.10028 uV.
        Decrease `rforce' to reduce error in computed initial conditions.  However, setting rforce too small may result in convergence difficulties or in the matrix becoming singular. {"history": "ExplorerRun.0", "point": 5, "testname": "PD_VCO_tb_1", "cornername": "Nominal"}
[2025-12-03 10:52:36.213 +0530] [INFO] [cadence.virtuoso.ade.simulationMonitor] - Notice from spectre during transient analysis `tran'.
    Multithreading is disabled due to the size of the design being too small. {"history": "ExplorerRun.0", "point": 5, "testname": "PD_VCO_tb_1", "cornername": "Nominal"}
[2025-12-03 10:52:49.774 +0530] [PROCESS] [cadence.virtuoso.ade.simulationMonitor] - Simulation cancelled {"hostname": "cad13", "processid": 43640, "history": "ExplorerRun.0", "testname": "PD_VCO_tb_1", "cornername": "Nominal", "point": 5, "logfile": "/home/vlsi/Desktop/PLL_NEW/logs_vlsi/logs0/Job7.log"}
[2025-12-03 10:52:49.775 +0530] [INFO] [cadence.virtuoso.ade.simulationMonitor] - SimulationMonitor has terminated the spectre process '49419', reason: 'the simulation point gets cancelled by GUI' {"history": "ExplorerRun.0", "point": 5, "testname": "PD_VCO_tb_1", "cornername": "Nominal"}
[2025-12-03 10:52:49.820 +0530] [PROCESS] [cadence.virtuoso.ade.simulationMonitor] - Finished simulating for one point {"hostname": "cad13", "processid": 43640, "history": "ExplorerRun.0", "testname": "PD_VCO_tb_1", "cornername": "Nominal", "point": 5, "logfile": "/home/vlsi/Desktop/PLL_NEW/logs_vlsi/logs0/Job7.log", "simid": "5"}
[2025-12-03 10:52:49.821 +0530] [PROCESS] [cadence.virtuoso.ade.simulationMonitor] - Simulator exited {"hostname": "cad13", "processid": 43640, "history": "ExplorerRun.0", "testname": "PD_VCO_tb_1", "cornername": "Nominal", "point": 5, "logfile": "/home/vlsi/Desktop/PLL_NEW/logs_vlsi/logs0/Job7.log", "exitStatus": "0"}
[2025-12-03 10:52:49.821 +0530] [PROCESS] [cadence.virtuoso.ade.simulationMonitor] - Finished Simulation {"hostname": "cad13", "processid": 43640, "history": "ExplorerRun.0", "testname": "PD_VCO_tb_1", "cornername": "Nominal", "point": 5, "logfile": "/home/vlsi/Desktop/PLL_NEW/logs_vlsi/logs0/Job7.log", "simid": "5"}
[2025-12-03 10:52:49.834 +0530] [PROCESS] [cadence.virtuoso.ade.simulationMonitor] - Point Finished {"hostname": "cad13", "processid": 43640, "history": "ExplorerRun.0", "testname": "PD_VCO_tb_1", "cornername": "Nominal", "point": 5, "logfile": "/home/vlsi/Desktop/PLL_NEW/logs_vlsi/logs0/Job7.log"}
[2025-12-03 10:57:50.687 +0530] [PROCESS] [cadence.virtuoso.ade.simulationMonitor] - Current memory used: 53.7734 MBytes, peak memory used: 53.7734 MBytes {"hostname": "cad13", "processid": 43640, "history": "ExplorerRun.0", "testname": "PD_VCO_tb_1", "cornername": "Nominal", "point": 5, "logfile": "/home/vlsi/Desktop/PLL_NEW/logs_vlsi/logs0/Job7.log"}
[2025-12-03 10:57:50.687 +0530] [PROCESS] [cadence.virtuoso.ade.simulationMonitor] - Simulation Monitor process exit. {"hostname": "cad13", "processid": 43640, "history": "ExplorerRun.0", "testname": "PD_VCO_tb_1", "cornername": "Nominal", "point": 5, "logfile": "/home/vlsi/Desktop/PLL_NEW/logs_vlsi/logs0/Job7.log"}
