\# Program start time:     UTC 2025.11.21 07:52:06.639
\# Local time: IST (UTC+05:30) 2025.11.21 13:22:06.639
\o Program:		@(#)$CDS: virtuoso version 6.1.8-64b 11/15/2022 19:45 (cpgbld01) $
\o Hierarchy:		/home/install/IC618/tools.lnx86/dfII/
\o Sub version:		sub-version  IC6.1.8-64b.500.29  (64-bit addresses)
\# Command line:	/home/install/IC618/tools.lnx86/dfII/bin/64bit/virtuoso -beanhost cad13 -beanport 11300 -beanbinlog  -beanLogFile /home/vlsi/Desktop/PLL_NEW/logs_vlsi/logs0/amps_Service7.log -mpssession virtuoso311206 -mpshost cad13 -davinciService DaVinciService_311206_1763710108 -axlSession fnxSession2 -axlServiceIdFlag 7 -uuid ffe12e71-31fd-470a-adb4-8ed6a83683ad -heartbeat /dev/shm/swift-heartbeat.bJlpw2Phy9 -log /home/vlsi/Desktop/PLL_NEW/logs_vlsi/logs0/Service7.log -noautostart -nographE -lscs 000175E1894CBE06FF0966E38F1FFC06BC4D158AF973FC06BC4D31D2EC7EFC068F4D5CD28F1FFC06867C66E38F1FFC06BC4D66E38F1FFC06BC4D0FC3953AE623D56D00001E8E -interactive -offlineExprEval -fenixMode explorer -heartbeatTimeout  -lingerTimeout 300 -pointlifetime -1
\# Host name (type):	cad13 (x86_64)
\# Operating system:	Linux 4.18.0-425.3.1.el8.x86_64 #1 SMP Fri Sep 30 11:45:06 EDT 2022
\# Linux /etc/issue:	\S
\# Linux /etc/issue:	Kernel \r on an \m
\# X display name (WxH):	:6533 (1024x868)
\# Available geometry:			TL(0:0) BR(1023:867)
\# X server:			The X.Org Foundation
\# Depth of Visual (Root):	24 (24)
\# Number of Planes Used:	24
\# X version:		11.0 (vendor release 12011000)
\# X resource pool:	base 0x400000, mask 0x1fffff (2097151), shift 0
\# 			current id 0x0, current max 0x1ffffa (2097146)
\# Max data seg size:	     unlimited
\# Max process size:	     unlimited
\# Initial sbrk value:	        643 MB
\# Available memory:	     43,188 MB
\# System memory:	     48,473 MB
\# Maximum memory size:	     47,951 MB
\# Max mem available:	     43,309 MB
\# Initial memory used:	        120 MB
\#        process size:	      1,829 MB
\# Thread usage limits (effective/default):	maxthreads 62573/62573 maxload 28.00/28.00
\# Qt version:		5.9.1
\# Window Manager:	other
\# User Name:		vlsi
\o Working Directory:	cad13:/home/vlsi/Desktop/PLL_NEW
\# Process Id:		466939
\o 
\o COPYRIGHT (C) 1992-2022  CADENCE DESIGN SYSTEMS INC.  ALL RIGHTS RESERVED.
\o           (C) 1992-2022  UNIX SYSTEMS Laboratories INC.,
\o                          Reproduced with permission.
\o 
\o This Cadence Design Systems program and online documentation are
\o proprietary/confidential information and may be disclosed/used only
\o as authorized in a license agreement controlling such use and disclosure.
\o 
\o           RESTRICTED RIGHTS NOTICE (SHORT FORM)
\o Use/reproduction/disclosure is subject to restriction
\o set forth at FAR 1252.227-19 or its equivalent.
\o Loading geView.cxt 
\o Loading menuBuilder.cxt 
\o Loading schView.cxt 
\o Loading selectSv.cxt 
\o Loading pvsui.cxt
\o Loading wireEdit.cxt 
\o Loading pte2.cxt 
\o Loading xlUI.cxt 
\o Loading auCore.cxt 
\o Loading vhdl.cxt 
\o Loading seismic.cxt 
\o Loading ci.cxt 
\o Loading ams.cxt 
\o Loading oasis.cxt 
\o Loading analog.cxt 
\o Loading asimenv.cxt 
\o Loading dal.cxt 
\o Loading awv.cxt 
\o Loading socket.cxt 
\o Loading par.cxt 
\o Loading alvs.cxt 
\o Loading caa.cxt 
\o Loading amps.cxt 
\o Loading adexlCore.cxt 
\o Loading adexl.cxt 
\o *Info*    Exporting services from client ... 
\o 
\o Loading adexlDM.cxt 
\o Loading cpf.cxt 
\o Loading cli.cxt 
\o Loading lp.cxt 
\o INFO (ELI-00302) Connecting to parent process (session=virtuoso311206, host=cad13). Connection mode is LSCS. Total timeout is 180 seconds. Connection timeout is 90 seconds.
\o INFO (ELI-00303) Step 1: Connecting to parent. Time spent is 0 seconds.
\o INFO (ELI-00304) The registration of the child 466939 within 90 seconds is being processed...
\o INFO (ELI-00305) The result of registration is true. Time spent is 0 seconds.
\o INFO (ELI-00308) The connection has ended. Result is true. Total time spent is 0 seconds.
\# [13:22:06.213873] Configured Lic search path (22.01-s002): 5280@cadence_server
\p > 
\# Loading perfDiag...
\# (PerfDiag): Set GDB path to environment variable 'gdbPath' (gdb).
\# Memory report: using         292 MB, process size 2,154 MB at UTC 2025.11.21 07:52:08.076
\# Performance Diagnostic tool is installed. You can access PerfDiag from CIW Tools or use the shell command 'cdsPerfDiag -p 466939' to open it when Virtuoso freezes.
\# (PerfDiag): Use backtrace from GLIBC.
\i _axlRunServices()
\# [13:22:08.182457] Periodic Lic check successful
\# [13:22:08.182457] Feature usage summary:
\o Loading simui.cxt 
\o [2025-11-21 13:22:08.190 +0530] [PROCESS] [cadence.virtuoso.ade.services] - Netlist Service has successfully started. Waiting for incoming messages ... {"hostname": "cad13", "processid": 466939, "logfile": "/home/vlsi/Desktop/PLL_NEW/logs_vlsi/logs0/Service7.log"}
\# Available memory:         43,209 MB at UTC 2025.11.21 07:52:16.235
\# Memory report: Maximum memory size now 43,522 MB at UTC 2025.11.21 07:52:16.235
\# Thread usage report: 34 active threads, active load 1.40 at UTC 2025.11.21 07:52:16.235
\o [2025-11-21 13:22:18.771 +0530] [EVENT] [cadence.virtuoso.ade.services.netlister] - NewPoint {"point": 0, "testname": "PD_VCO_tb_1", "event": "NewPoint", "EventSource": "Netlist Service", "HistoryName": "ExplorerRun.0", "logFile": "/home/vlsi/Desktop/PLL_NEW/logs_vlsi/logs0/Service7.log", "logFileSize": "4929"}
\o [2025-11-21 13:22:18.771 +0530] [INFO] [cadence.virtuoso.ade.services.netlister] - Started preparing netlist {"point": 0, "testname": "PD_VCO_tb_1", "testnameKey": "PD_VCO_tb_1"}
\o Loading vdsil.cxt 
\o *Warning* AXL Context Manager : job 7 is already registered. 
\o 
\o Loading vqp.cxt 
\o Loading hdlPkg.cxt 
\o 
\o 
\o *Info*    Configuring the session ...
\o 
\o 	Library      = PD
\o 	Cell         = VCO_tb
\o 	View         = schematic
\o 	Simulator    = spectre
\o 	State Path   = $AXL_SETUPDB_DIR/test_states
\o 	State Name   = ExplorerRun.0
\o 	Results DB   = /home/vlsi/Desktop/PLL_NEW/PD/VCO_tb/maestro/results/maestro/ExplorerRun.0.rdb
\o 	Results Dir  = /home/vlsi/simulation/PD/VCO_tb/maestro/results/maestro/ExplorerRun.0/1/PD_VCO_tb_1
\o 	Results Loc  = /home/vlsi/simulation/PD/VCO_tb/maestro/results/maestro
\o 	Project Dir  = /home/vlsi/simulation
\o 	Setup DB loc = /home/vlsi/Desktop/PLL_NEW/PD/VCO_tb/maestro
\o 	File Encoding = 0
\o 
\o 
\o Loading viva.cxt 
\o Loading gpdk045/libInit.il ...
\o 	Loading gpdk045/loadCxt.ile ... done!
\o 	Loading context 'gpdk045' from library 'gpdk045' ... done!
\o 	Loading context 'pdkUtils' from library 'gpdk045' ... done!
\e 	Loading gpdk045/gpdk045_customFilter.il ... *Error* eval: unbound variable - axlRegisterCustomDeviceFilter
\o failed!
\o 	Loading gpdk045/libInitCustomExit.il ... 
\o 	Loading Environment Settings ...
\o 	Loading Model Management File ...
\o Loading spectrei.cxt 
\o Loading devCheck.cxt 
\o Loading relXpert.cxt 
\o Loading hspiceD.cxt 
\o Loading spectreinl.cxt 
\o Loading UltraSim.cxt 
\o Loading msgHandler.cxt 
\o Loading AMSOSS.cxt 
\o Loading AMS.cxt 
\o 	Loading gpdk045/gpdk045_PDKRegistrations.il ... done!
\o 
\o   *************************************************************           
\o   *              Cadence Design Systems, Inc.                 *           
\o   *                                                           *           
\o   *                    Generic 45nm PDK                       *           
\o   *                        (gpdk045)                          *           
\o   *                                                           *           
\o   *************************************************************           
\o 	
\o 
\o 	VERSION: 4.0 (17-June-2014)
\o 
\o done!
\o Failed to load gpdk045/libInit.il successfully!
\o *Info*    The auto suspension is disabled.
\o 
\o Loading elec.cxt 
\o Resetting statistical vars
\o 
\o *Info*    Setting parameter values ...
\o 
\o Setting var vin = "0"
\o Loading monte.cxt 
\o Reusing AHDL Data dir
\o 
\o *Info*    Data Directory    =
\o           /home/vlsi/simulation/PD/VCO_tb/maestro/results/maestro/ExplorerRun.0/psf/PD_VCO_tb_1
\o 
\o generate netlist...
\o Loading hnlInit.cxt 
\o Loading seCore.cxt 
\o Initializing the control file using cp:
\o     cp /home/install/IC618/tools.lnx86/dfII/etc/si/control.spectre /home/vlsi/simulation/PD/VCO_tb/maestro/results/maestro/ExplorerRun.0/psf/PD_VCO_tb_1/netlist/control
\o Copying Spectre source file 'spectre.inp'
\o Copying Spectre command file 'spectre.sim'
\o Begin Incremental Netlisting Nov 21 13:22:20 2025
\o Loading json.cxt 
\o End netlisting Nov 21 13:22:20 2025
\o 
\o Netlisting Statistics:
\o 	Number of components:   31
\o 
\o 	Elapsed time:          0.0s
\o Errors: 0	Warnings: 0
\o       ...successful.
\o compose simulator input file...
\o       ...successful.
\# Memory report: using         439 MB, process size 2,370 MB at UTC 2025.11.21 07:52:21.127
\o [2025-11-21 13:22:21.127 +0530] [INFO] [cadence.virtuoso.ade.services.netlister] - Finished preparing netlist {"point": 0, "testname": "PD_VCO_tb_1", "testnameKey": "PD_VCO_tb_1"}
\o [2025-11-21 13:22:22.129 +0530] [EVENT] [cadence.virtuoso.ade.services.netlister] - NewPoint {"point": 1, "testname": "PD_VCO_tb_1", "event": "NewPoint", "EventSource": "Netlist Service", "HistoryName": "ExplorerRun.0", "logFile": "/home/vlsi/Desktop/PLL_NEW/logs_vlsi/logs0/Service7.log", "logFileSize": "7029"}
\o [2025-11-21 13:22:22.129 +0530] [INFO] [cadence.virtuoso.ade.services.netlister] - Started netlisting {"point": 1, "testname": "PD_VCO_tb_1"}
\o Resetting statistical vars
\o 
\o *Info*    Setting parameter values ...
\o 
\o Setting temp(T) = 27
\o Setting var vin = "0"
\o 
\o *Info*    Netlist Directory =
\o           /home/vlsi/simulation/PD/VCO_tb/maestro/results/maestro/ExplorerRun.0/1/PD_VCO_tb_1/netlist
\o 
\o 
\o *Info*    Data Directory    =
\o           /home/vlsi/simulation/PD/VCO_tb/maestro/results/maestro/ExplorerRun.0/1/PD_VCO_tb_1
\o 
\o Reusing AHDL Data dir
\o generate netlist...
\o Ignoring netlist creation since ignoreDesignChangesDuringRun is set to true
\o       ...successful.
\o compose simulator input file...
\o       ...successful.
\o [2025-11-21 13:22:22.689 +0530] [PROCESS] [cadence.virtuoso.ade.services.netlister] - Current memory used: 760.7891 MBytes, peak memory used: 760.7891 MBytes {"hostname": "cad13", "processid": 466939, "testname": "PD_VCO_tb_1", "point": 1, "logfile": "/home/vlsi/Desktop/PLL_NEW/logs_vlsi/logs0/Service7.log"}
\o [2025-11-21 13:22:22.689 +0530] [INFO] [cadence.virtuoso.ade.services.netlister] - Finished netlisting {"point": 1, "testname": "PD_VCO_tb_1"}
\o [2025-11-21 13:22:22.690 +0530] [EVENT] [cadence.virtuoso.ade.services.netlister] - NewPoint {"point": 2, "testname": "PD_VCO_tb_1", "event": "NewPoint", "EventSource": "Netlist Service", "HistoryName": "ExplorerRun.0", "logFile": "/home/vlsi/Desktop/PLL_NEW/logs_vlsi/logs0/Service7.log", "logFileSize": "10661"}
\o [2025-11-21 13:22:22.690 +0530] [INFO] [cadence.virtuoso.ade.services.netlister] - Started netlisting {"point": 2, "testname": "PD_VCO_tb_1"}
\o Resetting statistical vars
\o 
\o *Info*    Setting parameter values ...
\o 
\o Setting var vin = "0.1"
\o 
\o *Info*    Netlist Directory =
\o           /home/vlsi/simulation/PD/VCO_tb/maestro/results/maestro/ExplorerRun.0/2/PD_VCO_tb_1/netlist
\o 
\o 
\o *Info*    Data Directory    =
\o           /home/vlsi/simulation/PD/VCO_tb/maestro/results/maestro/ExplorerRun.0/2/PD_VCO_tb_1
\o 
\o Reusing AHDL Data dir
\o generate netlist...
\o Ignoring netlist creation since ignoreDesignChangesDuringRun is set to true
\o       ...successful.
\o compose simulator input file...
\o       ...successful.
\o [2025-11-21 13:22:23.216 +0530] [PROCESS] [cadence.virtuoso.ade.services.netlister] - Current memory used: 762.7891 MBytes, peak memory used: 762.7891 MBytes {"hostname": "cad13", "processid": 466939, "testname": "PD_VCO_tb_1", "point": 2, "logfile": "/home/vlsi/Desktop/PLL_NEW/logs_vlsi/logs0/Service7.log"}
\o [2025-11-21 13:22:23.217 +0530] [INFO] [cadence.virtuoso.ade.services.netlister] - Finished netlisting {"point": 2, "testname": "PD_VCO_tb_1"}
\o [2025-11-21 13:22:23.217 +0530] [EVENT] [cadence.virtuoso.ade.services.netlister] - NewPoint {"point": 3, "testname": "PD_VCO_tb_1", "event": "NewPoint", "EventSource": "Netlist Service", "HistoryName": "ExplorerRun.0", "logFile": "/home/vlsi/Desktop/PLL_NEW/logs_vlsi/logs0/Service7.log", "logFileSize": "12183"}
\o [2025-11-21 13:22:23.217 +0530] [INFO] [cadence.virtuoso.ade.services.netlister] - Started netlisting {"point": 3, "testname": "PD_VCO_tb_1"}
\o Resetting statistical vars
\o 
\o *Info*    Setting parameter values ...
\o 
\o Setting var vin = "0.2"
\o 
\o *Info*    Netlist Directory =
\o           /home/vlsi/simulation/PD/VCO_tb/maestro/results/maestro/ExplorerRun.0/3/PD_VCO_tb_1/netlist
\o 
\o 
\o *Info*    Data Directory    =
\o           /home/vlsi/simulation/PD/VCO_tb/maestro/results/maestro/ExplorerRun.0/3/PD_VCO_tb_1
\o 
\o Reusing AHDL Data dir
\o generate netlist...
\o Ignoring netlist creation since ignoreDesignChangesDuringRun is set to true
\o       ...successful.
\o compose simulator input file...
\o       ...successful.
\o [2025-11-21 13:22:23.598 +0530] [PROCESS] [cadence.virtuoso.ade.services.netlister] - Current memory used: 762.7891 MBytes, peak memory used: 762.7891 MBytes {"hostname": "cad13", "processid": 466939, "testname": "PD_VCO_tb_1", "point": 3, "logfile": "/home/vlsi/Desktop/PLL_NEW/logs_vlsi/logs0/Service7.log"}
\o [2025-11-21 13:22:23.599 +0530] [INFO] [cadence.virtuoso.ade.services.netlister] - Finished netlisting {"point": 3, "testname": "PD_VCO_tb_1"}
\o [2025-11-21 13:22:23.600 +0530] [EVENT] [cadence.virtuoso.ade.services.netlister] - NewPoint {"point": 4, "testname": "PD_VCO_tb_1", "event": "NewPoint", "EventSource": "Netlist Service", "HistoryName": "ExplorerRun.0", "logFile": "/home/vlsi/Desktop/PLL_NEW/logs_vlsi/logs0/Service7.log", "logFileSize": "13705"}
\o [2025-11-21 13:22:23.600 +0530] [INFO] [cadence.virtuoso.ade.services.netlister] - Started netlisting {"point": 4, "testname": "PD_VCO_tb_1"}
\o Resetting statistical vars
\o 
\o *Info*    Setting parameter values ...
\o 
\o Setting var vin = "0.3"
\o 
\o *Info*    Netlist Directory =
\o           /home/vlsi/simulation/PD/VCO_tb/maestro/results/maestro/ExplorerRun.0/4/PD_VCO_tb_1/netlist
\o 
\o 
\o *Info*    Data Directory    =
\o           /home/vlsi/simulation/PD/VCO_tb/maestro/results/maestro/ExplorerRun.0/4/PD_VCO_tb_1
\o 
\o Reusing AHDL Data dir
\o generate netlist...
\o Ignoring netlist creation since ignoreDesignChangesDuringRun is set to true
\o       ...successful.
\o compose simulator input file...
\o       ...successful.
\o [2025-11-21 13:22:24.208 +0530] [PROCESS] [cadence.virtuoso.ade.services.netlister] - Current memory used: 762.7891 MBytes, peak memory used: 762.7891 MBytes {"hostname": "cad13", "processid": 466939, "testname": "PD_VCO_tb_1", "point": 4, "logfile": "/home/vlsi/Desktop/PLL_NEW/logs_vlsi/logs0/Service7.log"}
\o [2025-11-21 13:22:24.208 +0530] [INFO] [cadence.virtuoso.ade.services.netlister] - Finished netlisting {"point": 4, "testname": "PD_VCO_tb_1"}
\o [2025-11-21 13:22:24.209 +0530] [EVENT] [cadence.virtuoso.ade.services.netlister] - NewPoint {"point": 5, "testname": "PD_VCO_tb_1", "event": "NewPoint", "EventSource": "Netlist Service", "HistoryName": "ExplorerRun.0", "logFile": "/home/vlsi/Desktop/PLL_NEW/logs_vlsi/logs0/Service7.log", "logFileSize": "15227"}
\o [2025-11-21 13:22:24.209 +0530] [INFO] [cadence.virtuoso.ade.services.netlister] - Started netlisting {"point": 5, "testname": "PD_VCO_tb_1"}
\o Resetting statistical vars
\o 
\o *Info*    Setting parameter values ...
\o 
\o Setting var vin = "0.4"
\o 
\o *Info*    Netlist Directory =
\o           /home/vlsi/simulation/PD/VCO_tb/maestro/results/maestro/ExplorerRun.0/5/PD_VCO_tb_1/netlist
\o 
\o 
\o *Info*    Data Directory    =
\o           /home/vlsi/simulation/PD/VCO_tb/maestro/results/maestro/ExplorerRun.0/5/PD_VCO_tb_1
\o 
\o Reusing AHDL Data dir
\o generate netlist...
\o Ignoring netlist creation since ignoreDesignChangesDuringRun is set to true
\o       ...successful.
\o compose simulator input file...
\o       ...successful.
\o [2025-11-21 13:22:24.833 +0530] [PROCESS] [cadence.virtuoso.ade.services.netlister] - Current memory used: 762.7891 MBytes, peak memory used: 762.7891 MBytes {"hostname": "cad13", "processid": 466939, "testname": "PD_VCO_tb_1", "point": 5, "logfile": "/home/vlsi/Desktop/PLL_NEW/logs_vlsi/logs0/Service7.log"}
\o [2025-11-21 13:22:24.834 +0530] [INFO] [cadence.virtuoso.ade.services.netlister] - Finished netlisting {"point": 5, "testname": "PD_VCO_tb_1"}
\o [2025-11-21 13:22:24.834 +0530] [EVENT] [cadence.virtuoso.ade.services.netlister] - NewPoint {"point": 6, "testname": "PD_VCO_tb_1", "event": "NewPoint", "EventSource": "Netlist Service", "HistoryName": "ExplorerRun.0", "logFile": "/home/vlsi/Desktop/PLL_NEW/logs_vlsi/logs0/Service7.log", "logFileSize": "16749"}
\o [2025-11-21 13:22:24.834 +0530] [INFO] [cadence.virtuoso.ade.services.netlister] - Started netlisting {"point": 6, "testname": "PD_VCO_tb_1"}
\o Resetting statistical vars
\o 
\o *Info*    Setting parameter values ...
\o 
\o Setting var vin = "0.5"
\o 
\o *Info*    Netlist Directory =
\o           /home/vlsi/simulation/PD/VCO_tb/maestro/results/maestro/ExplorerRun.0/6/PD_VCO_tb_1/netlist
\o 
\o 
\o *Info*    Data Directory    =
\o           /home/vlsi/simulation/PD/VCO_tb/maestro/results/maestro/ExplorerRun.0/6/PD_VCO_tb_1
\o 
\o Reusing AHDL Data dir
\o generate netlist...
\o Ignoring netlist creation since ignoreDesignChangesDuringRun is set to true
\o       ...successful.
\o compose simulator input file...
\o       ...successful.
\o [2025-11-21 13:22:25.301 +0530] [PROCESS] [cadence.virtuoso.ade.services.netlister] - Current memory used: 762.7891 MBytes, peak memory used: 762.7891 MBytes {"hostname": "cad13", "processid": 466939, "testname": "PD_VCO_tb_1", "point": 6, "logfile": "/home/vlsi/Desktop/PLL_NEW/logs_vlsi/logs0/Service7.log"}
\o [2025-11-21 13:22:25.301 +0530] [INFO] [cadence.virtuoso.ade.services.netlister] - Finished netlisting {"point": 6, "testname": "PD_VCO_tb_1"}
\o [2025-11-21 13:22:25.302 +0530] [EVENT] [cadence.virtuoso.ade.services.netlister] - NewPoint {"point": 7, "testname": "PD_VCO_tb_1", "event": "NewPoint", "EventSource": "Netlist Service", "HistoryName": "ExplorerRun.0", "logFile": "/home/vlsi/Desktop/PLL_NEW/logs_vlsi/logs0/Service7.log", "logFileSize": "18271"}
\o [2025-11-21 13:22:25.302 +0530] [INFO] [cadence.virtuoso.ade.services.netlister] - Started netlisting {"point": 7, "testname": "PD_VCO_tb_1"}
\o Resetting statistical vars
\o 
\o *Info*    Setting parameter values ...
\o 
\o Setting var vin = "0.6"
\o 
\o *Info*    Netlist Directory =
\o           /home/vlsi/simulation/PD/VCO_tb/maestro/results/maestro/ExplorerRun.0/7/PD_VCO_tb_1/netlist
\o 
\o 
\o *Info*    Data Directory    =
\o           /home/vlsi/simulation/PD/VCO_tb/maestro/results/maestro/ExplorerRun.0/7/PD_VCO_tb_1
\o 
\o Reusing AHDL Data dir
\o generate netlist...
\o Ignoring netlist creation since ignoreDesignChangesDuringRun is set to true
\o       ...successful.
\o compose simulator input file...
\o       ...successful.
\o [2025-11-21 13:22:25.886 +0530] [PROCESS] [cadence.virtuoso.ade.services.netlister] - Current memory used: 764.7891 MBytes, peak memory used: 764.7891 MBytes {"hostname": "cad13", "processid": 466939, "testname": "PD_VCO_tb_1", "point": 7, "logfile": "/home/vlsi/Desktop/PLL_NEW/logs_vlsi/logs0/Service7.log"}
\o [2025-11-21 13:22:25.886 +0530] [INFO] [cadence.virtuoso.ade.services.netlister] - Finished netlisting {"point": 7, "testname": "PD_VCO_tb_1"}
\o [2025-11-21 13:22:25.887 +0530] [EVENT] [cadence.virtuoso.ade.services.netlister] - NewPoint {"point": 8, "testname": "PD_VCO_tb_1", "event": "NewPoint", "EventSource": "Netlist Service", "HistoryName": "ExplorerRun.0", "logFile": "/home/vlsi/Desktop/PLL_NEW/logs_vlsi/logs0/Service7.log", "logFileSize": "19793"}
\o [2025-11-21 13:22:25.887 +0530] [INFO] [cadence.virtuoso.ade.services.netlister] - Started netlisting {"point": 8, "testname": "PD_VCO_tb_1"}
\o Resetting statistical vars
\o 
\o *Info*    Setting parameter values ...
\o 
\o Setting var vin = "0.7"
\o 
\o *Info*    Netlist Directory =
\o           /home/vlsi/simulation/PD/VCO_tb/maestro/results/maestro/ExplorerRun.0/8/PD_VCO_tb_1/netlist
\o 
\o 
\o *Info*    Data Directory    =
\o           /home/vlsi/simulation/PD/VCO_tb/maestro/results/maestro/ExplorerRun.0/8/PD_VCO_tb_1
\o 
\o Reusing AHDL Data dir
\o generate netlist...
\o Ignoring netlist creation since ignoreDesignChangesDuringRun is set to true
\o       ...successful.
\o compose simulator input file...
\o       ...successful.
\o [2025-11-21 13:22:26.336 +0530] [PROCESS] [cadence.virtuoso.ade.services.netlister] - Current memory used: 764.7891 MBytes, peak memory used: 764.7891 MBytes {"hostname": "cad13", "processid": 466939, "testname": "PD_VCO_tb_1", "point": 8, "logfile": "/home/vlsi/Desktop/PLL_NEW/logs_vlsi/logs0/Service7.log"}
\o [2025-11-21 13:22:26.336 +0530] [INFO] [cadence.virtuoso.ade.services.netlister] - Finished netlisting {"point": 8, "testname": "PD_VCO_tb_1"}
\o [2025-11-21 13:22:26.337 +0530] [EVENT] [cadence.virtuoso.ade.services.netlister] - NewPoint {"point": 9, "testname": "PD_VCO_tb_1", "event": "NewPoint", "EventSource": "Netlist Service", "HistoryName": "ExplorerRun.0", "logFile": "/home/vlsi/Desktop/PLL_NEW/logs_vlsi/logs0/Service7.log", "logFileSize": "21315"}
\o [2025-11-21 13:22:26.337 +0530] [INFO] [cadence.virtuoso.ade.services.netlister] - Started netlisting {"point": 9, "testname": "PD_VCO_tb_1"}
\o Resetting statistical vars
\o 
\o *Info*    Setting parameter values ...
\o 
\o Setting var vin = "0.8"
\o 
\o *Info*    Netlist Directory =
\o           /home/vlsi/simulation/PD/VCO_tb/maestro/results/maestro/ExplorerRun.0/9/PD_VCO_tb_1/netlist
\o 
\o 
\o *Info*    Data Directory    =
\o           /home/vlsi/simulation/PD/VCO_tb/maestro/results/maestro/ExplorerRun.0/9/PD_VCO_tb_1
\o 
\o Reusing AHDL Data dir
\o generate netlist...
\o Ignoring netlist creation since ignoreDesignChangesDuringRun is set to true
\o       ...successful.
\o compose simulator input file...
\o       ...successful.
\o [2025-11-21 13:22:26.995 +0530] [PROCESS] [cadence.virtuoso.ade.services.netlister] - Current memory used: 764.7891 MBytes, peak memory used: 764.7891 MBytes {"hostname": "cad13", "processid": 466939, "testname": "PD_VCO_tb_1", "point": 9, "logfile": "/home/vlsi/Desktop/PLL_NEW/logs_vlsi/logs0/Service7.log"}
\o [2025-11-21 13:22:26.995 +0530] [INFO] [cadence.virtuoso.ade.services.netlister] - Finished netlisting {"point": 9, "testname": "PD_VCO_tb_1"}
\o [2025-11-21 13:22:26.996 +0530] [EVENT] [cadence.virtuoso.ade.services.netlister] - NewPoint {"point": 10, "testname": "PD_VCO_tb_1", "event": "NewPoint", "EventSource": "Netlist Service", "HistoryName": "ExplorerRun.0", "logFile": "/home/vlsi/Desktop/PLL_NEW/logs_vlsi/logs0/Service7.log", "logFileSize": "22837"}
\o [2025-11-21 13:22:26.996 +0530] [INFO] [cadence.virtuoso.ade.services.netlister] - Started netlisting {"point": 10, "testname": "PD_VCO_tb_1"}
\o Resetting statistical vars
\o 
\o *Info*    Setting parameter values ...
\o 
\o Setting var vin = "0.9"
\o 
\o *Info*    Netlist Directory =
\o           /home/vlsi/simulation/PD/VCO_tb/maestro/results/maestro/ExplorerRun.0/10/PD_VCO_tb_1/netlist
\o 
\o 
\o *Info*    Data Directory    =
\o           /home/vlsi/simulation/PD/VCO_tb/maestro/results/maestro/ExplorerRun.0/10/PD_VCO_tb_1
\o 
\o Reusing AHDL Data dir
\o generate netlist...
\o Ignoring netlist creation since ignoreDesignChangesDuringRun is set to true
\o       ...successful.
\o compose simulator input file...
\o       ...successful.
\o [2025-11-21 13:22:27.398 +0530] [PROCESS] [cadence.virtuoso.ade.services.netlister] - Current memory used: 764.7891 MBytes, peak memory used: 764.7891 MBytes {"hostname": "cad13", "processid": 466939, "testname": "PD_VCO_tb_1", "point": 10, "logfile": "/home/vlsi/Desktop/PLL_NEW/logs_vlsi/logs0/Service7.log"}
\o [2025-11-21 13:22:27.398 +0530] [INFO] [cadence.virtuoso.ade.services.netlister] - Finished netlisting {"point": 10, "testname": "PD_VCO_tb_1"}
\o [2025-11-21 13:22:27.399 +0530] [EVENT] [cadence.virtuoso.ade.services.netlister] - NewPoint {"point": 11, "testname": "PD_VCO_tb_1", "event": "NewPoint", "EventSource": "Netlist Service", "HistoryName": "ExplorerRun.0", "logFile": "/home/vlsi/Desktop/PLL_NEW/logs_vlsi/logs0/Service7.log", "logFileSize": "24365"}
\o [2025-11-21 13:22:27.399 +0530] [INFO] [cadence.virtuoso.ade.services.netlister] - Started netlisting {"point": 11, "testname": "PD_VCO_tb_1"}
\o Resetting statistical vars
\o 
\o *Info*    Setting parameter values ...
\o 
\o Setting var vin = "1"
\o 
\o *Info*    Netlist Directory =
\o           /home/vlsi/simulation/PD/VCO_tb/maestro/results/maestro/ExplorerRun.0/11/PD_VCO_tb_1/netlist
\o 
\o 
\o *Info*    Data Directory    =
\o           /home/vlsi/simulation/PD/VCO_tb/maestro/results/maestro/ExplorerRun.0/11/PD_VCO_tb_1
\o 
\o Reusing AHDL Data dir
\o generate netlist...
\o Ignoring netlist creation since ignoreDesignChangesDuringRun is set to true
\o       ...successful.
\o compose simulator input file...
\o       ...successful.
\o [2025-11-21 13:22:27.856 +0530] [PROCESS] [cadence.virtuoso.ade.services.netlister] - Current memory used: 764.7891 MBytes, peak memory used: 764.7891 MBytes {"hostname": "cad13", "processid": 466939, "testname": "PD_VCO_tb_1", "point": 11, "logfile": "/home/vlsi/Desktop/PLL_NEW/logs_vlsi/logs0/Service7.log"}
\o [2025-11-21 13:22:27.856 +0530] [INFO] [cadence.virtuoso.ade.services.netlister] - Finished netlisting {"point": 11, "testname": "PD_VCO_tb_1"}
\o [2025-11-21 13:22:27.857 +0530] [EVENT] [cadence.virtuoso.ade.services.netlister] - NewPoint {"point": 12, "testname": "PD_VCO_tb_1", "event": "NewPoint", "EventSource": "Netlist Service", "HistoryName": "ExplorerRun.0", "logFile": "/home/vlsi/Desktop/PLL_NEW/logs_vlsi/logs0/Service7.log", "logFileSize": "25891"}
\o [2025-11-21 13:22:27.857 +0530] [INFO] [cadence.virtuoso.ade.services.netlister] - Started netlisting {"point": 12, "testname": "PD_VCO_tb_1"}
\o Resetting statistical vars
\o 
\o *Info*    Setting parameter values ...
\o 
\o Setting var vin = "1.1"
\o 
\o *Info*    Netlist Directory =
\o           /home/vlsi/simulation/PD/VCO_tb/maestro/results/maestro/ExplorerRun.0/12/PD_VCO_tb_1/netlist
\o 
\o 
\o *Info*    Data Directory    =
\o           /home/vlsi/simulation/PD/VCO_tb/maestro/results/maestro/ExplorerRun.0/12/PD_VCO_tb_1
\o 
\o Reusing AHDL Data dir
\o generate netlist...
\o Ignoring netlist creation since ignoreDesignChangesDuringRun is set to true
\o       ...successful.
\o compose simulator input file...
\o       ...successful.
\o [2025-11-21 13:22:28.322 +0530] [PROCESS] [cadence.virtuoso.ade.services.netlister] - Current memory used: 766.7891 MBytes, peak memory used: 766.7891 MBytes {"hostname": "cad13", "processid": 466939, "testname": "PD_VCO_tb_1", "point": 12, "logfile": "/home/vlsi/Desktop/PLL_NEW/logs_vlsi/logs0/Service7.log"}
\o [2025-11-21 13:22:28.323 +0530] [INFO] [cadence.virtuoso.ade.services.netlister] - Finished netlisting {"point": 12, "testname": "PD_VCO_tb_1"}
\o [2025-11-21 13:22:28.324 +0530] [EVENT] [cadence.virtuoso.ade.services.netlister] - NewPoint {"point": 13, "testname": "PD_VCO_tb_1", "event": "NewPoint", "EventSource": "Netlist Service", "HistoryName": "ExplorerRun.0", "logFile": "/home/vlsi/Desktop/PLL_NEW/logs_vlsi/logs0/Service7.log", "logFileSize": "27419"}
\o [2025-11-21 13:22:28.324 +0530] [INFO] [cadence.virtuoso.ade.services.netlister] - Started netlisting {"point": 13, "testname": "PD_VCO_tb_1"}
\o Resetting statistical vars
\o 
\o *Info*    Setting parameter values ...
\o 
\o Setting var vin = "1.2"
\o 
\o *Info*    Netlist Directory =
\o           /home/vlsi/simulation/PD/VCO_tb/maestro/results/maestro/ExplorerRun.0/13/PD_VCO_tb_1/netlist
\o 
\o 
\o *Info*    Data Directory    =
\o           /home/vlsi/simulation/PD/VCO_tb/maestro/results/maestro/ExplorerRun.0/13/PD_VCO_tb_1
\o 
\o Reusing AHDL Data dir
\o generate netlist...
\o Ignoring netlist creation since ignoreDesignChangesDuringRun is set to true
\o       ...successful.
\o compose simulator input file...
\o       ...successful.
\o [2025-11-21 13:22:28.965 +0530] [PROCESS] [cadence.virtuoso.ade.services.netlister] - Current memory used: 766.7891 MBytes, peak memory used: 766.7891 MBytes {"hostname": "cad13", "processid": 466939, "testname": "PD_VCO_tb_1", "point": 13, "logfile": "/home/vlsi/Desktop/PLL_NEW/logs_vlsi/logs0/Service7.log"}
\o [2025-11-21 13:22:28.965 +0530] [INFO] [cadence.virtuoso.ade.services.netlister] - Finished netlisting {"point": 13, "testname": "PD_VCO_tb_1"}
\o [2025-11-21 13:22:28.966 +0530] [EVENT] [cadence.virtuoso.ade.services.netlister] - NewPoint {"point": 14, "testname": "PD_VCO_tb_1", "event": "NewPoint", "EventSource": "Netlist Service", "HistoryName": "ExplorerRun.0", "logFile": "/home/vlsi/Desktop/PLL_NEW/logs_vlsi/logs0/Service7.log", "logFileSize": "28947"}
\o [2025-11-21 13:22:28.966 +0530] [INFO] [cadence.virtuoso.ade.services.netlister] - Started netlisting {"point": 14, "testname": "PD_VCO_tb_1"}
\o Resetting statistical vars
\o 
\o *Info*    Setting parameter values ...
\o 
\o Setting var vin = "1.3"
\o 
\o *Info*    Netlist Directory =
\o           /home/vlsi/simulation/PD/VCO_tb/maestro/results/maestro/ExplorerRun.0/14/PD_VCO_tb_1/netlist
\o 
\o 
\o *Info*    Data Directory    =
\o           /home/vlsi/simulation/PD/VCO_tb/maestro/results/maestro/ExplorerRun.0/14/PD_VCO_tb_1
\o 
\o Reusing AHDL Data dir
\o generate netlist...
\o Ignoring netlist creation since ignoreDesignChangesDuringRun is set to true
\o       ...successful.
\o compose simulator input file...
\o       ...successful.
\o [2025-11-21 13:22:29.444 +0530] [PROCESS] [cadence.virtuoso.ade.services.netlister] - Current memory used: 766.7891 MBytes, peak memory used: 766.7891 MBytes {"hostname": "cad13", "processid": 466939, "testname": "PD_VCO_tb_1", "point": 14, "logfile": "/home/vlsi/Desktop/PLL_NEW/logs_vlsi/logs0/Service7.log"}
\o [2025-11-21 13:22:29.444 +0530] [INFO] [cadence.virtuoso.ade.services.netlister] - Finished netlisting {"point": 14, "testname": "PD_VCO_tb_1"}
\o [2025-11-21 13:22:29.445 +0530] [EVENT] [cadence.virtuoso.ade.services.netlister] - NewPoint {"point": 15, "testname": "PD_VCO_tb_1", "event": "NewPoint", "EventSource": "Netlist Service", "HistoryName": "ExplorerRun.0", "logFile": "/home/vlsi/Desktop/PLL_NEW/logs_vlsi/logs0/Service7.log", "logFileSize": "30475"}
\o [2025-11-21 13:22:29.445 +0530] [INFO] [cadence.virtuoso.ade.services.netlister] - Started netlisting {"point": 15, "testname": "PD_VCO_tb_1"}
\o Resetting statistical vars
\o 
\o *Info*    Setting parameter values ...
\o 
\o Setting var vin = "1.4"
\o 
\o *Info*    Netlist Directory =
\o           /home/vlsi/simulation/PD/VCO_tb/maestro/results/maestro/ExplorerRun.0/15/PD_VCO_tb_1/netlist
\o 
\o 
\o *Info*    Data Directory    =
\o           /home/vlsi/simulation/PD/VCO_tb/maestro/results/maestro/ExplorerRun.0/15/PD_VCO_tb_1
\o 
\o Reusing AHDL Data dir
\o generate netlist...
\o Ignoring netlist creation since ignoreDesignChangesDuringRun is set to true
\o       ...successful.
\o compose simulator input file...
\o       ...successful.
\o [2025-11-21 13:22:29.983 +0530] [PROCESS] [cadence.virtuoso.ade.services.netlister] - Current memory used: 766.7891 MBytes, peak memory used: 766.7891 MBytes {"hostname": "cad13", "processid": 466939, "testname": "PD_VCO_tb_1", "point": 15, "logfile": "/home/vlsi/Desktop/PLL_NEW/logs_vlsi/logs0/Service7.log"}
\o [2025-11-21 13:22:29.983 +0530] [INFO] [cadence.virtuoso.ade.services.netlister] - Finished netlisting {"point": 15, "testname": "PD_VCO_tb_1"}
\o **** stopping dspf2oa stdobj@0x36565980 0 7
\o [2025-11-21 13:23:00.100 +0530] [EVENT] [cadence.virtuoso.ade.services.netlister] - NewPoint {"point": 0, "testname": "PD_VCO_tb_1", "event": "NewPoint", "EventSource": "Netlist Service", "HistoryName": "ExplorerRun.0", "logFile": "/home/vlsi/Desktop/PLL_NEW/logs_vlsi/logs0/Service7.log", "logFileSize": "32050"}
\o [2025-11-21 13:23:00.100 +0530] [INFO] [cadence.virtuoso.ade.services.netlister] - Started preparing netlist {"point": 0, "testname": "PD_VCO_tb_1", "testnameKey": "PD_VCO_tb_1"}
\o Simulation design variables differ from those on the cellView,
\o they have been saved in the file "/tmp/saved-design-variables".
\o To save future changes, copy variables to cellView before exiting.
\o *Warning* AXL Context Manager : job 7 is already registered. 
\o 
\o 
\o 
\o *Info*    Configuring the session ...
\o 
\o 	Library      = PD
\o 	Cell         = VCO_tb
\o 	View         = config
\o 	Simulator    = spectre
\o 	State Path   = $AXL_SETUPDB_DIR/test_states
\o 	State Name   = ExplorerRun.0
\o 	Results DB   = /home/vlsi/Desktop/PLL_NEW/PD/VCO_tb/maestro/results/maestro/ExplorerRun.0.rdb
\o 	Results Dir  = /home/vlsi/simulation/PD/VCO_tb/maestro/results/maestro/ExplorerRun.0/1/PD_VCO_tb_1
\o 	Results Loc  = /home/vlsi/simulation/PD/VCO_tb/maestro/results/maestro
\o 	Project Dir  = /home/vlsi/simulation
\o 	Setup DB loc = /home/vlsi/Desktop/PLL_NEW/PD/VCO_tb/maestro
\o 	File Encoding = 0
\o 
\o 
\o 
\o *Info*    The auto suspension is disabled.
\o 
\o Resetting statistical vars
\o 
\o *Info*    Setting parameter values ...
\o 
\o Setting var vin = "0"
\o Reusing AHDL Data dir
\o 
\o *Info*    Data Directory    =
\o           /home/vlsi/simulation/PD/VCO_tb/maestro/results/maestro/ExplorerRun.0/psf/PD_VCO_tb_1
\o 
\o generate netlist...
\o Initializing the control file using cp:
\o     cp /home/install/IC618/tools.lnx86/dfII/etc/si/control.spectre /home/vlsi/simulation/PD/VCO_tb/maestro/results/maestro/ExplorerRun.0/psf/PD_VCO_tb_1/netlist/control
\o Copying Spectre source file 'spectre.inp'
\o Copying Spectre command file 'spectre.sim'
\o Begin Incremental Netlisting Nov 21 13:23:01 2025
\o End netlisting Nov 21 13:23:01 2025
\o 
\o Netlisting Statistics:
\o 	Number of components:  307
\o 
\o 	Elapsed time:          0.0s
\o Errors: 0	Warnings: 0
\o       ...successful.
\o compose simulator input file...
\o       ...successful.
\o [2025-11-21 13:23:01.763 +0530] [INFO] [cadence.virtuoso.ade.services.netlister] - Finished preparing netlist {"point": 0, "testname": "PD_VCO_tb_1", "testnameKey": "PD_VCO_tb_1"}
\o [2025-11-21 13:23:02.765 +0530] [EVENT] [cadence.virtuoso.ade.services.netlister] - NewPoint {"point": 1, "testname": "PD_VCO_tb_1", "event": "NewPoint", "EventSource": "Netlist Service", "HistoryName": "ExplorerRun.0", "logFile": "/home/vlsi/Desktop/PLL_NEW/logs_vlsi/logs0/Service7.log", "logFileSize": "32367"}
\o [2025-11-21 13:23:02.766 +0530] [INFO] [cadence.virtuoso.ade.services.netlister] - Started netlisting {"point": 1, "testname": "PD_VCO_tb_1"}
\o Resetting statistical vars
\o 
\o *Info*    Setting parameter values ...
\o 
\o Setting temp(T) = 27
\o Setting var vin = "0"
\o 
\o *Info*    Netlist Directory =
\o           /home/vlsi/simulation/PD/VCO_tb/maestro/results/maestro/ExplorerRun.0/1/PD_VCO_tb_1/netlist
\o 
\o 
\o *Info*    Data Directory    =
\o           /home/vlsi/simulation/PD/VCO_tb/maestro/results/maestro/ExplorerRun.0/1/PD_VCO_tb_1
\o 
\o Reusing AHDL Data dir
\o generate netlist...
\o Ignoring netlist creation since ignoreDesignChangesDuringRun is set to true
\o       ...successful.
\o compose simulator input file...
\o       ...successful.
\o [2025-11-21 13:23:03.455 +0530] [PROCESS] [cadence.virtuoso.ade.services.netlister] - Current memory used: 771.9258 MBytes, peak memory used: 771.9258 MBytes {"hostname": "cad13", "processid": 466939, "testname": "PD_VCO_tb_1", "point": 1, "logfile": "/home/vlsi/Desktop/PLL_NEW/logs_vlsi/logs0/Service7.log"}
\o [2025-11-21 13:23:03.455 +0530] [INFO] [cadence.virtuoso.ade.services.netlister] - Finished netlisting {"point": 1, "testname": "PD_VCO_tb_1"}
\o [2025-11-21 13:23:03.456 +0530] [EVENT] [cadence.virtuoso.ade.services.netlister] - NewPoint {"point": 2, "testname": "PD_VCO_tb_1", "event": "NewPoint", "EventSource": "Netlist Service", "HistoryName": "ExplorerRun.0", "logFile": "/home/vlsi/Desktop/PLL_NEW/logs_vlsi/logs0/Service7.log", "logFileSize": "36144"}
\o [2025-11-21 13:23:03.456 +0530] [INFO] [cadence.virtuoso.ade.services.netlister] - Started netlisting {"point": 2, "testname": "PD_VCO_tb_1"}
\o Resetting statistical vars
\o 
\o *Info*    Setting parameter values ...
\o 
\o Setting var vin = "0.1"
\o 
\o *Info*    Netlist Directory =
\o           /home/vlsi/simulation/PD/VCO_tb/maestro/results/maestro/ExplorerRun.0/2/PD_VCO_tb_1/netlist
\o 
\o 
\o *Info*    Data Directory    =
\o           /home/vlsi/simulation/PD/VCO_tb/maestro/results/maestro/ExplorerRun.0/2/PD_VCO_tb_1
\o 
\o Reusing AHDL Data dir
\o generate netlist...
\o Ignoring netlist creation since ignoreDesignChangesDuringRun is set to true
\o       ...successful.
\o compose simulator input file...
\o       ...successful.
\o [2025-11-21 13:23:03.832 +0530] [PROCESS] [cadence.virtuoso.ade.services.netlister] - Current memory used: 771.9258 MBytes, peak memory used: 771.9258 MBytes {"hostname": "cad13", "processid": 466939, "testname": "PD_VCO_tb_1", "point": 2, "logfile": "/home/vlsi/Desktop/PLL_NEW/logs_vlsi/logs0/Service7.log"}
\o [2025-11-21 13:23:03.832 +0530] [INFO] [cadence.virtuoso.ade.services.netlister] - Finished netlisting {"point": 2, "testname": "PD_VCO_tb_1"}
\o [2025-11-21 13:23:03.833 +0530] [EVENT] [cadence.virtuoso.ade.services.netlister] - NewPoint {"point": 3, "testname": "PD_VCO_tb_1", "event": "NewPoint", "EventSource": "Netlist Service", "HistoryName": "ExplorerRun.0", "logFile": "/home/vlsi/Desktop/PLL_NEW/logs_vlsi/logs0/Service7.log", "logFileSize": "37666"}
\o [2025-11-21 13:23:03.833 +0530] [INFO] [cadence.virtuoso.ade.services.netlister] - Started netlisting {"point": 3, "testname": "PD_VCO_tb_1"}
\o Resetting statistical vars
\o 
\o *Info*    Setting parameter values ...
\o 
\o Setting var vin = "0.2"
\o 
\o *Info*    Netlist Directory =
\o           /home/vlsi/simulation/PD/VCO_tb/maestro/results/maestro/ExplorerRun.0/3/PD_VCO_tb_1/netlist
\o 
\o 
\o *Info*    Data Directory    =
\o           /home/vlsi/simulation/PD/VCO_tb/maestro/results/maestro/ExplorerRun.0/3/PD_VCO_tb_1
\o 
\o Reusing AHDL Data dir
\o generate netlist...
\o Ignoring netlist creation since ignoreDesignChangesDuringRun is set to true
\o       ...successful.
\o compose simulator input file...
\o       ...successful.
\o [2025-11-21 13:23:04.298 +0530] [PROCESS] [cadence.virtuoso.ade.services.netlister] - Current memory used: 771.9258 MBytes, peak memory used: 771.9258 MBytes {"hostname": "cad13", "processid": 466939, "testname": "PD_VCO_tb_1", "point": 3, "logfile": "/home/vlsi/Desktop/PLL_NEW/logs_vlsi/logs0/Service7.log"}
\o [2025-11-21 13:23:04.298 +0530] [INFO] [cadence.virtuoso.ade.services.netlister] - Finished netlisting {"point": 3, "testname": "PD_VCO_tb_1"}
\o [2025-11-21 13:23:04.299 +0530] [EVENT] [cadence.virtuoso.ade.services.netlister] - NewPoint {"point": 4, "testname": "PD_VCO_tb_1", "event": "NewPoint", "EventSource": "Netlist Service", "HistoryName": "ExplorerRun.0", "logFile": "/home/vlsi/Desktop/PLL_NEW/logs_vlsi/logs0/Service7.log", "logFileSize": "39188"}
\o [2025-11-21 13:23:04.299 +0530] [INFO] [cadence.virtuoso.ade.services.netlister] - Started netlisting {"point": 4, "testname": "PD_VCO_tb_1"}
\o Resetting statistical vars
\o 
\o *Info*    Setting parameter values ...
\o 
\o Setting var vin = "0.3"
\o 
\o *Info*    Netlist Directory =
\o           /home/vlsi/simulation/PD/VCO_tb/maestro/results/maestro/ExplorerRun.0/4/PD_VCO_tb_1/netlist
\o 
\o 
\o *Info*    Data Directory    =
\o           /home/vlsi/simulation/PD/VCO_tb/maestro/results/maestro/ExplorerRun.0/4/PD_VCO_tb_1
\o 
\o Reusing AHDL Data dir
\o generate netlist...
\o Ignoring netlist creation since ignoreDesignChangesDuringRun is set to true
\o       ...successful.
\o compose simulator input file...
\o       ...successful.
\o [2025-11-21 13:23:05.007 +0530] [PROCESS] [cadence.virtuoso.ade.services.netlister] - Current memory used: 771.9258 MBytes, peak memory used: 771.9258 MBytes {"hostname": "cad13", "processid": 466939, "testname": "PD_VCO_tb_1", "point": 4, "logfile": "/home/vlsi/Desktop/PLL_NEW/logs_vlsi/logs0/Service7.log"}
\o [2025-11-21 13:23:05.007 +0530] [INFO] [cadence.virtuoso.ade.services.netlister] - Finished netlisting {"point": 4, "testname": "PD_VCO_tb_1"}
\o [2025-11-21 13:23:05.008 +0530] [EVENT] [cadence.virtuoso.ade.services.netlister] - NewPoint {"point": 5, "testname": "PD_VCO_tb_1", "event": "NewPoint", "EventSource": "Netlist Service", "HistoryName": "ExplorerRun.0", "logFile": "/home/vlsi/Desktop/PLL_NEW/logs_vlsi/logs0/Service7.log", "logFileSize": "40710"}
\o [2025-11-21 13:23:05.008 +0530] [INFO] [cadence.virtuoso.ade.services.netlister] - Started netlisting {"point": 5, "testname": "PD_VCO_tb_1"}
\o Resetting statistical vars
\o 
\o *Info*    Setting parameter values ...
\o 
\o Setting var vin = "0.4"
\o 
\o *Info*    Netlist Directory =
\o           /home/vlsi/simulation/PD/VCO_tb/maestro/results/maestro/ExplorerRun.0/5/PD_VCO_tb_1/netlist
\o 
\o 
\o *Info*    Data Directory    =
\o           /home/vlsi/simulation/PD/VCO_tb/maestro/results/maestro/ExplorerRun.0/5/PD_VCO_tb_1
\o 
\o Reusing AHDL Data dir
\o generate netlist...
\o Ignoring netlist creation since ignoreDesignChangesDuringRun is set to true
\o       ...successful.
\o compose simulator input file...
\o       ...successful.
\o [2025-11-21 13:23:05.550 +0530] [PROCESS] [cadence.virtuoso.ade.services.netlister] - Current memory used: 771.9258 MBytes, peak memory used: 771.9258 MBytes {"hostname": "cad13", "processid": 466939, "testname": "PD_VCO_tb_1", "point": 5, "logfile": "/home/vlsi/Desktop/PLL_NEW/logs_vlsi/logs0/Service7.log"}
\o [2025-11-21 13:23:05.550 +0530] [INFO] [cadence.virtuoso.ade.services.netlister] - Finished netlisting {"point": 5, "testname": "PD_VCO_tb_1"}
\o [2025-11-21 13:23:05.551 +0530] [EVENT] [cadence.virtuoso.ade.services.netlister] - NewPoint {"point": 6, "testname": "PD_VCO_tb_1", "event": "NewPoint", "EventSource": "Netlist Service", "HistoryName": "ExplorerRun.0", "logFile": "/home/vlsi/Desktop/PLL_NEW/logs_vlsi/logs0/Service7.log", "logFileSize": "42232"}
\o [2025-11-21 13:23:05.551 +0530] [INFO] [cadence.virtuoso.ade.services.netlister] - Started netlisting {"point": 6, "testname": "PD_VCO_tb_1"}
\o Resetting statistical vars
\o 
\o *Info*    Setting parameter values ...
\o 
\o Setting var vin = "0.5"
\o 
\o *Info*    Netlist Directory =
\o           /home/vlsi/simulation/PD/VCO_tb/maestro/results/maestro/ExplorerRun.0/6/PD_VCO_tb_1/netlist
\o 
\o 
\o *Info*    Data Directory    =
\o           /home/vlsi/simulation/PD/VCO_tb/maestro/results/maestro/ExplorerRun.0/6/PD_VCO_tb_1
\o 
\o Reusing AHDL Data dir
\o generate netlist...
\o Ignoring netlist creation since ignoreDesignChangesDuringRun is set to true
\o       ...successful.
\o compose simulator input file...
\o       ...successful.
\o [2025-11-21 13:23:06.176 +0530] [PROCESS] [cadence.virtuoso.ade.services.netlister] - Current memory used: 771.9258 MBytes, peak memory used: 771.9258 MBytes {"hostname": "cad13", "processid": 466939, "testname": "PD_VCO_tb_1", "point": 6, "logfile": "/home/vlsi/Desktop/PLL_NEW/logs_vlsi/logs0/Service7.log"}
\o [2025-11-21 13:23:06.176 +0530] [INFO] [cadence.virtuoso.ade.services.netlister] - Finished netlisting {"point": 6, "testname": "PD_VCO_tb_1"}
\o [2025-11-21 13:23:06.177 +0530] [EVENT] [cadence.virtuoso.ade.services.netlister] - NewPoint {"point": 7, "testname": "PD_VCO_tb_1", "event": "NewPoint", "EventSource": "Netlist Service", "HistoryName": "ExplorerRun.0", "logFile": "/home/vlsi/Desktop/PLL_NEW/logs_vlsi/logs0/Service7.log", "logFileSize": "43754"}
\o [2025-11-21 13:23:06.177 +0530] [INFO] [cadence.virtuoso.ade.services.netlister] - Started netlisting {"point": 7, "testname": "PD_VCO_tb_1"}
\o Resetting statistical vars
\o 
\o *Info*    Setting parameter values ...
\o 
\o Setting var vin = "0.6"
\o 
\o *Info*    Netlist Directory =
\o           /home/vlsi/simulation/PD/VCO_tb/maestro/results/maestro/ExplorerRun.0/7/PD_VCO_tb_1/netlist
\o 
\o 
\o *Info*    Data Directory    =
\o           /home/vlsi/simulation/PD/VCO_tb/maestro/results/maestro/ExplorerRun.0/7/PD_VCO_tb_1
\o 
\o Reusing AHDL Data dir
\o generate netlist...
\o Ignoring netlist creation since ignoreDesignChangesDuringRun is set to true
\o       ...successful.
\o compose simulator input file...
\o       ...successful.
\o [2025-11-21 13:23:06.677 +0530] [PROCESS] [cadence.virtuoso.ade.services.netlister] - Current memory used: 771.9258 MBytes, peak memory used: 771.9258 MBytes {"hostname": "cad13", "processid": 466939, "testname": "PD_VCO_tb_1", "point": 7, "logfile": "/home/vlsi/Desktop/PLL_NEW/logs_vlsi/logs0/Service7.log"}
\o [2025-11-21 13:23:06.677 +0530] [INFO] [cadence.virtuoso.ade.services.netlister] - Finished netlisting {"point": 7, "testname": "PD_VCO_tb_1"}
\o [2025-11-21 13:23:06.678 +0530] [EVENT] [cadence.virtuoso.ade.services.netlister] - NewPoint {"point": 8, "testname": "PD_VCO_tb_1", "event": "NewPoint", "EventSource": "Netlist Service", "HistoryName": "ExplorerRun.0", "logFile": "/home/vlsi/Desktop/PLL_NEW/logs_vlsi/logs0/Service7.log", "logFileSize": "45276"}
\o [2025-11-21 13:23:06.678 +0530] [INFO] [cadence.virtuoso.ade.services.netlister] - Started netlisting {"point": 8, "testname": "PD_VCO_tb_1"}
\o Resetting statistical vars
\o 
\o *Info*    Setting parameter values ...
\o 
\o Setting var vin = "0.7"
\o 
\o *Info*    Netlist Directory =
\o           /home/vlsi/simulation/PD/VCO_tb/maestro/results/maestro/ExplorerRun.0/8/PD_VCO_tb_1/netlist
\o 
\o 
\o *Info*    Data Directory    =
\o           /home/vlsi/simulation/PD/VCO_tb/maestro/results/maestro/ExplorerRun.0/8/PD_VCO_tb_1
\o 
\o Reusing AHDL Data dir
\o generate netlist...
\o Ignoring netlist creation since ignoreDesignChangesDuringRun is set to true
\o       ...successful.
\o compose simulator input file...
\o       ...successful.
\o [2025-11-21 13:23:07.179 +0530] [PROCESS] [cadence.virtuoso.ade.services.netlister] - Current memory used: 771.9258 MBytes, peak memory used: 771.9258 MBytes {"hostname": "cad13", "processid": 466939, "testname": "PD_VCO_tb_1", "point": 8, "logfile": "/home/vlsi/Desktop/PLL_NEW/logs_vlsi/logs0/Service7.log"}
\o [2025-11-21 13:23:07.179 +0530] [INFO] [cadence.virtuoso.ade.services.netlister] - Finished netlisting {"point": 8, "testname": "PD_VCO_tb_1"}
\o [2025-11-21 13:23:07.179 +0530] [EVENT] [cadence.virtuoso.ade.services.netlister] - NewPoint {"point": 9, "testname": "PD_VCO_tb_1", "event": "NewPoint", "EventSource": "Netlist Service", "HistoryName": "ExplorerRun.0", "logFile": "/home/vlsi/Desktop/PLL_NEW/logs_vlsi/logs0/Service7.log", "logFileSize": "46798"}
\o [2025-11-21 13:23:07.180 +0530] [INFO] [cadence.virtuoso.ade.services.netlister] - Started netlisting {"point": 9, "testname": "PD_VCO_tb_1"}
\o Resetting statistical vars
\o 
\o *Info*    Setting parameter values ...
\o 
\o Setting var vin = "0.8"
\o 
\o *Info*    Netlist Directory =
\o           /home/vlsi/simulation/PD/VCO_tb/maestro/results/maestro/ExplorerRun.0/9/PD_VCO_tb_1/netlist
\o 
\o 
\o *Info*    Data Directory    =
\o           /home/vlsi/simulation/PD/VCO_tb/maestro/results/maestro/ExplorerRun.0/9/PD_VCO_tb_1
\o 
\o Reusing AHDL Data dir
\o generate netlist...
\o Ignoring netlist creation since ignoreDesignChangesDuringRun is set to true
\o       ...successful.
\o compose simulator input file...
\o       ...successful.
\o [2025-11-21 13:23:07.638 +0530] [PROCESS] [cadence.virtuoso.ade.services.netlister] - Current memory used: 771.9258 MBytes, peak memory used: 771.9258 MBytes {"hostname": "cad13", "processid": 466939, "testname": "PD_VCO_tb_1", "point": 9, "logfile": "/home/vlsi/Desktop/PLL_NEW/logs_vlsi/logs0/Service7.log"}
\o [2025-11-21 13:23:07.638 +0530] [INFO] [cadence.virtuoso.ade.services.netlister] - Finished netlisting {"point": 9, "testname": "PD_VCO_tb_1"}
\o [2025-11-21 13:23:07.639 +0530] [EVENT] [cadence.virtuoso.ade.services.netlister] - NewPoint {"point": 10, "testname": "PD_VCO_tb_1", "event": "NewPoint", "EventSource": "Netlist Service", "HistoryName": "ExplorerRun.0", "logFile": "/home/vlsi/Desktop/PLL_NEW/logs_vlsi/logs0/Service7.log", "logFileSize": "48320"}
\o [2025-11-21 13:23:07.639 +0530] [INFO] [cadence.virtuoso.ade.services.netlister] - Started netlisting {"point": 10, "testname": "PD_VCO_tb_1"}
\o Resetting statistical vars
\o 
\o *Info*    Setting parameter values ...
\o 
\o Setting var vin = "0.9"
\o 
\o *Info*    Netlist Directory =
\o           /home/vlsi/simulation/PD/VCO_tb/maestro/results/maestro/ExplorerRun.0/10/PD_VCO_tb_1/netlist
\o 
\o 
\o *Info*    Data Directory    =
\o           /home/vlsi/simulation/PD/VCO_tb/maestro/results/maestro/ExplorerRun.0/10/PD_VCO_tb_1
\o 
\o Reusing AHDL Data dir
\o generate netlist...
\o Ignoring netlist creation since ignoreDesignChangesDuringRun is set to true
\o       ...successful.
\o compose simulator input file...
\o       ...successful.
\o [2025-11-21 13:23:08.221 +0530] [PROCESS] [cadence.virtuoso.ade.services.netlister] - Current memory used: 771.9258 MBytes, peak memory used: 771.9258 MBytes {"hostname": "cad13", "processid": 466939, "testname": "PD_VCO_tb_1", "point": 10, "logfile": "/home/vlsi/Desktop/PLL_NEW/logs_vlsi/logs0/Service7.log"}
\o [2025-11-21 13:23:08.221 +0530] [INFO] [cadence.virtuoso.ade.services.netlister] - Finished netlisting {"point": 10, "testname": "PD_VCO_tb_1"}
\o [2025-11-21 13:23:08.222 +0530] [EVENT] [cadence.virtuoso.ade.services.netlister] - NewPoint {"point": 11, "testname": "PD_VCO_tb_1", "event": "NewPoint", "EventSource": "Netlist Service", "HistoryName": "ExplorerRun.0", "logFile": "/home/vlsi/Desktop/PLL_NEW/logs_vlsi/logs0/Service7.log", "logFileSize": "49848"}
\o [2025-11-21 13:23:08.222 +0530] [INFO] [cadence.virtuoso.ade.services.netlister] - Started netlisting {"point": 11, "testname": "PD_VCO_tb_1"}
\o Resetting statistical vars
\o 
\o *Info*    Setting parameter values ...
\o 
\o Setting var vin = "1"
\o 
\o *Info*    Netlist Directory =
\o           /home/vlsi/simulation/PD/VCO_tb/maestro/results/maestro/ExplorerRun.0/11/PD_VCO_tb_1/netlist
\o 
\o 
\o *Info*    Data Directory    =
\o           /home/vlsi/simulation/PD/VCO_tb/maestro/results/maestro/ExplorerRun.0/11/PD_VCO_tb_1
\o 
\o Reusing AHDL Data dir
\o generate netlist...
\o Ignoring netlist creation since ignoreDesignChangesDuringRun is set to true
\o       ...successful.
\o compose simulator input file...
\o       ...successful.
\o [2025-11-21 13:23:08.671 +0530] [PROCESS] [cadence.virtuoso.ade.services.netlister] - Current memory used: 771.9258 MBytes, peak memory used: 771.9258 MBytes {"hostname": "cad13", "processid": 466939, "testname": "PD_VCO_tb_1", "point": 11, "logfile": "/home/vlsi/Desktop/PLL_NEW/logs_vlsi/logs0/Service7.log"}
\o [2025-11-21 13:23:08.672 +0530] [INFO] [cadence.virtuoso.ade.services.netlister] - Finished netlisting {"point": 11, "testname": "PD_VCO_tb_1"}
\o [2025-11-21 13:23:08.672 +0530] [EVENT] [cadence.virtuoso.ade.services.netlister] - NewPoint {"point": 12, "testname": "PD_VCO_tb_1", "event": "NewPoint", "EventSource": "Netlist Service", "HistoryName": "ExplorerRun.0", "logFile": "/home/vlsi/Desktop/PLL_NEW/logs_vlsi/logs0/Service7.log", "logFileSize": "51374"}
\o [2025-11-21 13:23:08.672 +0530] [INFO] [cadence.virtuoso.ade.services.netlister] - Started netlisting {"point": 12, "testname": "PD_VCO_tb_1"}
\o Resetting statistical vars
\o 
\o *Info*    Setting parameter values ...
\o 
\o Setting var vin = "1.1"
\o 
\o *Info*    Netlist Directory =
\o           /home/vlsi/simulation/PD/VCO_tb/maestro/results/maestro/ExplorerRun.0/12/PD_VCO_tb_1/netlist
\o 
\o 
\o *Info*    Data Directory    =
\o           /home/vlsi/simulation/PD/VCO_tb/maestro/results/maestro/ExplorerRun.0/12/PD_VCO_tb_1
\o 
\o Reusing AHDL Data dir
\o generate netlist...
\o Ignoring netlist creation since ignoreDesignChangesDuringRun is set to true
\o       ...successful.
\o compose simulator input file...
\o       ...successful.
\o [2025-11-21 13:23:09.256 +0530] [PROCESS] [cadence.virtuoso.ade.services.netlister] - Current memory used: 771.9258 MBytes, peak memory used: 771.9258 MBytes {"hostname": "cad13", "processid": 466939, "testname": "PD_VCO_tb_1", "point": 12, "logfile": "/home/vlsi/Desktop/PLL_NEW/logs_vlsi/logs0/Service7.log"}
\o [2025-11-21 13:23:09.256 +0530] [INFO] [cadence.virtuoso.ade.services.netlister] - Finished netlisting {"point": 12, "testname": "PD_VCO_tb_1"}
\o [2025-11-21 13:23:09.257 +0530] [EVENT] [cadence.virtuoso.ade.services.netlister] - NewPoint {"point": 13, "testname": "PD_VCO_tb_1", "event": "NewPoint", "EventSource": "Netlist Service", "HistoryName": "ExplorerRun.0", "logFile": "/home/vlsi/Desktop/PLL_NEW/logs_vlsi/logs0/Service7.log", "logFileSize": "52902"}
\o [2025-11-21 13:23:09.257 +0530] [INFO] [cadence.virtuoso.ade.services.netlister] - Started netlisting {"point": 13, "testname": "PD_VCO_tb_1"}
\o Resetting statistical vars
\o 
\o *Info*    Setting parameter values ...
\o 
\o Setting var vin = "1.2"
\o 
\o *Info*    Netlist Directory =
\o           /home/vlsi/simulation/PD/VCO_tb/maestro/results/maestro/ExplorerRun.0/13/PD_VCO_tb_1/netlist
\o 
\o 
\o *Info*    Data Directory    =
\o           /home/vlsi/simulation/PD/VCO_tb/maestro/results/maestro/ExplorerRun.0/13/PD_VCO_tb_1
\o 
\o Reusing AHDL Data dir
\o generate netlist...
\o Ignoring netlist creation since ignoreDesignChangesDuringRun is set to true
\o       ...successful.
\o compose simulator input file...
\o       ...successful.
\o [2025-11-21 13:23:09.693 +0530] [PROCESS] [cadence.virtuoso.ade.services.netlister] - Current memory used: 771.9258 MBytes, peak memory used: 771.9258 MBytes {"hostname": "cad13", "processid": 466939, "testname": "PD_VCO_tb_1", "point": 13, "logfile": "/home/vlsi/Desktop/PLL_NEW/logs_vlsi/logs0/Service7.log"}
\o [2025-11-21 13:23:09.694 +0530] [INFO] [cadence.virtuoso.ade.services.netlister] - Finished netlisting {"point": 13, "testname": "PD_VCO_tb_1"}
\o [2025-11-21 13:23:09.694 +0530] [EVENT] [cadence.virtuoso.ade.services.netlister] - NewPoint {"point": 14, "testname": "PD_VCO_tb_1", "event": "NewPoint", "EventSource": "Netlist Service", "HistoryName": "ExplorerRun.0", "logFile": "/home/vlsi/Desktop/PLL_NEW/logs_vlsi/logs0/Service7.log", "logFileSize": "54430"}
\o [2025-11-21 13:23:09.694 +0530] [INFO] [cadence.virtuoso.ade.services.netlister] - Started netlisting {"point": 14, "testname": "PD_VCO_tb_1"}
\o Resetting statistical vars
\o 
\o *Info*    Setting parameter values ...
\o 
\o Setting var vin = "1.3"
\o 
\o *Info*    Netlist Directory =
\o           /home/vlsi/simulation/PD/VCO_tb/maestro/results/maestro/ExplorerRun.0/14/PD_VCO_tb_1/netlist
\o 
\o 
\o *Info*    Data Directory    =
\o           /home/vlsi/simulation/PD/VCO_tb/maestro/results/maestro/ExplorerRun.0/14/PD_VCO_tb_1
\o 
\o Reusing AHDL Data dir
\o generate netlist...
\o Ignoring netlist creation since ignoreDesignChangesDuringRun is set to true
\o       ...successful.
\o compose simulator input file...
\o       ...successful.
\o [2025-11-21 13:23:10.266 +0530] [PROCESS] [cadence.virtuoso.ade.services.netlister] - Current memory used: 771.9258 MBytes, peak memory used: 771.9258 MBytes {"hostname": "cad13", "processid": 466939, "testname": "PD_VCO_tb_1", "point": 14, "logfile": "/home/vlsi/Desktop/PLL_NEW/logs_vlsi/logs0/Service7.log"}
\o [2025-11-21 13:23:10.267 +0530] [INFO] [cadence.virtuoso.ade.services.netlister] - Finished netlisting {"point": 14, "testname": "PD_VCO_tb_1"}
\o [2025-11-21 13:23:10.267 +0530] [EVENT] [cadence.virtuoso.ade.services.netlister] - NewPoint {"point": 15, "testname": "PD_VCO_tb_1", "event": "NewPoint", "EventSource": "Netlist Service", "HistoryName": "ExplorerRun.0", "logFile": "/home/vlsi/Desktop/PLL_NEW/logs_vlsi/logs0/Service7.log", "logFileSize": "55958"}
\o [2025-11-21 13:23:10.267 +0530] [INFO] [cadence.virtuoso.ade.services.netlister] - Started netlisting {"point": 15, "testname": "PD_VCO_tb_1"}
\o Resetting statistical vars
\o 
\o *Info*    Setting parameter values ...
\o 
\o Setting var vin = "1.4"
\o 
\o *Info*    Netlist Directory =
\o           /home/vlsi/simulation/PD/VCO_tb/maestro/results/maestro/ExplorerRun.0/15/PD_VCO_tb_1/netlist
\o 
\o 
\o *Info*    Data Directory    =
\o           /home/vlsi/simulation/PD/VCO_tb/maestro/results/maestro/ExplorerRun.0/15/PD_VCO_tb_1
\o 
\o Reusing AHDL Data dir
\o generate netlist...
\o Ignoring netlist creation since ignoreDesignChangesDuringRun is set to true
\o       ...successful.
\o compose simulator input file...
\o       ...successful.
\o [2025-11-21 13:23:10.826 +0530] [PROCESS] [cadence.virtuoso.ade.services.netlister] - Current memory used: 771.9258 MBytes, peak memory used: 771.9258 MBytes {"hostname": "cad13", "processid": 466939, "testname": "PD_VCO_tb_1", "point": 15, "logfile": "/home/vlsi/Desktop/PLL_NEW/logs_vlsi/logs0/Service7.log"}
\o [2025-11-21 13:23:10.827 +0530] [INFO] [cadence.virtuoso.ade.services.netlister] - Finished netlisting {"point": 15, "testname": "PD_VCO_tb_1"}
\o Simulation design variables differ from those on the cellView,
\o they have been saved in the file "/tmp/saved-design-variables".
\o To save future changes, copy variables to cellView before exiting.
\# Lic Summary:
\# [13:23:34.326786] Cdslmd servers:5280@cadence_server
\# [13:23:34.326794] Feature usage summary:
\# Memory report: on exit            446 MB, process size 2,377 MB at UTC 2025.11.21 07:53:34.851
\# Memory report: peak usage         446 MB, process size 2,377 MB
