\# Program start time:     UTC 2025.11.21 08:41:30.442
\# Local time: IST (UTC+05:30) 2025.11.21 14:11:30.442
\o Program:		@(#)$CDS: virtuoso version 6.1.8-64b 11/15/2022 19:45 (cpgbld01) $
\o Hierarchy:		/home/install/IC618/tools.lnx86/dfII/
\o Sub version:		sub-version  IC6.1.8-64b.500.29  (64-bit addresses)
\# Command line:	/home/install/IC618/tools.lnx86/dfII/bin/64bit/virtuoso -beanhost cad13 -beanport 11300 -beanbinlog  -beanLogFile /home/vlsi/Desktop/PLL_NEW/logs_vlsi/logs0/amps_Service9.log -mpssession virtuoso579460 -mpshost cad13 -davinciService DaVinciService_579460_1763712823 -axlSession fnxSession3 -axlServiceIdFlag 9 -uuid b60475af-51c7-4490-b592-d9e0d37c3291 -heartbeat /dev/shm/swift-heartbeat.ScYET50AxF -log /home/vlsi/Desktop/PLL_NEW/logs_vlsi/logs0/Service9.log -noautostart -nographE -lscs 000175E1894CBE06FF0966E38F1FFC06BC4D158AF973FC06BC4D31D2EC7EFC068F4D5CD28F1FFC06867C66E38F1FFC06BC4D66E38F1FFC06BC4D0FC3AAA6D9BFD56D00001ECA -interactive -offlineExprEval -fenixMode explorer -heartbeatTimeout  -lingerTimeout 300 -pointlifetime -1
\# Host name (type):	cad13 (x86_64)
\# Operating system:	Linux 4.18.0-425.3.1.el8.x86_64 #1 SMP Fri Sep 30 11:45:06 EDT 2022
\# Linux /etc/issue:	\S
\# Linux /etc/issue:	Kernel \r on an \m
\# X display name (WxH):	:1464 (1024x868)
\# Available geometry:			TL(0:0) BR(1023:867)
\# X server:			The X.Org Foundation
\# Depth of Visual (Root):	24 (24)
\# Number of Planes Used:	24
\# X version:		11.0 (vendor release 12011000)
\# X resource pool:	base 0x400000, mask 0x1fffff (2097151), shift 0
\# 			current id 0x0, current max 0x1ffffa (2097146)
\# Max data seg size:	     unlimited
\# Max process size:	     unlimited
\# Initial sbrk value:	        629 MB
\# Available memory:	     42,947 MB
\# System memory:	     48,473 MB
\# Maximum memory size:	     47,964 MB
\# Max mem available:	     43,067 MB
\# Initial memory used:	        120 MB
\#        process size:	      1,829 MB
\# Thread usage limits (effective/default):	maxthreads 62573/62573 maxload 28.00/28.00
\# Qt version:		5.9.1
\# Window Manager:	other
\# User Name:		vlsi
\o Working Directory:	cad13:/home/vlsi/Desktop/PLL_NEW
\# Process Id:		813682
\o 
\o COPYRIGHT (C) 1992-2022  CADENCE DESIGN SYSTEMS INC.  ALL RIGHTS RESERVED.
\o           (C) 1992-2022  UNIX SYSTEMS Laboratories INC.,
\o                          Reproduced with permission.
\o 
\o This Cadence Design Systems program and online documentation are
\o proprietary/confidential information and may be disclosed/used only
\o as authorized in a license agreement controlling such use and disclosure.
\o 
\o           RESTRICTED RIGHTS NOTICE (SHORT FORM)
\o Use/reproduction/disclosure is subject to restriction
\o set forth at FAR 1252.227-19 or its equivalent.
\o Loading geView.cxt 
\o Loading menuBuilder.cxt 
\o Loading schView.cxt 
\o Loading selectSv.cxt 
\o Loading pvsui.cxt
\o Loading wireEdit.cxt 
\o Loading pte2.cxt 
\o Loading xlUI.cxt 
\o Loading auCore.cxt 
\o Loading vhdl.cxt 
\o Loading seismic.cxt 
\o Loading ci.cxt 
\o Loading ams.cxt 
\o Loading oasis.cxt 
\o Loading analog.cxt 
\o Loading asimenv.cxt 
\o Loading dal.cxt 
\o Loading awv.cxt 
\o Loading socket.cxt 
\o Loading par.cxt 
\o Loading alvs.cxt 
\o Loading caa.cxt 
\o Loading amps.cxt 
\o Loading adexlCore.cxt 
\o Loading adexl.cxt 
\o *Info*    Exporting services from client ... 
\o 
\o Loading adexlDM.cxt 
\o Loading cpf.cxt 
\o Loading cli.cxt 
\o Loading lp.cxt 
\o INFO (ELI-00302) Connecting to parent process (session=virtuoso579460, host=cad13). Connection mode is LSCS. Total timeout is 180 seconds. Connection timeout is 90 seconds.
\o INFO (ELI-00303) Step 1: Connecting to parent. Time spent is 0 seconds.
\o INFO (ELI-00304) The registration of the child 813682 within 90 seconds is being processed...
\o INFO (ELI-00305) The result of registration is true. Time spent is 0 seconds.
\o INFO (ELI-00308) The connection has ended. Result is true. Total time spent is 0 seconds.
\# [14:11:30.213841] Configured Lic search path (22.01-s002): 5280@cadence_server
\p > 
\# Loading perfDiag...
\# (PerfDiag): Set GDB path to environment variable 'gdbPath' (gdb).
\# Performance Diagnostic tool is installed. You can access PerfDiag from CIW Tools or use the shell command 'cdsPerfDiag -p 813682' to open it when Virtuoso freezes.
\# (PerfDiag): Use backtrace from GLIBC.
\i _axlRunServices()
\o Loading simui.cxt 
\o [2025-11-21 14:11:31.991 +0530] [PROCESS] [cadence.virtuoso.ade.services] - Netlist Service has successfully started. Waiting for incoming messages ... {"hostname": "cad13", "processid": 813682, "logfile": "/home/vlsi/Desktop/PLL_NEW/logs_vlsi/logs0/Service9.log"}
\# Memory report: using         313 MB, process size 2,238 MB at UTC 2025.11.21 08:41:33.034
\o Loading vdsil.cxt 
\# Lic Summary:
\# [14:11:34.037400] Cdslmd servers:5280@cadence_server
\# [14:11:34.037400] Feature usage summary:
\# Memory report: on exit            313 MB, process size 2,238 MB at UTC 2025.11.21 08:41:34.037
\# Memory report: peak usage         313 MB, process size 2,238 MB
