\# Program start time:     UTC 2025.12.03 05:28:31.360
\# Local time: IST (UTC+05:30) 2025.12.03 10:58:31.360
\o Program:		@(#)$CDS: virtuoso version 6.1.8-64b 11/15/2022 19:45 (cpgbld01) $
\o Hierarchy:		/home/install/IC618/tools.lnx86/dfII/
\o Sub version:		sub-version  IC6.1.8-64b.500.29  (64-bit addresses)
\# Command line:	/home/install/IC618/tools.lnx86/dfII/bin/64bit/virtuoso -beanhost cad13 -beanport 11300 -beanbinlog  -beanLogFile /home/vlsi/Desktop/PLL_NEW/logs_vlsi/logs0/amps_Service8.log -mpssession virtuoso7768 -mpshost cad13 -davinciService DaVinciService_7768_1764738535 -axlSession fnxSession2 -axlServiceIdFlag 8 -uuid 495e9494-d1d2-44b3-a480-169736455a99 -heartbeat /dev/shm/swift-heartbeat.tJ6NzOROoo -log /home/vlsi/Desktop/PLL_NEW/logs_vlsi/logs0/Service8.log -noautostart -nographE -lscs 000175E1894CBE06FF0966E38F1FFC06BC4D158AF973FC06BC4D31D2EC7EFC068F4D5CD28F1FFC06867C66E38F1FFC06BC4D66E38F1FFC06BC4D0FCC45613678D56200001E72 -interactive -offlineExprEval -fenixMode explorer -heartbeatTimeout  -lingerTimeout 300 -pointlifetime -1
\# Host name (type):	cad13 (x86_64)
\# Operating system:	Linux 4.18.0-425.3.1.el8.x86_64 #1 SMP Fri Sep 30 11:45:06 EDT 2022
\# Linux /etc/issue:	\S
\# Linux /etc/issue:	Kernel \r on an \m
\# X display name (WxH):	:5022 (1024x868)
\# Available geometry:			TL(0:0) BR(1023:867)
\# X server:			The X.Org Foundation
\# Depth of Visual (Root):	24 (24)
\# Number of Planes Used:	24
\# X version:		11.0 (vendor release 12011000)
\# X resource pool:	base 0x400000, mask 0x1fffff (2097151), shift 0
\# 			current id 0x0, current max 0x1ffffa (2097146)
\# Max data seg size:	     unlimited
\# Max process size:	     unlimited
\# Initial sbrk value:	        612 MB
\# Available memory:	     45,393 MB
\# System memory:	     48,473 MB
\# Maximum memory size:	     47,982 MB
\# Max mem available:	     45,514 MB
\# Initial memory used:	        120 MB
\#        process size:	      1,829 MB
\# Thread usage limits (effective/default):	maxthreads 62573/62573 maxload 28.00/28.00
\# Qt version:		5.9.1
\# Window Manager:	other
\# User Name:		vlsi
\o Working Directory:	cad13:/home/vlsi/Desktop/PLL_NEW
\# Process Id:		62791
\o 
\o COPYRIGHT (C) 1992-2022  CADENCE DESIGN SYSTEMS INC.  ALL RIGHTS RESERVED.
\o           (C) 1992-2022  UNIX SYSTEMS Laboratories INC.,
\o                          Reproduced with permission.
\o 
\o This Cadence Design Systems program and online documentation are
\o proprietary/confidential information and may be disclosed/used only
\o as authorized in a license agreement controlling such use and disclosure.
\o 
\o           RESTRICTED RIGHTS NOTICE (SHORT FORM)
\o Use/reproduction/disclosure is subject to restriction
\o set forth at FAR 1252.227-19 or its equivalent.
\o Loading geView.cxt 
\o Loading menuBuilder.cxt 
\o Loading schView.cxt 
\o Loading selectSv.cxt 
\o Loading pvsui.cxt
\o Loading wireEdit.cxt 
\o Loading pte2.cxt 
\o Loading xlUI.cxt 
\o Loading auCore.cxt 
\o Loading vhdl.cxt 
\o Loading seismic.cxt 
\o Loading ci.cxt 
\o Loading ams.cxt 
\o Loading oasis.cxt 
\o Loading analog.cxt 
\o Loading asimenv.cxt 
\o Loading dal.cxt 
\o Loading awv.cxt 
\o Loading socket.cxt 
\o Loading par.cxt 
\o Loading alvs.cxt 
\o Loading caa.cxt 
\o Loading amps.cxt 
\o Loading adexlCore.cxt 
\o Loading adexl.cxt 
\o *Info*    Exporting services from client ... 
\o 
\o Loading adexlDM.cxt 
\o Loading cpf.cxt 
\o Loading cli.cxt 
\o Loading lp.cxt 
\o INFO (ELI-00302) Connecting to parent process (session=virtuoso7768, host=cad13). Connection mode is LSCS. Total timeout is 180 seconds. Connection timeout is 90 seconds.
\o INFO (ELI-00303) Step 1: Connecting to parent. Time spent is 0 seconds.
\o INFO (ELI-00304) The registration of the child 62791 within 90 seconds is being processed...
\o INFO (ELI-00305) The result of registration is true. Time spent is 0 seconds.
\o INFO (ELI-00308) The connection has ended. Result is true. Total time spent is 0 seconds.
\# [10:58:31.213905] Configured Lic search path (22.01-s002): 5280@cadence_server
\p > 
\# Loading perfDiag...
\# (PerfDiag): Set GDB path to environment variable 'gdbPath' (gdb).
\# Performance Diagnostic tool is installed. You can access PerfDiag from CIW Tools or use the shell command 'cdsPerfDiag -p 62791' to open it when Virtuoso freezes.
\# (PerfDiag): Use backtrace from GLIBC.
\i _axlRunServices()
\# [10:58:32.309328] Periodic Lic check successful
\# [10:58:32.309328] Feature usage summary:
\o Loading simui.cxt 
\o [2025-12-03 10:58:32.842 +0530] [PROCESS] [cadence.virtuoso.ade.services] - Netlist Service has successfully started. Waiting for incoming messages ... {"hostname": "cad13", "processid": 62791, "logfile": "/home/vlsi/Desktop/PLL_NEW/logs_vlsi/logs0/Service8.log"}
\o [2025-12-03 10:58:32.883 +0530] [EVENT] [cadence.virtuoso.ade.services.netlister] - NewPoint {"point": 0, "testname": "PD_VCO_tb_1", "event": "NewPoint", "EventSource": "Netlist Service", "HistoryName": "ExplorerRun.0", "logFile": "/home/vlsi/Desktop/PLL_NEW/logs_vlsi/logs0/Service8.log", "logFileSize": "4351"}
\o [2025-12-03 10:58:32.883 +0530] [INFO] [cadence.virtuoso.ade.services.netlister] - Started preparing netlist {"point": 0, "testname": "PD_VCO_tb_1", "testnameKey": "PD_VCO_tb_1"}
\# Memory report: using         313 MB, process size 2,239 MB at UTC 2025.12.03 05:28:33.884
\o Loading vdsil.cxt 
\o *Warning* AXL Context Manager : job 8 is already registered. 
\o 
\o Loading vqp.cxt 
\o Loading hdlPkg.cxt 
\o 
\o 
\o *Info*    Configuring the session ...
\o 
\o 	Library      = PD
\o 	Cell         = VCO_tb
\o 	View         = schematic
\o 	Simulator    = spectre
\o 	State Path   = $AXL_SETUPDB_DIR/test_states
\o 	State Name   = ExplorerRun.0
\o 	Results DB   = /home/vlsi/Desktop/PLL_NEW/PD/VCO_tb/maestro/results/maestro/ExplorerRun.0.rdb
\o 	Results Dir  = /home/vlsi/simulation/PD/VCO_tb/maestro/results/maestro/ExplorerRun.0/1/PD_VCO_tb_1
\o 	Results Loc  = /home/vlsi/simulation/PD/VCO_tb/maestro/results/maestro
\o 	Project Dir  = /home/vlsi/simulation
\o 	Setup DB loc = /home/vlsi/Desktop/PLL_NEW/PD/VCO_tb/maestro
\o 	File Encoding = 0
\o 
\o 
\o Loading viva.cxt 
\o Loading gpdk045/libInit.il ...
\o 	Loading gpdk045/loadCxt.ile ... done!
\o 	Loading context 'gpdk045' from library 'gpdk045' ... done!
\o 	Loading context 'pdkUtils' from library 'gpdk045' ... done!
\e 	Loading gpdk045/gpdk045_customFilter.il ... *Error* eval: unbound variable - axlRegisterCustomDeviceFilter
\o failed!
\o 	Loading gpdk045/libInitCustomExit.il ... 
\o 	Loading Environment Settings ...
\o 	Loading Model Management File ...
\o Loading spectrei.cxt 
\o Loading devCheck.cxt 
\o Loading relXpert.cxt 
\o Loading hspiceD.cxt 
\o Loading spectreinl.cxt 
\o Loading UltraSim.cxt 
\o Loading msgHandler.cxt 
\o Loading AMSOSS.cxt 
\o Loading AMS.cxt 
\o 	Loading gpdk045/gpdk045_PDKRegistrations.il ... done!
\o 
\o   *************************************************************           
\o   *              Cadence Design Systems, Inc.                 *           
\o   *                                                           *           
\o   *                    Generic 45nm PDK                       *           
\o   *                        (gpdk045)                          *           
\o   *                                                           *           
\o   *************************************************************           
\o 	
\o 
\o 	VERSION: 4.0 (17-June-2014)
\o 
\o done!
\o Failed to load gpdk045/libInit.il successfully!
\o *Info*    The auto suspension is disabled.
\o 
\o Loading elec.cxt 
\o Resetting statistical vars
\o 
\o *Info*    Setting parameter values ...
\o 
\o Setting var vin = "0"
\o Loading monte.cxt 
\o Reusing AHDL Data dir
\o 
\o *Info*    Data Directory    =
\o           /home/vlsi/simulation/PD/VCO_tb/maestro/results/maestro/ExplorerRun.0/psf/PD_VCO_tb_1
\o 
\o generate netlist...
\o Loading hnlInit.cxt 
\o Loading seCore.cxt 
\o Initializing the control file using cp:
\o     cp /home/install/IC618/tools.lnx86/dfII/etc/si/control.spectre /home/vlsi/simulation/PD/VCO_tb/maestro/results/maestro/ExplorerRun.0/psf/PD_VCO_tb_1/netlist/control
\o Copying Spectre source file 'spectre.inp'
\o Copying Spectre command file 'spectre.sim'
\o Begin Incremental Netlisting Dec  3 10:58:35 2025
\# Memory report: using         417 MB, process size 2,348 MB at UTC 2025.12.03 05:28:35.087
\o Loading json.cxt 
\o End netlisting Dec  3 10:58:35 2025
\o 
\o Netlisting Statistics:
\o 	Number of components:   60
\o 
\o 	Elapsed time:          0.0s
\o Errors: 0	Warnings: 0
\o       ...successful.
\o compose simulator input file...
\o       ...successful.
\o [2025-12-03 10:58:35.218 +0530] [INFO] [cadence.virtuoso.ade.services.netlister] - Finished preparing netlist {"point": 0, "testname": "PD_VCO_tb_1", "testnameKey": "PD_VCO_tb_1"}
\o [2025-12-03 10:58:36.219 +0530] [EVENT] [cadence.virtuoso.ade.services.netlister] - NewPoint {"point": 1, "testname": "PD_VCO_tb_1", "event": "NewPoint", "EventSource": "Netlist Service", "HistoryName": "ExplorerRun.0", "logFile": "/home/vlsi/Desktop/PLL_NEW/logs_vlsi/logs0/Service8.log", "logFileSize": "6647"}
\o [2025-12-03 10:58:36.219 +0530] [INFO] [cadence.virtuoso.ade.services.netlister] - Started netlisting {"point": 1, "testname": "PD_VCO_tb_1"}
\o Resetting statistical vars
\o 
\o *Info*    Setting parameter values ...
\o 
\o Setting temp(T) = 27
\o Setting var vin = "0"
\o 
\o *Info*    Netlist Directory =
\o           /home/vlsi/simulation/PD/VCO_tb/maestro/results/maestro/ExplorerRun.0/1/PD_VCO_tb_1/netlist
\o 
\o 
\o *Info*    Data Directory    =
\o           /home/vlsi/simulation/PD/VCO_tb/maestro/results/maestro/ExplorerRun.0/1/PD_VCO_tb_1
\o 
\o Reusing AHDL Data dir
\o generate netlist...
\o Ignoring netlist creation since ignoreDesignChangesDuringRun is set to true
\o       ...successful.
\o compose simulator input file...
\o       ...successful.
\o [2025-12-03 10:58:36.863 +0530] [PROCESS] [cadence.virtuoso.ade.services.netlister] - Current memory used: 761.4023 MBytes, peak memory used: 761.4023 MBytes {"hostname": "cad13", "processid": 62791, "testname": "PD_VCO_tb_1", "point": 1, "logfile": "/home/vlsi/Desktop/PLL_NEW/logs_vlsi/logs0/Service8.log"}
\o [2025-12-03 10:58:36.863 +0530] [INFO] [cadence.virtuoso.ade.services.netlister] - Finished netlisting {"point": 1, "testname": "PD_VCO_tb_1"}
\o [2025-12-03 10:58:36.863 +0530] [EVENT] [cadence.virtuoso.ade.services.netlister] - NewPoint {"point": 2, "testname": "PD_VCO_tb_1", "event": "NewPoint", "EventSource": "Netlist Service", "HistoryName": "ExplorerRun.0", "logFile": "/home/vlsi/Desktop/PLL_NEW/logs_vlsi/logs0/Service8.log", "logFileSize": "10406"}
\o [2025-12-03 10:58:36.864 +0530] [INFO] [cadence.virtuoso.ade.services.netlister] - Started netlisting {"point": 2, "testname": "PD_VCO_tb_1"}
\o Resetting statistical vars
\o 
\o *Info*    Setting parameter values ...
\o 
\o Setting var vin = "0.1"
\o 
\o *Info*    Netlist Directory =
\o           /home/vlsi/simulation/PD/VCO_tb/maestro/results/maestro/ExplorerRun.0/2/PD_VCO_tb_1/netlist
\o 
\o 
\o *Info*    Data Directory    =
\o           /home/vlsi/simulation/PD/VCO_tb/maestro/results/maestro/ExplorerRun.0/2/PD_VCO_tb_1
\o 
\o Reusing AHDL Data dir
\o generate netlist...
\o Ignoring netlist creation since ignoreDesignChangesDuringRun is set to true
\o       ...successful.
\o compose simulator input file...
\o       ...successful.
\o [2025-12-03 10:58:37.497 +0530] [PROCESS] [cadence.virtuoso.ade.services.netlister] - Current memory used: 761.7773 MBytes, peak memory used: 761.7773 MBytes {"hostname": "cad13", "processid": 62791, "testname": "PD_VCO_tb_1", "point": 2, "logfile": "/home/vlsi/Desktop/PLL_NEW/logs_vlsi/logs0/Service8.log"}
\o [2025-12-03 10:58:37.497 +0530] [INFO] [cadence.virtuoso.ade.services.netlister] - Finished netlisting {"point": 2, "testname": "PD_VCO_tb_1"}
\o [2025-12-03 10:58:37.498 +0530] [EVENT] [cadence.virtuoso.ade.services.netlister] - NewPoint {"point": 3, "testname": "PD_VCO_tb_1", "event": "NewPoint", "EventSource": "Netlist Service", "HistoryName": "ExplorerRun.0", "logFile": "/home/vlsi/Desktop/PLL_NEW/logs_vlsi/logs0/Service8.log", "logFileSize": "11927"}
\o [2025-12-03 10:58:37.498 +0530] [INFO] [cadence.virtuoso.ade.services.netlister] - Started netlisting {"point": 3, "testname": "PD_VCO_tb_1"}
\o Resetting statistical vars
\o 
\o *Info*    Setting parameter values ...
\o 
\o Setting var vin = "0.2"
\o 
\o *Info*    Netlist Directory =
\o           /home/vlsi/simulation/PD/VCO_tb/maestro/results/maestro/ExplorerRun.0/3/PD_VCO_tb_1/netlist
\o 
\o 
\o *Info*    Data Directory    =
\o           /home/vlsi/simulation/PD/VCO_tb/maestro/results/maestro/ExplorerRun.0/3/PD_VCO_tb_1
\o 
\o Reusing AHDL Data dir
\o generate netlist...
\o Ignoring netlist creation since ignoreDesignChangesDuringRun is set to true
\o       ...successful.
\o compose simulator input file...
\o       ...successful.
\o [2025-12-03 10:58:37.956 +0530] [PROCESS] [cadence.virtuoso.ade.services.netlister] - Current memory used: 762.0352 MBytes, peak memory used: 762.0352 MBytes {"hostname": "cad13", "processid": 62791, "testname": "PD_VCO_tb_1", "point": 3, "logfile": "/home/vlsi/Desktop/PLL_NEW/logs_vlsi/logs0/Service8.log"}
\o [2025-12-03 10:58:37.957 +0530] [INFO] [cadence.virtuoso.ade.services.netlister] - Finished netlisting {"point": 3, "testname": "PD_VCO_tb_1"}
\o [2025-12-03 10:58:37.957 +0530] [EVENT] [cadence.virtuoso.ade.services.netlister] - NewPoint {"point": 4, "testname": "PD_VCO_tb_1", "event": "NewPoint", "EventSource": "Netlist Service", "HistoryName": "ExplorerRun.0", "logFile": "/home/vlsi/Desktop/PLL_NEW/logs_vlsi/logs0/Service8.log", "logFileSize": "13448"}
\o [2025-12-03 10:58:37.957 +0530] [INFO] [cadence.virtuoso.ade.services.netlister] - Started netlisting {"point": 4, "testname": "PD_VCO_tb_1"}
\o Resetting statistical vars
\o 
\o *Info*    Setting parameter values ...
\o 
\o Setting var vin = "0.3"
\o 
\o *Info*    Netlist Directory =
\o           /home/vlsi/simulation/PD/VCO_tb/maestro/results/maestro/ExplorerRun.0/4/PD_VCO_tb_1/netlist
\o 
\o 
\o *Info*    Data Directory    =
\o           /home/vlsi/simulation/PD/VCO_tb/maestro/results/maestro/ExplorerRun.0/4/PD_VCO_tb_1
\o 
\o Reusing AHDL Data dir
\o generate netlist...
\o Ignoring netlist creation since ignoreDesignChangesDuringRun is set to true
\o       ...successful.
\o compose simulator input file...
\o       ...successful.
\o [2025-12-03 10:58:38.547 +0530] [PROCESS] [cadence.virtuoso.ade.services.netlister] - Current memory used: 764.2930 MBytes, peak memory used: 764.2930 MBytes {"hostname": "cad13", "processid": 62791, "testname": "PD_VCO_tb_1", "point": 4, "logfile": "/home/vlsi/Desktop/PLL_NEW/logs_vlsi/logs0/Service8.log"}
\o [2025-12-03 10:58:38.548 +0530] [INFO] [cadence.virtuoso.ade.services.netlister] - Finished netlisting {"point": 4, "testname": "PD_VCO_tb_1"}
\o [2025-12-03 10:58:38.548 +0530] [EVENT] [cadence.virtuoso.ade.services.netlister] - NewPoint {"point": 5, "testname": "PD_VCO_tb_1", "event": "NewPoint", "EventSource": "Netlist Service", "HistoryName": "ExplorerRun.0", "logFile": "/home/vlsi/Desktop/PLL_NEW/logs_vlsi/logs0/Service8.log", "logFileSize": "14969"}
\o [2025-12-03 10:58:38.548 +0530] [INFO] [cadence.virtuoso.ade.services.netlister] - Started netlisting {"point": 5, "testname": "PD_VCO_tb_1"}
\o Resetting statistical vars
\o 
\o *Info*    Setting parameter values ...
\o 
\o Setting var vin = "0.4"
\o 
\o *Info*    Netlist Directory =
\o           /home/vlsi/simulation/PD/VCO_tb/maestro/results/maestro/ExplorerRun.0/5/PD_VCO_tb_1/netlist
\o 
\o 
\o *Info*    Data Directory    =
\o           /home/vlsi/simulation/PD/VCO_tb/maestro/results/maestro/ExplorerRun.0/5/PD_VCO_tb_1
\o 
\o Reusing AHDL Data dir
\o generate netlist...
\o Ignoring netlist creation since ignoreDesignChangesDuringRun is set to true
\o       ...successful.
\o compose simulator input file...
\o       ...successful.
\o [2025-12-03 10:58:38.991 +0530] [PROCESS] [cadence.virtuoso.ade.services.netlister] - Current memory used: 764.2930 MBytes, peak memory used: 764.2930 MBytes {"hostname": "cad13", "processid": 62791, "testname": "PD_VCO_tb_1", "point": 5, "logfile": "/home/vlsi/Desktop/PLL_NEW/logs_vlsi/logs0/Service8.log"}
\o [2025-12-03 10:58:38.991 +0530] [INFO] [cadence.virtuoso.ade.services.netlister] - Finished netlisting {"point": 5, "testname": "PD_VCO_tb_1"}
\o [2025-12-03 10:58:38.992 +0530] [EVENT] [cadence.virtuoso.ade.services.netlister] - NewPoint {"point": 6, "testname": "PD_VCO_tb_1", "event": "NewPoint", "EventSource": "Netlist Service", "HistoryName": "ExplorerRun.0", "logFile": "/home/vlsi/Desktop/PLL_NEW/logs_vlsi/logs0/Service8.log", "logFileSize": "16490"}
\o [2025-12-03 10:58:38.992 +0530] [INFO] [cadence.virtuoso.ade.services.netlister] - Started netlisting {"point": 6, "testname": "PD_VCO_tb_1"}
\o Resetting statistical vars
\o 
\o *Info*    Setting parameter values ...
\o 
\o Setting var vin = "0.5"
\o 
\o *Info*    Netlist Directory =
\o           /home/vlsi/simulation/PD/VCO_tb/maestro/results/maestro/ExplorerRun.0/6/PD_VCO_tb_1/netlist
\o 
\o 
\o *Info*    Data Directory    =
\o           /home/vlsi/simulation/PD/VCO_tb/maestro/results/maestro/ExplorerRun.0/6/PD_VCO_tb_1
\o 
\o Reusing AHDL Data dir
\o generate netlist...
\o Ignoring netlist creation since ignoreDesignChangesDuringRun is set to true
\o       ...successful.
\o compose simulator input file...
\o       ...successful.
\o [2025-12-03 10:58:39.558 +0530] [PROCESS] [cadence.virtuoso.ade.services.netlister] - Current memory used: 764.2930 MBytes, peak memory used: 764.2930 MBytes {"hostname": "cad13", "processid": 62791, "testname": "PD_VCO_tb_1", "point": 6, "logfile": "/home/vlsi/Desktop/PLL_NEW/logs_vlsi/logs0/Service8.log"}
\o [2025-12-03 10:58:39.558 +0530] [INFO] [cadence.virtuoso.ade.services.netlister] - Finished netlisting {"point": 6, "testname": "PD_VCO_tb_1"}
\o [2025-12-03 10:58:39.559 +0530] [EVENT] [cadence.virtuoso.ade.services.netlister] - NewPoint {"point": 7, "testname": "PD_VCO_tb_1", "event": "NewPoint", "EventSource": "Netlist Service", "HistoryName": "ExplorerRun.0", "logFile": "/home/vlsi/Desktop/PLL_NEW/logs_vlsi/logs0/Service8.log", "logFileSize": "18011"}
\o [2025-12-03 10:58:39.559 +0530] [INFO] [cadence.virtuoso.ade.services.netlister] - Started netlisting {"point": 7, "testname": "PD_VCO_tb_1"}
\o Resetting statistical vars
\o 
\o *Info*    Setting parameter values ...
\o 
\o Setting var vin = "0.6"
\o 
\o *Info*    Netlist Directory =
\o           /home/vlsi/simulation/PD/VCO_tb/maestro/results/maestro/ExplorerRun.0/7/PD_VCO_tb_1/netlist
\o 
\o 
\o *Info*    Data Directory    =
\o           /home/vlsi/simulation/PD/VCO_tb/maestro/results/maestro/ExplorerRun.0/7/PD_VCO_tb_1
\o 
\o Reusing AHDL Data dir
\o generate netlist...
\o Ignoring netlist creation since ignoreDesignChangesDuringRun is set to true
\o       ...successful.
\o compose simulator input file...
\o       ...successful.
\o [2025-12-03 10:58:40.026 +0530] [PROCESS] [cadence.virtuoso.ade.services.netlister] - Current memory used: 764.2930 MBytes, peak memory used: 764.2930 MBytes {"hostname": "cad13", "processid": 62791, "testname": "PD_VCO_tb_1", "point": 7, "logfile": "/home/vlsi/Desktop/PLL_NEW/logs_vlsi/logs0/Service8.log"}
\o [2025-12-03 10:58:40.026 +0530] [INFO] [cadence.virtuoso.ade.services.netlister] - Finished netlisting {"point": 7, "testname": "PD_VCO_tb_1"}
\o [2025-12-03 10:58:40.027 +0530] [EVENT] [cadence.virtuoso.ade.services.netlister] - NewPoint {"point": 8, "testname": "PD_VCO_tb_1", "event": "NewPoint", "EventSource": "Netlist Service", "HistoryName": "ExplorerRun.0", "logFile": "/home/vlsi/Desktop/PLL_NEW/logs_vlsi/logs0/Service8.log", "logFileSize": "19532"}
\o [2025-12-03 10:58:40.027 +0530] [INFO] [cadence.virtuoso.ade.services.netlister] - Started netlisting {"point": 8, "testname": "PD_VCO_tb_1"}
\o Resetting statistical vars
\o 
\o *Info*    Setting parameter values ...
\o 
\o Setting var vin = "0.7"
\o 
\o *Info*    Netlist Directory =
\o           /home/vlsi/simulation/PD/VCO_tb/maestro/results/maestro/ExplorerRun.0/8/PD_VCO_tb_1/netlist
\o 
\o 
\o *Info*    Data Directory    =
\o           /home/vlsi/simulation/PD/VCO_tb/maestro/results/maestro/ExplorerRun.0/8/PD_VCO_tb_1
\o 
\o Reusing AHDL Data dir
\o generate netlist...
\o Ignoring netlist creation since ignoreDesignChangesDuringRun is set to true
\o       ...successful.
\o compose simulator input file...
\o       ...successful.
\o [2025-12-03 10:58:40.617 +0530] [PROCESS] [cadence.virtuoso.ade.services.netlister] - Current memory used: 764.2930 MBytes, peak memory used: 764.2930 MBytes {"hostname": "cad13", "processid": 62791, "testname": "PD_VCO_tb_1", "point": 8, "logfile": "/home/vlsi/Desktop/PLL_NEW/logs_vlsi/logs0/Service8.log"}
\o [2025-12-03 10:58:40.617 +0530] [INFO] [cadence.virtuoso.ade.services.netlister] - Finished netlisting {"point": 8, "testname": "PD_VCO_tb_1"}
\o [2025-12-03 10:58:40.618 +0530] [EVENT] [cadence.virtuoso.ade.services.netlister] - NewPoint {"point": 9, "testname": "PD_VCO_tb_1", "event": "NewPoint", "EventSource": "Netlist Service", "HistoryName": "ExplorerRun.0", "logFile": "/home/vlsi/Desktop/PLL_NEW/logs_vlsi/logs0/Service8.log", "logFileSize": "21053"}
\o [2025-12-03 10:58:40.618 +0530] [INFO] [cadence.virtuoso.ade.services.netlister] - Started netlisting {"point": 9, "testname": "PD_VCO_tb_1"}
\o Resetting statistical vars
\o 
\o *Info*    Setting parameter values ...
\o 
\o Setting var vin = "0.8"
\o 
\o *Info*    Netlist Directory =
\o           /home/vlsi/simulation/PD/VCO_tb/maestro/results/maestro/ExplorerRun.0/9/PD_VCO_tb_1/netlist
\o 
\o 
\o *Info*    Data Directory    =
\o           /home/vlsi/simulation/PD/VCO_tb/maestro/results/maestro/ExplorerRun.0/9/PD_VCO_tb_1
\o 
\o Reusing AHDL Data dir
\o generate netlist...
\o Ignoring netlist creation since ignoreDesignChangesDuringRun is set to true
\o       ...successful.
\o compose simulator input file...
\o       ...successful.
\# Available memory:         45,399 MB at UTC 2025.12.03 05:28:41.094
\# Memory report: Maximum memory size now 45,841 MB at UTC 2025.12.03 05:28:41.094
\# Thread usage report: 34 active threads, active load 1.40 at UTC 2025.12.03 05:28:41.094
\o [2025-12-03 10:58:41.094 +0530] [PROCESS] [cadence.virtuoso.ade.services.netlister] - Current memory used: 766.2930 MBytes, peak memory used: 766.2930 MBytes {"hostname": "cad13", "processid": 62791, "testname": "PD_VCO_tb_1", "point": 9, "logfile": "/home/vlsi/Desktop/PLL_NEW/logs_vlsi/logs0/Service8.log"}
\o [2025-12-03 10:58:41.094 +0530] [INFO] [cadence.virtuoso.ade.services.netlister] - Finished netlisting {"point": 9, "testname": "PD_VCO_tb_1"}
\o [2025-12-03 10:58:41.094 +0530] [EVENT] [cadence.virtuoso.ade.services.netlister] - NewPoint {"point": 10, "testname": "PD_VCO_tb_1", "event": "NewPoint", "EventSource": "Netlist Service", "HistoryName": "ExplorerRun.0", "logFile": "/home/vlsi/Desktop/PLL_NEW/logs_vlsi/logs0/Service8.log", "logFileSize": "22818"}
\o [2025-12-03 10:58:41.094 +0530] [INFO] [cadence.virtuoso.ade.services.netlister] - Started netlisting {"point": 10, "testname": "PD_VCO_tb_1"}
\o Resetting statistical vars
\o 
\o *Info*    Setting parameter values ...
\o 
\o Setting var vin = "0.9"
\o 
\o *Info*    Netlist Directory =
\o           /home/vlsi/simulation/PD/VCO_tb/maestro/results/maestro/ExplorerRun.0/10/PD_VCO_tb_1/netlist
\o 
\o 
\o *Info*    Data Directory    =
\o           /home/vlsi/simulation/PD/VCO_tb/maestro/results/maestro/ExplorerRun.0/10/PD_VCO_tb_1
\o 
\o Reusing AHDL Data dir
\o generate netlist...
\o Ignoring netlist creation since ignoreDesignChangesDuringRun is set to true
\o       ...successful.
\o compose simulator input file...
\o       ...successful.
\o [2025-12-03 10:58:41.803 +0530] [PROCESS] [cadence.virtuoso.ade.services.netlister] - Current memory used: 766.2930 MBytes, peak memory used: 766.2930 MBytes {"hostname": "cad13", "processid": 62791, "testname": "PD_VCO_tb_1", "point": 10, "logfile": "/home/vlsi/Desktop/PLL_NEW/logs_vlsi/logs0/Service8.log"}
\o [2025-12-03 10:58:41.804 +0530] [INFO] [cadence.virtuoso.ade.services.netlister] - Finished netlisting {"point": 10, "testname": "PD_VCO_tb_1"}
\o [2025-12-03 10:58:41.804 +0530] [EVENT] [cadence.virtuoso.ade.services.netlister] - NewPoint {"point": 11, "testname": "PD_VCO_tb_1", "event": "NewPoint", "EventSource": "Netlist Service", "HistoryName": "ExplorerRun.0", "logFile": "/home/vlsi/Desktop/PLL_NEW/logs_vlsi/logs0/Service8.log", "logFileSize": "24345"}
\o [2025-12-03 10:58:41.804 +0530] [INFO] [cadence.virtuoso.ade.services.netlister] - Started netlisting {"point": 11, "testname": "PD_VCO_tb_1"}
\o Resetting statistical vars
\o 
\o *Info*    Setting parameter values ...
\o 
\o Setting var vin = "1"
\o 
\o *Info*    Netlist Directory =
\o           /home/vlsi/simulation/PD/VCO_tb/maestro/results/maestro/ExplorerRun.0/11/PD_VCO_tb_1/netlist
\o 
\o 
\o *Info*    Data Directory    =
\o           /home/vlsi/simulation/PD/VCO_tb/maestro/results/maestro/ExplorerRun.0/11/PD_VCO_tb_1
\o 
\o Reusing AHDL Data dir
\o generate netlist...
\o Ignoring netlist creation since ignoreDesignChangesDuringRun is set to true
\o       ...successful.
\o compose simulator input file...
\o       ...successful.
\o [2025-12-03 10:58:42.220 +0530] [PROCESS] [cadence.virtuoso.ade.services.netlister] - Current memory used: 766.2930 MBytes, peak memory used: 766.2930 MBytes {"hostname": "cad13", "processid": 62791, "testname": "PD_VCO_tb_1", "point": 11, "logfile": "/home/vlsi/Desktop/PLL_NEW/logs_vlsi/logs0/Service8.log"}
\o [2025-12-03 10:58:42.221 +0530] [INFO] [cadence.virtuoso.ade.services.netlister] - Finished netlisting {"point": 11, "testname": "PD_VCO_tb_1"}
\o [2025-12-03 10:58:42.221 +0530] [EVENT] [cadence.virtuoso.ade.services.netlister] - NewPoint {"point": 12, "testname": "PD_VCO_tb_1", "event": "NewPoint", "EventSource": "Netlist Service", "HistoryName": "ExplorerRun.0", "logFile": "/home/vlsi/Desktop/PLL_NEW/logs_vlsi/logs0/Service8.log", "logFileSize": "25870"}
\o [2025-12-03 10:58:42.221 +0530] [INFO] [cadence.virtuoso.ade.services.netlister] - Started netlisting {"point": 12, "testname": "PD_VCO_tb_1"}
\o Resetting statistical vars
\o 
\o *Info*    Setting parameter values ...
\o 
\o Setting var vin = "1.1"
\o 
\o *Info*    Netlist Directory =
\o           /home/vlsi/simulation/PD/VCO_tb/maestro/results/maestro/ExplorerRun.0/12/PD_VCO_tb_1/netlist
\o 
\o 
\o *Info*    Data Directory    =
\o           /home/vlsi/simulation/PD/VCO_tb/maestro/results/maestro/ExplorerRun.0/12/PD_VCO_tb_1
\o 
\o Reusing AHDL Data dir
\o generate netlist...
\o Ignoring netlist creation since ignoreDesignChangesDuringRun is set to true
\o       ...successful.
\o compose simulator input file...
\o       ...successful.
\o [2025-12-03 10:58:42.739 +0530] [PROCESS] [cadence.virtuoso.ade.services.netlister] - Current memory used: 768.2930 MBytes, peak memory used: 768.2930 MBytes {"hostname": "cad13", "processid": 62791, "testname": "PD_VCO_tb_1", "point": 12, "logfile": "/home/vlsi/Desktop/PLL_NEW/logs_vlsi/logs0/Service8.log"}
\o [2025-12-03 10:58:42.739 +0530] [INFO] [cadence.virtuoso.ade.services.netlister] - Finished netlisting {"point": 12, "testname": "PD_VCO_tb_1"}
\o [2025-12-03 10:58:42.739 +0530] [EVENT] [cadence.virtuoso.ade.services.netlister] - NewPoint {"point": 13, "testname": "PD_VCO_tb_1", "event": "NewPoint", "EventSource": "Netlist Service", "HistoryName": "ExplorerRun.0", "logFile": "/home/vlsi/Desktop/PLL_NEW/logs_vlsi/logs0/Service8.log", "logFileSize": "27397"}
\o [2025-12-03 10:58:42.739 +0530] [INFO] [cadence.virtuoso.ade.services.netlister] - Started netlisting {"point": 13, "testname": "PD_VCO_tb_1"}
\o Resetting statistical vars
\o 
\o *Info*    Setting parameter values ...
\o 
\o Setting var vin = "1.2"
\o 
\o *Info*    Netlist Directory =
\o           /home/vlsi/simulation/PD/VCO_tb/maestro/results/maestro/ExplorerRun.0/13/PD_VCO_tb_1/netlist
\o 
\o 
\o *Info*    Data Directory    =
\o           /home/vlsi/simulation/PD/VCO_tb/maestro/results/maestro/ExplorerRun.0/13/PD_VCO_tb_1
\o 
\o Reusing AHDL Data dir
\o generate netlist...
\o Ignoring netlist creation since ignoreDesignChangesDuringRun is set to true
\o       ...successful.
\o compose simulator input file...
\o       ...successful.
\o [2025-12-03 10:58:43.189 +0530] [PROCESS] [cadence.virtuoso.ade.services.netlister] - Current memory used: 768.2930 MBytes, peak memory used: 768.2930 MBytes {"hostname": "cad13", "processid": 62791, "testname": "PD_VCO_tb_1", "point": 13, "logfile": "/home/vlsi/Desktop/PLL_NEW/logs_vlsi/logs0/Service8.log"}
\o [2025-12-03 10:58:43.189 +0530] [INFO] [cadence.virtuoso.ade.services.netlister] - Finished netlisting {"point": 13, "testname": "PD_VCO_tb_1"}
\o [2025-12-03 10:58:43.190 +0530] [EVENT] [cadence.virtuoso.ade.services.netlister] - NewPoint {"point": 14, "testname": "PD_VCO_tb_1", "event": "NewPoint", "EventSource": "Netlist Service", "HistoryName": "ExplorerRun.0", "logFile": "/home/vlsi/Desktop/PLL_NEW/logs_vlsi/logs0/Service8.log", "logFileSize": "28924"}
\o [2025-12-03 10:58:43.190 +0530] [INFO] [cadence.virtuoso.ade.services.netlister] - Started netlisting {"point": 14, "testname": "PD_VCO_tb_1"}
\o Resetting statistical vars
\o 
\o *Info*    Setting parameter values ...
\o 
\o Setting var vin = "1.3"
\o 
\o *Info*    Netlist Directory =
\o           /home/vlsi/simulation/PD/VCO_tb/maestro/results/maestro/ExplorerRun.0/14/PD_VCO_tb_1/netlist
\o 
\o 
\o *Info*    Data Directory    =
\o           /home/vlsi/simulation/PD/VCO_tb/maestro/results/maestro/ExplorerRun.0/14/PD_VCO_tb_1
\o 
\o Reusing AHDL Data dir
\o generate netlist...
\o Ignoring netlist creation since ignoreDesignChangesDuringRun is set to true
\o       ...successful.
\o compose simulator input file...
\o       ...successful.
\o [2025-12-03 10:58:43.732 +0530] [PROCESS] [cadence.virtuoso.ade.services.netlister] - Current memory used: 768.2930 MBytes, peak memory used: 768.2930 MBytes {"hostname": "cad13", "processid": 62791, "testname": "PD_VCO_tb_1", "point": 14, "logfile": "/home/vlsi/Desktop/PLL_NEW/logs_vlsi/logs0/Service8.log"}
\o [2025-12-03 10:58:43.733 +0530] [INFO] [cadence.virtuoso.ade.services.netlister] - Finished netlisting {"point": 14, "testname": "PD_VCO_tb_1"}
\o [2025-12-03 10:58:43.733 +0530] [EVENT] [cadence.virtuoso.ade.services.netlister] - NewPoint {"point": 15, "testname": "PD_VCO_tb_1", "event": "NewPoint", "EventSource": "Netlist Service", "HistoryName": "ExplorerRun.0", "logFile": "/home/vlsi/Desktop/PLL_NEW/logs_vlsi/logs0/Service8.log", "logFileSize": "30451"}
\o [2025-12-03 10:58:43.733 +0530] [INFO] [cadence.virtuoso.ade.services.netlister] - Started netlisting {"point": 15, "testname": "PD_VCO_tb_1"}
\o Resetting statistical vars
\o 
\o *Info*    Setting parameter values ...
\o 
\o Setting var vin = "1.4"
\o 
\o *Info*    Netlist Directory =
\o           /home/vlsi/simulation/PD/VCO_tb/maestro/results/maestro/ExplorerRun.0/15/PD_VCO_tb_1/netlist
\o 
\o 
\o *Info*    Data Directory    =
\o           /home/vlsi/simulation/PD/VCO_tb/maestro/results/maestro/ExplorerRun.0/15/PD_VCO_tb_1
\o 
\o Reusing AHDL Data dir
\o generate netlist...
\o Ignoring netlist creation since ignoreDesignChangesDuringRun is set to true
\o       ...successful.
\o compose simulator input file...
\o       ...successful.
\o [2025-12-03 10:58:44.116 +0530] [PROCESS] [cadence.virtuoso.ade.services.netlister] - Current memory used: 768.2930 MBytes, peak memory used: 768.2930 MBytes {"hostname": "cad13", "processid": 62791, "testname": "PD_VCO_tb_1", "point": 15, "logfile": "/home/vlsi/Desktop/PLL_NEW/logs_vlsi/logs0/Service8.log"}
\o [2025-12-03 10:58:44.116 +0530] [INFO] [cadence.virtuoso.ade.services.netlister] - Finished netlisting {"point": 15, "testname": "PD_VCO_tb_1"}
\o **** stopping dspf2oa stdobj@0x34653980 0 8
\o [2025-12-03 11:02:08.253 +0530] [EVENT] [cadence.virtuoso.ade.services.netlister] - NewPoint {"point": 0, "testname": "PD_VCO_tb_1", "event": "NewPoint", "EventSource": "Netlist Service", "HistoryName": "ExplorerRun.0", "logFile": "/home/vlsi/Desktop/PLL_NEW/logs_vlsi/logs0/Service8.log", "logFileSize": "32025"}
\o [2025-12-03 11:02:08.253 +0530] [INFO] [cadence.virtuoso.ade.services.netlister] - Started preparing netlist {"point": 0, "testname": "PD_VCO_tb_1", "testnameKey": "PD_VCO_tb_1"}
\o Simulation design variables differ from those on the cellView,
\o they have been saved in the file "/tmp/saved-design-variables".
\o To save future changes, copy variables to cellView before exiting.
\o *Warning* AXL Context Manager : job 8 is already registered. 
\o 
\o 
\o 
\o *Info*    Configuring the session ...
\o 
\o 	Library      = PD
\o 	Cell         = VCO_tb
\o 	View         = schematic
\o 	Simulator    = spectre
\o 	State Path   = $AXL_SETUPDB_DIR/test_states
\o 	State Name   = ExplorerRun.0
\o 	Results DB   = /home/vlsi/Desktop/PLL_NEW/PD/VCO_tb/maestro/results/maestro/ExplorerRun.0.rdb
\o 	Results Dir  = /home/vlsi/simulation/PD/VCO_tb/maestro/results/maestro/ExplorerRun.0/1/PD_VCO_tb_1
\o 	Results Loc  = /home/vlsi/simulation/PD/VCO_tb/maestro/results/maestro
\o 	Project Dir  = /home/vlsi/simulation
\o 	Setup DB loc = /home/vlsi/Desktop/PLL_NEW/PD/VCO_tb/maestro
\o 	File Encoding = 0
\o 
\o 
\o 
\o *Info*    The auto suspension is disabled.
\o 
\o Resetting statistical vars
\o 
\o *Info*    Setting parameter values ...
\o 
\o Setting var vin = "0"
\o Reusing AHDL Data dir
\o 
\o *Info*    Data Directory    =
\o           /home/vlsi/simulation/PD/VCO_tb/maestro/results/maestro/ExplorerRun.0/psf/PD_VCO_tb_1
\o 
\o generate netlist...
\o Initializing the control file using cp:
\o     cp /home/install/IC618/tools.lnx86/dfII/etc/si/control.spectre /home/vlsi/simulation/PD/VCO_tb/maestro/results/maestro/ExplorerRun.0/psf/PD_VCO_tb_1/netlist/control
\o Copying Spectre source file 'spectre.inp'
\o Copying Spectre command file 'spectre.sim'
\o Begin Incremental Netlisting Dec  3 11:02:09 2025
\o End netlisting Dec  3 11:02:09 2025
\o 
\o Netlisting Statistics:
\o 	Number of components:   60
\o 
\o 	Elapsed time:          0.0s
\o Errors: 0	Warnings: 0
\o       ...successful.
\o compose simulator input file...
\o       ...successful.
\o [2025-12-03 11:02:09.802 +0530] [INFO] [cadence.virtuoso.ade.services.netlister] - Finished preparing netlist {"point": 0, "testname": "PD_VCO_tb_1", "testnameKey": "PD_VCO_tb_1"}
\o [2025-12-03 11:02:10.804 +0530] [EVENT] [cadence.virtuoso.ade.services.netlister] - NewPoint {"point": 1, "testname": "PD_VCO_tb_1", "event": "NewPoint", "EventSource": "Netlist Service", "HistoryName": "ExplorerRun.0", "logFile": "/home/vlsi/Desktop/PLL_NEW/logs_vlsi/logs0/Service8.log", "logFileSize": "32342"}
\o [2025-12-03 11:02:10.804 +0530] [INFO] [cadence.virtuoso.ade.services.netlister] - Started netlisting {"point": 1, "testname": "PD_VCO_tb_1"}
\o Resetting statistical vars
\o 
\o *Info*    Setting parameter values ...
\o 
\o Setting temp(T) = 27
\o Setting var vin = "0"
\o 
\o *Info*    Netlist Directory =
\o           /home/vlsi/simulation/PD/VCO_tb/maestro/results/maestro/ExplorerRun.0/1/PD_VCO_tb_1/netlist
\o 
\o 
\o *Info*    Data Directory    =
\o           /home/vlsi/simulation/PD/VCO_tb/maestro/results/maestro/ExplorerRun.0/1/PD_VCO_tb_1
\o 
\o Reusing AHDL Data dir
\o generate netlist...
\o Ignoring netlist creation since ignoreDesignChangesDuringRun is set to true
\o       ...successful.
\o compose simulator input file...
\o       ...successful.
\o [2025-12-03 11:02:11.403 +0530] [PROCESS] [cadence.virtuoso.ade.services.netlister] - Current memory used: 770.7031 MBytes, peak memory used: 770.7031 MBytes {"hostname": "cad13", "processid": 62791, "testname": "PD_VCO_tb_1", "point": 1, "logfile": "/home/vlsi/Desktop/PLL_NEW/logs_vlsi/logs0/Service8.log"}
\o [2025-12-03 11:02:11.403 +0530] [INFO] [cadence.virtuoso.ade.services.netlister] - Finished netlisting {"point": 1, "testname": "PD_VCO_tb_1"}
\o [2025-12-03 11:02:11.403 +0530] [EVENT] [cadence.virtuoso.ade.services.netlister] - NewPoint {"point": 2, "testname": "PD_VCO_tb_1", "event": "NewPoint", "EventSource": "Netlist Service", "HistoryName": "ExplorerRun.0", "logFile": "/home/vlsi/Desktop/PLL_NEW/logs_vlsi/logs0/Service8.log", "logFileSize": "36121"}
\o [2025-12-03 11:02:11.403 +0530] [INFO] [cadence.virtuoso.ade.services.netlister] - Started netlisting {"point": 2, "testname": "PD_VCO_tb_1"}
\o Resetting statistical vars
\o 
\o *Info*    Setting parameter values ...
\o 
\o Setting var vin = "0.1"
\o 
\o *Info*    Netlist Directory =
\o           /home/vlsi/simulation/PD/VCO_tb/maestro/results/maestro/ExplorerRun.0/2/PD_VCO_tb_1/netlist
\o 
\o 
\o *Info*    Data Directory    =
\o           /home/vlsi/simulation/PD/VCO_tb/maestro/results/maestro/ExplorerRun.0/2/PD_VCO_tb_1
\o 
\o Reusing AHDL Data dir
\o generate netlist...
\o Ignoring netlist creation since ignoreDesignChangesDuringRun is set to true
\o       ...successful.
\o compose simulator input file...
\o       ...successful.
\o [2025-12-03 11:02:12.077 +0530] [PROCESS] [cadence.virtuoso.ade.services.netlister] - Current memory used: 770.7031 MBytes, peak memory used: 770.7031 MBytes {"hostname": "cad13", "processid": 62791, "testname": "PD_VCO_tb_1", "point": 2, "logfile": "/home/vlsi/Desktop/PLL_NEW/logs_vlsi/logs0/Service8.log"}
\o [2025-12-03 11:02:12.077 +0530] [INFO] [cadence.virtuoso.ade.services.netlister] - Finished netlisting {"point": 2, "testname": "PD_VCO_tb_1"}
\o [2025-12-03 11:02:12.078 +0530] [EVENT] [cadence.virtuoso.ade.services.netlister] - NewPoint {"point": 3, "testname": "PD_VCO_tb_1", "event": "NewPoint", "EventSource": "Netlist Service", "HistoryName": "ExplorerRun.0", "logFile": "/home/vlsi/Desktop/PLL_NEW/logs_vlsi/logs0/Service8.log", "logFileSize": "37642"}
\o [2025-12-03 11:02:12.078 +0530] [INFO] [cadence.virtuoso.ade.services.netlister] - Started netlisting {"point": 3, "testname": "PD_VCO_tb_1"}
\o Resetting statistical vars
\o 
\o *Info*    Setting parameter values ...
\o 
\o Setting var vin = "0.2"
\o 
\o *Info*    Netlist Directory =
\o           /home/vlsi/simulation/PD/VCO_tb/maestro/results/maestro/ExplorerRun.0/3/PD_VCO_tb_1/netlist
\o 
\o 
\o *Info*    Data Directory    =
\o           /home/vlsi/simulation/PD/VCO_tb/maestro/results/maestro/ExplorerRun.0/3/PD_VCO_tb_1
\o 
\o Reusing AHDL Data dir
\o generate netlist...
\o Ignoring netlist creation since ignoreDesignChangesDuringRun is set to true
\o       ...successful.
\o compose simulator input file...
\o       ...successful.
\o [2025-12-03 11:02:12.453 +0530] [PROCESS] [cadence.virtuoso.ade.services.netlister] - Current memory used: 770.7031 MBytes, peak memory used: 770.7031 MBytes {"hostname": "cad13", "processid": 62791, "testname": "PD_VCO_tb_1", "point": 3, "logfile": "/home/vlsi/Desktop/PLL_NEW/logs_vlsi/logs0/Service8.log"}
\o [2025-12-03 11:02:12.453 +0530] [INFO] [cadence.virtuoso.ade.services.netlister] - Finished netlisting {"point": 3, "testname": "PD_VCO_tb_1"}
\o [2025-12-03 11:02:12.453 +0530] [EVENT] [cadence.virtuoso.ade.services.netlister] - NewPoint {"point": 4, "testname": "PD_VCO_tb_1", "event": "NewPoint", "EventSource": "Netlist Service", "HistoryName": "ExplorerRun.0", "logFile": "/home/vlsi/Desktop/PLL_NEW/logs_vlsi/logs0/Service8.log", "logFileSize": "39163"}
\o [2025-12-03 11:02:12.453 +0530] [INFO] [cadence.virtuoso.ade.services.netlister] - Started netlisting {"point": 4, "testname": "PD_VCO_tb_1"}
\o Resetting statistical vars
\o 
\o *Info*    Setting parameter values ...
\o 
\o Setting var vin = "0.3"
\o 
\o *Info*    Netlist Directory =
\o           /home/vlsi/simulation/PD/VCO_tb/maestro/results/maestro/ExplorerRun.0/4/PD_VCO_tb_1/netlist
\o 
\o 
\o *Info*    Data Directory    =
\o           /home/vlsi/simulation/PD/VCO_tb/maestro/results/maestro/ExplorerRun.0/4/PD_VCO_tb_1
\o 
\o Reusing AHDL Data dir
\o generate netlist...
\o Ignoring netlist creation since ignoreDesignChangesDuringRun is set to true
\o       ...successful.
\o compose simulator input file...
\o       ...successful.
\o [2025-12-03 11:02:12.938 +0530] [PROCESS] [cadence.virtuoso.ade.services.netlister] - Current memory used: 770.7031 MBytes, peak memory used: 770.7031 MBytes {"hostname": "cad13", "processid": 62791, "testname": "PD_VCO_tb_1", "point": 4, "logfile": "/home/vlsi/Desktop/PLL_NEW/logs_vlsi/logs0/Service8.log"}
\o [2025-12-03 11:02:12.938 +0530] [INFO] [cadence.virtuoso.ade.services.netlister] - Finished netlisting {"point": 4, "testname": "PD_VCO_tb_1"}
\o [2025-12-03 11:02:12.939 +0530] [EVENT] [cadence.virtuoso.ade.services.netlister] - NewPoint {"point": 5, "testname": "PD_VCO_tb_1", "event": "NewPoint", "EventSource": "Netlist Service", "HistoryName": "ExplorerRun.0", "logFile": "/home/vlsi/Desktop/PLL_NEW/logs_vlsi/logs0/Service8.log", "logFileSize": "40684"}
\o [2025-12-03 11:02:12.939 +0530] [INFO] [cadence.virtuoso.ade.services.netlister] - Started netlisting {"point": 5, "testname": "PD_VCO_tb_1"}
\o Resetting statistical vars
\o 
\o *Info*    Setting parameter values ...
\o 
\o Setting var vin = "0.4"
\o 
\o *Info*    Netlist Directory =
\o           /home/vlsi/simulation/PD/VCO_tb/maestro/results/maestro/ExplorerRun.0/5/PD_VCO_tb_1/netlist
\o 
\o 
\o *Info*    Data Directory    =
\o           /home/vlsi/simulation/PD/VCO_tb/maestro/results/maestro/ExplorerRun.0/5/PD_VCO_tb_1
\o 
\o Reusing AHDL Data dir
\o generate netlist...
\o Ignoring netlist creation since ignoreDesignChangesDuringRun is set to true
\o       ...successful.
\o compose simulator input file...
\o       ...successful.
\o [2025-12-03 11:02:13.690 +0530] [PROCESS] [cadence.virtuoso.ade.services.netlister] - Current memory used: 770.7031 MBytes, peak memory used: 770.7031 MBytes {"hostname": "cad13", "processid": 62791, "testname": "PD_VCO_tb_1", "point": 5, "logfile": "/home/vlsi/Desktop/PLL_NEW/logs_vlsi/logs0/Service8.log"}
\o [2025-12-03 11:02:13.690 +0530] [INFO] [cadence.virtuoso.ade.services.netlister] - Finished netlisting {"point": 5, "testname": "PD_VCO_tb_1"}
\o [2025-12-03 11:02:13.691 +0530] [EVENT] [cadence.virtuoso.ade.services.netlister] - NewPoint {"point": 6, "testname": "PD_VCO_tb_1", "event": "NewPoint", "EventSource": "Netlist Service", "HistoryName": "ExplorerRun.0", "logFile": "/home/vlsi/Desktop/PLL_NEW/logs_vlsi/logs0/Service8.log", "logFileSize": "42205"}
\o [2025-12-03 11:02:13.691 +0530] [INFO] [cadence.virtuoso.ade.services.netlister] - Started netlisting {"point": 6, "testname": "PD_VCO_tb_1"}
\o Resetting statistical vars
\o 
\o *Info*    Setting parameter values ...
\o 
\o Setting var vin = "0.5"
\o 
\o *Info*    Netlist Directory =
\o           /home/vlsi/simulation/PD/VCO_tb/maestro/results/maestro/ExplorerRun.0/6/PD_VCO_tb_1/netlist
\o 
\o 
\o *Info*    Data Directory    =
\o           /home/vlsi/simulation/PD/VCO_tb/maestro/results/maestro/ExplorerRun.0/6/PD_VCO_tb_1
\o 
\o Reusing AHDL Data dir
\o generate netlist...
\o Ignoring netlist creation since ignoreDesignChangesDuringRun is set to true
\o       ...successful.
\o compose simulator input file...
\o       ...successful.
\o [2025-12-03 11:02:14.173 +0530] [PROCESS] [cadence.virtuoso.ade.services.netlister] - Current memory used: 770.7031 MBytes, peak memory used: 770.7031 MBytes {"hostname": "cad13", "processid": 62791, "testname": "PD_VCO_tb_1", "point": 6, "logfile": "/home/vlsi/Desktop/PLL_NEW/logs_vlsi/logs0/Service8.log"}
\o [2025-12-03 11:02:14.174 +0530] [INFO] [cadence.virtuoso.ade.services.netlister] - Finished netlisting {"point": 6, "testname": "PD_VCO_tb_1"}
\o [2025-12-03 11:02:14.174 +0530] [EVENT] [cadence.virtuoso.ade.services.netlister] - NewPoint {"point": 7, "testname": "PD_VCO_tb_1", "event": "NewPoint", "EventSource": "Netlist Service", "HistoryName": "ExplorerRun.0", "logFile": "/home/vlsi/Desktop/PLL_NEW/logs_vlsi/logs0/Service8.log", "logFileSize": "43726"}
\o [2025-12-03 11:02:14.174 +0530] [INFO] [cadence.virtuoso.ade.services.netlister] - Started netlisting {"point": 7, "testname": "PD_VCO_tb_1"}
\o Resetting statistical vars
\o 
\o *Info*    Setting parameter values ...
\o 
\o Setting var vin = "0.6"
\o 
\o *Info*    Netlist Directory =
\o           /home/vlsi/simulation/PD/VCO_tb/maestro/results/maestro/ExplorerRun.0/7/PD_VCO_tb_1/netlist
\o 
\o 
\o *Info*    Data Directory    =
\o           /home/vlsi/simulation/PD/VCO_tb/maestro/results/maestro/ExplorerRun.0/7/PD_VCO_tb_1
\o 
\o Reusing AHDL Data dir
\o generate netlist...
\o Ignoring netlist creation since ignoreDesignChangesDuringRun is set to true
\o       ...successful.
\o compose simulator input file...
\o       ...successful.
\o [2025-12-03 11:02:14.766 +0530] [PROCESS] [cadence.virtuoso.ade.services.netlister] - Current memory used: 770.7031 MBytes, peak memory used: 770.7031 MBytes {"hostname": "cad13", "processid": 62791, "testname": "PD_VCO_tb_1", "point": 7, "logfile": "/home/vlsi/Desktop/PLL_NEW/logs_vlsi/logs0/Service8.log"}
\o [2025-12-03 11:02:14.766 +0530] [INFO] [cadence.virtuoso.ade.services.netlister] - Finished netlisting {"point": 7, "testname": "PD_VCO_tb_1"}
\o [2025-12-03 11:02:14.767 +0530] [EVENT] [cadence.virtuoso.ade.services.netlister] - NewPoint {"point": 8, "testname": "PD_VCO_tb_1", "event": "NewPoint", "EventSource": "Netlist Service", "HistoryName": "ExplorerRun.0", "logFile": "/home/vlsi/Desktop/PLL_NEW/logs_vlsi/logs0/Service8.log", "logFileSize": "45247"}
\o [2025-12-03 11:02:14.767 +0530] [INFO] [cadence.virtuoso.ade.services.netlister] - Started netlisting {"point": 8, "testname": "PD_VCO_tb_1"}
\o Resetting statistical vars
\o 
\o *Info*    Setting parameter values ...
\o 
\o Setting var vin = "0.7"
\o 
\o *Info*    Netlist Directory =
\o           /home/vlsi/simulation/PD/VCO_tb/maestro/results/maestro/ExplorerRun.0/8/PD_VCO_tb_1/netlist
\o 
\o 
\o *Info*    Data Directory    =
\o           /home/vlsi/simulation/PD/VCO_tb/maestro/results/maestro/ExplorerRun.0/8/PD_VCO_tb_1
\o 
\o Reusing AHDL Data dir
\o generate netlist...
\o Ignoring netlist creation since ignoreDesignChangesDuringRun is set to true
\o       ...successful.
\o compose simulator input file...
\o       ...successful.
\o [2025-12-03 11:02:15.309 +0530] [PROCESS] [cadence.virtuoso.ade.services.netlister] - Current memory used: 770.7031 MBytes, peak memory used: 770.7031 MBytes {"hostname": "cad13", "processid": 62791, "testname": "PD_VCO_tb_1", "point": 8, "logfile": "/home/vlsi/Desktop/PLL_NEW/logs_vlsi/logs0/Service8.log"}
\o [2025-12-03 11:02:15.309 +0530] [INFO] [cadence.virtuoso.ade.services.netlister] - Finished netlisting {"point": 8, "testname": "PD_VCO_tb_1"}
\o [2025-12-03 11:02:15.310 +0530] [EVENT] [cadence.virtuoso.ade.services.netlister] - NewPoint {"point": 9, "testname": "PD_VCO_tb_1", "event": "NewPoint", "EventSource": "Netlist Service", "HistoryName": "ExplorerRun.0", "logFile": "/home/vlsi/Desktop/PLL_NEW/logs_vlsi/logs0/Service8.log", "logFileSize": "46768"}
\o [2025-12-03 11:02:15.310 +0530] [INFO] [cadence.virtuoso.ade.services.netlister] - Started netlisting {"point": 9, "testname": "PD_VCO_tb_1"}
\o Resetting statistical vars
\o 
\o *Info*    Setting parameter values ...
\o 
\o Setting var vin = "0.8"
\o 
\o *Info*    Netlist Directory =
\o           /home/vlsi/simulation/PD/VCO_tb/maestro/results/maestro/ExplorerRun.0/9/PD_VCO_tb_1/netlist
\o 
\o 
\o *Info*    Data Directory    =
\o           /home/vlsi/simulation/PD/VCO_tb/maestro/results/maestro/ExplorerRun.0/9/PD_VCO_tb_1
\o 
\o Reusing AHDL Data dir
\o generate netlist...
\o Ignoring netlist creation since ignoreDesignChangesDuringRun is set to true
\o       ...successful.
\o compose simulator input file...
\o       ...successful.
\o [2025-12-03 11:02:15.875 +0530] [PROCESS] [cadence.virtuoso.ade.services.netlister] - Current memory used: 770.7031 MBytes, peak memory used: 770.7031 MBytes {"hostname": "cad13", "processid": 62791, "testname": "PD_VCO_tb_1", "point": 9, "logfile": "/home/vlsi/Desktop/PLL_NEW/logs_vlsi/logs0/Service8.log"}
\o [2025-12-03 11:02:15.875 +0530] [INFO] [cadence.virtuoso.ade.services.netlister] - Finished netlisting {"point": 9, "testname": "PD_VCO_tb_1"}
\o [2025-12-03 11:02:15.876 +0530] [EVENT] [cadence.virtuoso.ade.services.netlister] - NewPoint {"point": 10, "testname": "PD_VCO_tb_1", "event": "NewPoint", "EventSource": "Netlist Service", "HistoryName": "ExplorerRun.0", "logFile": "/home/vlsi/Desktop/PLL_NEW/logs_vlsi/logs0/Service8.log", "logFileSize": "48289"}
\o [2025-12-03 11:02:15.876 +0530] [INFO] [cadence.virtuoso.ade.services.netlister] - Started netlisting {"point": 10, "testname": "PD_VCO_tb_1"}
\o Resetting statistical vars
\o 
\o *Info*    Setting parameter values ...
\o 
\o Setting var vin = "0.9"
\o 
\o *Info*    Netlist Directory =
\o           /home/vlsi/simulation/PD/VCO_tb/maestro/results/maestro/ExplorerRun.0/10/PD_VCO_tb_1/netlist
\o 
\o 
\o *Info*    Data Directory    =
\o           /home/vlsi/simulation/PD/VCO_tb/maestro/results/maestro/ExplorerRun.0/10/PD_VCO_tb_1
\o 
\o Reusing AHDL Data dir
\o generate netlist...
\o Ignoring netlist creation since ignoreDesignChangesDuringRun is set to true
\o       ...successful.
\o compose simulator input file...
\o       ...successful.
\o [2025-12-03 11:02:16.343 +0530] [PROCESS] [cadence.virtuoso.ade.services.netlister] - Current memory used: 770.7031 MBytes, peak memory used: 770.7031 MBytes {"hostname": "cad13", "processid": 62791, "testname": "PD_VCO_tb_1", "point": 10, "logfile": "/home/vlsi/Desktop/PLL_NEW/logs_vlsi/logs0/Service8.log"}
\o [2025-12-03 11:02:16.343 +0530] [INFO] [cadence.virtuoso.ade.services.netlister] - Finished netlisting {"point": 10, "testname": "PD_VCO_tb_1"}
\o [2025-12-03 11:02:16.344 +0530] [EVENT] [cadence.virtuoso.ade.services.netlister] - NewPoint {"point": 11, "testname": "PD_VCO_tb_1", "event": "NewPoint", "EventSource": "Netlist Service", "HistoryName": "ExplorerRun.0", "logFile": "/home/vlsi/Desktop/PLL_NEW/logs_vlsi/logs0/Service8.log", "logFileSize": "49816"}
\o [2025-12-03 11:02:16.344 +0530] [INFO] [cadence.virtuoso.ade.services.netlister] - Started netlisting {"point": 11, "testname": "PD_VCO_tb_1"}
\o Resetting statistical vars
\o 
\o *Info*    Setting parameter values ...
\o 
\o Setting var vin = "1"
\o 
\o *Info*    Netlist Directory =
\o           /home/vlsi/simulation/PD/VCO_tb/maestro/results/maestro/ExplorerRun.0/11/PD_VCO_tb_1/netlist
\o 
\o 
\o *Info*    Data Directory    =
\o           /home/vlsi/simulation/PD/VCO_tb/maestro/results/maestro/ExplorerRun.0/11/PD_VCO_tb_1
\o 
\o Reusing AHDL Data dir
\o generate netlist...
\o Ignoring netlist creation since ignoreDesignChangesDuringRun is set to true
\o       ...successful.
\o compose simulator input file...
\o       ...successful.
\o [2025-12-03 11:02:16.877 +0530] [PROCESS] [cadence.virtuoso.ade.services.netlister] - Current memory used: 770.7031 MBytes, peak memory used: 770.7031 MBytes {"hostname": "cad13", "processid": 62791, "testname": "PD_VCO_tb_1", "point": 11, "logfile": "/home/vlsi/Desktop/PLL_NEW/logs_vlsi/logs0/Service8.log"}
\o [2025-12-03 11:02:16.877 +0530] [INFO] [cadence.virtuoso.ade.services.netlister] - Finished netlisting {"point": 11, "testname": "PD_VCO_tb_1"}
\o [2025-12-03 11:02:16.878 +0530] [EVENT] [cadence.virtuoso.ade.services.netlister] - NewPoint {"point": 12, "testname": "PD_VCO_tb_1", "event": "NewPoint", "EventSource": "Netlist Service", "HistoryName": "ExplorerRun.0", "logFile": "/home/vlsi/Desktop/PLL_NEW/logs_vlsi/logs0/Service8.log", "logFileSize": "51341"}
\o [2025-12-03 11:02:16.878 +0530] [INFO] [cadence.virtuoso.ade.services.netlister] - Started netlisting {"point": 12, "testname": "PD_VCO_tb_1"}
\o Resetting statistical vars
\o 
\o *Info*    Setting parameter values ...
\o 
\o Setting var vin = "1.1"
\o 
\o *Info*    Netlist Directory =
\o           /home/vlsi/simulation/PD/VCO_tb/maestro/results/maestro/ExplorerRun.0/12/PD_VCO_tb_1/netlist
\o 
\o 
\o *Info*    Data Directory    =
\o           /home/vlsi/simulation/PD/VCO_tb/maestro/results/maestro/ExplorerRun.0/12/PD_VCO_tb_1
\o 
\o Reusing AHDL Data dir
\o generate netlist...
\o Ignoring netlist creation since ignoreDesignChangesDuringRun is set to true
\o       ...successful.
\o compose simulator input file...
\o       ...successful.
\o [2025-12-03 11:02:17.285 +0530] [PROCESS] [cadence.virtuoso.ade.services.netlister] - Current memory used: 770.7031 MBytes, peak memory used: 770.7031 MBytes {"hostname": "cad13", "processid": 62791, "testname": "PD_VCO_tb_1", "point": 12, "logfile": "/home/vlsi/Desktop/PLL_NEW/logs_vlsi/logs0/Service8.log"}
\o [2025-12-03 11:02:17.286 +0530] [INFO] [cadence.virtuoso.ade.services.netlister] - Finished netlisting {"point": 12, "testname": "PD_VCO_tb_1"}
\o [2025-12-03 11:02:17.286 +0530] [EVENT] [cadence.virtuoso.ade.services.netlister] - NewPoint {"point": 13, "testname": "PD_VCO_tb_1", "event": "NewPoint", "EventSource": "Netlist Service", "HistoryName": "ExplorerRun.0", "logFile": "/home/vlsi/Desktop/PLL_NEW/logs_vlsi/logs0/Service8.log", "logFileSize": "52868"}
\o [2025-12-03 11:02:17.286 +0530] [INFO] [cadence.virtuoso.ade.services.netlister] - Started netlisting {"point": 13, "testname": "PD_VCO_tb_1"}
\o Resetting statistical vars
\o 
\o *Info*    Setting parameter values ...
\o 
\o Setting var vin = "1.2"
\o 
\o *Info*    Netlist Directory =
\o           /home/vlsi/simulation/PD/VCO_tb/maestro/results/maestro/ExplorerRun.0/13/PD_VCO_tb_1/netlist
\o 
\o 
\o *Info*    Data Directory    =
\o           /home/vlsi/simulation/PD/VCO_tb/maestro/results/maestro/ExplorerRun.0/13/PD_VCO_tb_1
\o 
\o Reusing AHDL Data dir
\o generate netlist...
\o Ignoring netlist creation since ignoreDesignChangesDuringRun is set to true
\o       ...successful.
\o compose simulator input file...
\o       ...successful.
\o [2025-12-03 11:02:17.696 +0530] [PROCESS] [cadence.virtuoso.ade.services.netlister] - Current memory used: 770.7031 MBytes, peak memory used: 770.7031 MBytes {"hostname": "cad13", "processid": 62791, "testname": "PD_VCO_tb_1", "point": 13, "logfile": "/home/vlsi/Desktop/PLL_NEW/logs_vlsi/logs0/Service8.log"}
\o [2025-12-03 11:02:17.696 +0530] [INFO] [cadence.virtuoso.ade.services.netlister] - Finished netlisting {"point": 13, "testname": "PD_VCO_tb_1"}
\o [2025-12-03 11:02:17.697 +0530] [EVENT] [cadence.virtuoso.ade.services.netlister] - NewPoint {"point": 14, "testname": "PD_VCO_tb_1", "event": "NewPoint", "EventSource": "Netlist Service", "HistoryName": "ExplorerRun.0", "logFile": "/home/vlsi/Desktop/PLL_NEW/logs_vlsi/logs0/Service8.log", "logFileSize": "54395"}
\o [2025-12-03 11:02:17.697 +0530] [INFO] [cadence.virtuoso.ade.services.netlister] - Started netlisting {"point": 14, "testname": "PD_VCO_tb_1"}
\o Resetting statistical vars
\o 
\o *Info*    Setting parameter values ...
\o 
\o Setting var vin = "1.3"
\o 
\o *Info*    Netlist Directory =
\o           /home/vlsi/simulation/PD/VCO_tb/maestro/results/maestro/ExplorerRun.0/14/PD_VCO_tb_1/netlist
\o 
\o 
\o *Info*    Data Directory    =
\o           /home/vlsi/simulation/PD/VCO_tb/maestro/results/maestro/ExplorerRun.0/14/PD_VCO_tb_1
\o 
\o Reusing AHDL Data dir
\o generate netlist...
\o Ignoring netlist creation since ignoreDesignChangesDuringRun is set to true
\o       ...successful.
\o compose simulator input file...
\o       ...successful.
\o [2025-12-03 11:02:18.138 +0530] [PROCESS] [cadence.virtuoso.ade.services.netlister] - Current memory used: 770.7031 MBytes, peak memory used: 770.7031 MBytes {"hostname": "cad13", "processid": 62791, "testname": "PD_VCO_tb_1", "point": 14, "logfile": "/home/vlsi/Desktop/PLL_NEW/logs_vlsi/logs0/Service8.log"}
\o [2025-12-03 11:02:18.138 +0530] [INFO] [cadence.virtuoso.ade.services.netlister] - Finished netlisting {"point": 14, "testname": "PD_VCO_tb_1"}
\o [2025-12-03 11:02:18.139 +0530] [EVENT] [cadence.virtuoso.ade.services.netlister] - NewPoint {"point": 15, "testname": "PD_VCO_tb_1", "event": "NewPoint", "EventSource": "Netlist Service", "HistoryName": "ExplorerRun.0", "logFile": "/home/vlsi/Desktop/PLL_NEW/logs_vlsi/logs0/Service8.log", "logFileSize": "55922"}
\o [2025-12-03 11:02:18.139 +0530] [INFO] [cadence.virtuoso.ade.services.netlister] - Started netlisting {"point": 15, "testname": "PD_VCO_tb_1"}
\o Resetting statistical vars
\o 
\o *Info*    Setting parameter values ...
\o 
\o Setting var vin = "1.4"
\o 
\o *Info*    Netlist Directory =
\o           /home/vlsi/simulation/PD/VCO_tb/maestro/results/maestro/ExplorerRun.0/15/PD_VCO_tb_1/netlist
\o 
\o 
\o *Info*    Data Directory    =
\o           /home/vlsi/simulation/PD/VCO_tb/maestro/results/maestro/ExplorerRun.0/15/PD_VCO_tb_1
\o 
\o Reusing AHDL Data dir
\o generate netlist...
\o Ignoring netlist creation since ignoreDesignChangesDuringRun is set to true
\o       ...successful.
\o compose simulator input file...
\o       ...successful.
\o [2025-12-03 11:02:18.664 +0530] [PROCESS] [cadence.virtuoso.ade.services.netlister] - Current memory used: 770.7031 MBytes, peak memory used: 770.7031 MBytes {"hostname": "cad13", "processid": 62791, "testname": "PD_VCO_tb_1", "point": 15, "logfile": "/home/vlsi/Desktop/PLL_NEW/logs_vlsi/logs0/Service8.log"}
\o [2025-12-03 11:02:18.664 +0530] [INFO] [cadence.virtuoso.ade.services.netlister] - Finished netlisting {"point": 15, "testname": "PD_VCO_tb_1"}
\o **** stopping dspf2oa stdobj@0x343c5500 0 8
\o [2025-12-03 11:02:20.666 +0530] [EVENT] [cadence.virtuoso.ade.services.netlister] - NewPoint {"point": 0, "testname": "PD_VCO_tb_1", "event": "NewPoint", "EventSource": "Netlist Service", "HistoryName": "ExplorerRun.0", "logFile": "/home/vlsi/Desktop/PLL_NEW/logs_vlsi/logs0/Service8.log", "logFileSize": "57496"}
\o [2025-12-03 11:02:20.666 +0530] [INFO] [cadence.virtuoso.ade.services.netlister] - Started preparing netlist {"point": 0, "testname": "PD_VCO_tb_1", "testnameKey": "PD_VCO_tb_1"}
\o Simulation design variables differ from those on the cellView,
\o they have been saved in the file "/tmp/saved-design-variables".
\o To save future changes, copy variables to cellView before exiting.
\o *Warning* AXL Context Manager : job 8 is already registered. 
\o 
\o 
\o 
\o *Info*    Configuring the session ...
\o 
\o 	Library      = PD
\o 	Cell         = VCO_tb
\o 	View         = schematic
\o 	Simulator    = spectre
\o 	State Path   = $AXL_SETUPDB_DIR/test_states
\o 	State Name   = ExplorerRun.0
\o 	Results DB   = /home/vlsi/Desktop/PLL_NEW/PD/VCO_tb/maestro/results/maestro/ExplorerRun.0.rdb
\o 	Results Dir  = /home/vlsi/simulation/PD/VCO_tb/maestro/results/maestro/ExplorerRun.0/1/PD_VCO_tb_1
\o 	Results Loc  = /home/vlsi/simulation/PD/VCO_tb/maestro/results/maestro
\o 	Project Dir  = /home/vlsi/simulation
\o 	Setup DB loc = /home/vlsi/Desktop/PLL_NEW/PD/VCO_tb/maestro
\o 	File Encoding = 0
\o 
\o 
\o 
\o *Info*    The auto suspension is disabled.
\o 
\o Resetting statistical vars
\o 
\o *Info*    Setting parameter values ...
\o 
\o Setting var vin = "0"
\o Reusing AHDL Data dir
\o 
\o *Info*    Data Directory    =
\o           /home/vlsi/simulation/PD/VCO_tb/maestro/results/maestro/ExplorerRun.0/psf/PD_VCO_tb_1
\o 
\o generate netlist...
\o Initializing the control file using cp:
\o     cp /home/install/IC618/tools.lnx86/dfII/etc/si/control.spectre /home/vlsi/simulation/PD/VCO_tb/maestro/results/maestro/ExplorerRun.0/psf/PD_VCO_tb_1/netlist/control
\o Copying Spectre source file 'spectre.inp'
\o Copying Spectre command file 'spectre.sim'
\o Begin Incremental Netlisting Dec  3 11:02:22 2025
\o End netlisting Dec  3 11:02:22 2025
\o 
\o Netlisting Statistics:
\o 	Number of components:   60
\o 
\o 	Elapsed time:          0.0s
\o Errors: 0	Warnings: 0
\o       ...successful.
\o compose simulator input file...
\o       ...successful.
\o [2025-12-03 11:02:22.228 +0530] [INFO] [cadence.virtuoso.ade.services.netlister] - Finished preparing netlist {"point": 0, "testname": "PD_VCO_tb_1", "testnameKey": "PD_VCO_tb_1"}
\o [2025-12-03 11:02:23.229 +0530] [EVENT] [cadence.virtuoso.ade.services.netlister] - NewPoint {"point": 1, "testname": "PD_VCO_tb_1", "event": "NewPoint", "EventSource": "Netlist Service", "HistoryName": "ExplorerRun.0", "logFile": "/home/vlsi/Desktop/PLL_NEW/logs_vlsi/logs0/Service8.log", "logFileSize": "58061"}
\o [2025-12-03 11:02:23.230 +0530] [INFO] [cadence.virtuoso.ade.services.netlister] - Started netlisting {"point": 1, "testname": "PD_VCO_tb_1"}
\o Resetting statistical vars
\o 
\o *Info*    Setting parameter values ...
\o 
\o Setting temp(T) = 27
\o Setting var vin = "0"
\o 
\o *Info*    Netlist Directory =
\o           /home/vlsi/simulation/PD/VCO_tb/maestro/results/maestro/ExplorerRun.0/1/PD_VCO_tb_1/netlist
\o 
\o 
\o *Info*    Data Directory    =
\o           /home/vlsi/simulation/PD/VCO_tb/maestro/results/maestro/ExplorerRun.0/1/PD_VCO_tb_1
\o 
\o Reusing AHDL Data dir
\o generate netlist...
\o Ignoring netlist creation since ignoreDesignChangesDuringRun is set to true
\o       ...successful.
\o compose simulator input file...
\o       ...successful.
\o [2025-12-03 11:02:23.820 +0530] [PROCESS] [cadence.virtuoso.ade.services.netlister] - Current memory used: 772.7070 MBytes, peak memory used: 772.7070 MBytes {"hostname": "cad13", "processid": 62791, "testname": "PD_VCO_tb_1", "point": 1, "logfile": "/home/vlsi/Desktop/PLL_NEW/logs_vlsi/logs0/Service8.log"}
\o [2025-12-03 11:02:23.820 +0530] [INFO] [cadence.virtuoso.ade.services.netlister] - Finished netlisting {"point": 1, "testname": "PD_VCO_tb_1"}
\o [2025-12-03 11:02:23.821 +0530] [EVENT] [cadence.virtuoso.ade.services.netlister] - NewPoint {"point": 2, "testname": "PD_VCO_tb_1", "event": "NewPoint", "EventSource": "Netlist Service", "HistoryName": "ExplorerRun.0", "logFile": "/home/vlsi/Desktop/PLL_NEW/logs_vlsi/logs0/Service8.log", "logFileSize": "61592"}
\o [2025-12-03 11:02:23.821 +0530] [INFO] [cadence.virtuoso.ade.services.netlister] - Started netlisting {"point": 2, "testname": "PD_VCO_tb_1"}
\o Resetting statistical vars
\o 
\o *Info*    Setting parameter values ...
\o 
\o Setting var vin = "0.1"
\o 
\o *Info*    Netlist Directory =
\o           /home/vlsi/simulation/PD/VCO_tb/maestro/results/maestro/ExplorerRun.0/2/PD_VCO_tb_1/netlist
\o 
\o 
\o *Info*    Data Directory    =
\o           /home/vlsi/simulation/PD/VCO_tb/maestro/results/maestro/ExplorerRun.0/2/PD_VCO_tb_1
\o 
\o Reusing AHDL Data dir
\o generate netlist...
\o Ignoring netlist creation since ignoreDesignChangesDuringRun is set to true
\o       ...successful.
\o compose simulator input file...
\o       ...successful.
\o [2025-12-03 11:02:24.279 +0530] [PROCESS] [cadence.virtuoso.ade.services.netlister] - Current memory used: 772.7070 MBytes, peak memory used: 772.7070 MBytes {"hostname": "cad13", "processid": 62791, "testname": "PD_VCO_tb_1", "point": 2, "logfile": "/home/vlsi/Desktop/PLL_NEW/logs_vlsi/logs0/Service8.log"}
\o [2025-12-03 11:02:24.279 +0530] [INFO] [cadence.virtuoso.ade.services.netlister] - Finished netlisting {"point": 2, "testname": "PD_VCO_tb_1"}
\o [2025-12-03 11:02:24.280 +0530] [EVENT] [cadence.virtuoso.ade.services.netlister] - NewPoint {"point": 3, "testname": "PD_VCO_tb_1", "event": "NewPoint", "EventSource": "Netlist Service", "HistoryName": "ExplorerRun.0", "logFile": "/home/vlsi/Desktop/PLL_NEW/logs_vlsi/logs0/Service8.log", "logFileSize": "63113"}
\o [2025-12-03 11:02:24.280 +0530] [INFO] [cadence.virtuoso.ade.services.netlister] - Started netlisting {"point": 3, "testname": "PD_VCO_tb_1"}
\o Resetting statistical vars
\o 
\o *Info*    Setting parameter values ...
\o 
\o Setting var vin = "0.2"
\o 
\o *Info*    Netlist Directory =
\o           /home/vlsi/simulation/PD/VCO_tb/maestro/results/maestro/ExplorerRun.0/3/PD_VCO_tb_1/netlist
\o 
\o 
\o *Info*    Data Directory    =
\o           /home/vlsi/simulation/PD/VCO_tb/maestro/results/maestro/ExplorerRun.0/3/PD_VCO_tb_1
\o 
\o Reusing AHDL Data dir
\o generate netlist...
\o Ignoring netlist creation since ignoreDesignChangesDuringRun is set to true
\o       ...successful.
\o compose simulator input file...
\o       ...successful.
\o [2025-12-03 11:02:24.796 +0530] [PROCESS] [cadence.virtuoso.ade.services.netlister] - Current memory used: 772.7070 MBytes, peak memory used: 772.7070 MBytes {"hostname": "cad13", "processid": 62791, "testname": "PD_VCO_tb_1", "point": 3, "logfile": "/home/vlsi/Desktop/PLL_NEW/logs_vlsi/logs0/Service8.log"}
\o [2025-12-03 11:02:24.797 +0530] [INFO] [cadence.virtuoso.ade.services.netlister] - Finished netlisting {"point": 3, "testname": "PD_VCO_tb_1"}
\o [2025-12-03 11:02:24.797 +0530] [EVENT] [cadence.virtuoso.ade.services.netlister] - NewPoint {"point": 4, "testname": "PD_VCO_tb_1", "event": "NewPoint", "EventSource": "Netlist Service", "HistoryName": "ExplorerRun.0", "logFile": "/home/vlsi/Desktop/PLL_NEW/logs_vlsi/logs0/Service8.log", "logFileSize": "64634"}
\o [2025-12-03 11:02:24.797 +0530] [INFO] [cadence.virtuoso.ade.services.netlister] - Started netlisting {"point": 4, "testname": "PD_VCO_tb_1"}
\o Resetting statistical vars
\o 
\o *Info*    Setting parameter values ...
\o 
\o Setting var vin = "0.3"
\o 
\o *Info*    Netlist Directory =
\o           /home/vlsi/simulation/PD/VCO_tb/maestro/results/maestro/ExplorerRun.0/4/PD_VCO_tb_1/netlist
\o 
\o 
\o *Info*    Data Directory    =
\o           /home/vlsi/simulation/PD/VCO_tb/maestro/results/maestro/ExplorerRun.0/4/PD_VCO_tb_1
\o 
\o Reusing AHDL Data dir
\o generate netlist...
\o Ignoring netlist creation since ignoreDesignChangesDuringRun is set to true
\o       ...successful.
\o compose simulator input file...
\o       ...successful.
\o [2025-12-03 11:02:25.221 +0530] [PROCESS] [cadence.virtuoso.ade.services.netlister] - Current memory used: 772.7070 MBytes, peak memory used: 772.7070 MBytes {"hostname": "cad13", "processid": 62791, "testname": "PD_VCO_tb_1", "point": 4, "logfile": "/home/vlsi/Desktop/PLL_NEW/logs_vlsi/logs0/Service8.log"}
\o [2025-12-03 11:02:25.222 +0530] [INFO] [cadence.virtuoso.ade.services.netlister] - Finished netlisting {"point": 4, "testname": "PD_VCO_tb_1"}
\o [2025-12-03 11:02:25.222 +0530] [EVENT] [cadence.virtuoso.ade.services.netlister] - NewPoint {"point": 5, "testname": "PD_VCO_tb_1", "event": "NewPoint", "EventSource": "Netlist Service", "HistoryName": "ExplorerRun.0", "logFile": "/home/vlsi/Desktop/PLL_NEW/logs_vlsi/logs0/Service8.log", "logFileSize": "66155"}
\o [2025-12-03 11:02:25.222 +0530] [INFO] [cadence.virtuoso.ade.services.netlister] - Started netlisting {"point": 5, "testname": "PD_VCO_tb_1"}
\o Resetting statistical vars
\o 
\o *Info*    Setting parameter values ...
\o 
\o Setting var vin = "0.4"
\o 
\o *Info*    Netlist Directory =
\o           /home/vlsi/simulation/PD/VCO_tb/maestro/results/maestro/ExplorerRun.0/5/PD_VCO_tb_1/netlist
\o 
\o 
\o *Info*    Data Directory    =
\o           /home/vlsi/simulation/PD/VCO_tb/maestro/results/maestro/ExplorerRun.0/5/PD_VCO_tb_1
\o 
\o Reusing AHDL Data dir
\o generate netlist...
\o Ignoring netlist creation since ignoreDesignChangesDuringRun is set to true
\o       ...successful.
\o compose simulator input file...
\o       ...successful.
\o [2025-12-03 11:02:25.772 +0530] [PROCESS] [cadence.virtuoso.ade.services.netlister] - Current memory used: 772.7070 MBytes, peak memory used: 772.7070 MBytes {"hostname": "cad13", "processid": 62791, "testname": "PD_VCO_tb_1", "point": 5, "logfile": "/home/vlsi/Desktop/PLL_NEW/logs_vlsi/logs0/Service8.log"}
\o [2025-12-03 11:02:25.773 +0530] [INFO] [cadence.virtuoso.ade.services.netlister] - Finished netlisting {"point": 5, "testname": "PD_VCO_tb_1"}
\o [2025-12-03 11:02:25.773 +0530] [EVENT] [cadence.virtuoso.ade.services.netlister] - NewPoint {"point": 6, "testname": "PD_VCO_tb_1", "event": "NewPoint", "EventSource": "Netlist Service", "HistoryName": "ExplorerRun.0", "logFile": "/home/vlsi/Desktop/PLL_NEW/logs_vlsi/logs0/Service8.log", "logFileSize": "67676"}
\o [2025-12-03 11:02:25.773 +0530] [INFO] [cadence.virtuoso.ade.services.netlister] - Started netlisting {"point": 6, "testname": "PD_VCO_tb_1"}
\o Resetting statistical vars
\o 
\o *Info*    Setting parameter values ...
\o 
\o Setting var vin = "0.5"
\o 
\o *Info*    Netlist Directory =
\o           /home/vlsi/simulation/PD/VCO_tb/maestro/results/maestro/ExplorerRun.0/6/PD_VCO_tb_1/netlist
\o 
\o 
\o *Info*    Data Directory    =
\o           /home/vlsi/simulation/PD/VCO_tb/maestro/results/maestro/ExplorerRun.0/6/PD_VCO_tb_1
\o 
\o Reusing AHDL Data dir
\o generate netlist...
\o Ignoring netlist creation since ignoreDesignChangesDuringRun is set to true
\o       ...successful.
\o compose simulator input file...
\o       ...successful.
\o [2025-12-03 11:02:26.223 +0530] [PROCESS] [cadence.virtuoso.ade.services.netlister] - Current memory used: 772.7070 MBytes, peak memory used: 772.7070 MBytes {"hostname": "cad13", "processid": 62791, "testname": "PD_VCO_tb_1", "point": 6, "logfile": "/home/vlsi/Desktop/PLL_NEW/logs_vlsi/logs0/Service8.log"}
\o [2025-12-03 11:02:26.224 +0530] [INFO] [cadence.virtuoso.ade.services.netlister] - Finished netlisting {"point": 6, "testname": "PD_VCO_tb_1"}
\o [2025-12-03 11:02:26.224 +0530] [EVENT] [cadence.virtuoso.ade.services.netlister] - NewPoint {"point": 7, "testname": "PD_VCO_tb_1", "event": "NewPoint", "EventSource": "Netlist Service", "HistoryName": "ExplorerRun.0", "logFile": "/home/vlsi/Desktop/PLL_NEW/logs_vlsi/logs0/Service8.log", "logFileSize": "69197"}
\o [2025-12-03 11:02:26.224 +0530] [INFO] [cadence.virtuoso.ade.services.netlister] - Started netlisting {"point": 7, "testname": "PD_VCO_tb_1"}
\o Resetting statistical vars
\o 
\o *Info*    Setting parameter values ...
\o 
\o Setting var vin = "0.6"
\o 
\o *Info*    Netlist Directory =
\o           /home/vlsi/simulation/PD/VCO_tb/maestro/results/maestro/ExplorerRun.0/7/PD_VCO_tb_1/netlist
\o 
\o 
\o *Info*    Data Directory    =
\o           /home/vlsi/simulation/PD/VCO_tb/maestro/results/maestro/ExplorerRun.0/7/PD_VCO_tb_1
\o 
\o Reusing AHDL Data dir
\o generate netlist...
\o Ignoring netlist creation since ignoreDesignChangesDuringRun is set to true
\o       ...successful.
\o compose simulator input file...
\o       ...successful.
\o [2025-12-03 11:02:26.740 +0530] [PROCESS] [cadence.virtuoso.ade.services.netlister] - Current memory used: 772.7070 MBytes, peak memory used: 772.7070 MBytes {"hostname": "cad13", "processid": 62791, "testname": "PD_VCO_tb_1", "point": 7, "logfile": "/home/vlsi/Desktop/PLL_NEW/logs_vlsi/logs0/Service8.log"}
\o [2025-12-03 11:02:26.740 +0530] [INFO] [cadence.virtuoso.ade.services.netlister] - Finished netlisting {"point": 7, "testname": "PD_VCO_tb_1"}
\o [2025-12-03 11:02:26.740 +0530] [EVENT] [cadence.virtuoso.ade.services.netlister] - NewPoint {"point": 8, "testname": "PD_VCO_tb_1", "event": "NewPoint", "EventSource": "Netlist Service", "HistoryName": "ExplorerRun.0", "logFile": "/home/vlsi/Desktop/PLL_NEW/logs_vlsi/logs0/Service8.log", "logFileSize": "70718"}
\o [2025-12-03 11:02:26.740 +0530] [INFO] [cadence.virtuoso.ade.services.netlister] - Started netlisting {"point": 8, "testname": "PD_VCO_tb_1"}
\o Resetting statistical vars
\o 
\o *Info*    Setting parameter values ...
\o 
\o Setting var vin = "0.7"
\o 
\o *Info*    Netlist Directory =
\o           /home/vlsi/simulation/PD/VCO_tb/maestro/results/maestro/ExplorerRun.0/8/PD_VCO_tb_1/netlist
\o 
\o 
\o *Info*    Data Directory    =
\o           /home/vlsi/simulation/PD/VCO_tb/maestro/results/maestro/ExplorerRun.0/8/PD_VCO_tb_1
\o 
\o Reusing AHDL Data dir
\o generate netlist...
\o Ignoring netlist creation since ignoreDesignChangesDuringRun is set to true
\o       ...successful.
\o compose simulator input file...
\o       ...successful.
\o [2025-12-03 11:02:27.101 +0530] [PROCESS] [cadence.virtuoso.ade.services.netlister] - Current memory used: 772.7070 MBytes, peak memory used: 772.7070 MBytes {"hostname": "cad13", "processid": 62791, "testname": "PD_VCO_tb_1", "point": 8, "logfile": "/home/vlsi/Desktop/PLL_NEW/logs_vlsi/logs0/Service8.log"}
\o [2025-12-03 11:02:27.101 +0530] [INFO] [cadence.virtuoso.ade.services.netlister] - Finished netlisting {"point": 8, "testname": "PD_VCO_tb_1"}
\o [2025-12-03 11:02:27.102 +0530] [EVENT] [cadence.virtuoso.ade.services.netlister] - NewPoint {"point": 9, "testname": "PD_VCO_tb_1", "event": "NewPoint", "EventSource": "Netlist Service", "HistoryName": "ExplorerRun.0", "logFile": "/home/vlsi/Desktop/PLL_NEW/logs_vlsi/logs0/Service8.log", "logFileSize": "72239"}
\o [2025-12-03 11:02:27.102 +0530] [INFO] [cadence.virtuoso.ade.services.netlister] - Started netlisting {"point": 9, "testname": "PD_VCO_tb_1"}
\o Resetting statistical vars
\o 
\o *Info*    Setting parameter values ...
\o 
\o Setting var vin = "0.8"
\o 
\o *Info*    Netlist Directory =
\o           /home/vlsi/simulation/PD/VCO_tb/maestro/results/maestro/ExplorerRun.0/9/PD_VCO_tb_1/netlist
\o 
\o 
\o *Info*    Data Directory    =
\o           /home/vlsi/simulation/PD/VCO_tb/maestro/results/maestro/ExplorerRun.0/9/PD_VCO_tb_1
\o 
\o Reusing AHDL Data dir
\o generate netlist...
\o Ignoring netlist creation since ignoreDesignChangesDuringRun is set to true
\o       ...successful.
\o compose simulator input file...
\o       ...successful.
\o [2025-12-03 11:02:27.609 +0530] [PROCESS] [cadence.virtuoso.ade.services.netlister] - Current memory used: 772.7070 MBytes, peak memory used: 772.7070 MBytes {"hostname": "cad13", "processid": 62791, "testname": "PD_VCO_tb_1", "point": 9, "logfile": "/home/vlsi/Desktop/PLL_NEW/logs_vlsi/logs0/Service8.log"}
\o [2025-12-03 11:02:27.609 +0530] [INFO] [cadence.virtuoso.ade.services.netlister] - Finished netlisting {"point": 9, "testname": "PD_VCO_tb_1"}
\o [2025-12-03 11:02:27.610 +0530] [EVENT] [cadence.virtuoso.ade.services.netlister] - NewPoint {"point": 10, "testname": "PD_VCO_tb_1", "event": "NewPoint", "EventSource": "Netlist Service", "HistoryName": "ExplorerRun.0", "logFile": "/home/vlsi/Desktop/PLL_NEW/logs_vlsi/logs0/Service8.log", "logFileSize": "73760"}
\o [2025-12-03 11:02:27.610 +0530] [INFO] [cadence.virtuoso.ade.services.netlister] - Started netlisting {"point": 10, "testname": "PD_VCO_tb_1"}
\o Resetting statistical vars
\o 
\o *Info*    Setting parameter values ...
\o 
\o Setting var vin = "0.9"
\o 
\o *Info*    Netlist Directory =
\o           /home/vlsi/simulation/PD/VCO_tb/maestro/results/maestro/ExplorerRun.0/10/PD_VCO_tb_1/netlist
\o 
\o 
\o *Info*    Data Directory    =
\o           /home/vlsi/simulation/PD/VCO_tb/maestro/results/maestro/ExplorerRun.0/10/PD_VCO_tb_1
\o 
\o Reusing AHDL Data dir
\o generate netlist...
\o Ignoring netlist creation since ignoreDesignChangesDuringRun is set to true
\o       ...successful.
\o compose simulator input file...
\o       ...successful.
\o [2025-12-03 11:02:28.052 +0530] [PROCESS] [cadence.virtuoso.ade.services.netlister] - Current memory used: 772.7070 MBytes, peak memory used: 772.7070 MBytes {"hostname": "cad13", "processid": 62791, "testname": "PD_VCO_tb_1", "point": 10, "logfile": "/home/vlsi/Desktop/PLL_NEW/logs_vlsi/logs0/Service8.log"}
\o [2025-12-03 11:02:28.052 +0530] [INFO] [cadence.virtuoso.ade.services.netlister] - Finished netlisting {"point": 10, "testname": "PD_VCO_tb_1"}
\o [2025-12-03 11:02:28.053 +0530] [EVENT] [cadence.virtuoso.ade.services.netlister] - NewPoint {"point": 11, "testname": "PD_VCO_tb_1", "event": "NewPoint", "EventSource": "Netlist Service", "HistoryName": "ExplorerRun.0", "logFile": "/home/vlsi/Desktop/PLL_NEW/logs_vlsi/logs0/Service8.log", "logFileSize": "75287"}
\o [2025-12-03 11:02:28.053 +0530] [INFO] [cadence.virtuoso.ade.services.netlister] - Started netlisting {"point": 11, "testname": "PD_VCO_tb_1"}
\o Resetting statistical vars
\o 
\o *Info*    Setting parameter values ...
\o 
\o Setting var vin = "1"
\o 
\o *Info*    Netlist Directory =
\o           /home/vlsi/simulation/PD/VCO_tb/maestro/results/maestro/ExplorerRun.0/11/PD_VCO_tb_1/netlist
\o 
\o 
\o *Info*    Data Directory    =
\o           /home/vlsi/simulation/PD/VCO_tb/maestro/results/maestro/ExplorerRun.0/11/PD_VCO_tb_1
\o 
\o Reusing AHDL Data dir
\o generate netlist...
\o Ignoring netlist creation since ignoreDesignChangesDuringRun is set to true
\o       ...successful.
\o compose simulator input file...
\o       ...successful.
\o [2025-12-03 11:02:28.570 +0530] [PROCESS] [cadence.virtuoso.ade.services.netlister] - Current memory used: 772.7070 MBytes, peak memory used: 772.7070 MBytes {"hostname": "cad13", "processid": 62791, "testname": "PD_VCO_tb_1", "point": 11, "logfile": "/home/vlsi/Desktop/PLL_NEW/logs_vlsi/logs0/Service8.log"}
\o [2025-12-03 11:02:28.570 +0530] [INFO] [cadence.virtuoso.ade.services.netlister] - Finished netlisting {"point": 11, "testname": "PD_VCO_tb_1"}
\o [2025-12-03 11:02:28.570 +0530] [EVENT] [cadence.virtuoso.ade.services.netlister] - NewPoint {"point": 12, "testname": "PD_VCO_tb_1", "event": "NewPoint", "EventSource": "Netlist Service", "HistoryName": "ExplorerRun.0", "logFile": "/home/vlsi/Desktop/PLL_NEW/logs_vlsi/logs0/Service8.log", "logFileSize": "76812"}
\o [2025-12-03 11:02:28.570 +0530] [INFO] [cadence.virtuoso.ade.services.netlister] - Started netlisting {"point": 12, "testname": "PD_VCO_tb_1"}
\o Resetting statistical vars
\o 
\o *Info*    Setting parameter values ...
\o 
\o Setting var vin = "1.1"
\o 
\o *Info*    Netlist Directory =
\o           /home/vlsi/simulation/PD/VCO_tb/maestro/results/maestro/ExplorerRun.0/12/PD_VCO_tb_1/netlist
\o 
\o 
\o *Info*    Data Directory    =
\o           /home/vlsi/simulation/PD/VCO_tb/maestro/results/maestro/ExplorerRun.0/12/PD_VCO_tb_1
\o 
\o Reusing AHDL Data dir
\o generate netlist...
\o Ignoring netlist creation since ignoreDesignChangesDuringRun is set to true
\o       ...successful.
\o compose simulator input file...
\o       ...successful.
\o [2025-12-03 11:02:29.128 +0530] [PROCESS] [cadence.virtuoso.ade.services.netlister] - Current memory used: 772.7070 MBytes, peak memory used: 772.7070 MBytes {"hostname": "cad13", "processid": 62791, "testname": "PD_VCO_tb_1", "point": 12, "logfile": "/home/vlsi/Desktop/PLL_NEW/logs_vlsi/logs0/Service8.log"}
\o [2025-12-03 11:02:29.128 +0530] [INFO] [cadence.virtuoso.ade.services.netlister] - Finished netlisting {"point": 12, "testname": "PD_VCO_tb_1"}
\o [2025-12-03 11:02:29.129 +0530] [EVENT] [cadence.virtuoso.ade.services.netlister] - NewPoint {"point": 13, "testname": "PD_VCO_tb_1", "event": "NewPoint", "EventSource": "Netlist Service", "HistoryName": "ExplorerRun.0", "logFile": "/home/vlsi/Desktop/PLL_NEW/logs_vlsi/logs0/Service8.log", "logFileSize": "78339"}
\o [2025-12-03 11:02:29.129 +0530] [INFO] [cadence.virtuoso.ade.services.netlister] - Started netlisting {"point": 13, "testname": "PD_VCO_tb_1"}
\o Resetting statistical vars
\o 
\o *Info*    Setting parameter values ...
\o 
\o Setting var vin = "1.2"
\o 
\o *Info*    Netlist Directory =
\o           /home/vlsi/simulation/PD/VCO_tb/maestro/results/maestro/ExplorerRun.0/13/PD_VCO_tb_1/netlist
\o 
\o 
\o *Info*    Data Directory    =
\o           /home/vlsi/simulation/PD/VCO_tb/maestro/results/maestro/ExplorerRun.0/13/PD_VCO_tb_1
\o 
\o Reusing AHDL Data dir
\o generate netlist...
\o Ignoring netlist creation since ignoreDesignChangesDuringRun is set to true
\o       ...successful.
\o compose simulator input file...
\o       ...successful.
\o [2025-12-03 11:02:29.713 +0530] [PROCESS] [cadence.virtuoso.ade.services.netlister] - Current memory used: 772.7070 MBytes, peak memory used: 772.7070 MBytes {"hostname": "cad13", "processid": 62791, "testname": "PD_VCO_tb_1", "point": 13, "logfile": "/home/vlsi/Desktop/PLL_NEW/logs_vlsi/logs0/Service8.log"}
\o [2025-12-03 11:02:29.713 +0530] [INFO] [cadence.virtuoso.ade.services.netlister] - Finished netlisting {"point": 13, "testname": "PD_VCO_tb_1"}
\o [2025-12-03 11:02:29.713 +0530] [EVENT] [cadence.virtuoso.ade.services.netlister] - NewPoint {"point": 14, "testname": "PD_VCO_tb_1", "event": "NewPoint", "EventSource": "Netlist Service", "HistoryName": "ExplorerRun.0", "logFile": "/home/vlsi/Desktop/PLL_NEW/logs_vlsi/logs0/Service8.log", "logFileSize": "79866"}
\o [2025-12-03 11:02:29.713 +0530] [INFO] [cadence.virtuoso.ade.services.netlister] - Started netlisting {"point": 14, "testname": "PD_VCO_tb_1"}
\o Resetting statistical vars
\o 
\o *Info*    Setting parameter values ...
\o 
\o Setting var vin = "1.3"
\o 
\o *Info*    Netlist Directory =
\o           /home/vlsi/simulation/PD/VCO_tb/maestro/results/maestro/ExplorerRun.0/14/PD_VCO_tb_1/netlist
\o 
\o 
\o *Info*    Data Directory    =
\o           /home/vlsi/simulation/PD/VCO_tb/maestro/results/maestro/ExplorerRun.0/14/PD_VCO_tb_1
\o 
\o Reusing AHDL Data dir
\o generate netlist...
\o Ignoring netlist creation since ignoreDesignChangesDuringRun is set to true
\o       ...successful.
\o compose simulator input file...
\o       ...successful.
\o [2025-12-03 11:02:30.130 +0530] [PROCESS] [cadence.virtuoso.ade.services.netlister] - Current memory used: 772.7070 MBytes, peak memory used: 772.7070 MBytes {"hostname": "cad13", "processid": 62791, "testname": "PD_VCO_tb_1", "point": 14, "logfile": "/home/vlsi/Desktop/PLL_NEW/logs_vlsi/logs0/Service8.log"}
\o [2025-12-03 11:02:30.131 +0530] [INFO] [cadence.virtuoso.ade.services.netlister] - Finished netlisting {"point": 14, "testname": "PD_VCO_tb_1"}
\o [2025-12-03 11:02:30.131 +0530] [EVENT] [cadence.virtuoso.ade.services.netlister] - NewPoint {"point": 15, "testname": "PD_VCO_tb_1", "event": "NewPoint", "EventSource": "Netlist Service", "HistoryName": "ExplorerRun.0", "logFile": "/home/vlsi/Desktop/PLL_NEW/logs_vlsi/logs0/Service8.log", "logFileSize": "81393"}
\o [2025-12-03 11:02:30.131 +0530] [INFO] [cadence.virtuoso.ade.services.netlister] - Started netlisting {"point": 15, "testname": "PD_VCO_tb_1"}
\o Resetting statistical vars
\o 
\o *Info*    Setting parameter values ...
\o 
\o Setting var vin = "1.4"
\o 
\o *Info*    Netlist Directory =
\o           /home/vlsi/simulation/PD/VCO_tb/maestro/results/maestro/ExplorerRun.0/15/PD_VCO_tb_1/netlist
\o 
\o 
\o *Info*    Data Directory    =
\o           /home/vlsi/simulation/PD/VCO_tb/maestro/results/maestro/ExplorerRun.0/15/PD_VCO_tb_1
\o 
\o Reusing AHDL Data dir
\o generate netlist...
\o Ignoring netlist creation since ignoreDesignChangesDuringRun is set to true
\o       ...successful.
\o compose simulator input file...
\o       ...successful.
\o [2025-12-03 11:02:30.531 +0530] [PROCESS] [cadence.virtuoso.ade.services.netlister] - Current memory used: 772.7070 MBytes, peak memory used: 772.7070 MBytes {"hostname": "cad13", "processid": 62791, "testname": "PD_VCO_tb_1", "point": 15, "logfile": "/home/vlsi/Desktop/PLL_NEW/logs_vlsi/logs0/Service8.log"}
\o [2025-12-03 11:02:30.545 +0530] [INFO] [cadence.virtuoso.ade.services.netlister] - Finished netlisting {"point": 15, "testname": "PD_VCO_tb_1"}
\o **** stopping dspf2oa stdobj@0x343ad440 0 8
\o Simulation design variables differ from those on the cellView,
\o they have been saved in the file "/tmp/saved-design-variables".
\o To save future changes, copy variables to cellView before exiting.
\# Lic Summary:
\# [11:07:33.246073] Cdslmd servers:5280@cadence_server
\# [11:07:33.246073] Feature usage summary:
\# Memory report: on exit            447 MB, process size 2,378 MB at UTC 2025.12.03 05:37:33.770
\# Memory report: peak usage         447 MB, process size 2,378 MB
